[ 2017-04-29T14:10:35+08:00 ] ::1 /PersonalGarden/index.php/Home/Admin/login
INFO: [ app_init ] --START--
INFO: Run Behavior\BuildLiteBehavior [ RunTime:0.000000s ]
INFO: [ app_init ] --END-- [ RunTime:0.010000s ]
INFO: [ app_begin ] --START--
INFO: Run Behavior\ReadHtmlCacheBehavior [ RunTime:0.010000s ]
INFO: [ app_begin ] --END-- [ RunTime:0.010000s ]
SQL: select * from admin where admin_account='2017001' [ RunTime:0.0600s ]
SQL: update admin set login_time='2017-04-29 14:10:35' where admin_account='2017001' [ RunTime:0.0600s ]

[ 2017-04-29T14:10:37+08:00 ] ::1 /PersonalGarden/index.php/Home/Admin/login/token/ddb1c8af7b5ae5cb852f580d0c04dac3
INFO: [ app_init ] --START--
INFO: Run Behavior\BuildLiteBehavior [ RunTime:0.000000s ]
INFO: [ app_init ] --END-- [ RunTime:0.002500s ]
INFO: [ app_begin ] --START--
INFO: Run Behavior\ReadHtmlCacheBehavior [ RunTime:0.002500s ]
INFO: [ app_begin ] --END-- [ RunTime:0.002500s ]
SQL: select * from admin where token='ddb1c8af7b5ae5cb852f580d0c04dac3' [ RunTime:0.0580s ]

[ 2017-04-29T14:10:48+08:00 ] ::1 /PersonalGarden/index.php/Home/Goods/all_goods/token/ddb1c8af7b5ae5cb852f580d0c04dac3?_=1493446248230
INFO: [ app_init ] --START--
INFO: Run Behavior\BuildLiteBehavior [ RunTime:0.000000s ]
INFO: [ app_init ] --END-- [ RunTime:0.000000s ]
INFO: [ app_begin ] --START--
INFO: Run Behavior\ReadHtmlCacheBehavior [ RunTime:0.002500s ]
INFO: [ app_begin ] --END-- [ RunTime:0.002500s ]
SQL: select * from items [ RunTime:0.0600s ]
SQL: select * from items order by apply_time desc limit 0,10 [ RunTime:0.0575s ]
INFO: [ app_end ] --START--
INFO: Run Behavior\ShowPageTraceBehavior [ RunTime:0.012501s ]
INFO: [ app_end ] --END-- [ RunTime:0.012501s ]

[ 2017-04-29T14:15:18+08:00 ] ::1 /PersonalGarden/index.php/Home/Goods/all_goods/token/ddb1c8af7b5ae5cb852f580d0c04dac3?_=1493446517592
INFO: [ app_init ] --START--
INFO: Run Behavior\BuildLiteBehavior [ RunTime:0.000000s ]
INFO: [ app_init ] --END-- [ RunTime:0.003000s ]
INFO: [ app_begin ] --START--
INFO: Run Behavior\ReadHtmlCacheBehavior [ RunTime:0.002000s ]
INFO: [ app_begin ] --END-- [ RunTime:0.002000s ]
SQL: select * from items [ RunTime:0.0565s ]
SQL: select * from items order by apply_time desc limit 0,10 [ RunTime:0.0550s ]
INFO: [ app_end ] --START--
INFO: Run Behavior\ShowPageTraceBehavior [ RunTime:0.002500s ]
INFO: [ app_end ] --END-- [ RunTime:0.002500s ]

[ 2017-04-29T14:17:42+08:00 ] ::1 /PersonalGarden/index.php/Home/Qiniu/upload4
INFO: [ app_init ] --START--
INFO: Run Behavior\BuildLiteBehavior [ RunTime:0.000000s ]
INFO: [ app_init ] --END-- [ RunTime:0.001000s ]
INFO: [ app_begin ] --START--
INFO: Run Behavior\ReadHtmlCacheBehavior [ RunTime:0.001000s ]
INFO: [ app_begin ] --END-- [ RunTime:0.001000s ]
ERR: 参数错误或者未定义:sid

[ 2017-04-29T14:17:45+08:00 ] ::1 /PersonalGarden/index.php/Home/Admin/login/token/ddb1c8af7b5ae5cb852f580d0c04dac3
INFO: [ app_init ] --START--
INFO: Run Behavior\BuildLiteBehavior [ RunTime:0.000000s ]
INFO: [ app_init ] --END-- [ RunTime:0.001000s ]
INFO: [ app_begin ] --START--
INFO: Run Behavior\ReadHtmlCacheBehavior [ RunTime:0.001000s ]
INFO: [ app_begin ] --END-- [ RunTime:0.001000s ]
SQL: select * from admin where token='ddb1c8af7b5ae5cb852f580d0c04dac3' [ RunTime:0.0500s ]

[ 2017-04-29T14:17:48+08:00 ] ::1 /PersonalGarden/index.php/Home/Goods/all_goods/token/ddb1c8af7b5ae5cb852f580d0c04dac3?_=1493446668637
INFO: [ app_init ] --START--
INFO: Run Behavior\BuildLiteBehavior [ RunTime:0.000000s ]
INFO: [ app_init ] --END-- [ RunTime:0.000000s ]
INFO: [ app_begin ] --START--
INFO: Run Behavior\ReadHtmlCacheBehavior [ RunTime:0.002500s ]
INFO: [ app_begin ] --END-- [ RunTime:0.002500s ]
SQL: select * from items [ RunTime:0.0475s ]
SQL: select * from items order by apply_time desc limit 0,10 [ RunTime:0.0475s ]
INFO: [ app_end ] --START--
INFO: Run Behavior\ShowPageTraceBehavior [ RunTime:0.000000s ]
INFO: [ app_end ] --END-- [ RunTime:0.000000s ]

[ 2017-04-29T14:17:54+08:00 ] ::1 /PersonalGarden/index.php/Home/Goods/all_goods/type/jing/token/ddb1c8af7b5ae5cb852f580d0c04dac3?_=1493446673894
INFO: [ app_init ] --START--
INFO: Run Behavior\BuildLiteBehavior [ RunTime:0.000000s ]
INFO: [ app_init ] --END-- [ RunTime:0.001000s ]
INFO: [ app_begin ] --START--
INFO: Run Behavior\ReadHtmlCacheBehavior [ RunTime:0.002000s ]
INFO: [ app_begin ] --END-- [ RunTime:0.002000s ]
SQL: select * from items [ RunTime:0.0570s ]
SQL: select * from items  where  item_type='jing'  order by apply_time desc  limit 0,10 [ RunTime:0.0580s ]
INFO: [ app_end ] --START--
INFO: Run Behavior\ShowPageTraceBehavior [ RunTime:0.001000s ]
INFO: [ app_end ] --END-- [ RunTime:0.001000s ]

[ 2017-04-29T14:17:56+08:00 ] ::1 /PersonalGarden/index.php/Home/Goods/all_goods/type/flower/token/ddb1c8af7b5ae5cb852f580d0c04dac3?_=1493446676410
INFO: [ app_init ] --START--
INFO: Run Behavior\BuildLiteBehavior [ RunTime:0.000000s ]
INFO: [ app_init ] --END-- [ RunTime:0.001000s ]
INFO: [ app_begin ] --START--
INFO: Run Behavior\ReadHtmlCacheBehavior [ RunTime:0.001000s ]
INFO: [ app_begin ] --END-- [ RunTime:0.001000s ]
SQL: select * from items [ RunTime:0.0475s ]
SQL: select * from items  where  item_type='flower'  order by apply_time desc  limit 0,10 [ RunTime:0.0500s ]
INFO: [ app_end ] --START--
INFO: Run Behavior\ShowPageTraceBehavior [ RunTime:0.000000s ]
INFO: [ app_end ] --END-- [ RunTime:0.000000s ]

[ 2017-04-29T14:17:58+08:00 ] ::1 /PersonalGarden/index.php/Home/Goods/all_goods/token/ddb1c8af7b5ae5cb852f580d0c04dac3?_=1493446678244
INFO: [ app_init ] --START--
INFO: Run Behavior\BuildLiteBehavior [ RunTime:0.000000s ]
INFO: [ app_init ] --END-- [ RunTime:0.001000s ]
INFO: [ app_begin ] --START--
INFO: Run Behavior\ReadHtmlCacheBehavior [ RunTime:0.001000s ]
INFO: [ app_begin ] --END-- [ RunTime:0.001000s ]
SQL: select * from items [ RunTime:0.0550s ]
SQL: select * from items order by apply_time desc limit 0,10 [ RunTime:0.0560s ]
INFO: [ app_end ] --START--
INFO: Run Behavior\ShowPageTraceBehavior [ RunTime:0.002000s ]
INFO: [ app_end ] --END-- [ RunTime:0.003000s ]

[ 2017-04-29T14:51:30+08:00 ] ::1 /PersonalGarden/index.php/Home/Goods/all_goods/token/ddb1c8af7b5ae5cb852f580d0c04dac3?_=1493448687654
INFO: [ app_init ] --START--
INFO: Run Behavior\BuildLiteBehavior [ RunTime:0.000000s ]
INFO: [ app_init ] --END-- [ RunTime:0.090001s ]
INFO: [ app_begin ] --START--
INFO: Run Behavior\ReadHtmlCacheBehavior [ RunTime:0.000000s ]
INFO: [ app_begin ] --END-- [ RunTime:0.000000s ]
SQL: select * from items [ RunTime:0.0575s ]
SQL: select * from items order by apply_time desc limit 0,10 [ RunTime:0.0600s ]
INFO: [ app_end ] --START--
INFO: Run Behavior\ShowPageTraceBehavior [ RunTime:0.020000s ]
INFO: [ app_end ] --END-- [ RunTime:0.020000s ]

[ 2017-04-29T14:51:44+08:00 ] ::1 /PersonalGarden/index.php/Home/Goods/all_goods/token/ddb1c8af7b5ae5cb852f580d0c04dac3?_=1493448704047
INFO: [ app_init ] --START--
INFO: Run Behavior\BuildLiteBehavior [ RunTime:0.000000s ]
INFO: [ app_init ] --END-- [ RunTime:0.002500s ]
INFO: [ app_begin ] --START--
INFO: Run Behavior\ReadHtmlCacheBehavior [ RunTime:0.002500s ]
INFO: [ app_begin ] --END-- [ RunTime:0.002500s ]
SQL: select * from items [ RunTime:0.0500s ]
SQL: select * from items order by apply_time desc limit 0,10 [ RunTime:0.0475s ]
INFO: [ app_end ] --START--
INFO: Run Behavior\ShowPageTraceBehavior [ RunTime:0.002500s ]
INFO: [ app_end ] --END-- [ RunTime:0.002500s ]

[ 2017-04-29T14:51:46+08:00 ] ::1 /PersonalGarden/index.php/Home/Goods/all_goods/token/ddb1c8af7b5ae5cb852f580d0c04dac3?_=1493448706515
INFO: [ app_init ] --START--
INFO: Run Behavior\BuildLiteBehavior [ RunTime:0.002500s ]
INFO: [ app_init ] --END-- [ RunTime:0.002500s ]
INFO: [ app_begin ] --START--
INFO: Run Behavior\ReadHtmlCacheBehavior [ RunTime:0.002500s ]
INFO: [ app_begin ] --END-- [ RunTime:0.005000s ]
SQL: select * from items [ RunTime:0.0575s ]
SQL: select * from items order by apply_time desc limit 0,10 [ RunTime:0.0650s ]
INFO: [ app_end ] --START--
INFO: Run Behavior\ShowPageTraceBehavior [ RunTime:0.000000s ]
INFO: [ app_end ] --END-- [ RunTime:0.000000s ]

[ 2017-04-29T14:52:44+08:00 ] ::1 /PersonalGarden/index.php/Home/Qiniu/upload4?token=%3Cupload_token%3E&myfile=love.png&goods_name=%E7%99%BD%E8%90%9D%E5%8D%9C&goods_amount=20&goods_price=1.30&chose_goods=root&chose_goods=002&goods_desc=%E7%99%BD%E7%99%BD%E8%83%96%E8%83%96%E7%9A%84%E8%83%A1%E8%90%9D%E5%8D%9C
INFO: [ app_init ] --START--
INFO: Run Behavior\BuildLiteBehavior [ RunTime:0.000000s ]
INFO: [ app_init ] --END-- [ RunTime:0.001000s ]
INFO: [ app_begin ] --START--
INFO: Run Behavior\ReadHtmlCacheBehavior [ RunTime:0.001000s ]
INFO: [ app_begin ] --END-- [ RunTime:0.001000s ]
NOTIC: [8] Undefined index: myfile E:\xampp\htdocs\PersonalGarden\Application\Home\Controller\QiniuController.class.php 第 250 行.
NOTIC: [2] fopen(E:/xampp/htdocs/PersonalGarden/Public/img_up/): failed to open stream: No such file or directory E:\xampp\htdocs\PersonalGarden\Public\php-sdk-7.1.3\src\Qiniu\Storage\UploadManager.php 第 89 行.
ERR: file can not open

[ 2017-04-29T14:53:25+08:00 ] ::1 /PersonalGarden/index.php/Home/Admin/login/token/ddb1c8af7b5ae5cb852f580d0c04dac3
INFO: [ app_init ] --START--
INFO: Run Behavior\BuildLiteBehavior [ RunTime:0.000000s ]
INFO: [ app_init ] --END-- [ RunTime:0.002000s ]
INFO: [ app_begin ] --START--
INFO: Run Behavior\ReadHtmlCacheBehavior [ RunTime:0.002500s ]
INFO: [ app_begin ] --END-- [ RunTime:0.002500s ]
SQL: select * from admin where token='ddb1c8af7b5ae5cb852f580d0c04dac3' [ RunTime:0.0550s ]

[ 2017-04-29T14:53:30+08:00 ] ::1 /PersonalGarden/index.php/Home/Goods/all_goods/token/ddb1c8af7b5ae5cb852f580d0c04dac3?_=1493448810107
INFO: [ app_init ] --START--
INFO: Run Behavior\BuildLiteBehavior [ RunTime:0.000000s ]
INFO: [ app_init ] --END-- [ RunTime:0.002500s ]
INFO: [ app_begin ] --START--
INFO: Run Behavior\ReadHtmlCacheBehavior [ RunTime:0.002500s ]
INFO: [ app_begin ] --END-- [ RunTime:0.002500s ]
SQL: select * from items [ RunTime:0.0550s ]
SQL: select * from items order by apply_time desc limit 0,10 [ RunTime:0.0575s ]
INFO: [ app_end ] --START--
INFO: Run Behavior\ShowPageTraceBehavior [ RunTime:0.002000s ]
INFO: [ app_end ] --END-- [ RunTime:0.002000s ]

[ 2017-04-29T14:54:04+08:00 ] ::1 /PersonalGarden/index.php/Home/Qiniu/upload4
INFO: [ app_init ] --START--
INFO: Run Behavior\BuildLiteBehavior [ RunTime:0.000000s ]
INFO: [ app_init ] --END-- [ RunTime:0.001000s ]
INFO: [ app_begin ] --START--
INFO: Run Behavior\ReadHtmlCacheBehavior [ RunTime:0.001000s ]
INFO: [ app_begin ] --END-- [ RunTime:0.001000s ]
SQL: select max(item_id) as max_num from items [ RunTime:0.0500s ]
NOTIC: [8] Undefined index: goods_acount E:\xampp\htdocs\PersonalGarden\Application\Home\Controller\QiniuController.class.php 第 269 行.
NOTIC: [8] Undefined index: goods_from E:\xampp\htdocs\PersonalGarden\Application\Home\Controller\QiniuController.class.php 第 272 行.
NOTIC: [8] Undefined variable: from E:\xampp\htdocs\PersonalGarden\Application\Home\Controller\QiniuController.class.php 第 299 行.
NOTIC: [8] Undefined variable: type_desc E:\xampp\htdocs\PersonalGarden\Application\Home\Controller\QiniuController.class.php 第 301 行.
INFO: [ app_end ] --START--
INFO: Run Behavior\ShowPageTraceBehavior [ RunTime:0.000000s ]
INFO: [ app_end ] --END-- [ RunTime:0.002500s ]

[ 2017-04-29T14:57:49+08:00 ] ::1 /PersonalGarden/index.php/Home/Admin/login/token/ddb1c8af7b5ae5cb852f580d0c04dac3
INFO: [ app_init ] --START--
INFO: Run Behavior\BuildLiteBehavior [ RunTime:0.000000s ]
INFO: [ app_init ] --END-- [ RunTime:0.001000s ]
INFO: [ app_begin ] --START--
INFO: Run Behavior\ReadHtmlCacheBehavior [ RunTime:0.001000s ]
INFO: [ app_begin ] --END-- [ RunTime:0.002000s ]
SQL: select * from admin where token='ddb1c8af7b5ae5cb852f580d0c04dac3' [ RunTime:0.0475s ]

[ 2017-04-29T14:57:54+08:00 ] ::1 /PersonalGarden/index.php/Home/Goods/all_goods/token/ddb1c8af7b5ae5cb852f580d0c04dac3?_=1493449074447
INFO: [ app_init ] --START--
INFO: Run Behavior\BuildLiteBehavior [ RunTime:0.000000s ]
INFO: [ app_init ] --END-- [ RunTime:0.001000s ]
INFO: [ app_begin ] --START--
INFO: Run Behavior\ReadHtmlCacheBehavior [ RunTime:0.001000s ]
INFO: [ app_begin ] --END-- [ RunTime:0.001000s ]
SQL: select * from items [ RunTime:0.0575s ]
SQL: select * from items order by apply_time desc limit 0,10 [ RunTime:0.0625s ]
INFO: [ app_end ] --START--
INFO: Run Behavior\ShowPageTraceBehavior [ RunTime:0.000000s ]
INFO: [ app_end ] --END-- [ RunTime:0.000000s ]

[ 2017-04-29T14:59:19+08:00 ] ::1 /PersonalGarden/index.php/Home/Qiniu/upload4
INFO: [ app_init ] --START--
INFO: Run Behavior\BuildLiteBehavior [ RunTime:0.000000s ]
INFO: [ app_init ] --END-- [ RunTime:0.000000s ]
INFO: [ app_begin ] --START--
INFO: Run Behavior\ReadHtmlCacheBehavior [ RunTime:0.000000s ]
INFO: [ app_begin ] --END-- [ RunTime:0.000000s ]
NOTIC: [2] fopen(E:/xampp/htdocs/PersonalGarden/Public/img_up/): failed to open stream: No such file or directory E:\xampp\htdocs\PersonalGarden\Public\php-sdk-7.1.3\src\Qiniu\Storage\UploadManager.php 第 89 行.
ERR: file can not open

[ 2017-04-29T14:59:23+08:00 ] ::1 /PersonalGarden/index.php/Home/Admin/login/token/ddb1c8af7b5ae5cb852f580d0c04dac3
INFO: [ app_init ] --START--
INFO: Run Behavior\BuildLiteBehavior [ RunTime:0.000000s ]
INFO: [ app_init ] --END-- [ RunTime:0.001000s ]
INFO: [ app_begin ] --START--
INFO: Run Behavior\ReadHtmlCacheBehavior [ RunTime:0.001000s ]
INFO: [ app_begin ] --END-- [ RunTime:0.001000s ]
SQL: select * from admin where token='ddb1c8af7b5ae5cb852f580d0c04dac3' [ RunTime:0.0550s ]

[ 2017-04-29T14:59:28+08:00 ] ::1 /PersonalGarden/index.php/Home/Goods/all_goods/token/ddb1c8af7b5ae5cb852f580d0c04dac3?_=1493449167843
INFO: [ app_init ] --START--
INFO: Run Behavior\BuildLiteBehavior [ RunTime:0.000000s ]
INFO: [ app_init ] --END-- [ RunTime:0.000000s ]
INFO: [ app_begin ] --START--
INFO: Run Behavior\ReadHtmlCacheBehavior [ RunTime:0.001000s ]
INFO: [ app_begin ] --END-- [ RunTime:0.001000s ]
SQL: select * from items [ RunTime:0.0500s ]
SQL: select * from items order by apply_time desc limit 0,10 [ RunTime:0.0500s ]
INFO: [ app_end ] --START--
INFO: Run Behavior\ShowPageTraceBehavior [ RunTime:0.002500s ]
INFO: [ app_end ] --END-- [ RunTime:0.002500s ]

[ 2017-04-29T14:59:31+08:00 ] ::1 /PersonalGarden/index.php/Home/Admin/login/token/ddb1c8af7b5ae5cb852f580d0c04dac3
INFO: [ app_init ] --START--
INFO: Run Behavior\BuildLiteBehavior [ RunTime:0.000000s ]
INFO: [ app_init ] --END-- [ RunTime:0.002500s ]
INFO: [ app_begin ] --START--
INFO: Run Behavior\ReadHtmlCacheBehavior [ RunTime:0.000000s ]
INFO: [ app_begin ] --END-- [ RunTime:0.000000s ]
SQL: select * from admin where token='ddb1c8af7b5ae5cb852f580d0c04dac3' [ RunTime:0.0550s ]

[ 2017-04-29T15:00:07+08:00 ] ::1 /PersonalGarden/index.php/Home/Goods/all_goods/token/ddb1c8af7b5ae5cb852f580d0c04dac3?_=1493449207264
INFO: [ app_init ] --START--
INFO: Run Behavior\BuildLiteBehavior [ RunTime:0.000000s ]
INFO: [ app_init ] --END-- [ RunTime:0.002500s ]
INFO: [ app_begin ] --START--
INFO: Run Behavior\ReadHtmlCacheBehavior [ RunTime:0.000000s ]
INFO: [ app_begin ] --END-- [ RunTime:0.000000s ]
SQL: select * from items [ RunTime:0.0575s ]
SQL: select * from items order by apply_time desc limit 0,10 [ RunTime:0.0545s ]
INFO: [ app_end ] --START--
INFO: Run Behavior\ShowPageTraceBehavior [ RunTime:0.001000s ]
INFO: [ app_end ] --END-- [ RunTime:0.001000s ]

[ 2017-04-29T15:00:26+08:00 ] ::1 /PersonalGarden/index.php/Home/Qiniu/upload4
INFO: [ app_init ] --START--
INFO: Run Behavior\BuildLiteBehavior [ RunTime:0.000000s ]
INFO: [ app_init ] --END-- [ RunTime:0.001000s ]
INFO: [ app_begin ] --START--
INFO: Run Behavior\ReadHtmlCacheBehavior [ RunTime:0.001000s ]
INFO: [ app_begin ] --END-- [ RunTime:0.001000s ]
SQL: select max(item_id) as max_num from items [ RunTime:0.0550s ]
NOTIC: [8] Undefined index: goods_acount E:\xampp\htdocs\PersonalGarden\Application\Home\Controller\QiniuController.class.php 第 269 行.
NOTIC: [8] Undefined index: goods_from E:\xampp\htdocs\PersonalGarden\Application\Home\Controller\QiniuController.class.php 第 272 行.
INFO: [ app_end ] --START--
INFO: Run Behavior\ShowPageTraceBehavior [ RunTime:0.000000s ]
INFO: [ app_end ] --END-- [ RunTime:0.000000s ]

[ 2017-04-29T15:02:50+08:00 ] ::1 /PersonalGarden/index.php/Home/Admin/login/token/ddb1c8af7b5ae5cb852f580d0c04dac3
INFO: [ app_init ] --START--
INFO: Run Behavior\BuildLiteBehavior [ RunTime:0.000000s ]
INFO: [ app_init ] --END-- [ RunTime:0.002500s ]
INFO: [ app_begin ] --START--
INFO: Run Behavior\ReadHtmlCacheBehavior [ RunTime:0.002500s ]
INFO: [ app_begin ] --END-- [ RunTime:0.002500s ]
SQL: select * from admin where token='ddb1c8af7b5ae5cb852f580d0c04dac3' [ RunTime:0.0525s ]

[ 2017-04-29T15:02:53+08:00 ] ::1 /PersonalGarden/index.php/Home/Goods/all_goods/token/ddb1c8af7b5ae5cb852f580d0c04dac3?_=1493449373528
INFO: [ app_init ] --START--
INFO: Run Behavior\BuildLiteBehavior [ RunTime:0.000000s ]
INFO: [ app_init ] --END-- [ RunTime:0.000000s ]
INFO: [ app_begin ] --START--
INFO: Run Behavior\ReadHtmlCacheBehavior [ RunTime:0.002500s ]
INFO: [ app_begin ] --END-- [ RunTime:0.002500s ]
SQL: select * from items [ RunTime:0.0500s ]
SQL: select * from items order by apply_time desc limit 0,10 [ RunTime:0.0500s ]
INFO: [ app_end ] --START--
INFO: Run Behavior\ShowPageTraceBehavior [ RunTime:0.000000s ]
INFO: [ app_end ] --END-- [ RunTime:0.000000s ]

[ 2017-04-29T15:03:16+08:00 ] ::1 /PersonalGarden/index.php/Home/Qiniu/upload4
INFO: [ app_init ] --START--
INFO: Run Behavior\BuildLiteBehavior [ RunTime:0.000000s ]
INFO: [ app_init ] --END-- [ RunTime:0.001000s ]
INFO: [ app_begin ] --START--
INFO: Run Behavior\ReadHtmlCacheBehavior [ RunTime:0.001000s ]
INFO: [ app_begin ] --END-- [ RunTime:0.001000s ]
SQL: select max(item_id) as max_num from items [ RunTime:0.0550s ]
INFO: [ app_end ] --START--
INFO: Run Behavior\ShowPageTraceBehavior [ RunTime:0.002501s ]
INFO: [ app_end ] --END-- [ RunTime:0.002501s ]

[ 2017-04-29T15:04:58+08:00 ] ::1 /PersonalGarden/index.php/Home/Admin/login/token/ddb1c8af7b5ae5cb852f580d0c04dac3
INFO: [ app_init ] --START--
INFO: Run Behavior\BuildLiteBehavior [ RunTime:0.002500s ]
INFO: [ app_init ] --END-- [ RunTime:0.002500s ]
INFO: [ app_begin ] --START--
INFO: Run Behavior\ReadHtmlCacheBehavior [ RunTime:0.002500s ]
INFO: [ app_begin ] --END-- [ RunTime:0.002500s ]
SQL: select * from admin where token='ddb1c8af7b5ae5cb852f580d0c04dac3' [ RunTime:0.0490s ]

[ 2017-04-29T15:05:07+08:00 ] ::1 /PersonalGarden/index.php/Home/Goods/all_goods/token/ddb1c8af7b5ae5cb852f580d0c04dac3?_=1493449507199
INFO: [ app_init ] --START--
INFO: Run Behavior\BuildLiteBehavior [ RunTime:0.000000s ]
INFO: [ app_init ] --END-- [ RunTime:0.000000s ]
INFO: [ app_begin ] --START--
INFO: Run Behavior\ReadHtmlCacheBehavior [ RunTime:0.000000s ]
INFO: [ app_begin ] --END-- [ RunTime:0.000000s ]
SQL: select * from items [ RunTime:0.0550s ]
SQL: select * from items order by apply_time desc limit 0,10 [ RunTime:0.0500s ]
INFO: [ app_end ] --START--
INFO: Run Behavior\ShowPageTraceBehavior [ RunTime:0.002000s ]
INFO: [ app_end ] --END-- [ RunTime:0.002000s ]

[ 2017-04-29T15:27:42+08:00 ] ::1 /PersonalGarden/index.php/Home/Goods/all_goods/token/ddb1c8af7b5ae5cb852f580d0c04dac3?_=1493450861599
INFO: [ app_init ] --START--
INFO: Run Behavior\BuildLiteBehavior [ RunTime:0.000000s ]
INFO: [ app_init ] --END-- [ RunTime:0.000000s ]
INFO: [ app_begin ] --START--
INFO: Run Behavior\ReadHtmlCacheBehavior [ RunTime:0.002500s ]
INFO: [ app_begin ] --END-- [ RunTime:0.002500s ]
SQL: select * from items [ RunTime:0.0525s ]
SQL: select * from items order by apply_time desc limit 0,10 [ RunTime:0.0475s ]
INFO: [ app_end ] --START--
INFO: Run Behavior\ShowPageTraceBehavior [ RunTime:0.000000s ]
INFO: [ app_end ] --END-- [ RunTime:0.000000s ]

[ 2017-04-29T15:31:07+08:00 ] ::1 /PersonalGarden/index.php/Home/Admin/login/token/ddb1c8af7b5ae5cb852f580d0c04dac3
INFO: [ app_init ] --START--
INFO: Run Behavior\BuildLiteBehavior [ RunTime:0.000000s ]
INFO: [ app_init ] --END-- [ RunTime:0.002000s ]
INFO: [ app_begin ] --START--
INFO: Run Behavior\ReadHtmlCacheBehavior [ RunTime:0.002000s ]
INFO: [ app_begin ] --END-- [ RunTime:0.002000s ]
SQL: select * from admin where token='ddb1c8af7b5ae5cb852f580d0c04dac3' [ RunTime:0.0490s ]

[ 2017-04-29T15:31:11+08:00 ] ::1 /PersonalGarden/index.php/Home/Goods/all_goods/token/ddb1c8af7b5ae5cb852f580d0c04dac3?_=1493451071226
INFO: [ app_init ] --START--
INFO: Run Behavior\BuildLiteBehavior [ RunTime:0.000000s ]
INFO: [ app_init ] --END-- [ RunTime:0.001000s ]
INFO: [ app_begin ] --START--
INFO: Run Behavior\ReadHtmlCacheBehavior [ RunTime:0.001001s ]
INFO: [ app_begin ] --END-- [ RunTime:0.001001s ]
SQL: select * from items [ RunTime:0.0490s ]
SQL: select * from items order by apply_time desc limit 0,10 [ RunTime:0.0490s ]
INFO: [ app_end ] --START--
INFO: Run Behavior\ShowPageTraceBehavior [ RunTime:0.001000s ]
INFO: [ app_end ] --END-- [ RunTime:0.002000s ]

[ 2017-04-29T15:31:33+08:00 ] ::1 /PersonalGarden/index.php/Home/Goods/del_goods/token/ddb1c8af7b5ae5cb852f580d0c04dac3/id/15
INFO: [ app_init ] --START--
INFO: Run Behavior\BuildLiteBehavior [ RunTime:0.000000s ]
INFO: [ app_init ] --END-- [ RunTime:0.001000s ]
INFO: [ app_begin ] --START--
INFO: Run Behavior\ReadHtmlCacheBehavior [ RunTime:0.001000s ]
INFO: [ app_begin ] --END-- [ RunTime:0.001000s ]
SQL: delete from items where id='15' [ RunTime:0.0610s ]

[ 2017-04-29T15:31:33+08:00 ] ::1 /PersonalGarden/index.php/Home/Goods/all_goods/token/ddb1c8af7b5ae5cb852f580d0c04dac3?_=1493451093121
INFO: [ app_init ] --START--
INFO: Run Behavior\BuildLiteBehavior [ RunTime:0.000000s ]
INFO: [ app_init ] --END-- [ RunTime:0.002000s ]
INFO: [ app_begin ] --START--
INFO: Run Behavior\ReadHtmlCacheBehavior [ RunTime:0.002000s ]
INFO: [ app_begin ] --END-- [ RunTime:0.003000s ]
SQL: select * from items [ RunTime:0.0500s ]
SQL: select * from items order by apply_time desc limit 0,10 [ RunTime:0.0480s ]
INFO: [ app_end ] --START--
INFO: Run Behavior\ShowPageTraceBehavior [ RunTime:0.002000s ]
INFO: [ app_end ] --END-- [ RunTime:0.002000s ]

[ 2017-04-29T15:36:05+08:00 ] ::1 /PersonalGarden/index.php/Home/Goods/all_goods/token/ddb1c8af7b5ae5cb852f580d0c04dac3?_=1493451364658
INFO: [ app_init ] --START--
INFO: Run Behavior\BuildLiteBehavior [ RunTime:0.000000s ]
INFO: [ app_init ] --END-- [ RunTime:0.001000s ]
INFO: [ app_begin ] --START--
INFO: Run Behavior\ReadHtmlCacheBehavior [ RunTime:0.002000s ]
INFO: [ app_begin ] --END-- [ RunTime:0.002000s ]
SQL: select * from items [ RunTime:0.0710s ]
SQL: select * from items order by apply_time desc limit 0,10 [ RunTime:0.0590s ]
INFO: [ app_end ] --START--
INFO: Run Behavior\ShowPageTraceBehavior [ RunTime:0.001000s ]
INFO: [ app_end ] --END-- [ RunTime:0.002000s ]

[ 2017-04-29T15:37:03+08:00 ] ::1 /PersonalGarden/index.php/Home/Goods/all_goods/token/ddb1c8af7b5ae5cb852f580d0c04dac3?_=1493451423113
INFO: [ app_init ] --START--
INFO: Run Behavior\BuildLiteBehavior [ RunTime:0.000000s ]
INFO: [ app_init ] --END-- [ RunTime:0.001000s ]
INFO: [ app_begin ] --START--
INFO: Run Behavior\ReadHtmlCacheBehavior [ RunTime:0.000000s ]
INFO: [ app_begin ] --END-- [ RunTime:0.001000s ]
SQL: select * from items [ RunTime:0.0560s ]
SQL: select * from items order by apply_time desc limit 0,10 [ RunTime:0.0670s ]
INFO: [ app_end ] --START--
INFO: Run Behavior\ShowPageTraceBehavior [ RunTime:0.001000s ]
INFO: [ app_end ] --END-- [ RunTime:0.001000s ]

[ 2017-04-29T15:38:16+08:00 ] ::1 /PersonalGarden/index.php/Home/Goods/all_goods/token/ddb1c8af7b5ae5cb852f580d0c04dac3?_=1493451496128
INFO: [ app_init ] --START--
INFO: Run Behavior\BuildLiteBehavior [ RunTime:0.000000s ]
INFO: [ app_init ] --END-- [ RunTime:0.002000s ]
INFO: [ app_begin ] --START--
INFO: Run Behavior\ReadHtmlCacheBehavior [ RunTime:0.001000s ]
INFO: [ app_begin ] --END-- [ RunTime:0.001000s ]
SQL: select * from items [ RunTime:0.0580s ]
SQL: select * from items order by apply_time desc limit 0,10 [ RunTime:0.0550s ]
INFO: [ app_end ] --START--
INFO: Run Behavior\ShowPageTraceBehavior [ RunTime:0.002000s ]
INFO: [ app_end ] --END-- [ RunTime:0.002000s ]

[ 2017-04-29T15:38:50+08:00 ] ::1 /PersonalGarden/index.php/Home/Goods/change/token/ddb1c8af7b5ae5cb852f580d0c04dac3
INFO: [ app_init ] --START--
INFO: Run Behavior\BuildLiteBehavior [ RunTime:0.000000s ]
INFO: [ app_init ] --END-- [ RunTime:0.000000s ]
INFO: [ app_begin ] --START--
INFO: Run Behavior\ReadHtmlCacheBehavior [ RunTime:0.001000s ]
INFO: [ app_begin ] --END-- [ RunTime:0.001000s ]
SQL: update items set item_name='大头菜1',item_desc='的函数结合',item_amount='30',item_price='5.2' where id='17' [ RunTime:0.0520s ]

[ 2017-04-29T15:38:50+08:00 ] ::1 /PersonalGarden/index.php/Home/Goods/all_goods/token/ddb1c8af7b5ae5cb852f580d0c04dac3?_=1493451530198
INFO: [ app_init ] --START--
INFO: Run Behavior\BuildLiteBehavior [ RunTime:0.000000s ]
INFO: [ app_init ] --END-- [ RunTime:0.001000s ]
INFO: [ app_begin ] --START--
INFO: Run Behavior\ReadHtmlCacheBehavior [ RunTime:0.000000s ]
INFO: [ app_begin ] --END-- [ RunTime:0.001000s ]
SQL: select * from items [ RunTime:0.0520s ]
SQL: select * from items order by apply_time desc limit 0,10 [ RunTime:0.0490s ]
INFO: [ app_end ] --START--
INFO: Run Behavior\ShowPageTraceBehavior [ RunTime:0.001000s ]
INFO: [ app_end ] --END-- [ RunTime:0.001000s ]

[ 2017-04-29T15:39:05+08:00 ] ::1 /PersonalGarden/index.php/Home/Goods/del_goods/token/ddb1c8af7b5ae5cb852f580d0c04dac3/id/17
INFO: [ app_init ] --START--
INFO: Run Behavior\BuildLiteBehavior [ RunTime:0.000000s ]
INFO: [ app_init ] --END-- [ RunTime:0.001000s ]
INFO: [ app_begin ] --START--
INFO: Run Behavior\ReadHtmlCacheBehavior [ RunTime:0.002000s ]
INFO: [ app_begin ] --END-- [ RunTime:0.002000s ]
SQL: delete from items where id='17' [ RunTime:0.0530s ]

[ 2017-04-29T15:39:05+08:00 ] ::1 /PersonalGarden/index.php/Home/Goods/all_goods/token/ddb1c8af7b5ae5cb852f580d0c04dac3?_=1493451545151
INFO: [ app_init ] --START--
INFO: Run Behavior\BuildLiteBehavior [ RunTime:0.000000s ]
INFO: [ app_init ] --END-- [ RunTime:0.001001s ]
INFO: [ app_begin ] --START--
INFO: Run Behavior\ReadHtmlCacheBehavior [ RunTime:0.001000s ]
INFO: [ app_begin ] --END-- [ RunTime:0.001000s ]
SQL: select * from items [ RunTime:0.0500s ]
SQL: select * from items order by apply_time desc limit 0,10 [ RunTime:0.0480s ]
INFO: [ app_end ] --START--
INFO: Run Behavior\ShowPageTraceBehavior [ RunTime:0.001000s ]
INFO: [ app_end ] --END-- [ RunTime:0.001000s ]

[ 2017-04-29T15:39:14+08:00 ] ::1 /PersonalGarden/index.php/Home/Goods/all_goods/type/root/token/ddb1c8af7b5ae5cb852f580d0c04dac3?_=1493451554235
INFO: [ app_init ] --START--
INFO: Run Behavior\BuildLiteBehavior [ RunTime:0.000000s ]
INFO: [ app_init ] --END-- [ RunTime:0.001000s ]
INFO: [ app_begin ] --START--
INFO: Run Behavior\ReadHtmlCacheBehavior [ RunTime:0.002000s ]
INFO: [ app_begin ] --END-- [ RunTime:0.002000s ]
SQL: select * from items [ RunTime:0.0520s ]
SQL: select * from items  where  item_type='root'  order by apply_time desc  limit 0,10 [ RunTime:0.0470s ]
INFO: [ app_end ] --START--
INFO: Run Behavior\ShowPageTraceBehavior [ RunTime:0.002000s ]
INFO: [ app_end ] --END-- [ RunTime:0.002000s ]

[ 2017-04-29T15:39:17+08:00 ] ::1 /PersonalGarden/index.php/Home/Goods/all_goods/type/flower/token/ddb1c8af7b5ae5cb852f580d0c04dac3?_=1493451556989
INFO: [ app_init ] --START--
INFO: Run Behavior\BuildLiteBehavior [ RunTime:0.000000s ]
INFO: [ app_init ] --END-- [ RunTime:0.000000s ]
INFO: [ app_begin ] --START--
INFO: Run Behavior\ReadHtmlCacheBehavior [ RunTime:0.001000s ]
INFO: [ app_begin ] --END-- [ RunTime:0.001000s ]
SQL: select * from items [ RunTime:0.0480s ]
SQL: select * from items  where  item_type='flower'  order by apply_time desc  limit 0,10 [ RunTime:0.0480s ]
INFO: [ app_end ] --START--
INFO: Run Behavior\ShowPageTraceBehavior [ RunTime:0.001000s ]
INFO: [ app_end ] --END-- [ RunTime:0.002000s ]

[ 2017-04-29T15:39:19+08:00 ] ::1 /PersonalGarden/index.php/Home/Goods/all_goods/type/tools/token/ddb1c8af7b5ae5cb852f580d0c04dac3?_=1493451559597
INFO: [ app_init ] --START--
INFO: Run Behavior\BuildLiteBehavior [ RunTime:0.000000s ]
INFO: [ app_init ] --END-- [ RunTime:0.001000s ]
INFO: [ app_begin ] --START--
INFO: Run Behavior\ReadHtmlCacheBehavior [ RunTime:0.001000s ]
INFO: [ app_begin ] --END-- [ RunTime:0.001000s ]
SQL: select * from items [ RunTime:0.0570s ]
SQL: select * from items  where  item_type='tools'  order by apply_time desc  limit 0,10 [ RunTime:0.0570s ]
INFO: [ app_end ] --START--
INFO: Run Behavior\ShowPageTraceBehavior [ RunTime:0.001000s ]
INFO: [ app_end ] --END-- [ RunTime:0.001000s ]

[ 2017-04-29T15:39:22+08:00 ] ::1 /PersonalGarden/index.php/Home/Goods/all_goods/token/ddb1c8af7b5ae5cb852f580d0c04dac3?_=1493451562081
INFO: [ app_init ] --START--
INFO: Run Behavior\BuildLiteBehavior [ RunTime:0.000000s ]
INFO: [ app_init ] --END-- [ RunTime:0.000000s ]
INFO: [ app_begin ] --START--
INFO: Run Behavior\ReadHtmlCacheBehavior [ RunTime:0.001000s ]
INFO: [ app_begin ] --END-- [ RunTime:0.001000s ]
SQL: select * from items [ RunTime:0.0660s ]
SQL: select * from items order by apply_time desc limit 0,10 [ RunTime:0.0560s ]
INFO: [ app_end ] --START--
INFO: Run Behavior\ShowPageTraceBehavior [ RunTime:0.001000s ]
INFO: [ app_end ] --END-- [ RunTime:0.002000s ]

[ 2017-04-29T15:39:26+08:00 ] ::1 /PersonalGarden/index.php/Home/Soil/all_soil/token/ddb1c8af7b5ae5cb852f580d0c04dac3?_=1493451566208
INFO: [ app_init ] --START--
INFO: Run Behavior\BuildLiteBehavior [ RunTime:0.000000s ]
INFO: [ app_init ] --END-- [ RunTime:0.001000s ]
INFO: [ app_begin ] --START--
INFO: Run Behavior\ReadHtmlCacheBehavior [ RunTime:0.001000s ]
INFO: [ app_begin ] --END-- [ RunTime:0.001000s ]
SQL: select * from soil [ RunTime:0.0550s ]
SQL: select * from soil order by soil_id desc limit 0,10 [ RunTime:0.0550s ]
INFO: [ app_end ] --START--
INFO: Run Behavior\ShowPageTraceBehavior [ RunTime:0.002000s ]
INFO: [ app_end ] --END-- [ RunTime:0.002000s ]

[ 2017-04-29T15:39:31+08:00 ] ::1 /PersonalGarden/index.php/Home/Soil/all_soil/belong/001/token/ddb1c8af7b5ae5cb852f580d0c04dac3?_=1493451571281
INFO: [ app_init ] --START--
INFO: Run Behavior\BuildLiteBehavior [ RunTime:0.000000s ]
INFO: [ app_init ] --END-- [ RunTime:0.001000s ]
INFO: [ app_begin ] --START--
INFO: Run Behavior\ReadHtmlCacheBehavior [ RunTime:0.001000s ]
INFO: [ app_begin ] --END-- [ RunTime:0.001000s ]
SQL: select * from soil [ RunTime:0.0550s ]
SQL: select * from soil  where  farm_belong='001'  order by soil_id desc  limit 0,10 [ RunTime:0.0590s ]
INFO: [ app_end ] --START--
INFO: Run Behavior\ShowPageTraceBehavior [ RunTime:0.001000s ]
INFO: [ app_end ] --END-- [ RunTime:0.001000s ]

[ 2017-04-29T15:39:35+08:00 ] ::1 /PersonalGarden/index.php/Home/Soil/all_soil/token/ddb1c8af7b5ae5cb852f580d0c04dac3?_=1493451574727
INFO: [ app_init ] --START--
INFO: Run Behavior\BuildLiteBehavior [ RunTime:0.001000s ]
INFO: [ app_init ] --END-- [ RunTime:0.002000s ]
INFO: [ app_begin ] --START--
INFO: Run Behavior\ReadHtmlCacheBehavior [ RunTime:0.001000s ]
INFO: [ app_begin ] --END-- [ RunTime:0.001000s ]
SQL: select * from soil [ RunTime:0.0590s ]
SQL: select * from soil order by soil_id desc limit 0,10 [ RunTime:0.0550s ]
INFO: [ app_end ] --START--
INFO: Run Behavior\ShowPageTraceBehavior [ RunTime:0.001000s ]
INFO: [ app_end ] --END-- [ RunTime:0.001000s ]

[ 2017-04-29T15:39:36+08:00 ] ::1 /PersonalGarden/index.php/Home/Soil/all_soil/is_rent/1/token/ddb1c8af7b5ae5cb852f580d0c04dac3?_=1493451576168
INFO: [ app_init ] --START--
INFO: Run Behavior\BuildLiteBehavior [ RunTime:0.000000s ]
INFO: [ app_init ] --END-- [ RunTime:0.001000s ]
INFO: [ app_begin ] --START--
INFO: Run Behavior\ReadHtmlCacheBehavior [ RunTime:0.001000s ]
INFO: [ app_begin ] --END-- [ RunTime:0.001000s ]
SQL: select * from soil [ RunTime:0.0570s ]
SQL: select * from soil  where  soil_status=1  order by soil_id desc  limit 0,10 [ RunTime:0.0570s ]
INFO: [ app_end ] --START--
INFO: Run Behavior\ShowPageTraceBehavior [ RunTime:0.001000s ]
INFO: [ app_end ] --END-- [ RunTime:0.001000s ]

[ 2017-04-29T15:39:40+08:00 ] ::1 /PersonalGarden/index.php/Home/Soil/all_soil/is_rent/0/token/ddb1c8af7b5ae5cb852f580d0c04dac3?_=1493451580461
INFO: [ app_init ] --START--
INFO: Run Behavior\BuildLiteBehavior [ RunTime:0.001000s ]
INFO: [ app_init ] --END-- [ RunTime:0.002000s ]
INFO: [ app_begin ] --START--
INFO: Run Behavior\ReadHtmlCacheBehavior [ RunTime:0.001000s ]
INFO: [ app_begin ] --END-- [ RunTime:0.001000s ]
SQL: select * from soil [ RunTime:0.0490s ]
SQL: select * from soil  where  soil_status != 1  order by soil_id desc  limit 0,10 [ RunTime:0.0490s ]
INFO: [ app_end ] --START--
INFO: Run Behavior\ShowPageTraceBehavior [ RunTime:0.001000s ]
INFO: [ app_end ] --END-- [ RunTime:0.001000s ]

[ 2017-04-29T15:39:44+08:00 ] ::1 /PersonalGarden/index.php/Home/Soil/all_soil/is_rent/1/token/ddb1c8af7b5ae5cb852f580d0c04dac3?_=1493451584424
INFO: [ app_init ] --START--
INFO: Run Behavior\BuildLiteBehavior [ RunTime:0.001000s ]
INFO: [ app_init ] --END-- [ RunTime:0.001000s ]
INFO: [ app_begin ] --START--
INFO: Run Behavior\ReadHtmlCacheBehavior [ RunTime:0.001000s ]
INFO: [ app_begin ] --END-- [ RunTime:0.001000s ]
SQL: select * from soil [ RunTime:0.0500s ]
SQL: select * from soil  where  soil_status=1  order by soil_id desc  limit 0,10 [ RunTime:0.0470s ]
INFO: [ app_end ] --START--
INFO: Run Behavior\ShowPageTraceBehavior [ RunTime:0.002000s ]
INFO: [ app_end ] --END-- [ RunTime:0.002000s ]

[ 2017-04-29T15:39:46+08:00 ] ::1 /PersonalGarden/index.php/Home/Soil/all_soil/token/ddb1c8af7b5ae5cb852f580d0c04dac3?_=1493451585897
INFO: [ app_init ] --START--
INFO: Run Behavior\BuildLiteBehavior [ RunTime:0.001000s ]
INFO: [ app_init ] --END-- [ RunTime:0.001000s ]
INFO: [ app_begin ] --START--
INFO: Run Behavior\ReadHtmlCacheBehavior [ RunTime:0.001000s ]
INFO: [ app_begin ] --END-- [ RunTime:0.001000s ]
SQL: select * from soil [ RunTime:0.0500s ]
SQL: select * from soil order by soil_id desc limit 0,10 [ RunTime:0.0530s ]
INFO: [ app_end ] --START--
INFO: Run Behavior\ShowPageTraceBehavior [ RunTime:0.001001s ]
INFO: [ app_end ] --END-- [ RunTime:0.001001s ]

[ 2017-04-29T15:39:51+08:00 ] ::1 /PersonalGarden/index.php/Home/Admin/admin/token/ddb1c8af7b5ae5cb852f580d0c04dac3?_=1493451590760
INFO: [ app_init ] --START--
INFO: Run Behavior\BuildLiteBehavior [ RunTime:0.000000s ]
INFO: [ app_init ] --END-- [ RunTime:0.001000s ]
INFO: [ app_begin ] --START--
INFO: Run Behavior\ReadHtmlCacheBehavior [ RunTime:0.001000s ]
INFO: [ app_begin ] --END-- [ RunTime:0.001000s ]
SQL: select * from admin [ RunTime:0.0520s ]
SQL: select * from admin order by login_time desc limit 0,10 [ RunTime:0.0580s ]
INFO: [ app_end ] --START--
INFO: Run Behavior\ShowPageTraceBehavior [ RunTime:0.002000s ]
INFO: [ app_end ] --END-- [ RunTime:0.002000s ]

[ 2017-04-29T15:39:57+08:00 ] ::1 /PersonalGarden/index.php/Home/User/query_user/token/ddb1c8af7b5ae5cb852f580d0c04dac3?_=1493451597299
INFO: [ app_init ] --START--
INFO: Run Behavior\BuildLiteBehavior [ RunTime:0.000000s ]
INFO: [ app_init ] --END-- [ RunTime:0.001000s ]
INFO: [ app_begin ] --START--
INFO: Run Behavior\ReadHtmlCacheBehavior [ RunTime:0.001000s ]
INFO: [ app_begin ] --END-- [ RunTime:0.001000s ]
SQL: select * from userinfor [ RunTime:0.0510s ]
SQL: select * from userinfor order by login_time desc limit 0,10 [ RunTime:0.0500s ]
INFO: [ app_end ] --START--
INFO: Run Behavior\ShowPageTraceBehavior [ RunTime:0.001000s ]
INFO: [ app_end ] --END-- [ RunTime:0.001000s ]

[ 2017-04-29T15:40:40+08:00 ] ::1 /PersonalGarden/index.php/Home/Soil/my_soil/id/1?_=1493451640131
INFO: [ app_init ] --START--
INFO: Run Behavior\BuildLiteBehavior [ RunTime:0.000000s ]
INFO: [ app_init ] --END-- [ RunTime:0.003000s ]
INFO: [ app_begin ] --START--
INFO: Run Behavior\ReadHtmlCacheBehavior [ RunTime:0.002000s ]
INFO: [ app_begin ] --END-- [ RunTime:0.002000s ]
SQL: select user_phone from userinfor where user_id='1' [ RunTime:0.0580s ]
SQL: select * from rent_soil where user_phone='18408243828' [ RunTime:0.0560s ]

[ 2017-04-29T15:41:02+08:00 ] ::1 /PersonalGarden/index.php/Home/Soil/verify
INFO: [ app_init ] --START--
INFO: Run Behavior\BuildLiteBehavior [ RunTime:0.000000s ]
INFO: [ app_init ] --END-- [ RunTime:0.001000s ]
INFO: [ app_begin ] --START--
INFO: Run Behavior\ReadHtmlCacheBehavior [ RunTime:0.002000s ]
INFO: [ app_begin ] --END-- [ RunTime:0.002000s ]
SQL: update rent_soil set soil_status='0',verify_status='-1',verify_desc='审核未过',unpass_cause='sss',verify_time='2017-04-29 15:41:02' where rent_id='5' [ RunTime:0.0530s ]
SQL: select soil_id from rent_soil where rent_id='5' [ RunTime:0.0500s ]
SQL: update soil set soil_status='0',status_desc='审核未过' where soil_id='17001' [ RunTime:0.0510s ]

[ 2017-04-29T15:41:03+08:00 ] ::1 /PersonalGarden/index.php/Home/Soil/my_soil/id/1?_=1493451662813
INFO: [ app_init ] --START--
INFO: Run Behavior\BuildLiteBehavior [ RunTime:0.000000s ]
INFO: [ app_init ] --END-- [ RunTime:0.001000s ]
INFO: [ app_begin ] --START--
INFO: Run Behavior\ReadHtmlCacheBehavior [ RunTime:0.002000s ]
INFO: [ app_begin ] --END-- [ RunTime:0.003000s ]
SQL: select user_phone from userinfor where user_id='1' [ RunTime:0.0540s ]
SQL: select * from rent_soil where user_phone='18408243828' [ RunTime:0.0580s ]

[ 2017-04-29T15:41:18+08:00 ] ::1 /PersonalGarden/index.php/Home/User/one_user/id/1
INFO: [ app_init ] --START--
INFO: Run Behavior\BuildLiteBehavior [ RunTime:0.000000s ]
INFO: [ app_init ] --END-- [ RunTime:0.001000s ]
INFO: [ app_begin ] --START--
INFO: Run Behavior\ReadHtmlCacheBehavior [ RunTime:0.001000s ]
INFO: [ app_begin ] --END-- [ RunTime:0.001000s ]
SQL: select * from userinfor where user_id='1' [ RunTime:0.0860s ]

[ 2017-04-29T15:41:23+08:00 ] ::1 /PersonalGarden/index.php/Home/User/one_user/id/19
INFO: [ app_init ] --START--
INFO: Run Behavior\BuildLiteBehavior [ RunTime:0.000000s ]
INFO: [ app_init ] --END-- [ RunTime:0.004000s ]
INFO: [ app_begin ] --START--
INFO: Run Behavior\ReadHtmlCacheBehavior [ RunTime:0.003000s ]
INFO: [ app_begin ] --END-- [ RunTime:0.004000s ]
SQL: select * from userinfor where user_id='19' [ RunTime:0.0550s ]

[ 2017-04-29T15:47:18+08:00 ] ::1 /PersonalGarden/index.php/Home/User/query_user/token/ddb1c8af7b5ae5cb852f580d0c04dac3?_=1493452038094
INFO: [ app_init ] --START--
INFO: Run Behavior\BuildLiteBehavior [ RunTime:0.000000s ]
INFO: [ app_init ] --END-- [ RunTime:0.000000s ]
INFO: [ app_begin ] --START--
INFO: Run Behavior\ReadHtmlCacheBehavior [ RunTime:0.002000s ]
INFO: [ app_begin ] --END-- [ RunTime:0.002000s ]
SQL: select * from userinfor [ RunTime:0.0570s ]
SQL: select * from userinfor order by login_time desc limit 0,10 [ RunTime:0.0570s ]
INFO: [ app_end ] --START--
INFO: Run Behavior\ShowPageTraceBehavior [ RunTime:0.002000s ]
INFO: [ app_end ] --END-- [ RunTime:0.002000s ]

[ 2017-04-29T15:47:27+08:00 ] ::1 /PersonalGarden/index.php/Home/Soil/my_soil/id/1?_=1493452047267
INFO: [ app_init ] --START--
INFO: Run Behavior\BuildLiteBehavior [ RunTime:0.000000s ]
INFO: [ app_init ] --END-- [ RunTime:0.002000s ]
INFO: [ app_begin ] --START--
INFO: Run Behavior\ReadHtmlCacheBehavior [ RunTime:0.002000s ]
INFO: [ app_begin ] --END-- [ RunTime:0.002000s ]
SQL: select user_phone from userinfor where user_id='1' [ RunTime:0.0560s ]
SQL: select * from rent_soil where user_phone='18408243828' [ RunTime:0.0570s ]

[ 2017-04-29T15:47:31+08:00 ] ::1 /PersonalGarden/index.php/Home/Soil/my_soil/id/18?_=1493452051378
INFO: [ app_init ] --START--
INFO: Run Behavior\BuildLiteBehavior [ RunTime:0.000000s ]
INFO: [ app_init ] --END-- [ RunTime:0.001000s ]
INFO: [ app_begin ] --START--
INFO: Run Behavior\ReadHtmlCacheBehavior [ RunTime:0.001000s ]
INFO: [ app_begin ] --END-- [ RunTime:0.001000s ]
SQL: select user_phone from userinfor where user_id='18' [ RunTime:0.0540s ]
SQL: select * from rent_soil where user_phone='18408245117' [ RunTime:0.0550s ]

[ 2017-04-29T15:47:35+08:00 ] ::1 /PersonalGarden/index.php/Home/Soil/my_soil/id/19?_=1493452054718
INFO: [ app_init ] --START--
INFO: Run Behavior\BuildLiteBehavior [ RunTime:0.000000s ]
INFO: [ app_init ] --END-- [ RunTime:0.003000s ]
INFO: [ app_begin ] --START--
INFO: Run Behavior\ReadHtmlCacheBehavior [ RunTime:0.003000s ]
INFO: [ app_begin ] --END-- [ RunTime:0.003000s ]
SQL: select user_phone from userinfor where user_id='19' [ RunTime:0.0550s ]
SQL: select * from rent_soil where user_phone='18408241234' [ RunTime:0.0560s ]

[ 2017-04-29T15:47:39+08:00 ] ::1 /PersonalGarden/index.php/Home/Soil/my_soil/id/1?_=1493452057240
INFO: [ app_init ] --START--
INFO: Run Behavior\BuildLiteBehavior [ RunTime:0.000000s ]
INFO: [ app_init ] --END-- [ RunTime:0.001000s ]
INFO: [ app_begin ] --START--
INFO: Run Behavior\ReadHtmlCacheBehavior [ RunTime:0.001000s ]
INFO: [ app_begin ] --END-- [ RunTime:0.001000s ]
SQL: select user_phone from userinfor where user_id='1' [ RunTime:0.0630s ]
SQL: select * from rent_soil where user_phone='18408243828' [ RunTime:0.0590s ]

[ 2017-04-29T15:47:41+08:00 ] ::1 /PersonalGarden/index.php/Home/Soil/my_soil/id/1?_=1493452061088
INFO: [ app_init ] --START--
INFO: Run Behavior\BuildLiteBehavior [ RunTime:0.000000s ]
INFO: [ app_init ] --END-- [ RunTime:0.002000s ]
INFO: [ app_begin ] --START--
INFO: Run Behavior\ReadHtmlCacheBehavior [ RunTime:0.001000s ]
INFO: [ app_begin ] --END-- [ RunTime:0.001000s ]
SQL: select user_phone from userinfor where user_id='1' [ RunTime:0.0550s ]
SQL: select * from rent_soil where user_phone='18408243828' [ RunTime:0.0550s ]

[ 2017-04-29T15:49:19+08:00 ] ::1 /PersonalGarden/index.php/Home/Soil/my_soil/id/1?_=1493452159440
INFO: [ app_init ] --START--
INFO: Run Behavior\BuildLiteBehavior [ RunTime:0.000000s ]
INFO: [ app_init ] --END-- [ RunTime:0.002000s ]
INFO: [ app_begin ] --START--
INFO: Run Behavior\ReadHtmlCacheBehavior [ RunTime:0.002000s ]
INFO: [ app_begin ] --END-- [ RunTime:0.002000s ]
SQL: select user_phone from userinfor where user_id='1' [ RunTime:0.0490s ]
SQL: select * from rent_soil where user_phone='18408243828' [ RunTime:0.0500s ]

[ 2017-04-29T15:51:30+08:00 ] ::1 /PersonalGarden/index.php/Home/User/query_user/token/ddb1c8af7b5ae5cb852f580d0c04dac3?_=1493452289763
INFO: [ app_init ] --START--
INFO: Run Behavior\BuildLiteBehavior [ RunTime:0.000000s ]
INFO: [ app_init ] --END-- [ RunTime:0.002000s ]
INFO: [ app_begin ] --START--
INFO: Run Behavior\ReadHtmlCacheBehavior [ RunTime:0.002001s ]
INFO: [ app_begin ] --END-- [ RunTime:0.002001s ]
SQL: select * from userinfor [ RunTime:0.0570s ]
SQL: select * from userinfor order by login_time desc limit 0,10 [ RunTime:0.0560s ]
INFO: [ app_end ] --START--
INFO: Run Behavior\ShowPageTraceBehavior [ RunTime:0.001000s ]
INFO: [ app_end ] --END-- [ RunTime:0.001000s ]

[ 2017-04-29T15:51:36+08:00 ] ::1 /PersonalGarden/index.php/Home/Admin/admin/token/ddb1c8af7b5ae5cb852f580d0c04dac3?_=1493452295156
INFO: [ app_init ] --START--
INFO: Run Behavior\BuildLiteBehavior [ RunTime:0.000000s ]
INFO: [ app_init ] --END-- [ RunTime:0.001000s ]
INFO: [ app_begin ] --START--
INFO: Run Behavior\ReadHtmlCacheBehavior [ RunTime:0.002000s ]
INFO: [ app_begin ] --END-- [ RunTime:0.002000s ]
SQL: select * from admin [ RunTime:0.0990s ]
SQL: select * from admin order by login_time desc limit 0,10 [ RunTime:0.0630s ]
INFO: [ app_end ] --START--
INFO: Run Behavior\ShowPageTraceBehavior [ RunTime:0.001000s ]
INFO: [ app_end ] --END-- [ RunTime:0.001000s ]

[ 2017-04-29T15:51:40+08:00 ] ::1 /PersonalGarden/index.php/Home/Soil/all_soil/token/ddb1c8af7b5ae5cb852f580d0c04dac3?_=1493452300124
INFO: [ app_init ] --START--
INFO: Run Behavior\BuildLiteBehavior [ RunTime:0.000000s ]
INFO: [ app_init ] --END-- [ RunTime:0.000000s ]
INFO: [ app_begin ] --START--
INFO: Run Behavior\ReadHtmlCacheBehavior [ RunTime:0.002000s ]
INFO: [ app_begin ] --END-- [ RunTime:0.002000s ]
SQL: select * from soil [ RunTime:0.0590s ]
SQL: select * from soil order by soil_id desc limit 0,10 [ RunTime:0.0560s ]
INFO: [ app_end ] --START--
INFO: Run Behavior\ShowPageTraceBehavior [ RunTime:0.000000s ]
INFO: [ app_end ] --END-- [ RunTime:0.001000s ]

[ 2017-04-29T15:51:46+08:00 ] ::1 /PersonalGarden/index.php/Home/Goods/all_goods/token/ddb1c8af7b5ae5cb852f580d0c04dac3?_=1493452305987
INFO: [ app_init ] --START--
INFO: Run Behavior\BuildLiteBehavior [ RunTime:0.000000s ]
INFO: [ app_init ] --END-- [ RunTime:0.000000s ]
INFO: [ app_begin ] --START--
INFO: Run Behavior\ReadHtmlCacheBehavior [ RunTime:0.002000s ]
INFO: [ app_begin ] --END-- [ RunTime:0.002000s ]
SQL: select * from items [ RunTime:0.0540s ]
SQL: select * from items order by apply_time desc limit 0,10 [ RunTime:0.0600s ]
INFO: [ app_end ] --START--
INFO: Run Behavior\ShowPageTraceBehavior [ RunTime:0.001000s ]
INFO: [ app_end ] --END-- [ RunTime:0.001000s ]

[ 2017-04-29T15:51:50+08:00 ] ::1 /PersonalGarden/index.php/Home/Soil/all_soil/token/ddb1c8af7b5ae5cb852f580d0c04dac3?_=1493452310233
INFO: [ app_init ] --START--
INFO: Run Behavior\BuildLiteBehavior [ RunTime:0.000000s ]
INFO: [ app_init ] --END-- [ RunTime:0.002001s ]
INFO: [ app_begin ] --START--
INFO: Run Behavior\ReadHtmlCacheBehavior [ RunTime:0.001000s ]
INFO: [ app_begin ] --END-- [ RunTime:0.001000s ]
SQL: select * from soil [ RunTime:0.0580s ]
SQL: select * from soil order by soil_id desc limit 0,10 [ RunTime:0.0560s ]
INFO: [ app_end ] --START--
INFO: Run Behavior\ShowPageTraceBehavior [ RunTime:0.001000s ]
INFO: [ app_end ] --END-- [ RunTime:0.001000s ]

[ 2017-04-29T15:51:53+08:00 ] ::1 /PersonalGarden/index.php/Home/User/query_user/token/ddb1c8af7b5ae5cb852f580d0c04dac3?_=1493452312968
INFO: [ app_init ] --START--
INFO: Run Behavior\BuildLiteBehavior [ RunTime:0.000000s ]
INFO: [ app_init ] --END-- [ RunTime:0.001000s ]
INFO: [ app_begin ] --START--
INFO: Run Behavior\ReadHtmlCacheBehavior [ RunTime:0.001000s ]
INFO: [ app_begin ] --END-- [ RunTime:0.001000s ]
SQL: select * from userinfor [ RunTime:0.0570s ]
SQL: select * from userinfor order by login_time desc limit 0,10 [ RunTime:0.0570s ]
INFO: [ app_end ] --START--
INFO: Run Behavior\ShowPageTraceBehavior [ RunTime:0.000000s ]
INFO: [ app_end ] --END-- [ RunTime:0.002000s ]

[ 2017-04-29T16:00:00+08:00 ] ::1 /PersonalGarden/index.php/Home/Login/login/token/8cbfacea76e34f6bf956afb40fc8e384
INFO: [ app_init ] --START--
INFO: Run Behavior\BuildLiteBehavior [ RunTime:0.000000s ]
INFO: [ app_init ] --END-- [ RunTime:0.109006s ]
INFO: [ app_begin ] --START--
INFO: Run Behavior\ReadHtmlCacheBehavior [ RunTime:0.029001s ]
INFO: [ app_begin ] --END-- [ RunTime:0.029001s ]
NOTIC: [8] A session had already been started - ignoring session_start() E:\xampp\htdocs\PersonalGarden\Application\Home\Controller\LoginController.class.php 第 8 行.
SQL: select * from userinfor where token='8cbfacea76e34f6bf956afb40fc8e384' [ RunTime:0.0700s ]

[ 2017-04-29T16:01:45+08:00 ] ::1 /PersonalGarden/index.php/Home/Login/login
INFO: [ app_init ] --START--
INFO: Run Behavior\BuildLiteBehavior [ RunTime:0.000000s ]
INFO: [ app_init ] --END-- [ RunTime:0.000000s ]
INFO: [ app_begin ] --START--
INFO: Run Behavior\ReadHtmlCacheBehavior [ RunTime:0.002000s ]
INFO: [ app_begin ] --END-- [ RunTime:0.003000s ]
NOTIC: [8] A session had already been started - ignoring session_start() E:\xampp\htdocs\PersonalGarden\Application\Home\Controller\LoginController.class.php 第 8 行.
SQL: select * from userinfor where user_phone='18408243828' [ RunTime:0.0490s ]
SQL: update userinfor set login_time='2017-04-29 16:01:45',token='8cbfacea76e34f6bf956afb40fc8e384' where user_phone='18408243828' [ RunTime:0.0550s ]

[ 2017-04-29T16:01:58+08:00 ] ::1 /PersonalGarden/index.php/Home/Login/login/token/8cbfacea76e34f6bf956afb40fc8e384
INFO: [ app_init ] --START--
INFO: Run Behavior\BuildLiteBehavior [ RunTime:0.000000s ]
INFO: [ app_init ] --END-- [ RunTime:0.001000s ]
INFO: [ app_begin ] --START--
INFO: Run Behavior\ReadHtmlCacheBehavior [ RunTime:0.001000s ]
INFO: [ app_begin ] --END-- [ RunTime:0.001000s ]
NOTIC: [8] A session had already been started - ignoring session_start() E:\xampp\htdocs\PersonalGarden\Application\Home\Controller\LoginController.class.php 第 8 行.
SQL: select * from userinfor where token='8cbfacea76e34f6bf956afb40fc8e384' [ RunTime:0.0520s ]

[ 2017-04-29T16:02:47+08:00 ] ::1 /PersonalGarden/index.php/Home/Login/login/token/8cbfacea76e34f6bf956afb40fc8e384
INFO: [ app_init ] --START--
INFO: Run Behavior\BuildLiteBehavior [ RunTime:0.000000s ]
INFO: [ app_init ] --END-- [ RunTime:0.001000s ]
INFO: [ app_begin ] --START--
INFO: Run Behavior\ReadHtmlCacheBehavior [ RunTime:0.001000s ]
INFO: [ app_begin ] --END-- [ RunTime:0.002000s ]
NOTIC: [8] A session had already been started - ignoring session_start() E:\xampp\htdocs\PersonalGarden\Application\Home\Controller\LoginController.class.php 第 8 行.
SQL: select * from userinfor where token='8cbfacea76e34f6bf956afb40fc8e384' [ RunTime:0.0560s ]

[ 2017-04-29T16:08:09+08:00 ] ::1 /PersonalGarden/index.php/Home/Goods/all_goods/token/ddb1c8af7b5ae5cb852f580d0c04dac3?_=1493453288857
INFO: [ app_init ] --START--
INFO: Run Behavior\BuildLiteBehavior [ RunTime:0.000000s ]
INFO: [ app_init ] --END-- [ RunTime:0.001000s ]
INFO: [ app_begin ] --START--
INFO: Run Behavior\ReadHtmlCacheBehavior [ RunTime:0.001000s ]
INFO: [ app_begin ] --END-- [ RunTime:0.001000s ]
SQL: select * from items [ RunTime:0.1050s ]
SQL: select * from items order by apply_time desc limit 0,10 [ RunTime:0.0500s ]
INFO: [ app_end ] --START--
INFO: Run Behavior\ShowPageTraceBehavior [ RunTime:0.036002s ]
INFO: [ app_end ] --END-- [ RunTime:0.036002s ]

[ 2017-04-29T16:08:12+08:00 ] ::1 /PersonalGarden/index.php/Home/User/query_user/token/ddb1c8af7b5ae5cb852f580d0c04dac3?_=1493453291837
INFO: [ app_init ] --START--
INFO: Run Behavior\BuildLiteBehavior [ RunTime:0.000000s ]
INFO: [ app_init ] --END-- [ RunTime:0.000000s ]
INFO: [ app_begin ] --START--
INFO: Run Behavior\ReadHtmlCacheBehavior [ RunTime:0.000000s ]
INFO: [ app_begin ] --END-- [ RunTime:0.001000s ]
SQL: select * from userinfor [ RunTime:0.0570s ]
SQL: select * from userinfor order by login_time desc limit 0,10 [ RunTime:0.0580s ]
INFO: [ app_end ] --START--
INFO: Run Behavior\ShowPageTraceBehavior [ RunTime:0.001000s ]
INFO: [ app_end ] --END-- [ RunTime:0.001000s ]

[ 2017-04-29T16:08:16+08:00 ] ::1 /PersonalGarden/index.php/Home/Soil/my_soil/id/1?_=1493453296467
INFO: [ app_init ] --START--
INFO: Run Behavior\BuildLiteBehavior [ RunTime:0.000000s ]
INFO: [ app_init ] --END-- [ RunTime:0.000000s ]
INFO: [ app_begin ] --START--
INFO: Run Behavior\ReadHtmlCacheBehavior [ RunTime:0.001000s ]
INFO: [ app_begin ] --END-- [ RunTime:0.001000s ]
SQL: select user_phone from userinfor where user_id='1' [ RunTime:0.0550s ]
SQL: select * from rent_soil where user_phone='18408243828' [ RunTime:0.0530s ]

[ 2017-04-29T16:11:42+08:00 ] ::1 /PersonalGarden/index.php/Home/Qiniu/add
INFO: [ app_init ] --START--
INFO: Run Behavior\BuildLiteBehavior [ RunTime:0.000000s ]
INFO: [ app_init ] --END-- [ RunTime:0.001000s ]
INFO: [ app_begin ] --START--
INFO: Run Behavior\ReadHtmlCacheBehavior [ RunTime:0.002000s ]
INFO: [ app_begin ] --END-- [ RunTime:0.002000s ]
INFO: [ view_parse ] --START--
INFO: [ template_filter ] --START--
INFO: Run Behavior\ContentReplaceBehavior [ RunTime:0.029002s ]
INFO: [ template_filter ] --END-- [ RunTime:0.030002s ]
INFO: Run Behavior\ParseTemplateBehavior [ RunTime:0.138008s ]
INFO: [ view_parse ] --END-- [ RunTime:0.138008s ]
INFO: [ view_filter ] --START--
INFO: Run Behavior\WriteHtmlCacheBehavior [ RunTime:0.025001s ]
INFO: [ view_filter ] --END-- [ RunTime:0.025001s ]
INFO: [ app_end ] --START--
INFO: Run Behavior\ShowPageTraceBehavior [ RunTime:0.002000s ]
INFO: [ app_end ] --END-- [ RunTime:0.002000s ]

[ 2017-04-29T16:11:47+08:00 ] ::1 /PersonalGarden/index.php/Home/Goods/my_sale
INFO: [ app_init ] --START--
INFO: Run Behavior\BuildLiteBehavior [ RunTime:0.000000s ]
INFO: [ app_init ] --END-- [ RunTime:0.001000s ]
INFO: [ app_begin ] --START--
INFO: Run Behavior\ReadHtmlCacheBehavior [ RunTime:0.001000s ]
INFO: [ app_begin ] --END-- [ RunTime:0.001000s ]
ERR: 参数错误或者未定义:id

[ 2017-04-29T16:12:04+08:00 ] ::1 /PersonalGarden/index.php/Home/Goods/my_sale/id/1
INFO: [ app_init ] --START--
INFO: Run Behavior\BuildLiteBehavior [ RunTime:0.000000s ]
INFO: [ app_init ] --END-- [ RunTime:0.001000s ]
INFO: [ app_begin ] --START--
INFO: Run Behavior\ReadHtmlCacheBehavior [ RunTime:0.002000s ]
INFO: [ app_begin ] --END-- [ RunTime:0.002000s ]
SQL: select nickname from userinfor where user_id='1' [ RunTime:0.0550s ]
SQL: select * from items where item_from='helloworld' [ RunTime:0.0570s ]

[ 2017-04-29T16:12:12+08:00 ] ::1 /PersonalGarden/index.php/Home/Goods/my_sale/id/18
INFO: [ app_init ] --START--
INFO: Run Behavior\BuildLiteBehavior [ RunTime:0.000000s ]
INFO: [ app_init ] --END-- [ RunTime:0.001000s ]
INFO: [ app_begin ] --START--
INFO: Run Behavior\ReadHtmlCacheBehavior [ RunTime:0.002000s ]
INFO: [ app_begin ] --END-- [ RunTime:0.002000s ]
SQL: select nickname from userinfor where user_id='18' [ RunTime:0.0540s ]
SQL: select * from items where item_from='kelseycarl' [ RunTime:0.0540s ]

[ 2017-04-29T16:12:16+08:00 ] ::1 /PersonalGarden/index.php/Home/Goods/my_sale/id/19
INFO: [ app_init ] --START--
INFO: Run Behavior\BuildLiteBehavior [ RunTime:0.000000s ]
INFO: [ app_init ] --END-- [ RunTime:0.000000s ]
INFO: [ app_begin ] --START--
INFO: Run Behavior\ReadHtmlCacheBehavior [ RunTime:0.001000s ]
INFO: [ app_begin ] --END-- [ RunTime:0.001000s ]
SQL: select nickname from userinfor where user_id='19' [ RunTime:0.0550s ]
SQL: select * from items where item_from='john harvord' [ RunTime:0.0570s ]

[ 2017-04-29T16:14:05+08:00 ] ::1 /PersonalGarden/index.php/Home/Goods/my_sale/id/1
INFO: [ app_init ] --START--
INFO: Run Behavior\BuildLiteBehavior [ RunTime:0.000000s ]
INFO: [ app_init ] --END-- [ RunTime:0.001000s ]
INFO: [ app_begin ] --START--
INFO: Run Behavior\ReadHtmlCacheBehavior [ RunTime:0.001000s ]
INFO: [ app_begin ] --END-- [ RunTime:0.001000s ]
SQL: select nickname from userinfor where user_id='1' [ RunTime:0.0550s ]
SQL: select * from items where item_from='helloworld' [ RunTime:0.0560s ]

[ 2017-04-29T16:25:38+08:00 ] ::1 /PersonalGarden/index.php/Home/User/query_user/token/ddb1c8af7b5ae5cb852f580d0c04dac3?_=1493454338010
INFO: [ app_init ] --START--
INFO: Run Behavior\BuildLiteBehavior [ RunTime:0.001000s ]
INFO: [ app_init ] --END-- [ RunTime:0.001000s ]
INFO: [ app_begin ] --START--
INFO: Run Behavior\ReadHtmlCacheBehavior [ RunTime:0.002000s ]
INFO: [ app_begin ] --END-- [ RunTime:0.002000s ]
SQL: select * from userinfor [ RunTime:0.0560s ]
SQL: select * from userinfor order by login_time desc limit 0,10 [ RunTime:0.0560s ]
INFO: [ app_end ] --START--
INFO: Run Behavior\ShowPageTraceBehavior [ RunTime:0.001000s ]
INFO: [ app_end ] --END-- [ RunTime:0.001000s ]

[ 2017-04-29T16:28:47+08:00 ] ::1 /PersonalGarden/index.php/Home/User/query_user/token/ddb1c8af7b5ae5cb852f580d0c04dac3?_=1493454527507
INFO: [ app_init ] --START--
INFO: Run Behavior\BuildLiteBehavior [ RunTime:0.000000s ]
INFO: [ app_init ] --END-- [ RunTime:0.001001s ]
INFO: [ app_begin ] --START--
INFO: Run Behavior\ReadHtmlCacheBehavior [ RunTime:0.003000s ]
INFO: [ app_begin ] --END-- [ RunTime:0.003000s ]
SQL: select * from userinfor [ RunTime:0.0550s ]
SQL: select * from userinfor order by login_time desc limit 0,10 [ RunTime:0.0550s ]
INFO: [ app_end ] --START--
INFO: Run Behavior\ShowPageTraceBehavior [ RunTime:0.001000s ]
INFO: [ app_end ] --END-- [ RunTime:0.001000s ]

[ 2017-04-29T16:30:45+08:00 ] ::1 /PersonalGarden/index.php/Home/User/query_user/token/ddb1c8af7b5ae5cb852f580d0c04dac3?_=1493454644929
INFO: [ app_init ] --START--
INFO: Run Behavior\BuildLiteBehavior [ RunTime:0.000000s ]
INFO: [ app_init ] --END-- [ RunTime:0.001000s ]
INFO: [ app_begin ] --START--
INFO: Run Behavior\ReadHtmlCacheBehavior [ RunTime:0.002000s ]
INFO: [ app_begin ] --END-- [ RunTime:0.002000s ]
SQL: select * from userinfor [ RunTime:0.0490s ]
SQL: select * from userinfor order by login_time desc limit 0,10 [ RunTime:0.0480s ]
INFO: [ app_end ] --START--
INFO: Run Behavior\ShowPageTraceBehavior [ RunTime:0.002000s ]
INFO: [ app_end ] --END-- [ RunTime:0.002000s ]

[ 2017-04-29T16:31:47+08:00 ] ::1 /PersonalGarden/index.php/Home/Goods/my_sale/id/1?_=1493454706680
INFO: [ app_init ] --START--
INFO: Run Behavior\BuildLiteBehavior [ RunTime:0.000000s ]
INFO: [ app_init ] --END-- [ RunTime:0.001000s ]
INFO: [ app_begin ] --START--
INFO: Run Behavior\ReadHtmlCacheBehavior [ RunTime:0.004000s ]
INFO: [ app_begin ] --END-- [ RunTime:0.004000s ]
SQL: select nickname from userinfor where user_id='1' [ RunTime:0.0540s ]
SQL: select * from items where item_from='helloworld' [ RunTime:0.0590s ]

[ 2017-04-29T16:32:25+08:00 ] ::1 /PersonalGarden/index.php/Home/Goods/my_sale/id/19?_=1493454745457
INFO: [ app_init ] --START--
INFO: Run Behavior\BuildLiteBehavior [ RunTime:0.000000s ]
INFO: [ app_init ] --END-- [ RunTime:0.001000s ]
INFO: [ app_begin ] --START--
INFO: Run Behavior\ReadHtmlCacheBehavior [ RunTime:0.001000s ]
INFO: [ app_begin ] --END-- [ RunTime:0.001000s ]
SQL: select nickname from userinfor where user_id='19' [ RunTime:0.0550s ]
SQL: select * from items where item_from='john harvord' [ RunTime:0.0600s ]

[ 2017-04-29T16:32:28+08:00 ] ::1 /PersonalGarden/index.php/Home/Goods/my_sale/id/18?_=1493454748203
INFO: [ app_init ] --START--
INFO: Run Behavior\BuildLiteBehavior [ RunTime:0.000000s ]
INFO: [ app_init ] --END-- [ RunTime:0.001000s ]
INFO: [ app_begin ] --START--
INFO: Run Behavior\ReadHtmlCacheBehavior [ RunTime:0.002000s ]
INFO: [ app_begin ] --END-- [ RunTime:0.002000s ]
SQL: select nickname from userinfor where user_id='18' [ RunTime:0.0490s ]
SQL: select * from items where item_from='kelseycarl' [ RunTime:0.0490s ]

[ 2017-04-29T16:32:54+08:00 ] ::1 /PersonalGarden/index.php/Home/User/one_user/id/1
INFO: [ app_init ] --START--
INFO: Run Behavior\BuildLiteBehavior [ RunTime:0.000000s ]
INFO: [ app_init ] --END-- [ RunTime:0.001001s ]
INFO: [ app_begin ] --START--
INFO: Run Behavior\ReadHtmlCacheBehavior [ RunTime:0.002000s ]
INFO: [ app_begin ] --END-- [ RunTime:0.002000s ]
SQL: select * from userinfor where user_id='1' [ RunTime:0.0500s ]

[ 2017-04-29T16:33:32+08:00 ] ::1 /PersonalGarden/index.php/Home/User/query_user/token/ddb1c8af7b5ae5cb852f580d0c04dac3?_=1493454811747
INFO: [ app_init ] --START--
INFO: Run Behavior\BuildLiteBehavior [ RunTime:0.000000s ]
INFO: [ app_init ] --END-- [ RunTime:0.001000s ]
INFO: [ app_begin ] --START--
INFO: Run Behavior\ReadHtmlCacheBehavior [ RunTime:0.001000s ]
INFO: [ app_begin ] --END-- [ RunTime:0.001000s ]
SQL: select * from userinfor [ RunTime:0.0600s ]
SQL: select * from userinfor order by login_time desc limit 0,10 [ RunTime:0.0560s ]
INFO: [ app_end ] --START--
INFO: Run Behavior\ShowPageTraceBehavior [ RunTime:0.002000s ]
INFO: [ app_end ] --END-- [ RunTime:0.002000s ]

[ 2017-04-29T16:33:35+08:00 ] ::1 /PersonalGarden/index.php/Home/Goods/my_sale/id/1?_=1493454814642
INFO: [ app_init ] --START--
INFO: Run Behavior\BuildLiteBehavior [ RunTime:0.000000s ]
INFO: [ app_init ] --END-- [ RunTime:0.001000s ]
INFO: [ app_begin ] --START--
INFO: Run Behavior\ReadHtmlCacheBehavior [ RunTime:0.001000s ]
INFO: [ app_begin ] --END-- [ RunTime:0.001000s ]
SQL: select nickname from userinfor where user_id='1' [ RunTime:0.0540s ]
SQL: select * from items where item_from='helloworld' [ RunTime:0.0560s ]

[ 2017-04-29T16:33:42+08:00 ] ::1 /PersonalGarden/index.php/Home/Goods/my_sale/id/18?_=1493454822022
INFO: [ app_init ] --START--
INFO: Run Behavior\BuildLiteBehavior [ RunTime:0.000000s ]
INFO: [ app_init ] --END-- [ RunTime:0.001000s ]
INFO: [ app_begin ] --START--
INFO: Run Behavior\ReadHtmlCacheBehavior [ RunTime:0.004000s ]
INFO: [ app_begin ] --END-- [ RunTime:0.004000s ]
SQL: select nickname from userinfor where user_id='18' [ RunTime:0.0560s ]
SQL: select * from items where item_from='kelseycarl' [ RunTime:0.0570s ]

[ 2017-04-29T16:34:05+08:00 ] ::1 /PersonalGarden/index.php/Home/User/query_user/token/ddb1c8af7b5ae5cb852f580d0c04dac3?_=1493454844730
INFO: [ app_init ] --START--
INFO: Run Behavior\BuildLiteBehavior [ RunTime:0.000000s ]
INFO: [ app_init ] --END-- [ RunTime:0.001000s ]
INFO: [ app_begin ] --START--
INFO: Run Behavior\ReadHtmlCacheBehavior [ RunTime:0.001001s ]
INFO: [ app_begin ] --END-- [ RunTime:0.001001s ]
SQL: select * from userinfor [ RunTime:0.0530s ]
SQL: select * from userinfor order by login_time desc limit 0,10 [ RunTime:0.0500s ]
INFO: [ app_end ] --START--
INFO: Run Behavior\ShowPageTraceBehavior [ RunTime:0.001000s ]
INFO: [ app_end ] --END-- [ RunTime:0.001000s ]

[ 2017-04-29T16:34:06+08:00 ] ::1 /PersonalGarden/index.php/Home/Goods/my_sale/id/1?_=1493454846391
INFO: [ app_init ] --START--
INFO: Run Behavior\BuildLiteBehavior [ RunTime:0.000000s ]
INFO: [ app_init ] --END-- [ RunTime:0.001000s ]
INFO: [ app_begin ] --START--
INFO: Run Behavior\ReadHtmlCacheBehavior [ RunTime:0.002001s ]
INFO: [ app_begin ] --END-- [ RunTime:0.002001s ]
SQL: select nickname from userinfor where user_id='1' [ RunTime:0.0500s ]
SQL: select * from items where item_from='helloworld' [ RunTime:0.0480s ]

[ 2017-04-29T16:34:12+08:00 ] ::1 /PersonalGarden/index.php/Home/Goods/my_sale/id/18?_=1493454852284
INFO: [ app_init ] --START--
INFO: Run Behavior\BuildLiteBehavior [ RunTime:0.000000s ]
INFO: [ app_init ] --END-- [ RunTime:0.001000s ]
INFO: [ app_begin ] --START--
INFO: Run Behavior\ReadHtmlCacheBehavior [ RunTime:0.001001s ]
INFO: [ app_begin ] --END-- [ RunTime:0.002001s ]
SQL: select nickname from userinfor where user_id='18' [ RunTime:0.0520s ]
SQL: select * from items where item_from='kelseycarl' [ RunTime:0.0490s ]

[ 2017-04-29T16:36:45+08:00 ] ::1 /PersonalGarden/index.php/Home/Goods/my_sale/id/1?_=1493455004681
INFO: [ app_init ] --START--
INFO: Run Behavior\BuildLiteBehavior [ RunTime:0.000000s ]
INFO: [ app_init ] --END-- [ RunTime:0.001000s ]
INFO: [ app_begin ] --START--
INFO: Run Behavior\ReadHtmlCacheBehavior [ RunTime:0.002000s ]
INFO: [ app_begin ] --END-- [ RunTime:0.002000s ]
SQL: select nickname from userinfor where user_id='1' [ RunTime:0.0540s ]
SQL: select * from items where item_from='helloworld' [ RunTime:0.0570s ]

[ 2017-04-29T16:37:03+08:00 ] ::1 /PersonalGarden/index.php/Home/Goods/my_sale/id/18?_=1493455022711
INFO: [ app_init ] --START--
INFO: Run Behavior\BuildLiteBehavior [ RunTime:0.000000s ]
INFO: [ app_init ] --END-- [ RunTime:0.002000s ]
INFO: [ app_begin ] --START--
INFO: Run Behavior\ReadHtmlCacheBehavior [ RunTime:0.002000s ]
INFO: [ app_begin ] --END-- [ RunTime:0.002000s ]
SQL: select nickname from userinfor where user_id='18' [ RunTime:0.0540s ]
SQL: select * from items where item_from='kelseycarl' [ RunTime:0.0550s ]

[ 2017-04-29T16:43:39+08:00 ] ::1 /PersonalGarden/index.php/Home/User/query_user/token/ddb1c8af7b5ae5cb852f580d0c04dac3?_=1493455419263
INFO: [ app_init ] --START--
INFO: Run Behavior\BuildLiteBehavior [ RunTime:0.000000s ]
INFO: [ app_init ] --END-- [ RunTime:0.001000s ]
INFO: [ app_begin ] --START--
INFO: Run Behavior\ReadHtmlCacheBehavior [ RunTime:0.001000s ]
INFO: [ app_begin ] --END-- [ RunTime:0.001000s ]
SQL: select * from userinfor [ RunTime:0.0540s ]
SQL: select * from userinfor order by login_time desc limit 0,10 [ RunTime:0.0540s ]
INFO: [ app_end ] --START--
INFO: Run Behavior\ShowPageTraceBehavior [ RunTime:0.002000s ]
INFO: [ app_end ] --END-- [ RunTime:0.002000s ]

[ 2017-04-29T16:43:42+08:00 ] ::1 /PersonalGarden/index.php/Home/Goods/my_sale/id/1?_=1493455421903
INFO: [ app_init ] --START--
INFO: Run Behavior\BuildLiteBehavior [ RunTime:0.000000s ]
INFO: [ app_init ] --END-- [ RunTime:0.001000s ]
INFO: [ app_begin ] --START--
INFO: Run Behavior\ReadHtmlCacheBehavior [ RunTime:0.002000s ]
INFO: [ app_begin ] --END-- [ RunTime:0.002000s ]
SQL: select nickname from userinfor where user_id='1' [ RunTime:0.0480s ]
SQL: select * from items where item_from='helloworld' [ RunTime:0.0510s ]

[ 2017-04-29T16:43:46+08:00 ] ::1 /PersonalGarden/index.php/Home/Goods/my_sale/id/18?_=1493455426062
INFO: [ app_init ] --START--
INFO: Run Behavior\BuildLiteBehavior [ RunTime:0.000000s ]
INFO: [ app_init ] --END-- [ RunTime:0.002000s ]
INFO: [ app_begin ] --START--
INFO: Run Behavior\ReadHtmlCacheBehavior [ RunTime:0.001000s ]
INFO: [ app_begin ] --END-- [ RunTime:0.001000s ]
SQL: select nickname from userinfor where user_id='18' [ RunTime:0.0480s ]
SQL: select * from items where item_from='kelseycarl' [ RunTime:0.0500s ]

[ 2017-04-29T16:43:54+08:00 ] ::1 /PersonalGarden/index.php/Home/Goods/verify
INFO: [ app_init ] --START--
INFO: Run Behavior\BuildLiteBehavior [ RunTime:0.000000s ]
INFO: [ app_init ] --END-- [ RunTime:0.001000s ]
INFO: [ app_begin ] --START--
INFO: Run Behavior\ReadHtmlCacheBehavior [ RunTime:0.001000s ]
INFO: [ app_begin ] --END-- [ RunTime:0.001000s ]
SQL: update items set is_verify='1',status_desc='审核通过',unpass_cause='暂无数据',verify_time='2017-04-29 16:43:54' where id='16' [ RunTime:0.0530s ]

[ 2017-04-29T16:43:54+08:00 ] ::1 /PersonalGarden/index.php/Home/Goods/my_sale/id/18?_=1493455434513
INFO: [ app_init ] --START--
INFO: Run Behavior\BuildLiteBehavior [ RunTime:0.000000s ]
INFO: [ app_init ] --END-- [ RunTime:0.001000s ]
INFO: [ app_begin ] --START--
INFO: Run Behavior\ReadHtmlCacheBehavior [ RunTime:0.001000s ]
INFO: [ app_begin ] --END-- [ RunTime:0.001000s ]
SQL: select nickname from userinfor where user_id='18' [ RunTime:0.0500s ]
SQL: select * from items where item_from='kelseycarl' [ RunTime:0.0490s ]

[ 2017-04-29T16:44:00+08:00 ] ::1 /PersonalGarden/index.php/Home/Soil/verify
INFO: [ app_init ] --START--
INFO: Run Behavior\BuildLiteBehavior [ RunTime:0.000000s ]
INFO: [ app_init ] --END-- [ RunTime:0.001000s ]
INFO: [ app_begin ] --START--
INFO: Run Behavior\ReadHtmlCacheBehavior [ RunTime:0.001000s ]
INFO: [ app_begin ] --END-- [ RunTime:0.001000s ]
NOTIC: [8] Undefined index: rent_id E:\xampp\htdocs\PersonalGarden\Application\Home\Controller\SoilController.class.php 第 91 行.
NOTIC: [8] Undefined index: verify_status E:\xampp\htdocs\PersonalGarden\Application\Home\Controller\SoilController.class.php 第 92 行.
NOTIC: [8] Undefined variable: rent_status E:\xampp\htdocs\PersonalGarden\Application\Home\Controller\SoilController.class.php 第 104 行.
NOTIC: [8] Undefined variable: desc E:\xampp\htdocs\PersonalGarden\Application\Home\Controller\SoilController.class.php 第 104 行.
NOTIC: [8] Undefined variable: unpass E:\xampp\htdocs\PersonalGarden\Application\Home\Controller\SoilController.class.php 第 104 行.
SQL: update rent_soil set soil_status='',verify_status='',verify_desc='',unpass_cause='',verify_time='2017-04-29 16:44:00' where rent_id='' [ RunTime:0.0480s ]
SQL: select soil_id from rent_soil where rent_id='' [ RunTime:0.0470s ]
NOTIC: [8] Undefined offset: 0 E:\xampp\htdocs\PersonalGarden\Application\Home\Controller\SoilController.class.php 第 109 行.
NOTIC: [8] Undefined variable: rent_status E:\xampp\htdocs\PersonalGarden\Application\Home\Controller\SoilController.class.php 第 111 行.
NOTIC: [8] Undefined variable: desc E:\xampp\htdocs\PersonalGarden\Application\Home\Controller\SoilController.class.php 第 111 行.
SQL: update soil set soil_status='',status_desc='' where soil_id='' [ RunTime:0.0490s ]

[ 2017-04-29T16:44:00+08:00 ] ::1 /PersonalGarden/index.php/Home/Goods/my_sale/id/18?_=1493455440586
INFO: [ app_init ] --START--
INFO: Run Behavior\BuildLiteBehavior [ RunTime:0.000000s ]
INFO: [ app_init ] --END-- [ RunTime:0.000000s ]
INFO: [ app_begin ] --START--
INFO: Run Behavior\ReadHtmlCacheBehavior [ RunTime:0.001000s ]
INFO: [ app_begin ] --END-- [ RunTime:0.001000s ]
SQL: select nickname from userinfor where user_id='18' [ RunTime:0.0470s ]
SQL: select * from items where item_from='kelseycarl' [ RunTime:0.0480s ]

[ 2017-04-29T16:44:10+08:00 ] ::1 /PersonalGarden/index.php/Home/Soil/verify
INFO: [ app_init ] --START--
INFO: Run Behavior\BuildLiteBehavior [ RunTime:0.000000s ]
INFO: [ app_init ] --END-- [ RunTime:0.001001s ]
INFO: [ app_begin ] --START--
INFO: Run Behavior\ReadHtmlCacheBehavior [ RunTime:0.001000s ]
INFO: [ app_begin ] --END-- [ RunTime:0.001000s ]
NOTIC: [8] Undefined index: rent_id E:\xampp\htdocs\PersonalGarden\Application\Home\Controller\SoilController.class.php 第 91 行.
NOTIC: [8] Undefined index: verify_status E:\xampp\htdocs\PersonalGarden\Application\Home\Controller\SoilController.class.php 第 92 行.
NOTIC: [8] Undefined variable: rent_status E:\xampp\htdocs\PersonalGarden\Application\Home\Controller\SoilController.class.php 第 104 行.
NOTIC: [8] Undefined variable: desc E:\xampp\htdocs\PersonalGarden\Application\Home\Controller\SoilController.class.php 第 104 行.
NOTIC: [8] Undefined variable: unpass E:\xampp\htdocs\PersonalGarden\Application\Home\Controller\SoilController.class.php 第 104 行.
SQL: update rent_soil set soil_status='',verify_status='',verify_desc='',unpass_cause='',verify_time='2017-04-29 16:44:08' where rent_id='' [ RunTime:0.0540s ]
SQL: select soil_id from rent_soil where rent_id='' [ RunTime:0.0690s ]
NOTIC: [8] Undefined offset: 0 E:\xampp\htdocs\PersonalGarden\Application\Home\Controller\SoilController.class.php 第 109 行.
NOTIC: [8] Undefined variable: rent_status E:\xampp\htdocs\PersonalGarden\Application\Home\Controller\SoilController.class.php 第 111 行.
NOTIC: [8] Undefined variable: desc E:\xampp\htdocs\PersonalGarden\Application\Home\Controller\SoilController.class.php 第 111 行.
SQL: update soil set soil_status='',status_desc='' where soil_id='' [ RunTime:0.0550s ]

[ 2017-04-29T16:44:10+08:00 ] ::1 /PersonalGarden/index.php/Home/Goods/my_sale/id/18?_=1493455450321
INFO: [ app_init ] --START--
INFO: Run Behavior\BuildLiteBehavior [ RunTime:0.000000s ]
INFO: [ app_init ] --END-- [ RunTime:0.001000s ]
INFO: [ app_begin ] --START--
INFO: Run Behavior\ReadHtmlCacheBehavior [ RunTime:0.001000s ]
INFO: [ app_begin ] --END-- [ RunTime:0.001000s ]
SQL: select nickname from userinfor where user_id='18' [ RunTime:0.0540s ]
SQL: select * from items where item_from='kelseycarl' [ RunTime:0.0560s ]

[ 2017-04-29T16:44:21+08:00 ] ::1 /PersonalGarden/index.php/Home/Soil/verify
INFO: [ app_init ] --START--
INFO: Run Behavior\BuildLiteBehavior [ RunTime:0.000000s ]
INFO: [ app_init ] --END-- [ RunTime:0.001000s ]
INFO: [ app_begin ] --START--
INFO: Run Behavior\ReadHtmlCacheBehavior [ RunTime:0.000000s ]
INFO: [ app_begin ] --END-- [ RunTime:0.000000s ]
NOTIC: [8] Undefined index: rent_id E:\xampp\htdocs\PersonalGarden\Application\Home\Controller\SoilController.class.php 第 91 行.
NOTIC: [8] Undefined index: verify_status E:\xampp\htdocs\PersonalGarden\Application\Home\Controller\SoilController.class.php 第 92 行.
NOTIC: [8] Undefined variable: rent_status E:\xampp\htdocs\PersonalGarden\Application\Home\Controller\SoilController.class.php 第 104 行.
NOTIC: [8] Undefined variable: desc E:\xampp\htdocs\PersonalGarden\Application\Home\Controller\SoilController.class.php 第 104 行.
NOTIC: [8] Undefined variable: unpass E:\xampp\htdocs\PersonalGarden\Application\Home\Controller\SoilController.class.php 第 104 行.
SQL: update rent_soil set soil_status='',verify_status='',verify_desc='',unpass_cause='',verify_time='2017-04-29 16:44:21' where rent_id='' [ RunTime:0.0480s ]
SQL: select soil_id from rent_soil where rent_id='' [ RunTime:0.0490s ]
NOTIC: [8] Undefined offset: 0 E:\xampp\htdocs\PersonalGarden\Application\Home\Controller\SoilController.class.php 第 109 行.
NOTIC: [8] Undefined variable: rent_status E:\xampp\htdocs\PersonalGarden\Application\Home\Controller\SoilController.class.php 第 111 行.
NOTIC: [8] Undefined variable: desc E:\xampp\htdocs\PersonalGarden\Application\Home\Controller\SoilController.class.php 第 111 行.
SQL: update soil set soil_status='',status_desc='' where soil_id='' [ RunTime:0.0500s ]

[ 2017-04-29T16:44:21+08:00 ] ::1 /PersonalGarden/index.php/Home/Goods/my_sale/id/18?_=1493455461465
INFO: [ app_init ] --START--
INFO: Run Behavior\BuildLiteBehavior [ RunTime:0.000000s ]
INFO: [ app_init ] --END-- [ RunTime:0.001000s ]
INFO: [ app_begin ] --START--
INFO: Run Behavior\ReadHtmlCacheBehavior [ RunTime:0.001000s ]
INFO: [ app_begin ] --END-- [ RunTime:0.001000s ]
SQL: select nickname from userinfor where user_id='18' [ RunTime:0.0560s ]
SQL: select * from items where item_from='kelseycarl' [ RunTime:0.0560s ]

[ 2017-04-29T16:45:07+08:00 ] ::1 /PersonalGarden/index.php/Home/User/query_user/token/ddb1c8af7b5ae5cb852f580d0c04dac3?_=1493455506648
INFO: [ app_init ] --START--
INFO: Run Behavior\BuildLiteBehavior [ RunTime:0.000000s ]
INFO: [ app_init ] --END-- [ RunTime:0.000000s ]
INFO: [ app_begin ] --START--
INFO: Run Behavior\ReadHtmlCacheBehavior [ RunTime:0.001000s ]
INFO: [ app_begin ] --END-- [ RunTime:0.001000s ]
SQL: select * from userinfor [ RunTime:0.0560s ]
SQL: select * from userinfor order by login_time desc limit 0,10 [ RunTime:0.0560s ]
INFO: [ app_end ] --START--
INFO: Run Behavior\ShowPageTraceBehavior [ RunTime:0.002000s ]
INFO: [ app_end ] --END-- [ RunTime:0.002000s ]

[ 2017-04-29T16:45:09+08:00 ] ::1 /PersonalGarden/index.php/Home/Goods/my_sale/id/1?_=1493455509565
INFO: [ app_init ] --START--
INFO: Run Behavior\BuildLiteBehavior [ RunTime:0.000000s ]
INFO: [ app_init ] --END-- [ RunTime:0.001000s ]
INFO: [ app_begin ] --START--
INFO: Run Behavior\ReadHtmlCacheBehavior [ RunTime:0.002000s ]
INFO: [ app_begin ] --END-- [ RunTime:0.002000s ]
SQL: select nickname from userinfor where user_id='1' [ RunTime:0.0490s ]
SQL: select * from items where item_from='helloworld' [ RunTime:0.0500s ]

[ 2017-04-29T16:45:14+08:00 ] ::1 /PersonalGarden/index.php/Home/Soil/verify
INFO: [ app_init ] --START--
INFO: Run Behavior\BuildLiteBehavior [ RunTime:0.000000s ]
INFO: [ app_init ] --END-- [ RunTime:0.000000s ]
INFO: [ app_begin ] --START--
INFO: Run Behavior\ReadHtmlCacheBehavior [ RunTime:0.001000s ]
INFO: [ app_begin ] --END-- [ RunTime:0.001000s ]
NOTIC: [8] Undefined index: rent_id E:\xampp\htdocs\PersonalGarden\Application\Home\Controller\SoilController.class.php 第 91 行.
NOTIC: [8] Undefined index: verify_status E:\xampp\htdocs\PersonalGarden\Application\Home\Controller\SoilController.class.php 第 92 行.
NOTIC: [8] Undefined variable: rent_status E:\xampp\htdocs\PersonalGarden\Application\Home\Controller\SoilController.class.php 第 104 行.
NOTIC: [8] Undefined variable: desc E:\xampp\htdocs\PersonalGarden\Application\Home\Controller\SoilController.class.php 第 104 行.
NOTIC: [8] Undefined variable: unpass E:\xampp\htdocs\PersonalGarden\Application\Home\Controller\SoilController.class.php 第 104 行.
SQL: update rent_soil set soil_status='',verify_status='',verify_desc='',unpass_cause='',verify_time='2017-04-29 16:45:14' where rent_id='' [ RunTime:0.0490s ]
SQL: select soil_id from rent_soil where rent_id='' [ RunTime:0.0480s ]
NOTIC: [8] Undefined offset: 0 E:\xampp\htdocs\PersonalGarden\Application\Home\Controller\SoilController.class.php 第 109 行.
NOTIC: [8] Undefined variable: rent_status E:\xampp\htdocs\PersonalGarden\Application\Home\Controller\SoilController.class.php 第 111 行.
NOTIC: [8] Undefined variable: desc E:\xampp\htdocs\PersonalGarden\Application\Home\Controller\SoilController.class.php 第 111 行.
SQL: update soil set soil_status='',status_desc='' where soil_id='' [ RunTime:0.0490s ]

[ 2017-04-29T16:45:14+08:00 ] ::1 /PersonalGarden/index.php/Home/Goods/my_sale/id/1?_=1493455514502
INFO: [ app_init ] --START--
INFO: Run Behavior\BuildLiteBehavior [ RunTime:0.000000s ]
INFO: [ app_init ] --END-- [ RunTime:0.001000s ]
INFO: [ app_begin ] --START--
INFO: Run Behavior\ReadHtmlCacheBehavior [ RunTime:0.002001s ]
INFO: [ app_begin ] --END-- [ RunTime:0.002001s ]
SQL: select nickname from userinfor where user_id='1' [ RunTime:0.0480s ]
SQL: select * from items where item_from='helloworld' [ RunTime:0.0510s ]

[ 2017-04-29T16:46:00+08:00 ] ::1 /PersonalGarden/index.php/Home/Soil/verify
INFO: [ app_init ] --START--
INFO: Run Behavior\BuildLiteBehavior [ RunTime:0.000000s ]
INFO: [ app_init ] --END-- [ RunTime:0.001000s ]
INFO: [ app_begin ] --START--
INFO: Run Behavior\ReadHtmlCacheBehavior [ RunTime:0.001000s ]
INFO: [ app_begin ] --END-- [ RunTime:0.001000s ]
NOTIC: [8] Undefined index: rent_id E:\xampp\htdocs\PersonalGarden\Application\Home\Controller\SoilController.class.php 第 91 行.
NOTIC: [8] Undefined index: verify_status E:\xampp\htdocs\PersonalGarden\Application\Home\Controller\SoilController.class.php 第 92 行.
NOTIC: [8] Undefined variable: rent_status E:\xampp\htdocs\PersonalGarden\Application\Home\Controller\SoilController.class.php 第 104 行.
NOTIC: [8] Undefined variable: desc E:\xampp\htdocs\PersonalGarden\Application\Home\Controller\SoilController.class.php 第 104 行.
NOTIC: [8] Undefined variable: unpass E:\xampp\htdocs\PersonalGarden\Application\Home\Controller\SoilController.class.php 第 104 行.
SQL: update rent_soil set soil_status='',verify_status='',verify_desc='',unpass_cause='',verify_time='2017-04-29 16:45:59' where rent_id='' [ RunTime:0.0550s ]
SQL: select soil_id from rent_soil where rent_id='' [ RunTime:0.0560s ]
NOTIC: [8] Undefined offset: 0 E:\xampp\htdocs\PersonalGarden\Application\Home\Controller\SoilController.class.php 第 109 行.
NOTIC: [8] Undefined variable: rent_status E:\xampp\htdocs\PersonalGarden\Application\Home\Controller\SoilController.class.php 第 111 行.
NOTIC: [8] Undefined variable: desc E:\xampp\htdocs\PersonalGarden\Application\Home\Controller\SoilController.class.php 第 111 行.
SQL: update soil set soil_status='',status_desc='' where soil_id='' [ RunTime:0.0560s ]

[ 2017-04-29T16:46:00+08:00 ] ::1 /PersonalGarden/index.php/Home/Goods/my_sale/id/1?_=1493455560311
INFO: [ app_init ] --START--
INFO: Run Behavior\BuildLiteBehavior [ RunTime:0.000000s ]
INFO: [ app_init ] --END-- [ RunTime:0.001000s ]
INFO: [ app_begin ] --START--
INFO: Run Behavior\ReadHtmlCacheBehavior [ RunTime:0.001000s ]
INFO: [ app_begin ] --END-- [ RunTime:0.001000s ]
SQL: select nickname from userinfor where user_id='1' [ RunTime:0.0500s ]
SQL: select * from items where item_from='helloworld' [ RunTime:0.0520s ]

[ 2017-04-29T16:46:31+08:00 ] ::1 /PersonalGarden/index.php/Home/Admin/login/token/ddb1c8af7b5ae5cb852f580d0c04dac3
INFO: [ app_init ] --START--
INFO: Run Behavior\BuildLiteBehavior [ RunTime:0.000000s ]
INFO: [ app_init ] --END-- [ RunTime:0.001000s ]
INFO: [ app_begin ] --START--
INFO: Run Behavior\ReadHtmlCacheBehavior [ RunTime:0.001000s ]
INFO: [ app_begin ] --END-- [ RunTime:0.001000s ]
SQL: select * from admin where token='ddb1c8af7b5ae5cb852f580d0c04dac3' [ RunTime:0.0570s ]

[ 2017-04-29T16:46:38+08:00 ] ::1 /PersonalGarden/index.php/Home/User/query_user/token/ddb1c8af7b5ae5cb852f580d0c04dac3?_=1493455597603
INFO: [ app_init ] --START--
INFO: Run Behavior\BuildLiteBehavior [ RunTime:0.000000s ]
INFO: [ app_init ] --END-- [ RunTime:0.001000s ]
INFO: [ app_begin ] --START--
INFO: Run Behavior\ReadHtmlCacheBehavior [ RunTime:0.001000s ]
INFO: [ app_begin ] --END-- [ RunTime:0.001000s ]
SQL: select * from userinfor [ RunTime:0.0500s ]
SQL: select * from userinfor order by login_time desc limit 0,10 [ RunTime:0.0500s ]
INFO: [ app_end ] --START--
INFO: Run Behavior\ShowPageTraceBehavior [ RunTime:0.001000s ]
INFO: [ app_end ] --END-- [ RunTime:0.001000s ]

[ 2017-04-29T16:46:40+08:00 ] ::1 /PersonalGarden/index.php/Home/Goods/my_sale/id/1?_=1493455599608
INFO: [ app_init ] --START--
INFO: Run Behavior\BuildLiteBehavior [ RunTime:0.000000s ]
INFO: [ app_init ] --END-- [ RunTime:0.002000s ]
INFO: [ app_begin ] --START--
INFO: Run Behavior\ReadHtmlCacheBehavior [ RunTime:0.002001s ]
INFO: [ app_begin ] --END-- [ RunTime:0.002001s ]
SQL: select nickname from userinfor where user_id='1' [ RunTime:0.0500s ]
SQL: select * from items where item_from='helloworld' [ RunTime:0.0480s ]

[ 2017-04-29T16:46:44+08:00 ] ::1 /PersonalGarden/index.php/Home/Goods/my_sale/id/18?_=1493455604218
INFO: [ app_init ] --START--
INFO: Run Behavior\BuildLiteBehavior [ RunTime:0.000000s ]
INFO: [ app_init ] --END-- [ RunTime:0.001000s ]
INFO: [ app_begin ] --START--
INFO: Run Behavior\ReadHtmlCacheBehavior [ RunTime:0.001000s ]
INFO: [ app_begin ] --END-- [ RunTime:0.001000s ]
SQL: select nickname from userinfor where user_id='18' [ RunTime:0.0560s ]
SQL: select * from items where item_from='kelseycarl' [ RunTime:0.0560s ]

[ 2017-04-29T16:46:58+08:00 ] ::1 /PersonalGarden/index.php/Home/Soil/verify
INFO: [ app_init ] --START--
INFO: Run Behavior\BuildLiteBehavior [ RunTime:0.000000s ]
INFO: [ app_init ] --END-- [ RunTime:0.001000s ]
INFO: [ app_begin ] --START--
INFO: Run Behavior\ReadHtmlCacheBehavior [ RunTime:0.001000s ]
INFO: [ app_begin ] --END-- [ RunTime:0.001000s ]
NOTIC: [8] Undefined index: rent_id E:\xampp\htdocs\PersonalGarden\Application\Home\Controller\SoilController.class.php 第 91 行.
NOTIC: [8] Undefined index: verify_status E:\xampp\htdocs\PersonalGarden\Application\Home\Controller\SoilController.class.php 第 92 行.
NOTIC: [8] Undefined variable: rent_status E:\xampp\htdocs\PersonalGarden\Application\Home\Controller\SoilController.class.php 第 104 行.
NOTIC: [8] Undefined variable: desc E:\xampp\htdocs\PersonalGarden\Application\Home\Controller\SoilController.class.php 第 104 行.
NOTIC: [8] Undefined variable: unpass E:\xampp\htdocs\PersonalGarden\Application\Home\Controller\SoilController.class.php 第 104 行.
SQL: update rent_soil set soil_status='',verify_status='',verify_desc='',unpass_cause='',verify_time='2017-04-29 16:46:58' where rent_id='' [ RunTime:0.0550s ]
SQL: select soil_id from rent_soil where rent_id='' [ RunTime:0.0560s ]
NOTIC: [8] Undefined offset: 0 E:\xampp\htdocs\PersonalGarden\Application\Home\Controller\SoilController.class.php 第 109 行.
NOTIC: [8] Undefined variable: rent_status E:\xampp\htdocs\PersonalGarden\Application\Home\Controller\SoilController.class.php 第 111 行.
NOTIC: [8] Undefined variable: desc E:\xampp\htdocs\PersonalGarden\Application\Home\Controller\SoilController.class.php 第 111 行.
SQL: update soil set soil_status='',status_desc='' where soil_id='' [ RunTime:0.0550s ]

[ 2017-04-29T16:46:58+08:00 ] ::1 /PersonalGarden/index.php/Home/Goods/my_sale/id/18?_=1493455618614
INFO: [ app_init ] --START--
INFO: Run Behavior\BuildLiteBehavior [ RunTime:0.000000s ]
INFO: [ app_init ] --END-- [ RunTime:0.001000s ]
INFO: [ app_begin ] --START--
INFO: Run Behavior\ReadHtmlCacheBehavior [ RunTime:0.001000s ]
INFO: [ app_begin ] --END-- [ RunTime:0.001000s ]
SQL: select nickname from userinfor where user_id='18' [ RunTime:0.0490s ]
SQL: select * from items where item_from='kelseycarl' [ RunTime:0.0490s ]

[ 2017-04-29T16:48:30+08:00 ] ::1 /PersonalGarden/index.php/Home/User/query_user/token/ddb1c8af7b5ae5cb852f580d0c04dac3?_=1493455710326
INFO: [ app_init ] --START--
INFO: Run Behavior\BuildLiteBehavior [ RunTime:0.000000s ]
INFO: [ app_init ] --END-- [ RunTime:0.002000s ]
INFO: [ app_begin ] --START--
INFO: Run Behavior\ReadHtmlCacheBehavior [ RunTime:0.002000s ]
INFO: [ app_begin ] --END-- [ RunTime:0.002000s ]
SQL: select * from userinfor [ RunTime:0.0510s ]
SQL: select * from userinfor order by login_time desc limit 0,10 [ RunTime:0.0500s ]
INFO: [ app_end ] --START--
INFO: Run Behavior\ShowPageTraceBehavior [ RunTime:0.001000s ]
INFO: [ app_end ] --END-- [ RunTime:0.001000s ]

[ 2017-04-29T16:48:34+08:00 ] ::1 /PersonalGarden/index.php/Home/Goods/my_sale/id/1?_=1493455714208
INFO: [ app_init ] --START--
INFO: Run Behavior\BuildLiteBehavior [ RunTime:0.000000s ]
INFO: [ app_init ] --END-- [ RunTime:0.001000s ]
INFO: [ app_begin ] --START--
INFO: Run Behavior\ReadHtmlCacheBehavior [ RunTime:0.002000s ]
INFO: [ app_begin ] --END-- [ RunTime:0.003000s ]
SQL: select nickname from userinfor where user_id='1' [ RunTime:0.0480s ]
SQL: select * from items where item_from='helloworld' [ RunTime:0.0610s ]

[ 2017-04-29T16:48:40+08:00 ] ::1 /PersonalGarden/index.php/Home/Goods/verify_sale
INFO: [ app_init ] --START--
INFO: Run Behavior\BuildLiteBehavior [ RunTime:0.000000s ]
INFO: [ app_init ] --END-- [ RunTime:0.001000s ]
INFO: [ app_begin ] --START--
INFO: Run Behavior\ReadHtmlCacheBehavior [ RunTime:0.001001s ]
INFO: [ app_begin ] --END-- [ RunTime:0.001001s ]
SQL: update items set is_verify='0',status_desc='审核未过',unpass_cause='444',verify_time='2017-04-29 16:48:40' where id='2' [ RunTime:0.0510s ]

[ 2017-04-29T16:48:41+08:00 ] ::1 /PersonalGarden/index.php/Home/Goods/my_sale/id/1?_=1493455720901
INFO: [ app_init ] --START--
INFO: Run Behavior\BuildLiteBehavior [ RunTime:0.000000s ]
INFO: [ app_init ] --END-- [ RunTime:0.001000s ]
INFO: [ app_begin ] --START--
INFO: Run Behavior\ReadHtmlCacheBehavior [ RunTime:0.001000s ]
INFO: [ app_begin ] --END-- [ RunTime:0.002001s ]
SQL: select nickname from userinfor where user_id='1' [ RunTime:0.0610s ]
SQL: select * from items where item_from='helloworld' [ RunTime:0.0580s ]

[ 2017-04-29T16:48:51+08:00 ] ::1 /PersonalGarden/index.php/Home/Goods/verify_sale
INFO: [ app_init ] --START--
INFO: Run Behavior\BuildLiteBehavior [ RunTime:0.000000s ]
INFO: [ app_init ] --END-- [ RunTime:0.001000s ]
INFO: [ app_begin ] --START--
INFO: Run Behavior\ReadHtmlCacheBehavior [ RunTime:0.001000s ]
INFO: [ app_begin ] --END-- [ RunTime:0.002000s ]
SQL: update items set is_verify='0',status_desc='审核未过',unpass_cause='888',verify_time='2017-04-29 16:48:51' where id='2' [ RunTime:0.0700s ]

[ 2017-04-29T16:48:52+08:00 ] ::1 /PersonalGarden/index.php/Home/Goods/my_sale/id/1?_=1493455731623
INFO: [ app_init ] --START--
INFO: Run Behavior\BuildLiteBehavior [ RunTime:0.000000s ]
INFO: [ app_init ] --END-- [ RunTime:0.001000s ]
INFO: [ app_begin ] --START--
INFO: Run Behavior\ReadHtmlCacheBehavior [ RunTime:0.001000s ]
INFO: [ app_begin ] --END-- [ RunTime:0.001000s ]
SQL: select nickname from userinfor where user_id='1' [ RunTime:0.0610s ]
SQL: select * from items where item_from='helloworld' [ RunTime:0.0540s ]

[ 2017-04-29T16:49:03+08:00 ] ::1 /PersonalGarden/index.php/Home/Goods/verify_sale
INFO: [ app_init ] --START--
INFO: Run Behavior\BuildLiteBehavior [ RunTime:0.000000s ]
INFO: [ app_init ] --END-- [ RunTime:0.001000s ]
INFO: [ app_begin ] --START--
INFO: Run Behavior\ReadHtmlCacheBehavior [ RunTime:0.000000s ]
INFO: [ app_begin ] --END-- [ RunTime:0.000000s ]
SQL: update items set is_verify='1',status_desc='审核通过',unpass_cause='暂无数据',verify_time='2017-04-29 16:49:03' where id='2' [ RunTime:0.0580s ]

[ 2017-04-29T16:49:03+08:00 ] ::1 /PersonalGarden/index.php/Home/Goods/my_sale/id/1?_=1493455743557
INFO: [ app_init ] --START--
INFO: Run Behavior\BuildLiteBehavior [ RunTime:0.000000s ]
INFO: [ app_init ] --END-- [ RunTime:0.004000s ]
INFO: [ app_begin ] --START--
INFO: Run Behavior\ReadHtmlCacheBehavior [ RunTime:0.002000s ]
INFO: [ app_begin ] --END-- [ RunTime:0.002000s ]
SQL: select nickname from userinfor where user_id='1' [ RunTime:0.0470s ]
SQL: select * from items where item_from='helloworld' [ RunTime:0.0620s ]

[ 2017-04-29T16:49:09+08:00 ] ::1 /PersonalGarden/index.php/Home/Goods/verify_sale
INFO: [ app_init ] --START--
INFO: Run Behavior\BuildLiteBehavior [ RunTime:0.000000s ]
INFO: [ app_init ] --END-- [ RunTime:0.000000s ]
INFO: [ app_begin ] --START--
INFO: Run Behavior\ReadHtmlCacheBehavior [ RunTime:0.001001s ]
INFO: [ app_begin ] --END-- [ RunTime:0.001001s ]
SQL: update items set is_verify='0',status_desc='审核未过',unpass_cause='888',verify_time='2017-04-29 16:49:09' where id='2' [ RunTime:0.0570s ]

[ 2017-04-29T16:49:10+08:00 ] ::1 /PersonalGarden/index.php/Home/Goods/my_sale/id/1?_=1493455749782
INFO: [ app_init ] --START--
INFO: Run Behavior\BuildLiteBehavior [ RunTime:0.000000s ]
INFO: [ app_init ] --END-- [ RunTime:0.001000s ]
INFO: [ app_begin ] --START--
INFO: Run Behavior\ReadHtmlCacheBehavior [ RunTime:0.002000s ]
INFO: [ app_begin ] --END-- [ RunTime:0.002000s ]
SQL: select nickname from userinfor where user_id='1' [ RunTime:0.0690s ]
SQL: select * from items where item_from='helloworld' [ RunTime:0.0570s ]

[ 2017-04-29T16:52:24+08:00 ] ::1 /PersonalGarden/index.php/Home/User/query_user/token/ddb1c8af7b5ae5cb852f580d0c04dac3?_=1493455943830
INFO: [ app_init ] --START--
INFO: Run Behavior\BuildLiteBehavior [ RunTime:0.001000s ]
INFO: [ app_init ] --END-- [ RunTime:0.001000s ]
INFO: [ app_begin ] --START--
INFO: Run Behavior\ReadHtmlCacheBehavior [ RunTime:0.001000s ]
INFO: [ app_begin ] --END-- [ RunTime:0.001000s ]
SQL: select * from userinfor [ RunTime:0.0500s ]
SQL: select * from userinfor order by login_time desc limit 0,10 [ RunTime:0.0520s ]
INFO: [ app_end ] --START--
INFO: Run Behavior\ShowPageTraceBehavior [ RunTime:0.002001s ]
INFO: [ app_end ] --END-- [ RunTime:0.002001s ]

[ 2017-04-29T16:52:34+08:00 ] ::1 /PersonalGarden/index.php/Home/Goods/my_sale/id/1?_=1493455953815
INFO: [ app_init ] --START--
INFO: Run Behavior\BuildLiteBehavior [ RunTime:0.000000s ]
INFO: [ app_init ] --END-- [ RunTime:0.001000s ]
INFO: [ app_begin ] --START--
INFO: Run Behavior\ReadHtmlCacheBehavior [ RunTime:0.002000s ]
INFO: [ app_begin ] --END-- [ RunTime:0.002000s ]
SQL: select nickname from userinfor where user_id='1' [ RunTime:0.0570s ]
SQL: select * from items where item_from='helloworld' [ RunTime:0.0570s ]

[ 2017-04-29T16:52:40+08:00 ] ::1 /PersonalGarden/index.php/Home/Goods/verify_sale
INFO: [ app_init ] --START--
INFO: Run Behavior\BuildLiteBehavior [ RunTime:0.000000s ]
INFO: [ app_init ] --END-- [ RunTime:0.001000s ]
INFO: [ app_begin ] --START--
INFO: Run Behavior\ReadHtmlCacheBehavior [ RunTime:0.001000s ]
INFO: [ app_begin ] --END-- [ RunTime:0.001000s ]
SQL: update items set is_verify='-1',status_desc='审核未过',unpass_cause='999',verify_time='2017-04-29 16:52:39' where id='2' [ RunTime:0.0570s ]

[ 2017-04-29T16:52:40+08:00 ] ::1 /PersonalGarden/index.php/Home/Goods/my_sale/id/1?_=1493455960233
INFO: [ app_init ] --START--
INFO: Run Behavior\BuildLiteBehavior [ RunTime:0.000000s ]
INFO: [ app_init ] --END-- [ RunTime:0.001000s ]
INFO: [ app_begin ] --START--
INFO: Run Behavior\ReadHtmlCacheBehavior [ RunTime:0.001000s ]
INFO: [ app_begin ] --END-- [ RunTime:0.001000s ]
SQL: select nickname from userinfor where user_id='1' [ RunTime:0.0470s ]
SQL: select * from items where item_from='helloworld' [ RunTime:0.0500s ]

[ 2017-04-29T16:52:52+08:00 ] ::1 /PersonalGarden/index.php/Home/Goods/my_sale/id/18?_=1493455972365
INFO: [ app_init ] --START--
INFO: Run Behavior\BuildLiteBehavior [ RunTime:0.000000s ]
INFO: [ app_init ] --END-- [ RunTime:0.001000s ]
INFO: [ app_begin ] --START--
INFO: Run Behavior\ReadHtmlCacheBehavior [ RunTime:0.001001s ]
INFO: [ app_begin ] --END-- [ RunTime:0.001001s ]
SQL: select nickname from userinfor where user_id='18' [ RunTime:0.0550s ]
SQL: select * from items where item_from='kelseycarl' [ RunTime:0.0550s ]

[ 2017-04-29T16:53:42+08:00 ] ::1 /PersonalGarden/index.php/Home/Admin/admin/token/ddb1c8af7b5ae5cb852f580d0c04dac3?_=1493456022365
INFO: [ app_init ] --START--
INFO: Run Behavior\BuildLiteBehavior [ RunTime:0.000000s ]
INFO: [ app_init ] --END-- [ RunTime:0.001001s ]
INFO: [ app_begin ] --START--
INFO: Run Behavior\ReadHtmlCacheBehavior [ RunTime:0.001000s ]
INFO: [ app_begin ] --END-- [ RunTime:0.001000s ]
SQL: select * from admin [ RunTime:0.0550s ]
SQL: select * from admin order by login_time desc limit 0,10 [ RunTime:0.0560s ]
INFO: [ app_end ] --START--
INFO: Run Behavior\ShowPageTraceBehavior [ RunTime:0.001000s ]
INFO: [ app_end ] --END-- [ RunTime:0.001000s ]

[ 2017-04-29T16:53:44+08:00 ] ::1 /PersonalGarden/index.php/Home/User/query_user/token/ddb1c8af7b5ae5cb852f580d0c04dac3?_=1493456024013
INFO: [ app_init ] --START--
INFO: Run Behavior\BuildLiteBehavior [ RunTime:0.000000s ]
INFO: [ app_init ] --END-- [ RunTime:0.001000s ]
INFO: [ app_begin ] --START--
INFO: Run Behavior\ReadHtmlCacheBehavior [ RunTime:0.001000s ]
INFO: [ app_begin ] --END-- [ RunTime:0.001000s ]
SQL: select * from userinfor [ RunTime:0.0580s ]
SQL: select * from userinfor order by login_time desc limit 0,10 [ RunTime:0.0590s ]
INFO: [ app_end ] --START--
INFO: Run Behavior\ShowPageTraceBehavior [ RunTime:0.001000s ]
INFO: [ app_end ] --END-- [ RunTime:0.001000s ]

[ 2017-04-29T16:53:50+08:00 ] ::1 /PersonalGarden/index.php/Home/Admin/admin/token/ddb1c8af7b5ae5cb852f580d0c04dac3?_=1493456029800
INFO: [ app_init ] --START--
INFO: Run Behavior\BuildLiteBehavior [ RunTime:0.000000s ]
INFO: [ app_init ] --END-- [ RunTime:0.000000s ]
INFO: [ app_begin ] --START--
INFO: Run Behavior\ReadHtmlCacheBehavior [ RunTime:0.001000s ]
INFO: [ app_begin ] --END-- [ RunTime:0.001000s ]
SQL: select * from admin [ RunTime:0.3070s ]
SQL: select * from admin order by login_time desc limit 0,10 [ RunTime:0.0540s ]
INFO: [ app_end ] --START--
INFO: Run Behavior\ShowPageTraceBehavior [ RunTime:0.001000s ]
INFO: [ app_end ] --END-- [ RunTime:0.001000s ]

[ 2017-04-29T16:53:53+08:00 ] ::1 /PersonalGarden/index.php/Home/Soil/all_soil/token/ddb1c8af7b5ae5cb852f580d0c04dac3?_=1493456033060
INFO: [ app_init ] --START--
INFO: Run Behavior\BuildLiteBehavior [ RunTime:0.000000s ]
INFO: [ app_init ] --END-- [ RunTime:0.002001s ]
INFO: [ app_begin ] --START--
INFO: Run Behavior\ReadHtmlCacheBehavior [ RunTime:0.001000s ]
INFO: [ app_begin ] --END-- [ RunTime:0.001000s ]
SQL: select * from soil [ RunTime:0.0560s ]
SQL: select * from soil order by soil_id desc limit 0,10 [ RunTime:0.0580s ]
INFO: [ app_end ] --START--
INFO: Run Behavior\ShowPageTraceBehavior [ RunTime:0.001000s ]
INFO: [ app_end ] --END-- [ RunTime:0.001000s ]

[ 2017-04-29T16:53:58+08:00 ] ::1 /PersonalGarden/index.php/Home/Goods/all_goods/token/ddb1c8af7b5ae5cb852f580d0c04dac3?_=1493456037683
INFO: [ app_init ] --START--
INFO: Run Behavior\BuildLiteBehavior [ RunTime:0.000000s ]
INFO: [ app_init ] --END-- [ RunTime:0.000000s ]
INFO: [ app_begin ] --START--
INFO: Run Behavior\ReadHtmlCacheBehavior [ RunTime:0.001000s ]
INFO: [ app_begin ] --END-- [ RunTime:0.001000s ]
SQL: select * from items [ RunTime:0.0600s ]
SQL: select * from items order by apply_time desc limit 0,10 [ RunTime:0.0590s ]
INFO: [ app_end ] --START--
INFO: Run Behavior\ShowPageTraceBehavior [ RunTime:0.001000s ]
INFO: [ app_end ] --END-- [ RunTime:0.001000s ]

[ 2017-04-29T16:54:01+08:00 ] ::1 /PersonalGarden/index.php/Home/User/query_user/token/ddb1c8af7b5ae5cb852f580d0c04dac3?_=1493456041251
INFO: [ app_init ] --START--
INFO: Run Behavior\BuildLiteBehavior [ RunTime:0.000000s ]
INFO: [ app_init ] --END-- [ RunTime:0.001000s ]
INFO: [ app_begin ] --START--
INFO: Run Behavior\ReadHtmlCacheBehavior [ RunTime:0.001000s ]
INFO: [ app_begin ] --END-- [ RunTime:0.001000s ]
SQL: select * from userinfor [ RunTime:0.0560s ]
SQL: select * from userinfor order by login_time desc limit 0,10 [ RunTime:0.0570s ]
INFO: [ app_end ] --START--
INFO: Run Behavior\ShowPageTraceBehavior [ RunTime:0.001000s ]
INFO: [ app_end ] --END-- [ RunTime:0.001000s ]

