[ 2017-05-05T16:36:02+08:00 ] ::1 /PersonalGarden/index.php/Home/Login/login/token/8cbfacea76e34f6bf956afb40fc8e384
INFO: [ app_init ] --START--
INFO: Run Behavior\BuildLiteBehavior [ RunTime:0.000000s ]
INFO: [ app_init ] --END-- [ RunTime:0.155002s ]
INFO: [ app_begin ] --START--
INFO: Run Behavior\ReadHtmlCacheBehavior [ RunTime:0.055001s ]
INFO: [ app_begin ] --END-- [ RunTime:0.055001s ]
NOTIC: [8] A session had already been started - ignoring session_start() E:\xampp\htdocs\PersonalGarden\Application\Home\Controller\LoginController.class.php 第 8 行.
SQL: select * from userinfor where token='8cbfacea76e34f6bf956afb40fc8e384' [ RunTime:0.0625s ]

[ 2017-05-05T16:36:41+08:00 ] ::1 /PersonalGarden/index.php/Home/Login/login/token/8cbfacea76e34f6bf956afb40fc8e384
INFO: [ app_init ] --START--
INFO: Run Behavior\BuildLiteBehavior [ RunTime:0.000000s ]
INFO: [ app_init ] --END-- [ RunTime:0.001000s ]
INFO: [ app_begin ] --START--
INFO: Run Behavior\ReadHtmlCacheBehavior [ RunTime:0.001000s ]
INFO: [ app_begin ] --END-- [ RunTime:0.002000s ]
NOTIC: [8] A session had already been started - ignoring session_start() E:\xampp\htdocs\PersonalGarden\Application\Home\Controller\LoginController.class.php 第 8 行.
SQL: select * from userinfor where token='8cbfacea76e34f6bf956afb40fc8e384' [ RunTime:0.0560s ]

[ 2017-05-05T16:37:09+08:00 ] ::1 /PersonalGarden/index.php/Home/Login/login/token/8cbfacea76e34f6bf956afb40fc8e384
INFO: [ app_init ] --START--
INFO: Run Behavior\BuildLiteBehavior [ RunTime:0.000000s ]
INFO: [ app_init ] --END-- [ RunTime:0.001000s ]
INFO: [ app_begin ] --START--
INFO: Run Behavior\ReadHtmlCacheBehavior [ RunTime:0.001000s ]
INFO: [ app_begin ] --END-- [ RunTime:0.001000s ]
NOTIC: [8] A session had already been started - ignoring session_start() E:\xampp\htdocs\PersonalGarden\Application\Home\Controller\LoginController.class.php 第 8 行.
SQL: select * from userinfor where token='8cbfacea76e34f6bf956afb40fc8e384' [ RunTime:0.0624s ]

[ 2017-05-05T16:42:22+08:00 ] ::1 /PersonalGarden/index.php/Home/Login/login/token/8cbfacea76e34f6bf956afb40fc8e384
INFO: [ app_init ] --START--
INFO: Run Behavior\BuildLiteBehavior [ RunTime:0.001000s ]
INFO: [ app_init ] --END-- [ RunTime:0.001000s ]
INFO: [ app_begin ] --START--
INFO: Run Behavior\ReadHtmlCacheBehavior [ RunTime:0.002000s ]
INFO: [ app_begin ] --END-- [ RunTime:0.002000s ]
NOTIC: [8] A session had already been started - ignoring session_start() E:\xampp\htdocs\PersonalGarden\Application\Home\Controller\LoginController.class.php 第 8 行.
SQL: select * from userinfor where token='8cbfacea76e34f6bf956afb40fc8e384' [ RunTime:0.0468s ]

[ 2017-05-05T16:42:25+08:00 ] ::1 /PersonalGarden/index.php/Home/Apply/transfer/token/8cbfacea76e34f6bf956afb40fc8e384
INFO: [ app_init ] --START--
INFO: Run Behavior\BuildLiteBehavior [ RunTime:0.000000s ]
INFO: [ app_init ] --END-- [ RunTime:0.000000s ]
INFO: [ app_begin ] --START--
INFO: Run Behavior\ReadHtmlCacheBehavior [ RunTime:0.001000s ]
INFO: [ app_begin ] --END-- [ RunTime:0.001000s ]
SQL: select * from soil where soil_status=1 and rent_to_who='8cbfacea76e34f6bf956afb40fc8e384' [ RunTime:0.0550s ]

[ 2017-05-05T16:43:38+08:00 ] ::1 /PersonalGarden/index.php/Home/Login/login/token/8cbfacea76e34f6bf956afb40fc8e384
INFO: [ app_init ] --START--
INFO: Run Behavior\BuildLiteBehavior [ RunTime:0.001000s ]
INFO: [ app_init ] --END-- [ RunTime:0.001000s ]
INFO: [ app_begin ] --START--
INFO: Run Behavior\ReadHtmlCacheBehavior [ RunTime:0.001000s ]
INFO: [ app_begin ] --END-- [ RunTime:0.001000s ]
NOTIC: [8] A session had already been started - ignoring session_start() E:\xampp\htdocs\PersonalGarden\Application\Home\Controller\LoginController.class.php 第 8 行.
SQL: select * from userinfor where token='8cbfacea76e34f6bf956afb40fc8e384' [ RunTime:0.0468s ]

[ 2017-05-05T16:48:55+08:00 ] ::1 /PersonalGarden/index.php/Home/Login/login/token/8cbfacea76e34f6bf956afb40fc8e384
INFO: [ app_init ] --START--
INFO: Run Behavior\BuildLiteBehavior [ RunTime:0.000000s ]
INFO: [ app_init ] --END-- [ RunTime:0.001000s ]
INFO: [ app_begin ] --START--
INFO: Run Behavior\ReadHtmlCacheBehavior [ RunTime:0.002000s ]
INFO: [ app_begin ] --END-- [ RunTime:0.002000s ]
NOTIC: [8] A session had already been started - ignoring session_start() E:\xampp\htdocs\PersonalGarden\Application\Home\Controller\LoginController.class.php 第 8 行.
SQL: select * from userinfor where token='8cbfacea76e34f6bf956afb40fc8e384' [ RunTime:0.0560s ]

[ 2017-05-05T16:49:22+08:00 ] ::1 /PersonalGarden/index.php/Home/Login/login/token/8cbfacea76e34f6bf956afb40fc8e384
INFO: [ app_init ] --START--
INFO: Run Behavior\BuildLiteBehavior [ RunTime:0.000000s ]
INFO: [ app_init ] --END-- [ RunTime:0.001000s ]
INFO: [ app_begin ] --START--
INFO: Run Behavior\ReadHtmlCacheBehavior [ RunTime:0.002000s ]
INFO: [ app_begin ] --END-- [ RunTime:0.002000s ]
NOTIC: [8] A session had already been started - ignoring session_start() E:\xampp\htdocs\PersonalGarden\Application\Home\Controller\LoginController.class.php 第 8 行.
SQL: select * from userinfor where token='8cbfacea76e34f6bf956afb40fc8e384' [ RunTime:0.0581s ]

[ 2017-05-05T16:49:24+08:00 ] ::1 /PersonalGarden/index.php/Home/Apply/transfer/token/8cbfacea76e34f6bf956afb40fc8e384
INFO: [ app_init ] --START--
INFO: Run Behavior\BuildLiteBehavior [ RunTime:0.000000s ]
INFO: [ app_init ] --END-- [ RunTime:0.002000s ]
INFO: [ app_begin ] --START--
INFO: Run Behavior\ReadHtmlCacheBehavior [ RunTime:0.001000s ]
INFO: [ app_begin ] --END-- [ RunTime:0.001000s ]
SQL: select * from soil where soil_status=1 and rent_to_who='8cbfacea76e34f6bf956afb40fc8e384' [ RunTime:0.0550s ]

[ 2017-05-05T16:49:27+08:00 ] ::1 /PersonalGarden/index.php/Home/Login/login/token/8cbfacea76e34f6bf956afb40fc8e384
INFO: [ app_init ] --START--
INFO: Run Behavior\BuildLiteBehavior [ RunTime:0.000000s ]
INFO: [ app_init ] --END-- [ RunTime:0.001001s ]
INFO: [ app_begin ] --START--
INFO: Run Behavior\ReadHtmlCacheBehavior [ RunTime:0.002000s ]
INFO: [ app_begin ] --END-- [ RunTime:0.002000s ]
NOTIC: [8] A session had already been started - ignoring session_start() E:\xampp\htdocs\PersonalGarden\Application\Home\Controller\LoginController.class.php 第 8 行.
SQL: select * from userinfor where token='8cbfacea76e34f6bf956afb40fc8e384' [ RunTime:0.0550s ]

[ 2017-05-05T16:50:05+08:00 ] ::1 /PersonalGarden/index.php/Home/Login/login/token/8cbfacea76e34f6bf956afb40fc8e384
INFO: [ app_init ] --START--
INFO: Run Behavior\BuildLiteBehavior [ RunTime:0.000000s ]
INFO: [ app_init ] --END-- [ RunTime:0.001000s ]
INFO: [ app_begin ] --START--
INFO: Run Behavior\ReadHtmlCacheBehavior [ RunTime:0.005000s ]
INFO: [ app_begin ] --END-- [ RunTime:0.005000s ]
NOTIC: [8] A session had already been started - ignoring session_start() E:\xampp\htdocs\PersonalGarden\Application\Home\Controller\LoginController.class.php 第 8 行.
SQL: select * from userinfor where token='8cbfacea76e34f6bf956afb40fc8e384' [ RunTime:0.0600s ]

[ 2017-05-05T16:50:11+08:00 ] ::1 /PersonalGarden/index.php/Home/Login/login/token/8cbfacea76e34f6bf956afb40fc8e384
INFO: [ app_init ] --START--
INFO: Run Behavior\BuildLiteBehavior [ RunTime:0.000000s ]
INFO: [ app_init ] --END-- [ RunTime:0.037501s ]
INFO: [ app_begin ] --START--
INFO: Run Behavior\ReadHtmlCacheBehavior [ RunTime:0.002500s ]
INFO: [ app_begin ] --END-- [ RunTime:0.002500s ]
NOTIC: [8] A session had already been started - ignoring session_start() E:\xampp\htdocs\PersonalGarden\Application\Home\Controller\LoginController.class.php 第 8 行.
SQL: select * from userinfor where token='8cbfacea76e34f6bf956afb40fc8e384' [ RunTime:0.0550s ]

[ 2017-05-05T16:50:12+08:00 ] ::1 /PersonalGarden/index.php/Home/Farm/my_soil/token/8cbfacea76e34f6bf956afb40fc8e384
INFO: [ app_init ] --START--
INFO: Run Behavior\BuildLiteBehavior [ RunTime:0.000000s ]
INFO: [ app_init ] --END-- [ RunTime:0.002500s ]
INFO: [ app_begin ] --START--
INFO: Run Behavior\ReadHtmlCacheBehavior [ RunTime:0.002500s ]
INFO: [ app_begin ] --END-- [ RunTime:0.002500s ]
SQL: select * from soil where rent_to_who='8cbfacea76e34f6bf956afb40fc8e384' [ RunTime:0.0631s ]
SQL: select nickname,soil_nums from userinfor where token='8cbfacea76e34f6bf956afb40fc8e384' [ RunTime:0.0624s ]
SQL: select farm_name from farm where farm_id='002' [ RunTime:0.0624s ]
SQL: select farm_name from farm where farm_id='001' [ RunTime:0.0518s ]
SQL: select farm_name from farm where farm_id='003' [ RunTime:0.0624s ]

[ 2017-05-05T16:50:12+08:00 ] ::1 /PersonalGarden/index.php/Home/Farm/get_farm
INFO: [ app_init ] --START--
INFO: Run Behavior\BuildLiteBehavior [ RunTime:0.000000s ]
INFO: [ app_init ] --END-- [ RunTime:0.002501s ]
INFO: [ app_begin ] --START--
INFO: Run Behavior\ReadHtmlCacheBehavior [ RunTime:0.002500s ]
INFO: [ app_begin ] --END-- [ RunTime:0.002500s ]
SQL: select * from farm [ RunTime:0.0578s ]

[ 2017-05-05T16:50:50+08:00 ] ::1 /PersonalGarden/index.php/Home/Login/login/token/8cbfacea76e34f6bf956afb40fc8e384
INFO: [ app_init ] --START--
INFO: Run Behavior\BuildLiteBehavior [ RunTime:0.000000s ]
INFO: [ app_init ] --END-- [ RunTime:0.001000s ]
INFO: [ app_begin ] --START--
INFO: Run Behavior\ReadHtmlCacheBehavior [ RunTime:0.001000s ]
INFO: [ app_begin ] --END-- [ RunTime:0.002000s ]
NOTIC: [8] A session had already been started - ignoring session_start() E:\xampp\htdocs\PersonalGarden\Application\Home\Controller\LoginController.class.php 第 8 行.
SQL: select * from userinfor where token='8cbfacea76e34f6bf956afb40fc8e384' [ RunTime:0.0575s ]

[ 2017-05-05T16:50:51+08:00 ] ::1 /PersonalGarden/index.php/Home/Farm/get_farm
INFO: [ app_init ] --START--
INFO: Run Behavior\BuildLiteBehavior [ RunTime:0.000000s ]
INFO: [ app_init ] --END-- [ RunTime:0.001000s ]
INFO: [ app_begin ] --START--
INFO: Run Behavior\ReadHtmlCacheBehavior [ RunTime:0.002000s ]
INFO: [ app_begin ] --END-- [ RunTime:0.002000s ]
SQL: select * from farm [ RunTime:0.0580s ]

[ 2017-05-05T16:50:51+08:00 ] ::1 /PersonalGarden/index.php/Home/Farm/my_soil/token/8cbfacea76e34f6bf956afb40fc8e384
INFO: [ app_init ] --START--
INFO: Run Behavior\BuildLiteBehavior [ RunTime:0.000000s ]
INFO: [ app_init ] --END-- [ RunTime:0.001000s ]
INFO: [ app_begin ] --START--
INFO: Run Behavior\ReadHtmlCacheBehavior [ RunTime:0.002000s ]
INFO: [ app_begin ] --END-- [ RunTime:0.002000s ]
SQL: select * from soil where rent_to_who='8cbfacea76e34f6bf956afb40fc8e384' [ RunTime:0.0468s ]
SQL: select nickname,soil_nums from userinfor where token='8cbfacea76e34f6bf956afb40fc8e384' [ RunTime:0.0624s ]
SQL: select farm_name from farm where farm_id='002' [ RunTime:0.0468s ]
SQL: select farm_name from farm where farm_id='001' [ RunTime:0.0624s ]
SQL: select farm_name from farm where farm_id='003' [ RunTime:0.0624s ]

[ 2017-05-05T17:39:18+08:00 ] ::1 /PersonalGarden/index.php/Home/Farm/my_soil/token/8cbfacea76e34f6bf956afb40fc8e384
INFO: [ app_init ] --START--
INFO: Run Behavior\BuildLiteBehavior [ RunTime:0.000000s ]
INFO: [ app_init ] --END-- [ RunTime:0.001000s ]
INFO: [ app_begin ] --START--
INFO: Run Behavior\ReadHtmlCacheBehavior [ RunTime:0.016000s ]
INFO: [ app_begin ] --END-- [ RunTime:0.016000s ]
SQL: select * from soil where rent_to_who='8cbfacea76e34f6bf956afb40fc8e384' [ RunTime:0.6000s ]
SQL: select nickname,soil_nums from userinfor where token='8cbfacea76e34f6bf956afb40fc8e384' [ RunTime:0.0640s ]
SQL: select farm_name from farm where farm_id='002' [ RunTime:0.0630s ]
SQL: select farm_name from farm where farm_id='001' [ RunTime:0.0620s ]
SQL: select farm_name from farm where farm_id='003' [ RunTime:0.0630s ]

[ 2017-05-05T17:39:18+08:00 ] ::1 /PersonalGarden/index.php/Home/Login/login/token/8cbfacea76e34f6bf956afb40fc8e384
INFO: [ app_init ] --START--
INFO: Run Behavior\BuildLiteBehavior [ RunTime:0.000000s ]
INFO: [ app_init ] --END-- [ RunTime:0.001001s ]
INFO: [ app_begin ] --START--
INFO: Run Behavior\ReadHtmlCacheBehavior [ RunTime:0.115006s ]
INFO: [ app_begin ] --END-- [ RunTime:0.116006s ]
NOTIC: [8] A session had already been started - ignoring session_start() E:\xampp\htdocs\PersonalGarden\Application\Home\Controller\LoginController.class.php 第 8 行.
SQL: select * from userinfor where token='8cbfacea76e34f6bf956afb40fc8e384' [ RunTime:0.0620s ]

[ 2017-05-05T17:39:19+08:00 ] ::1 /PersonalGarden/index.php/Home/Farm/get_farm
INFO: [ app_init ] --START--
INFO: Run Behavior\BuildLiteBehavior [ RunTime:0.000000s ]
INFO: [ app_init ] --END-- [ RunTime:0.001000s ]
INFO: [ app_begin ] --START--
INFO: Run Behavior\ReadHtmlCacheBehavior [ RunTime:0.043002s ]
INFO: [ app_begin ] --END-- [ RunTime:0.043002s ]
SQL: select * from farm [ RunTime:0.0650s ]

[ 2017-05-05T17:39:19+08:00 ] ::1 /PersonalGarden/index.php/Home/Login/login/token/8cbfacea76e34f6bf956afb40fc8e384
INFO: [ app_init ] --START--
INFO: Run Behavior\BuildLiteBehavior [ RunTime:0.000000s ]
INFO: [ app_init ] --END-- [ RunTime:0.001000s ]
INFO: [ app_begin ] --START--
INFO: Run Behavior\ReadHtmlCacheBehavior [ RunTime:0.002000s ]
INFO: [ app_begin ] --END-- [ RunTime:0.002000s ]
NOTIC: [8] A session had already been started - ignoring session_start() E:\xampp\htdocs\PersonalGarden\Application\Home\Controller\LoginController.class.php 第 8 行.
SQL: select * from userinfor where token='8cbfacea76e34f6bf956afb40fc8e384' [ RunTime:0.0612s ]

[ 2017-05-05T17:39:20+08:00 ] ::1 /PersonalGarden/index.php/Home/Farm/get_farm
INFO: [ app_init ] --START--
INFO: Run Behavior\BuildLiteBehavior [ RunTime:0.000000s ]
INFO: [ app_init ] --END-- [ RunTime:0.001000s ]
INFO: [ app_begin ] --START--
INFO: Run Behavior\ReadHtmlCacheBehavior [ RunTime:0.003000s ]
INFO: [ app_begin ] --END-- [ RunTime:0.003000s ]
SQL: select * from farm [ RunTime:0.0660s ]

[ 2017-05-05T17:39:20+08:00 ] ::1 /PersonalGarden/index.php/Home/Farm/my_soil/token/8cbfacea76e34f6bf956afb40fc8e384
INFO: [ app_init ] --START--
INFO: Run Behavior\BuildLiteBehavior [ RunTime:0.000000s ]
INFO: [ app_init ] --END-- [ RunTime:0.001000s ]
INFO: [ app_begin ] --START--
INFO: Run Behavior\ReadHtmlCacheBehavior [ RunTime:0.001000s ]
INFO: [ app_begin ] --END-- [ RunTime:0.002000s ]
SQL: select * from soil where rent_to_who='8cbfacea76e34f6bf956afb40fc8e384' [ RunTime:0.0540s ]
SQL: select nickname,soil_nums from userinfor where token='8cbfacea76e34f6bf956afb40fc8e384' [ RunTime:0.0530s ]
SQL: select farm_name from farm where farm_id='002' [ RunTime:0.0530s ]
SQL: select farm_name from farm where farm_id='001' [ RunTime:0.0530s ]
SQL: select farm_name from farm where farm_id='003' [ RunTime:0.0520s ]

[ 2017-05-05T17:39:43+08:00 ] ::1 /PersonalGarden/index.php/Home/Farm/get_farm
INFO: [ app_init ] --START--
INFO: Run Behavior\BuildLiteBehavior [ RunTime:0.000000s ]
INFO: [ app_init ] --END-- [ RunTime:0.001000s ]
INFO: [ app_begin ] --START--
INFO: Run Behavior\ReadHtmlCacheBehavior [ RunTime:0.002000s ]
INFO: [ app_begin ] --END-- [ RunTime:0.002000s ]
SQL: select * from farm [ RunTime:0.0570s ]

[ 2017-05-05T17:39:44+08:00 ] ::1 /PersonalGarden/index.php/Home/Login/login/token/8cbfacea76e34f6bf956afb40fc8e384
INFO: [ app_init ] --START--
INFO: Run Behavior\BuildLiteBehavior [ RunTime:0.000000s ]
INFO: [ app_init ] --END-- [ RunTime:0.001000s ]
INFO: [ app_begin ] --START--
INFO: Run Behavior\ReadHtmlCacheBehavior [ RunTime:0.003001s ]
INFO: [ app_begin ] --END-- [ RunTime:0.003001s ]
NOTIC: [8] A session had already been started - ignoring session_start() E:\xampp\htdocs\PersonalGarden\Application\Home\Controller\LoginController.class.php 第 8 行.
SQL: select * from userinfor where token='8cbfacea76e34f6bf956afb40fc8e384' [ RunTime:0.0610s ]

[ 2017-05-05T17:39:44+08:00 ] ::1 /PersonalGarden/index.php/Home/Farm/my_soil/token/8cbfacea76e34f6bf956afb40fc8e384
INFO: [ app_init ] --START--
INFO: Run Behavior\BuildLiteBehavior [ RunTime:0.000000s ]
INFO: [ app_init ] --END-- [ RunTime:0.002000s ]
INFO: [ app_begin ] --START--
INFO: Run Behavior\ReadHtmlCacheBehavior [ RunTime:0.001000s ]
INFO: [ app_begin ] --END-- [ RunTime:0.001000s ]
SQL: select * from soil where rent_to_who='8cbfacea76e34f6bf956afb40fc8e384' [ RunTime:0.0640s ]
SQL: select nickname,soil_nums from userinfor where token='8cbfacea76e34f6bf956afb40fc8e384' [ RunTime:0.0558s ]
SQL: select farm_name from farm where farm_id='002' [ RunTime:0.0624s ]
SQL: select farm_name from farm where farm_id='001' [ RunTime:0.0624s ]
SQL: select farm_name from farm where farm_id='003' [ RunTime:0.0624s ]

[ 2017-05-05T17:39:48+08:00 ] ::1 /PersonalGarden/index.php/Home/Login/login/token/8cbfacea76e34f6bf956afb40fc8e384
INFO: [ app_init ] --START--
INFO: Run Behavior\BuildLiteBehavior [ RunTime:0.000000s ]
INFO: [ app_init ] --END-- [ RunTime:0.001000s ]
INFO: [ app_begin ] --START--
INFO: Run Behavior\ReadHtmlCacheBehavior [ RunTime:0.001000s ]
INFO: [ app_begin ] --END-- [ RunTime:0.002000s ]
NOTIC: [8] A session had already been started - ignoring session_start() E:\xampp\htdocs\PersonalGarden\Application\Home\Controller\LoginController.class.php 第 8 行.
SQL: select * from userinfor where token='8cbfacea76e34f6bf956afb40fc8e384' [ RunTime:0.0620s ]

[ 2017-05-05T17:39:57+08:00 ] ::1 /PersonalGarden/index.php/Home/Login/login/token/8cbfacea76e34f6bf956afb40fc8e384
INFO: [ app_init ] --START--
INFO: Run Behavior\BuildLiteBehavior [ RunTime:0.000000s ]
INFO: [ app_init ] --END-- [ RunTime:0.001000s ]
INFO: [ app_begin ] --START--
INFO: Run Behavior\ReadHtmlCacheBehavior [ RunTime:0.001000s ]
INFO: [ app_begin ] --END-- [ RunTime:0.001000s ]
NOTIC: [8] A session had already been started - ignoring session_start() E:\xampp\htdocs\PersonalGarden\Application\Home\Controller\LoginController.class.php 第 8 行.
SQL: select * from userinfor where token='8cbfacea76e34f6bf956afb40fc8e384' [ RunTime:0.0550s ]

[ 2017-05-05T17:39:57+08:00 ] ::1 /PersonalGarden/index.php/Home/Login/login/token/8cbfacea76e34f6bf956afb40fc8e384
INFO: [ app_init ] --START--
INFO: Run Behavior\BuildLiteBehavior [ RunTime:0.000000s ]
INFO: [ app_init ] --END-- [ RunTime:0.000000s ]
INFO: [ app_begin ] --START--
INFO: Run Behavior\ReadHtmlCacheBehavior [ RunTime:0.001000s ]
INFO: [ app_begin ] --END-- [ RunTime:0.001000s ]
NOTIC: [8] A session had already been started - ignoring session_start() E:\xampp\htdocs\PersonalGarden\Application\Home\Controller\LoginController.class.php 第 8 行.
SQL: select * from userinfor where token='8cbfacea76e34f6bf956afb40fc8e384' [ RunTime:0.0610s ]

[ 2017-05-05T17:40:04+08:00 ] ::1 /PersonalGarden/index.php/Home/Login/login/token/8cbfacea76e34f6bf956afb40fc8e384
INFO: [ app_init ] --START--
INFO: Run Behavior\BuildLiteBehavior [ RunTime:0.000000s ]
INFO: [ app_init ] --END-- [ RunTime:0.001000s ]
INFO: [ app_begin ] --START--
INFO: Run Behavior\ReadHtmlCacheBehavior [ RunTime:0.001000s ]
INFO: [ app_begin ] --END-- [ RunTime:0.001000s ]
NOTIC: [8] A session had already been started - ignoring session_start() E:\xampp\htdocs\PersonalGarden\Application\Home\Controller\LoginController.class.php 第 8 行.
SQL: select * from userinfor where token='8cbfacea76e34f6bf956afb40fc8e384' [ RunTime:0.0620s ]

[ 2017-05-05T17:40:08+08:00 ] ::1 /PersonalGarden/index.php/Home/Farm/get_farm
INFO: [ app_init ] --START--
INFO: Run Behavior\BuildLiteBehavior [ RunTime:0.000000s ]
INFO: [ app_init ] --END-- [ RunTime:0.001000s ]
INFO: [ app_begin ] --START--
INFO: Run Behavior\ReadHtmlCacheBehavior [ RunTime:0.002000s ]
INFO: [ app_begin ] --END-- [ RunTime:0.002000s ]
SQL: select * from farm [ RunTime:0.0662s ]

[ 2017-05-05T17:40:09+08:00 ] ::1 /PersonalGarden/index.php/Home/Farm/my_soil/token/8cbfacea76e34f6bf956afb40fc8e384
INFO: [ app_init ] --START--
INFO: Run Behavior\BuildLiteBehavior [ RunTime:0.000000s ]
INFO: [ app_init ] --END-- [ RunTime:0.001000s ]
INFO: [ app_begin ] --START--
INFO: Run Behavior\ReadHtmlCacheBehavior [ RunTime:0.002000s ]
INFO: [ app_begin ] --END-- [ RunTime:0.002000s ]
SQL: select * from soil where rent_to_who='8cbfacea76e34f6bf956afb40fc8e384' [ RunTime:0.0624s ]
SQL: select nickname,soil_nums from userinfor where token='8cbfacea76e34f6bf956afb40fc8e384' [ RunTime:0.0624s ]
SQL: select farm_name from farm where farm_id='002' [ RunTime:0.0634s ]
SQL: select farm_name from farm where farm_id='001' [ RunTime:0.0624s ]
SQL: select farm_name from farm where farm_id='003' [ RunTime:0.0624s ]

[ 2017-05-05T17:40:09+08:00 ] ::1 /PersonalGarden/index.php/Home/Login/login/token/8cbfacea76e34f6bf956afb40fc8e384
INFO: [ app_init ] --START--
INFO: Run Behavior\BuildLiteBehavior [ RunTime:0.000000s ]
INFO: [ app_init ] --END-- [ RunTime:0.000000s ]
INFO: [ app_begin ] --START--
INFO: Run Behavior\ReadHtmlCacheBehavior [ RunTime:0.001000s ]
INFO: [ app_begin ] --END-- [ RunTime:0.001000s ]
NOTIC: [8] A session had already been started - ignoring session_start() E:\xampp\htdocs\PersonalGarden\Application\Home\Controller\LoginController.class.php 第 8 行.
SQL: select * from userinfor where token='8cbfacea76e34f6bf956afb40fc8e384' [ RunTime:0.0496s ]

[ 2017-05-05T17:50:46+08:00 ] ::1 /PersonalGarden/index.php/Home/Apply/transfer/token/8cbfacea76e34f6bf956afb40fc8e384
INFO: [ app_init ] --START--
INFO: Run Behavior\BuildLiteBehavior [ RunTime:0.001000s ]
INFO: [ app_init ] --END-- [ RunTime:0.001000s ]
INFO: [ app_begin ] --START--
INFO: Run Behavior\ReadHtmlCacheBehavior [ RunTime:0.001000s ]
INFO: [ app_begin ] --END-- [ RunTime:0.003000s ]
SQL: select * from soil where soil_status=1 and rent_to_who='8cbfacea76e34f6bf956afb40fc8e384' [ RunTime:0.0620s ]

[ 2017-05-05T17:57:14+08:00 ] ::1 /PersonalGarden/index.php/Home/Login/login/token/8cbfacea76e34f6bf956afb40fc8e384
INFO: [ app_init ] --START--
INFO: Run Behavior\BuildLiteBehavior [ RunTime:0.000000s ]
INFO: [ app_init ] --END-- [ RunTime:0.001000s ]
INFO: [ app_begin ] --START--
INFO: Run Behavior\ReadHtmlCacheBehavior [ RunTime:0.002000s ]
INFO: [ app_begin ] --END-- [ RunTime:0.002000s ]
NOTIC: [8] A session had already been started - ignoring session_start() E:\xampp\htdocs\PersonalGarden\Application\Home\Controller\LoginController.class.php 第 8 行.
SQL: select * from userinfor where token='8cbfacea76e34f6bf956afb40fc8e384' [ RunTime:0.0550s ]

[ 2017-05-05T17:57:43+08:00 ] ::1 /PersonalGarden/index.php/Home/Login/login/token/8cbfacea76e34f6bf956afb40fc8e384
INFO: [ app_init ] --START--
INFO: Run Behavior\BuildLiteBehavior [ RunTime:0.000000s ]
INFO: [ app_init ] --END-- [ RunTime:0.000000s ]
INFO: [ app_begin ] --START--
INFO: Run Behavior\ReadHtmlCacheBehavior [ RunTime:0.001000s ]
INFO: [ app_begin ] --END-- [ RunTime:0.001000s ]
NOTIC: [8] A session had already been started - ignoring session_start() E:\xampp\htdocs\PersonalGarden\Application\Home\Controller\LoginController.class.php 第 8 行.
SQL: select * from userinfor where token='8cbfacea76e34f6bf956afb40fc8e384' [ RunTime:0.0610s ]

[ 2017-05-05T18:47:09+08:00 ] ::1 /PersonalGarden/index.php/Home/Qiniu/add
INFO: [ app_init ] --START--
INFO: Run Behavior\BuildLiteBehavior [ RunTime:0.000000s ]
INFO: [ app_init ] --END-- [ RunTime:0.001000s ]
INFO: [ app_begin ] --START--
INFO: Run Behavior\ReadHtmlCacheBehavior [ RunTime:0.002000s ]
INFO: [ app_begin ] --END-- [ RunTime:0.002000s ]
INFO: [ view_parse ] --START--
INFO: [ template_filter ] --START--
INFO: Run Behavior\ContentReplaceBehavior [ RunTime:0.023001s ]
INFO: [ template_filter ] --END-- [ RunTime:0.023001s ]
INFO: Run Behavior\ParseTemplateBehavior [ RunTime:0.266015s ]
INFO: [ view_parse ] --END-- [ RunTime:0.266015s ]
INFO: [ view_filter ] --START--
INFO: Run Behavior\WriteHtmlCacheBehavior [ RunTime:0.025002s ]
INFO: [ view_filter ] --END-- [ RunTime:0.025002s ]
INFO: [ app_end ] --START--
INFO: Run Behavior\ShowPageTraceBehavior [ RunTime:0.002000s ]
INFO: [ app_end ] --END-- [ RunTime:0.002000s ]

[ 2017-05-05T18:47:30+08:00 ] ::1 /PersonalGarden/index.php/Home/Soil/transfer_soil/8cbfacea76e34f6bf956afb40fc8e384
INFO: [ app_init ] --START--
INFO: Run Behavior\BuildLiteBehavior [ RunTime:0.000000s ]
INFO: [ app_init ] --END-- [ RunTime:0.002000s ]
INFO: [ app_begin ] --START--
INFO: Run Behavior\ReadHtmlCacheBehavior [ RunTime:0.002000s ]
INFO: [ app_begin ] --END-- [ RunTime:0.002000s ]
ERR: 参数错误或者未定义:token

[ 2017-05-05T18:47:38+08:00 ] ::1 /PersonalGarden/index.php/Home/Soil/transfer_soil/token/8cbfacea76e34f6bf956afb40fc8e384
INFO: [ app_init ] --START--
INFO: Run Behavior\BuildLiteBehavior [ RunTime:0.000000s ]
INFO: [ app_init ] --END-- [ RunTime:0.001000s ]
INFO: [ app_begin ] --START--
INFO: Run Behavior\ReadHtmlCacheBehavior [ RunTime:0.001000s ]
INFO: [ app_begin ] --END-- [ RunTime:0.001000s ]
ERR: 参数错误或者未定义:sid

[ 2017-05-05T18:47:48+08:00 ] ::1 /PersonalGarden/index.php/Home/Soil/transfer_soil/token/8cbfacea76e34f6bf956afb40fc8e384
INFO: [ app_init ] --START--
INFO: Run Behavior\BuildLiteBehavior [ RunTime:0.000000s ]
INFO: [ app_init ] --END-- [ RunTime:0.001001s ]
INFO: [ app_begin ] --START--
INFO: Run Behavior\ReadHtmlCacheBehavior [ RunTime:0.000000s ]
INFO: [ app_begin ] --END-- [ RunTime:0.000000s ]
SQL: select * from userinfor where token='8cbfacea76e34f6bf956afb40fc8e384' [ RunTime:0.0910s ]
INFO: [ app_end ] --START--
INFO: Run Behavior\ShowPageTraceBehavior [ RunTime:0.001000s ]
INFO: [ app_end ] --END-- [ RunTime:0.002000s ]

[ 2017-05-05T18:47:51+08:00 ] ::1 /PersonalGarden/index.php/Home/Soil/transfer_soil/token/8cbfacea76e34f6bf956afb40fc8e384
INFO: [ app_init ] --START--
INFO: Run Behavior\BuildLiteBehavior [ RunTime:0.000000s ]
INFO: [ app_init ] --END-- [ RunTime:0.000000s ]
INFO: [ app_begin ] --START--
INFO: Run Behavior\ReadHtmlCacheBehavior [ RunTime:0.001000s ]
INFO: [ app_begin ] --END-- [ RunTime:0.001000s ]
SQL: select * from userinfor where token='8cbfacea76e34f6bf956afb40fc8e384' [ RunTime:0.0550s ]
INFO: [ app_end ] --START--
INFO: Run Behavior\ShowPageTraceBehavior [ RunTime:0.001000s ]
INFO: [ app_end ] --END-- [ RunTime:0.001000s ]

[ 2017-05-05T18:48:08+08:00 ] ::1 /PersonalGarden/index.php/Home/Soil/transfer_soil/token/8cbfacea76e34f6bf956afb40fc8e384
INFO: [ app_init ] --START--
INFO: Run Behavior\BuildLiteBehavior [ RunTime:0.000000s ]
INFO: [ app_init ] --END-- [ RunTime:0.001000s ]
INFO: [ app_begin ] --START--
INFO: Run Behavior\ReadHtmlCacheBehavior [ RunTime:0.002000s ]
INFO: [ app_begin ] --END-- [ RunTime:0.002000s ]
SQL: select * from userinfor where token='8cbfacea76e34f6bf956afb40fc8e384' [ RunTime:0.0620s ]
INFO: [ app_end ] --START--
INFO: Run Behavior\ShowPageTraceBehavior [ RunTime:0.002000s ]
INFO: [ app_end ] --END-- [ RunTime:0.002000s ]

[ 2017-05-05T19:07:14+08:00 ] ::1 /PersonalGarden/index.php/Home/Soil/transfer_soil/token/8cbfacea76e34f6bf956afb40fc8e384
INFO: [ app_init ] --START--
INFO: Run Behavior\BuildLiteBehavior [ RunTime:0.000000s ]
INFO: [ app_init ] --END-- [ RunTime:0.000000s ]
INFO: [ app_begin ] --START--
INFO: Run Behavior\ReadHtmlCacheBehavior [ RunTime:0.001001s ]
INFO: [ app_begin ] --END-- [ RunTime:0.002001s ]
SQL: select * from userinfor where token='8cbfacea76e34f6bf956afb40fc8e384' [ RunTime:0.0650s ]
SQL: select * from soil where sid='sid' [ RunTime:0.0650s ]
NOTIC: [8] Undefined offset: 0 E:\xampp\htdocs\PersonalGarden\Application\Home\Controller\SoilController.class.php 第 181 行.
NOTIC: [8] Undefined offset: 0 E:\xampp\htdocs\PersonalGarden\Application\Home\Controller\SoilController.class.php 第 182 行.
NOTIC: [8] Undefined offset: 0 E:\xampp\htdocs\PersonalGarden\Application\Home\Controller\SoilController.class.php 第 183 行.
INFO: [ app_end ] --START--
INFO: Run Behavior\ShowPageTraceBehavior [ RunTime:0.004001s ]
INFO: [ app_end ] --END-- [ RunTime:0.004001s ]

[ 2017-05-05T19:08:02+08:00 ] ::1 /PersonalGarden/index.php/Home/Soil/transfer_soil/token/8cbfacea76e34f6bf956afb40fc8e384/sid/1
INFO: [ app_init ] --START--
INFO: Run Behavior\BuildLiteBehavior [ RunTime:0.000000s ]
INFO: [ app_init ] --END-- [ RunTime:0.001000s ]
INFO: [ app_begin ] --START--
INFO: Run Behavior\ReadHtmlCacheBehavior [ RunTime:0.001000s ]
INFO: [ app_begin ] --END-- [ RunTime:0.001000s ]
SQL: select * from userinfor where token='8cbfacea76e34f6bf956afb40fc8e384' [ RunTime:0.0610s ]
SQL: select * from soil where sid='sid' [ RunTime:0.0630s ]
NOTIC: [8] Undefined offset: 0 E:\xampp\htdocs\PersonalGarden\Application\Home\Controller\SoilController.class.php 第 181 行.
NOTIC: [8] Undefined offset: 0 E:\xampp\htdocs\PersonalGarden\Application\Home\Controller\SoilController.class.php 第 182 行.
NOTIC: [8] Undefined offset: 0 E:\xampp\htdocs\PersonalGarden\Application\Home\Controller\SoilController.class.php 第 183 行.
INFO: [ app_end ] --START--
INFO: Run Behavior\ShowPageTraceBehavior [ RunTime:0.003000s ]
INFO: [ app_end ] --END-- [ RunTime:0.003000s ]

[ 2017-05-05T19:08:37+08:00 ] ::1 /PersonalGarden/index.php/Home/Soil/transfer_soil/token/8cbfacea76e34f6bf956afb40fc8e384/sid/1
INFO: [ app_init ] --START--
INFO: Run Behavior\BuildLiteBehavior [ RunTime:0.000000s ]
INFO: [ app_init ] --END-- [ RunTime:0.001001s ]
INFO: [ app_begin ] --START--
INFO: Run Behavior\ReadHtmlCacheBehavior [ RunTime:0.001000s ]
INFO: [ app_begin ] --END-- [ RunTime:0.002000s ]
SQL: select * from userinfor where token='8cbfacea76e34f6bf956afb40fc8e384' [ RunTime:0.0540s ]
SQL: select * from soil where sid='sid' [ RunTime:0.0550s ]
NOTIC: [8] Undefined offset: 0 E:\xampp\htdocs\PersonalGarden\Application\Home\Controller\SoilController.class.php 第 181 行.
NOTIC: [8] Undefined offset: 0 E:\xampp\htdocs\PersonalGarden\Application\Home\Controller\SoilController.class.php 第 183 行.
NOTIC: [8] Undefined offset: 0 E:\xampp\htdocs\PersonalGarden\Application\Home\Controller\SoilController.class.php 第 184 行.
INFO: [ app_end ] --START--
INFO: Run Behavior\ShowPageTraceBehavior [ RunTime:0.002000s ]
INFO: [ app_end ] --END-- [ RunTime:0.002000s ]

[ 2017-05-05T19:09:18+08:00 ] ::1 /PersonalGarden/index.php/Home/Soil/transfer_soil/token/8cbfacea76e34f6bf956afb40fc8e384/sid/1
INFO: [ app_init ] --START--
INFO: Run Behavior\BuildLiteBehavior [ RunTime:0.000000s ]
INFO: [ app_init ] --END-- [ RunTime:0.001000s ]
INFO: [ app_begin ] --START--
INFO: Run Behavior\ReadHtmlCacheBehavior [ RunTime:0.001000s ]
INFO: [ app_begin ] --END-- [ RunTime:0.002000s ]
SQL: select * from userinfor where token='8cbfacea76e34f6bf956afb40fc8e384' [ RunTime:0.0620s ]
SQL: select * from soil where sid='sid' [ RunTime:0.0600s ]
NOTIC: [8] Undefined offset: 0 E:\xampp\htdocs\PersonalGarden\Application\Home\Controller\SoilController.class.php 第 183 行.
NOTIC: [8] Undefined offset: 0 E:\xampp\htdocs\PersonalGarden\Application\Home\Controller\SoilController.class.php 第 184 行.
NOTIC: [8] Undefined offset: 0 E:\xampp\htdocs\PersonalGarden\Application\Home\Controller\SoilController.class.php 第 185 行.
INFO: [ app_end ] --START--
INFO: Run Behavior\ShowPageTraceBehavior [ RunTime:0.005000s ]
INFO: [ app_end ] --END-- [ RunTime:0.005000s ]

[ 2017-05-05T19:09:51+08:00 ] ::1 /PersonalGarden/index.php/Home/Soil/transfer_soil/token/8cbfacea76e34f6bf956afb40fc8e384/sid/1
INFO: [ app_init ] --START--
INFO: Run Behavior\BuildLiteBehavior [ RunTime:0.000000s ]
INFO: [ app_init ] --END-- [ RunTime:0.002001s ]
INFO: [ app_begin ] --START--
INFO: Run Behavior\ReadHtmlCacheBehavior [ RunTime:0.001000s ]
INFO: [ app_begin ] --END-- [ RunTime:0.001000s ]
SQL: select * from userinfor where token='8cbfacea76e34f6bf956afb40fc8e384' [ RunTime:0.0620s ]
SQL: select * from soil where sid=sid [ RunTime:0.0620s ]
INFO: [ app_end ] --START--
INFO: Run Behavior\ShowPageTraceBehavior [ RunTime:0.002000s ]
INFO: [ app_end ] --END-- [ RunTime:0.002000s ]

[ 2017-05-05T19:10:14+08:00 ] ::1 /PersonalGarden/index.php/Home/Soil/transfer_soil/token/8cbfacea76e34f6bf956afb40fc8e384/sid/1
INFO: [ app_init ] --START--
INFO: Run Behavior\BuildLiteBehavior [ RunTime:0.000000s ]
INFO: [ app_init ] --END-- [ RunTime:0.001000s ]
INFO: [ app_begin ] --START--
INFO: Run Behavior\ReadHtmlCacheBehavior [ RunTime:0.001000s ]
INFO: [ app_begin ] --END-- [ RunTime:0.001000s ]
SQL: select * from userinfor where token='8cbfacea76e34f6bf956afb40fc8e384' [ RunTime:0.0630s ]
SQL: select * from `soil` where sid='sid' [ RunTime:0.0630s ]
NOTIC: [8] Undefined offset: 0 E:\xampp\htdocs\PersonalGarden\Application\Home\Controller\SoilController.class.php 第 184 行.
NOTIC: [8] Undefined offset: 0 E:\xampp\htdocs\PersonalGarden\Application\Home\Controller\SoilController.class.php 第 185 行.
NOTIC: [8] Undefined offset: 0 E:\xampp\htdocs\PersonalGarden\Application\Home\Controller\SoilController.class.php 第 186 行.
INFO: [ app_end ] --START--
INFO: Run Behavior\ShowPageTraceBehavior [ RunTime:0.002000s ]
INFO: [ app_end ] --END-- [ RunTime:0.002000s ]

[ 2017-05-05T19:10:24+08:00 ] ::1 /PersonalGarden/index.php/Home/Soil/transfer_soil/token/8cbfacea76e34f6bf956afb40fc8e384/sid/1
INFO: [ app_init ] --START--
INFO: Run Behavior\BuildLiteBehavior [ RunTime:0.000000s ]
INFO: [ app_init ] --END-- [ RunTime:0.001000s ]
INFO: [ app_begin ] --START--
INFO: Run Behavior\ReadHtmlCacheBehavior [ RunTime:0.001000s ]
INFO: [ app_begin ] --END-- [ RunTime:0.001000s ]
SQL: select * from userinfor where token='8cbfacea76e34f6bf956afb40fc8e384' [ RunTime:0.0610s ]
SQL: select * from `soil` where sid='1' [ RunTime:0.0630s ]
INFO: [ app_end ] --START--
INFO: Run Behavior\ShowPageTraceBehavior [ RunTime:0.003000s ]
INFO: [ app_end ] --END-- [ RunTime:0.003000s ]

[ 2017-05-05T19:14:19+08:00 ] ::1 /PersonalGarden/index.php/Home/Login/login/token/8cbfacea76e34f6bf956afb40fc8e384
INFO: [ app_init ] --START--
INFO: Run Behavior\BuildLiteBehavior [ RunTime:0.000000s ]
INFO: [ app_init ] --END-- [ RunTime:0.001000s ]
INFO: [ app_begin ] --START--
INFO: Run Behavior\ReadHtmlCacheBehavior [ RunTime:0.002000s ]
INFO: [ app_begin ] --END-- [ RunTime:0.002000s ]
NOTIC: [8] A session had already been started - ignoring session_start() E:\xampp\htdocs\PersonalGarden\Application\Home\Controller\LoginController.class.php 第 8 行.
SQL: select * from userinfor where token='8cbfacea76e34f6bf956afb40fc8e384' [ RunTime:0.0550s ]

[ 2017-05-05T19:14:54+08:00 ] ::1 /PersonalGarden/index.php/Home/Soil/transfer_soil/token/8cbfacea76e34f6bf956afb40fc8e384/sid/1?_=1493982854662
INFO: [ app_init ] --START--
INFO: Run Behavior\BuildLiteBehavior [ RunTime:0.000000s ]
INFO: [ app_init ] --END-- [ RunTime:0.001000s ]
INFO: [ app_begin ] --START--
INFO: Run Behavior\ReadHtmlCacheBehavior [ RunTime:0.001000s ]
INFO: [ app_begin ] --END-- [ RunTime:0.001000s ]
SQL: select * from userinfor where token='8cbfacea76e34f6bf956afb40fc8e384' [ RunTime:0.0600s ]
SQL: select * from `soil` where sid='1' [ RunTime:0.0600s ]
ERR: 1054:Unknown column 'apply_tram_time' in 'field list'
 [ SQL语句 ] : insert into transfer(trans_out,nickname_out,sid,soil_id,soil_area,apply_tram_time) values ('18408243828','helloworld',1,'17001','3*2','2017-05-05 19:14:54')
ERR: 1054:Unknown column 'apply_tram_time' in 'field list'
 [ SQL语句 ] : insert into transfer(trans_out,nickname_out,sid,soil_id,soil_area,apply_tram_time) values ('18408243828','helloworld',1,'17001','3*2','2017-05-05 19:14:54')

[ 2017-05-05T19:15:45+08:00 ] ::1 /PersonalGarden/index.php/Home/Soil/transfer_soil/token/8cbfacea76e34f6bf956afb40fc8e384/sid/1?_=1493982854662
INFO: [ app_init ] --START--
INFO: Run Behavior\BuildLiteBehavior [ RunTime:0.000000s ]
INFO: [ app_init ] --END-- [ RunTime:0.001000s ]
INFO: [ app_begin ] --START--
INFO: Run Behavior\ReadHtmlCacheBehavior [ RunTime:0.001000s ]
INFO: [ app_begin ] --END-- [ RunTime:0.001000s ]
SQL: select * from userinfor where token='8cbfacea76e34f6bf956afb40fc8e384' [ RunTime:0.0570s ]
SQL: select * from `soil` where sid='1' [ RunTime:0.0550s ]
ERR: 1054:Unknown column 'apply_tram_time' in 'field list'
 [ SQL语句 ] : insert into transfer(trans_out,nickname_out,sid,soil_id,soil_area,apply_tram_time) values ('18408243828','helloworld',1,'17001','3*2','2017-05-05 19:15:45')
ERR: 1054:Unknown column 'apply_tram_time' in 'field list'
 [ SQL语句 ] : insert into transfer(trans_out,nickname_out,sid,soil_id,soil_area,apply_tram_time) values ('18408243828','helloworld',1,'17001','3*2','2017-05-05 19:15:45')

[ 2017-05-05T19:16:39+08:00 ] ::1 /PersonalGarden/index.php/Home/Login/login/token/8cbfacea76e34f6bf956afb40fc8e384
INFO: [ app_init ] --START--
INFO: Run Behavior\BuildLiteBehavior [ RunTime:0.000000s ]
INFO: [ app_init ] --END-- [ RunTime:0.001000s ]
INFO: [ app_begin ] --START--
INFO: Run Behavior\ReadHtmlCacheBehavior [ RunTime:0.001000s ]
INFO: [ app_begin ] --END-- [ RunTime:0.001000s ]
NOTIC: [8] A session had already been started - ignoring session_start() E:\xampp\htdocs\PersonalGarden\Application\Home\Controller\LoginController.class.php 第 8 行.
SQL: select * from userinfor where token='8cbfacea76e34f6bf956afb40fc8e384' [ RunTime:0.0590s ]

[ 2017-05-05T19:17:04+08:00 ] ::1 /PersonalGarden/index.php/Home/Soil/transfer_soil/token/8cbfacea76e34f6bf956afb40fc8e384/sid/1?_=1493982998090
INFO: [ app_init ] --START--
INFO: Run Behavior\BuildLiteBehavior [ RunTime:0.000000s ]
INFO: [ app_init ] --END-- [ RunTime:0.001000s ]
INFO: [ app_begin ] --START--
INFO: Run Behavior\ReadHtmlCacheBehavior [ RunTime:0.002000s ]
INFO: [ app_begin ] --END-- [ RunTime:0.002000s ]
SQL: select * from userinfor where token='8cbfacea76e34f6bf956afb40fc8e384' [ RunTime:0.0600s ]
SQL: select * from `soil` where sid='1' [ RunTime:0.0500s ]
SQL: insert into transfer(trans_out,nickname_out,sid,soil_id,soil_area,apply_trans_time) values ('18408243828','helloworld',1,'17001','3*2','2017-05-05 19:17:04') [ RunTime:0.0600s ]

[ 2017-05-05T19:18:02+08:00 ] ::1 /PersonalGarden/index.php/Home/Login/login/token/8cbfacea76e34f6bf956afb40fc8e384
INFO: [ app_init ] --START--
INFO: Run Behavior\BuildLiteBehavior [ RunTime:0.000000s ]
INFO: [ app_init ] --END-- [ RunTime:0.001000s ]
INFO: [ app_begin ] --START--
INFO: Run Behavior\ReadHtmlCacheBehavior [ RunTime:0.001000s ]
INFO: [ app_begin ] --END-- [ RunTime:0.001000s ]
NOTIC: [8] A session had already been started - ignoring session_start() E:\xampp\htdocs\PersonalGarden\Application\Home\Controller\LoginController.class.php 第 8 行.
SQL: select * from userinfor where token='8cbfacea76e34f6bf956afb40fc8e384' [ RunTime:0.0650s ]

[ 2017-05-05T19:18:27+08:00 ] ::1 /PersonalGarden/index.php/Home/Login/login/token/8cbfacea76e34f6bf956afb40fc8e384
INFO: [ app_init ] --START--
INFO: Run Behavior\BuildLiteBehavior [ RunTime:0.000000s ]
INFO: [ app_init ] --END-- [ RunTime:0.001000s ]
INFO: [ app_begin ] --START--
INFO: Run Behavior\ReadHtmlCacheBehavior [ RunTime:0.000000s ]
INFO: [ app_begin ] --END-- [ RunTime:0.000000s ]
NOTIC: [8] A session had already been started - ignoring session_start() E:\xampp\htdocs\PersonalGarden\Application\Home\Controller\LoginController.class.php 第 8 行.
SQL: select * from userinfor where token='8cbfacea76e34f6bf956afb40fc8e384' [ RunTime:0.0580s ]

[ 2017-05-05T19:22:25+08:00 ] ::1 /PersonalGarden/index.php/Home/Login/login/token/8cbfacea76e34f6bf956afb40fc8e384
INFO: [ app_init ] --START--
INFO: Run Behavior\BuildLiteBehavior [ RunTime:0.000000s ]
INFO: [ app_init ] --END-- [ RunTime:0.001000s ]
INFO: [ app_begin ] --START--
INFO: Run Behavior\ReadHtmlCacheBehavior [ RunTime:0.003000s ]
INFO: [ app_begin ] --END-- [ RunTime:0.003000s ]
NOTIC: [8] A session had already been started - ignoring session_start() E:\xampp\htdocs\PersonalGarden\Application\Home\Controller\LoginController.class.php 第 8 行.
SQL: select * from userinfor where token='8cbfacea76e34f6bf956afb40fc8e384' [ RunTime:0.0550s ]

[ 2017-05-05T19:22:25+08:00 ] ::1 /PersonalGarden/index.php/Home/Farm/get_farm
INFO: [ app_init ] --START--
INFO: Run Behavior\BuildLiteBehavior [ RunTime:0.000000s ]
INFO: [ app_init ] --END-- [ RunTime:0.001000s ]
INFO: [ app_begin ] --START--
INFO: Run Behavior\ReadHtmlCacheBehavior [ RunTime:0.001000s ]
INFO: [ app_begin ] --END-- [ RunTime:0.002000s ]
SQL: select * from farm [ RunTime:0.0640s ]

[ 2017-05-05T19:22:26+08:00 ] ::1 /PersonalGarden/index.php/Home/Farm/my_soil/token/8cbfacea76e34f6bf956afb40fc8e384
INFO: [ app_init ] --START--
INFO: Run Behavior\BuildLiteBehavior [ RunTime:0.000000s ]
INFO: [ app_init ] --END-- [ RunTime:0.001000s ]
INFO: [ app_begin ] --START--
INFO: Run Behavior\ReadHtmlCacheBehavior [ RunTime:0.002000s ]
INFO: [ app_begin ] --END-- [ RunTime:0.002000s ]
SQL: select * from soil where rent_to_who='8cbfacea76e34f6bf956afb40fc8e384' [ RunTime:0.0650s ]
SQL: select nickname,soil_nums from userinfor where token='8cbfacea76e34f6bf956afb40fc8e384' [ RunTime:0.0630s ]
SQL: select farm_name from farm where farm_id='002' [ RunTime:0.0630s ]
SQL: select farm_name from farm where farm_id='001' [ RunTime:0.0610s ]
SQL: select farm_name from farm where farm_id='003' [ RunTime:0.0640s ]

[ 2017-05-05T19:22:33+08:00 ] ::1 /PersonalGarden/index.php/Home/Login/login/token/8cbfacea76e34f6bf956afb40fc8e384
INFO: [ app_init ] --START--
INFO: Run Behavior\BuildLiteBehavior [ RunTime:0.000000s ]
INFO: [ app_init ] --END-- [ RunTime:0.002001s ]
INFO: [ app_begin ] --START--
INFO: Run Behavior\ReadHtmlCacheBehavior [ RunTime:0.001000s ]
INFO: [ app_begin ] --END-- [ RunTime:0.002000s ]
NOTIC: [8] A session had already been started - ignoring session_start() E:\xampp\htdocs\PersonalGarden\Application\Home\Controller\LoginController.class.php 第 8 行.
SQL: select * from userinfor where token='8cbfacea76e34f6bf956afb40fc8e384' [ RunTime:0.0550s ]

[ 2017-05-05T19:22:33+08:00 ] ::1 /PersonalGarden/index.php/Home/Login/login/token/8cbfacea76e34f6bf956afb40fc8e384
INFO: [ app_init ] --START--
INFO: Run Behavior\BuildLiteBehavior [ RunTime:0.000000s ]
INFO: [ app_init ] --END-- [ RunTime:0.002000s ]
INFO: [ app_begin ] --START--
INFO: Run Behavior\ReadHtmlCacheBehavior [ RunTime:0.002000s ]
INFO: [ app_begin ] --END-- [ RunTime:0.003000s ]
NOTIC: [8] A session had already been started - ignoring session_start() E:\xampp\htdocs\PersonalGarden\Application\Home\Controller\LoginController.class.php 第 8 行.
SQL: select * from userinfor where token='8cbfacea76e34f6bf956afb40fc8e384' [ RunTime:0.0610s ]

[ 2017-05-05T19:23:15+08:00 ] ::1 /PersonalGarden/index.php/Home/Login/login/token/8cbfacea76e34f6bf956afb40fc8e384
INFO: [ app_init ] --START--
INFO: Run Behavior\BuildLiteBehavior [ RunTime:0.000000s ]
INFO: [ app_init ] --END-- [ RunTime:0.001000s ]
INFO: [ app_begin ] --START--
INFO: Run Behavior\ReadHtmlCacheBehavior [ RunTime:0.001000s ]
INFO: [ app_begin ] --END-- [ RunTime:0.001000s ]
NOTIC: [8] A session had already been started - ignoring session_start() E:\xampp\htdocs\PersonalGarden\Application\Home\Controller\LoginController.class.php 第 8 行.
SQL: select * from userinfor where token='8cbfacea76e34f6bf956afb40fc8e384' [ RunTime:0.0610s ]

[ 2017-05-05T19:23:56+08:00 ] ::1 /PersonalGarden/index.php/Home/Login/login/token/8cbfacea76e34f6bf956afb40fc8e384
INFO: [ app_init ] --START--
INFO: Run Behavior\BuildLiteBehavior [ RunTime:0.000000s ]
INFO: [ app_init ] --END-- [ RunTime:0.001000s ]
INFO: [ app_begin ] --START--
INFO: Run Behavior\ReadHtmlCacheBehavior [ RunTime:0.005000s ]
INFO: [ app_begin ] --END-- [ RunTime:0.005000s ]
NOTIC: [8] A session had already been started - ignoring session_start() E:\xampp\htdocs\PersonalGarden\Application\Home\Controller\LoginController.class.php 第 8 行.
SQL: select * from userinfor where token='8cbfacea76e34f6bf956afb40fc8e384' [ RunTime:0.0610s ]

[ 2017-05-05T19:30:31+08:00 ] ::1 /PersonalGarden/index.php/Home/Login/login/token/8cbfacea76e34f6bf956afb40fc8e384
INFO: [ app_init ] --START--
INFO: Run Behavior\BuildLiteBehavior [ RunTime:0.000000s ]
INFO: [ app_init ] --END-- [ RunTime:0.001001s ]
INFO: [ app_begin ] --START--
INFO: Run Behavior\ReadHtmlCacheBehavior [ RunTime:0.001000s ]
INFO: [ app_begin ] --END-- [ RunTime:0.001000s ]
NOTIC: [8] A session had already been started - ignoring session_start() E:\xampp\htdocs\PersonalGarden\Application\Home\Controller\LoginController.class.php 第 8 行.
SQL: select * from userinfor where token='8cbfacea76e34f6bf956afb40fc8e384' [ RunTime:0.0600s ]

[ 2017-05-05T19:30:51+08:00 ] ::1 /PersonalGarden/index.php/Home/Login/login/token/8cbfacea76e34f6bf956afb40fc8e384
INFO: [ app_init ] --START--
INFO: Run Behavior\BuildLiteBehavior [ RunTime:0.000000s ]
INFO: [ app_init ] --END-- [ RunTime:0.001000s ]
INFO: [ app_begin ] --START--
INFO: Run Behavior\ReadHtmlCacheBehavior [ RunTime:0.003001s ]
INFO: [ app_begin ] --END-- [ RunTime:0.003001s ]
NOTIC: [8] A session had already been started - ignoring session_start() E:\xampp\htdocs\PersonalGarden\Application\Home\Controller\LoginController.class.php 第 8 行.
SQL: select * from userinfor where token='8cbfacea76e34f6bf956afb40fc8e384' [ RunTime:0.0610s ]

[ 2017-05-05T19:31:25+08:00 ] ::1 /PersonalGarden/index.php/Home/Login/login/token/8cbfacea76e34f6bf956afb40fc8e384
INFO: [ app_init ] --START--
INFO: Run Behavior\BuildLiteBehavior [ RunTime:0.000000s ]
INFO: [ app_init ] --END-- [ RunTime:0.001000s ]
INFO: [ app_begin ] --START--
INFO: Run Behavior\ReadHtmlCacheBehavior [ RunTime:0.001000s ]
INFO: [ app_begin ] --END-- [ RunTime:0.002000s ]
NOTIC: [8] A session had already been started - ignoring session_start() E:\xampp\htdocs\PersonalGarden\Application\Home\Controller\LoginController.class.php 第 8 行.
SQL: select * from userinfor where token='8cbfacea76e34f6bf956afb40fc8e384' [ RunTime:0.0630s ]

[ 2017-05-05T19:35:53+08:00 ] ::1 /PersonalGarden/index.php/Home/Login/login/token/8cbfacea76e34f6bf956afb40fc8e384
INFO: [ app_init ] --START--
INFO: Run Behavior\BuildLiteBehavior [ RunTime:0.000000s ]
INFO: [ app_init ] --END-- [ RunTime:0.001000s ]
INFO: [ app_begin ] --START--
INFO: Run Behavior\ReadHtmlCacheBehavior [ RunTime:0.001000s ]
INFO: [ app_begin ] --END-- [ RunTime:0.001000s ]
NOTIC: [8] A session had already been started - ignoring session_start() E:\xampp\htdocs\PersonalGarden\Application\Home\Controller\LoginController.class.php 第 8 行.
SQL: select * from userinfor where token='8cbfacea76e34f6bf956afb40fc8e384' [ RunTime:0.0570s ]

[ 2017-05-05T19:36:01+08:00 ] ::1 /PersonalGarden/index.php/Home/Login/login/token/8cbfacea76e34f6bf956afb40fc8e384
INFO: [ app_init ] --START--
INFO: Run Behavior\BuildLiteBehavior [ RunTime:0.000000s ]
INFO: [ app_init ] --END-- [ RunTime:0.000000s ]
INFO: [ app_begin ] --START--
INFO: Run Behavior\ReadHtmlCacheBehavior [ RunTime:0.003000s ]
INFO: [ app_begin ] --END-- [ RunTime:0.003000s ]
NOTIC: [8] A session had already been started - ignoring session_start() E:\xampp\htdocs\PersonalGarden\Application\Home\Controller\LoginController.class.php 第 8 行.
SQL: select * from userinfor where token='8cbfacea76e34f6bf956afb40fc8e384' [ RunTime:0.0620s ]

[ 2017-05-05T19:46:51+08:00 ] ::1 /PersonalGarden/index.php/Home/Login/login/token/8cbfacea76e34f6bf956afb40fc8e384
INFO: [ app_init ] --START--
INFO: Run Behavior\BuildLiteBehavior [ RunTime:0.000000s ]
INFO: [ app_init ] --END-- [ RunTime:0.001000s ]
INFO: [ app_begin ] --START--
INFO: Run Behavior\ReadHtmlCacheBehavior [ RunTime:0.047003s ]
INFO: [ app_begin ] --END-- [ RunTime:0.047003s ]
NOTIC: [8] A session had already been started - ignoring session_start() E:\xampp\htdocs\PersonalGarden\Application\Home\Controller\LoginController.class.php 第 8 行.
SQL: select * from userinfor where token='8cbfacea76e34f6bf956afb40fc8e384' [ RunTime:0.1790s ]

[ 2017-05-05T19:47:08+08:00 ] ::1 /PersonalGarden/index.php/Home/Login/login/token/8cbfacea76e34f6bf956afb40fc8e384
INFO: [ app_init ] --START--
INFO: Run Behavior\BuildLiteBehavior [ RunTime:0.000000s ]
INFO: [ app_init ] --END-- [ RunTime:0.001000s ]
INFO: [ app_begin ] --START--
INFO: Run Behavior\ReadHtmlCacheBehavior [ RunTime:0.001000s ]
INFO: [ app_begin ] --END-- [ RunTime:0.001000s ]
NOTIC: [8] A session had already been started - ignoring session_start() E:\xampp\htdocs\PersonalGarden\Application\Home\Controller\LoginController.class.php 第 8 行.
SQL: select * from userinfor where token='8cbfacea76e34f6bf956afb40fc8e384' [ RunTime:0.0570s ]

[ 2017-05-05T19:59:36+08:00 ] ::1 /PersonalGarden/index.php/Home/Login/login/token/8cbfacea76e34f6bf956afb40fc8e384
INFO: [ app_init ] --START--
INFO: Run Behavior\BuildLiteBehavior [ RunTime:0.000000s ]
INFO: [ app_init ] --END-- [ RunTime:0.001000s ]
INFO: [ app_begin ] --START--
INFO: Run Behavior\ReadHtmlCacheBehavior [ RunTime:0.002000s ]
INFO: [ app_begin ] --END-- [ RunTime:0.002000s ]
NOTIC: [8] A session had already been started - ignoring session_start() E:\xampp\htdocs\PersonalGarden\Application\Home\Controller\LoginController.class.php 第 8 行.
SQL: select * from userinfor where token='8cbfacea76e34f6bf956afb40fc8e384' [ RunTime:0.0610s ]

[ 2017-05-05T20:00:20+08:00 ] ::1 /PersonalGarden/index.php/Home/Login/login/token/8cbfacea76e34f6bf956afb40fc8e384
INFO: [ app_init ] --START--
INFO: Run Behavior\BuildLiteBehavior [ RunTime:0.000000s ]
INFO: [ app_init ] --END-- [ RunTime:0.001000s ]
INFO: [ app_begin ] --START--
INFO: Run Behavior\ReadHtmlCacheBehavior [ RunTime:0.001000s ]
INFO: [ app_begin ] --END-- [ RunTime:0.001000s ]
NOTIC: [8] A session had already been started - ignoring session_start() E:\xampp\htdocs\PersonalGarden\Application\Home\Controller\LoginController.class.php 第 8 行.
SQL: select * from userinfor where token='8cbfacea76e34f6bf956afb40fc8e384' [ RunTime:0.0620s ]

[ 2017-05-05T20:01:38+08:00 ] ::1 /PersonalGarden/index.php/Home/Login/login/token/8cbfacea76e34f6bf956afb40fc8e384
INFO: [ app_init ] --START--
INFO: Run Behavior\BuildLiteBehavior [ RunTime:0.000000s ]
INFO: [ app_init ] --END-- [ RunTime:0.001000s ]
INFO: [ app_begin ] --START--
INFO: Run Behavior\ReadHtmlCacheBehavior [ RunTime:0.002000s ]
INFO: [ app_begin ] --END-- [ RunTime:0.002000s ]
NOTIC: [8] A session had already been started - ignoring session_start() E:\xampp\htdocs\PersonalGarden\Application\Home\Controller\LoginController.class.php 第 8 行.
SQL: select * from userinfor where token='8cbfacea76e34f6bf956afb40fc8e384' [ RunTime:0.0620s ]

[ 2017-05-05T20:02:43+08:00 ] ::1 /PersonalGarden/index.php/Home/Login/login/token/8cbfacea76e34f6bf956afb40fc8e384
INFO: [ app_init ] --START--
INFO: Run Behavior\BuildLiteBehavior [ RunTime:0.000000s ]
INFO: [ app_init ] --END-- [ RunTime:0.000000s ]
INFO: [ app_begin ] --START--
INFO: Run Behavior\ReadHtmlCacheBehavior [ RunTime:0.001001s ]
INFO: [ app_begin ] --END-- [ RunTime:0.001001s ]
NOTIC: [8] A session had already been started - ignoring session_start() E:\xampp\htdocs\PersonalGarden\Application\Home\Controller\LoginController.class.php 第 8 行.
SQL: select * from userinfor where token='8cbfacea76e34f6bf956afb40fc8e384' [ RunTime:0.0610s ]

[ 2017-05-05T20:03:24+08:00 ] ::1 /PersonalGarden/index.php/Home/Login/login/token/8cbfacea76e34f6bf956afb40fc8e384
INFO: [ app_init ] --START--
INFO: Run Behavior\BuildLiteBehavior [ RunTime:0.000000s ]
INFO: [ app_init ] --END-- [ RunTime:0.001000s ]
INFO: [ app_begin ] --START--
INFO: Run Behavior\ReadHtmlCacheBehavior [ RunTime:0.005000s ]
INFO: [ app_begin ] --END-- [ RunTime:0.005000s ]
NOTIC: [8] A session had already been started - ignoring session_start() E:\xampp\htdocs\PersonalGarden\Application\Home\Controller\LoginController.class.php 第 8 行.
SQL: select * from userinfor where token='8cbfacea76e34f6bf956afb40fc8e384' [ RunTime:0.0560s ]

[ 2017-05-05T20:03:40+08:00 ] ::1 /PersonalGarden/index.php/Home/Login/login/token/8cbfacea76e34f6bf956afb40fc8e384
INFO: [ app_init ] --START--
INFO: Run Behavior\BuildLiteBehavior [ RunTime:0.000000s ]
INFO: [ app_init ] --END-- [ RunTime:0.001000s ]
INFO: [ app_begin ] --START--
INFO: Run Behavior\ReadHtmlCacheBehavior [ RunTime:0.003000s ]
INFO: [ app_begin ] --END-- [ RunTime:0.003000s ]
NOTIC: [8] A session had already been started - ignoring session_start() E:\xampp\htdocs\PersonalGarden\Application\Home\Controller\LoginController.class.php 第 8 行.
SQL: select * from userinfor where token='8cbfacea76e34f6bf956afb40fc8e384' [ RunTime:0.0550s ]

[ 2017-05-05T20:04:53+08:00 ] ::1 /PersonalGarden/index.php/Home/Login/login/token/8cbfacea76e34f6bf956afb40fc8e384
INFO: [ app_init ] --START--
INFO: Run Behavior\BuildLiteBehavior [ RunTime:0.000000s ]
INFO: [ app_init ] --END-- [ RunTime:0.001000s ]
INFO: [ app_begin ] --START--
INFO: Run Behavior\ReadHtmlCacheBehavior [ RunTime:0.002000s ]
INFO: [ app_begin ] --END-- [ RunTime:0.002000s ]
NOTIC: [8] A session had already been started - ignoring session_start() E:\xampp\htdocs\PersonalGarden\Application\Home\Controller\LoginController.class.php 第 8 行.
SQL: select * from userinfor where token='8cbfacea76e34f6bf956afb40fc8e384' [ RunTime:0.0610s ]

[ 2017-05-05T20:05:20+08:00 ] ::1 /PersonalGarden/index.php/Home/Login/login/token/8cbfacea76e34f6bf956afb40fc8e384
INFO: [ app_init ] --START--
INFO: Run Behavior\BuildLiteBehavior [ RunTime:0.000000s ]
INFO: [ app_init ] --END-- [ RunTime:0.001000s ]
INFO: [ app_begin ] --START--
INFO: Run Behavior\ReadHtmlCacheBehavior [ RunTime:0.001000s ]
INFO: [ app_begin ] --END-- [ RunTime:0.001000s ]
NOTIC: [8] A session had already been started - ignoring session_start() E:\xampp\htdocs\PersonalGarden\Application\Home\Controller\LoginController.class.php 第 8 行.
SQL: select * from userinfor where token='8cbfacea76e34f6bf956afb40fc8e384' [ RunTime:0.0570s ]

[ 2017-05-05T20:07:04+08:00 ] ::1 /PersonalGarden/index.php/Home/Login/login/token/8cbfacea76e34f6bf956afb40fc8e384
INFO: [ app_init ] --START--
INFO: Run Behavior\BuildLiteBehavior [ RunTime:0.000000s ]
INFO: [ app_init ] --END-- [ RunTime:0.002000s ]
INFO: [ app_begin ] --START--
INFO: Run Behavior\ReadHtmlCacheBehavior [ RunTime:0.003001s ]
INFO: [ app_begin ] --END-- [ RunTime:0.003001s ]
NOTIC: [8] A session had already been started - ignoring session_start() E:\xampp\htdocs\PersonalGarden\Application\Home\Controller\LoginController.class.php 第 8 行.
SQL: select * from userinfor where token='8cbfacea76e34f6bf956afb40fc8e384' [ RunTime:0.0610s ]

[ 2017-05-05T20:07:14+08:00 ] ::1 /PersonalGarden/index.php/Home/Login/login/token/8cbfacea76e34f6bf956afb40fc8e384
INFO: [ app_init ] --START--
INFO: Run Behavior\BuildLiteBehavior [ RunTime:0.000000s ]
INFO: [ app_init ] --END-- [ RunTime:0.001000s ]
INFO: [ app_begin ] --START--
INFO: Run Behavior\ReadHtmlCacheBehavior [ RunTime:0.004000s ]
INFO: [ app_begin ] --END-- [ RunTime:0.004000s ]
NOTIC: [8] A session had already been started - ignoring session_start() E:\xampp\htdocs\PersonalGarden\Application\Home\Controller\LoginController.class.php 第 8 行.
SQL: select * from userinfor where token='8cbfacea76e34f6bf956afb40fc8e384' [ RunTime:0.0620s ]

[ 2017-05-05T20:08:12+08:00 ] ::1 /PersonalGarden/index.php/Home/Login/login/token/8cbfacea76e34f6bf956afb40fc8e384
INFO: [ app_init ] --START--
INFO: Run Behavior\BuildLiteBehavior [ RunTime:0.000000s ]
INFO: [ app_init ] --END-- [ RunTime:0.001000s ]
INFO: [ app_begin ] --START--
INFO: Run Behavior\ReadHtmlCacheBehavior [ RunTime:0.002000s ]
INFO: [ app_begin ] --END-- [ RunTime:0.002000s ]
NOTIC: [8] A session had already been started - ignoring session_start() E:\xampp\htdocs\PersonalGarden\Application\Home\Controller\LoginController.class.php 第 8 行.
SQL: select * from userinfor where token='8cbfacea76e34f6bf956afb40fc8e384' [ RunTime:0.0620s ]

[ 2017-05-05T20:08:37+08:00 ] ::1 /PersonalGarden/index.php/Home/Login/login/token/8cbfacea76e34f6bf956afb40fc8e384
INFO: [ app_init ] --START--
INFO: Run Behavior\BuildLiteBehavior [ RunTime:0.000000s ]
INFO: [ app_init ] --END-- [ RunTime:0.001000s ]
INFO: [ app_begin ] --START--
INFO: Run Behavior\ReadHtmlCacheBehavior [ RunTime:0.001000s ]
INFO: [ app_begin ] --END-- [ RunTime:0.001000s ]
NOTIC: [8] A session had already been started - ignoring session_start() E:\xampp\htdocs\PersonalGarden\Application\Home\Controller\LoginController.class.php 第 8 行.
SQL: select * from userinfor where token='8cbfacea76e34f6bf956afb40fc8e384' [ RunTime:0.0550s ]

[ 2017-05-05T20:08:47+08:00 ] ::1 /PersonalGarden/index.php/Home/Login/login/token/8cbfacea76e34f6bf956afb40fc8e384
INFO: [ app_init ] --START--
INFO: Run Behavior\BuildLiteBehavior [ RunTime:0.000000s ]
INFO: [ app_init ] --END-- [ RunTime:0.001000s ]
INFO: [ app_begin ] --START--
INFO: Run Behavior\ReadHtmlCacheBehavior [ RunTime:0.013000s ]
INFO: [ app_begin ] --END-- [ RunTime:0.013000s ]
NOTIC: [8] A session had already been started - ignoring session_start() E:\xampp\htdocs\PersonalGarden\Application\Home\Controller\LoginController.class.php 第 8 行.
SQL: select * from userinfor where token='8cbfacea76e34f6bf956afb40fc8e384' [ RunTime:0.0630s ]

[ 2017-05-05T20:09:22+08:00 ] ::1 /PersonalGarden/index.php/Home/Login/login/token/8cbfacea76e34f6bf956afb40fc8e384
INFO: [ app_init ] --START--
INFO: Run Behavior\BuildLiteBehavior [ RunTime:0.000000s ]
INFO: [ app_init ] --END-- [ RunTime:0.001000s ]
INFO: [ app_begin ] --START--
INFO: Run Behavior\ReadHtmlCacheBehavior [ RunTime:0.003000s ]
INFO: [ app_begin ] --END-- [ RunTime:0.004000s ]
NOTIC: [8] A session had already been started - ignoring session_start() E:\xampp\htdocs\PersonalGarden\Application\Home\Controller\LoginController.class.php 第 8 行.
SQL: select * from userinfor where token='8cbfacea76e34f6bf956afb40fc8e384' [ RunTime:0.0610s ]

[ 2017-05-05T20:09:48+08:00 ] ::1 /PersonalGarden/index.php/Home/Login/login/token/8cbfacea76e34f6bf956afb40fc8e384
INFO: [ app_init ] --START--
INFO: Run Behavior\BuildLiteBehavior [ RunTime:0.000000s ]
INFO: [ app_init ] --END-- [ RunTime:0.001000s ]
INFO: [ app_begin ] --START--
INFO: Run Behavior\ReadHtmlCacheBehavior [ RunTime:0.002000s ]
INFO: [ app_begin ] --END-- [ RunTime:0.002000s ]
NOTIC: [8] A session had already been started - ignoring session_start() E:\xampp\htdocs\PersonalGarden\Application\Home\Controller\LoginController.class.php 第 8 行.
SQL: select * from userinfor where token='8cbfacea76e34f6bf956afb40fc8e384' [ RunTime:0.0570s ]

[ 2017-05-05T20:10:20+08:00 ] ::1 /PersonalGarden/index.php/Home/Login/login/token/8cbfacea76e34f6bf956afb40fc8e384
INFO: [ app_init ] --START--
INFO: Run Behavior\BuildLiteBehavior [ RunTime:0.000000s ]
INFO: [ app_init ] --END-- [ RunTime:0.001000s ]
INFO: [ app_begin ] --START--
INFO: Run Behavior\ReadHtmlCacheBehavior [ RunTime:0.001000s ]
INFO: [ app_begin ] --END-- [ RunTime:0.001000s ]
NOTIC: [8] A session had already been started - ignoring session_start() E:\xampp\htdocs\PersonalGarden\Application\Home\Controller\LoginController.class.php 第 8 行.
SQL: select * from userinfor where token='8cbfacea76e34f6bf956afb40fc8e384' [ RunTime:0.0630s ]

[ 2017-05-05T20:10:41+08:00 ] ::1 /PersonalGarden/index.php/Home/Login/login/token/8cbfacea76e34f6bf956afb40fc8e384
INFO: [ app_init ] --START--
INFO: Run Behavior\BuildLiteBehavior [ RunTime:0.000000s ]
INFO: [ app_init ] --END-- [ RunTime:0.002000s ]
INFO: [ app_begin ] --START--
INFO: Run Behavior\ReadHtmlCacheBehavior [ RunTime:0.002000s ]
INFO: [ app_begin ] --END-- [ RunTime:0.002000s ]
NOTIC: [8] A session had already been started - ignoring session_start() E:\xampp\htdocs\PersonalGarden\Application\Home\Controller\LoginController.class.php 第 8 行.
SQL: select * from userinfor where token='8cbfacea76e34f6bf956afb40fc8e384' [ RunTime:0.0550s ]

[ 2017-05-05T20:11:16+08:00 ] ::1 /PersonalGarden/index.php/Home/Login/login/token/8cbfacea76e34f6bf956afb40fc8e384
INFO: [ app_init ] --START--
INFO: Run Behavior\BuildLiteBehavior [ RunTime:0.000000s ]
INFO: [ app_init ] --END-- [ RunTime:0.001000s ]
INFO: [ app_begin ] --START--
INFO: Run Behavior\ReadHtmlCacheBehavior [ RunTime:0.002000s ]
INFO: [ app_begin ] --END-- [ RunTime:0.002000s ]
NOTIC: [8] A session had already been started - ignoring session_start() E:\xampp\htdocs\PersonalGarden\Application\Home\Controller\LoginController.class.php 第 8 行.
SQL: select * from userinfor where token='8cbfacea76e34f6bf956afb40fc8e384' [ RunTime:0.0670s ]

[ 2017-05-05T20:11:39+08:00 ] ::1 /PersonalGarden/index.php/Home/Login/login/token/8cbfacea76e34f6bf956afb40fc8e384
INFO: [ app_init ] --START--
INFO: Run Behavior\BuildLiteBehavior [ RunTime:0.000000s ]
INFO: [ app_init ] --END-- [ RunTime:0.001000s ]
INFO: [ app_begin ] --START--
INFO: Run Behavior\ReadHtmlCacheBehavior [ RunTime:0.001000s ]
INFO: [ app_begin ] --END-- [ RunTime:0.001000s ]
NOTIC: [8] A session had already been started - ignoring session_start() E:\xampp\htdocs\PersonalGarden\Application\Home\Controller\LoginController.class.php 第 8 行.
SQL: select * from userinfor where token='8cbfacea76e34f6bf956afb40fc8e384' [ RunTime:0.0560s ]

[ 2017-05-05T20:13:15+08:00 ] ::1 /PersonalGarden/index.php/Home/Login/login/token/8cbfacea76e34f6bf956afb40fc8e384
INFO: [ app_init ] --START--
INFO: Run Behavior\BuildLiteBehavior [ RunTime:0.000000s ]
INFO: [ app_init ] --END-- [ RunTime:0.001000s ]
INFO: [ app_begin ] --START--
INFO: Run Behavior\ReadHtmlCacheBehavior [ RunTime:0.002000s ]
INFO: [ app_begin ] --END-- [ RunTime:0.002000s ]
NOTIC: [8] A session had already been started - ignoring session_start() E:\xampp\htdocs\PersonalGarden\Application\Home\Controller\LoginController.class.php 第 8 行.
SQL: select * from userinfor where token='8cbfacea76e34f6bf956afb40fc8e384' [ RunTime:0.0620s ]

[ 2017-05-05T20:15:21+08:00 ] ::1 /PersonalGarden/index.php/Home/Login/login/token/8cbfacea76e34f6bf956afb40fc8e384
INFO: [ app_init ] --START--
INFO: Run Behavior\BuildLiteBehavior [ RunTime:0.000000s ]
INFO: [ app_init ] --END-- [ RunTime:0.001001s ]
INFO: [ app_begin ] --START--
INFO: Run Behavior\ReadHtmlCacheBehavior [ RunTime:0.002000s ]
INFO: [ app_begin ] --END-- [ RunTime:0.002000s ]
NOTIC: [8] A session had already been started - ignoring session_start() E:\xampp\htdocs\PersonalGarden\Application\Home\Controller\LoginController.class.php 第 8 行.
SQL: select * from userinfor where token='8cbfacea76e34f6bf956afb40fc8e384' [ RunTime:0.0630s ]

[ 2017-05-05T20:16:15+08:00 ] ::1 /PersonalGarden/index.php/Home/Login/login/token/8cbfacea76e34f6bf956afb40fc8e384
INFO: [ app_init ] --START--
INFO: Run Behavior\BuildLiteBehavior [ RunTime:0.000000s ]
INFO: [ app_init ] --END-- [ RunTime:0.001000s ]
INFO: [ app_begin ] --START--
INFO: Run Behavior\ReadHtmlCacheBehavior [ RunTime:0.002000s ]
INFO: [ app_begin ] --END-- [ RunTime:0.002000s ]
NOTIC: [8] A session had already been started - ignoring session_start() E:\xampp\htdocs\PersonalGarden\Application\Home\Controller\LoginController.class.php 第 8 行.
SQL: select * from userinfor where token='8cbfacea76e34f6bf956afb40fc8e384' [ RunTime:0.0600s ]

[ 2017-05-05T20:17:47+08:00 ] ::1 /PersonalGarden/index.php/Home/Login/login/token/8cbfacea76e34f6bf956afb40fc8e384
INFO: [ app_init ] --START--
INFO: Run Behavior\BuildLiteBehavior [ RunTime:0.000000s ]
INFO: [ app_init ] --END-- [ RunTime:0.001000s ]
INFO: [ app_begin ] --START--
INFO: Run Behavior\ReadHtmlCacheBehavior [ RunTime:0.002000s ]
INFO: [ app_begin ] --END-- [ RunTime:0.002000s ]
NOTIC: [8] A session had already been started - ignoring session_start() E:\xampp\htdocs\PersonalGarden\Application\Home\Controller\LoginController.class.php 第 8 行.
SQL: select * from userinfor where token='8cbfacea76e34f6bf956afb40fc8e384' [ RunTime:0.0620s ]

[ 2017-05-05T20:18:30+08:00 ] ::1 /PersonalGarden/index.php/Home/Login/login/token/8cbfacea76e34f6bf956afb40fc8e384
INFO: [ app_init ] --START--
INFO: Run Behavior\BuildLiteBehavior [ RunTime:0.000000s ]
INFO: [ app_init ] --END-- [ RunTime:0.002000s ]
INFO: [ app_begin ] --START--
INFO: Run Behavior\ReadHtmlCacheBehavior [ RunTime:0.002000s ]
INFO: [ app_begin ] --END-- [ RunTime:0.002000s ]
NOTIC: [8] A session had already been started - ignoring session_start() E:\xampp\htdocs\PersonalGarden\Application\Home\Controller\LoginController.class.php 第 8 行.
SQL: select * from userinfor where token='8cbfacea76e34f6bf956afb40fc8e384' [ RunTime:0.0630s ]

[ 2017-05-05T20:21:16+08:00 ] ::1 /PersonalGarden/index.php/Home/Farm/shucai/type/null
INFO: [ app_init ] --START--
INFO: Run Behavior\BuildLiteBehavior [ RunTime:0.000000s ]
INFO: [ app_init ] --END-- [ RunTime:0.001000s ]
INFO: [ app_begin ] --START--
INFO: Run Behavior\ReadHtmlCacheBehavior [ RunTime:0.001000s ]
INFO: [ app_begin ] --END-- [ RunTime:0.001000s ]
SQL: select * from items where item_type='null' and is_verify=1 [ RunTime:0.0600s ]

[ 2017-05-05T20:21:54+08:00 ] ::1 /PersonalGarden/index.php/Home/Farm/shucai/type/null
INFO: [ app_init ] --START--
INFO: Run Behavior\BuildLiteBehavior [ RunTime:0.000000s ]
INFO: [ app_init ] --END-- [ RunTime:0.001001s ]
INFO: [ app_begin ] --START--
INFO: Run Behavior\ReadHtmlCacheBehavior [ RunTime:0.001000s ]
INFO: [ app_begin ] --END-- [ RunTime:0.001000s ]
SQL: select * from items where item_type='null' and is_verify=1 [ RunTime:0.0640s ]

[ 2017-05-05T20:33:34+08:00 ] ::1 /PersonalGarden/index.php/Home/Soil/all_transfer_soil
INFO: [ app_init ] --START--
INFO: Run Behavior\BuildLiteBehavior [ RunTime:0.000000s ]
INFO: [ app_init ] --END-- [ RunTime:0.000000s ]
INFO: [ app_begin ] --START--
INFO: Run Behavior\ReadHtmlCacheBehavior [ RunTime:0.001000s ]
INFO: [ app_begin ] --END-- [ RunTime:0.001000s ]
SQL: select * from transfer where trans_status='待租赁' [ RunTime:0.0560s ]
INFO: [ app_end ] --START--
INFO: Run Behavior\ShowPageTraceBehavior [ RunTime:0.023001s ]
INFO: [ app_end ] --END-- [ RunTime:0.023001s ]

[ 2017-05-05T20:34:33+08:00 ] ::1 /PersonalGarden/index.php/Home/Soil/all_transfer_soil
INFO: [ app_init ] --START--
INFO: Run Behavior\BuildLiteBehavior [ RunTime:0.001000s ]
INFO: [ app_init ] --END-- [ RunTime:0.001000s ]
INFO: [ app_begin ] --START--
INFO: Run Behavior\ReadHtmlCacheBehavior [ RunTime:0.001000s ]
INFO: [ app_begin ] --END-- [ RunTime:0.001000s ]
SQL: select * from transfer where trans_status='待租赁' [ RunTime:0.0630s ]
INFO: [ app_end ] --START--
INFO: Run Behavior\ShowPageTraceBehavior [ RunTime:0.003000s ]
INFO: [ app_end ] --END-- [ RunTime:0.003000s ]

[ 2017-05-05T20:36:02+08:00 ] ::1 /PersonalGarden/index.php/Home/Soil/all_transfer_soil
INFO: [ app_init ] --START--
INFO: Run Behavior\BuildLiteBehavior [ RunTime:0.000000s ]
INFO: [ app_init ] --END-- [ RunTime:0.001000s ]
INFO: [ app_begin ] --START--
INFO: Run Behavior\ReadHtmlCacheBehavior [ RunTime:0.002000s ]
INFO: [ app_begin ] --END-- [ RunTime:0.002000s ]
SQL: select * from transfer where trans_status='待租赁' [ RunTime:0.0670s ]

[ 2017-05-05T20:36:54+08:00 ] ::1 /PersonalGarden/index.php/Home/Soil/all_transfer_soil
INFO: [ app_init ] --START--
INFO: Run Behavior\BuildLiteBehavior [ RunTime:0.000000s ]
INFO: [ app_init ] --END-- [ RunTime:0.000000s ]
INFO: [ app_begin ] --START--
INFO: Run Behavior\ReadHtmlCacheBehavior [ RunTime:0.001000s ]
INFO: [ app_begin ] --END-- [ RunTime:0.001000s ]
SQL: select * from transfer where trans_status='待租赁' [ RunTime:0.0620s ]

[ 2017-05-05T20:42:24+08:00 ] ::1 /PersonalGarden/index.php/Home/Login/login/token/8cbfacea76e34f6bf956afb40fc8e384
INFO: [ app_init ] --START--
INFO: Run Behavior\BuildLiteBehavior [ RunTime:0.000000s ]
INFO: [ app_init ] --END-- [ RunTime:0.001000s ]
INFO: [ app_begin ] --START--
INFO: Run Behavior\ReadHtmlCacheBehavior [ RunTime:0.002000s ]
INFO: [ app_begin ] --END-- [ RunTime:0.002000s ]
NOTIC: [8] A session had already been started - ignoring session_start() E:\xampp\htdocs\PersonalGarden\Application\Home\Controller\LoginController.class.php 第 8 行.
SQL: select * from userinfor where token='8cbfacea76e34f6bf956afb40fc8e384' [ RunTime:0.0600s ]

[ 2017-05-05T20:42:46+08:00 ] ::1 /PersonalGarden/index.php/Home/Login/login/token/8cbfacea76e34f6bf956afb40fc8e384
INFO: [ app_init ] --START--
INFO: Run Behavior\BuildLiteBehavior [ RunTime:0.000000s ]
INFO: [ app_init ] --END-- [ RunTime:0.000000s ]
INFO: [ app_begin ] --START--
INFO: Run Behavior\ReadHtmlCacheBehavior [ RunTime:0.001001s ]
INFO: [ app_begin ] --END-- [ RunTime:0.001001s ]
NOTIC: [8] A session had already been started - ignoring session_start() E:\xampp\htdocs\PersonalGarden\Application\Home\Controller\LoginController.class.php 第 8 行.
SQL: select * from userinfor where token='8cbfacea76e34f6bf956afb40fc8e384' [ RunTime:0.0540s ]

[ 2017-05-05T20:42:46+08:00 ] ::1 /PersonalGarden/index.php/Home/Farm/my_soil/token/8cbfacea76e34f6bf956afb40fc8e384
INFO: [ app_init ] --START--
INFO: Run Behavior\BuildLiteBehavior [ RunTime:0.000000s ]
INFO: [ app_init ] --END-- [ RunTime:0.001000s ]
INFO: [ app_begin ] --START--
INFO: Run Behavior\ReadHtmlCacheBehavior [ RunTime:0.001000s ]
INFO: [ app_begin ] --END-- [ RunTime:0.001000s ]
SQL: select * from soil where rent_to_who='8cbfacea76e34f6bf956afb40fc8e384' [ RunTime:0.0490s ]
SQL: select nickname,soil_nums from userinfor where token='8cbfacea76e34f6bf956afb40fc8e384' [ RunTime:0.0540s ]
SQL: select farm_name from farm where farm_id='002' [ RunTime:0.0560s ]
SQL: select farm_name from farm where farm_id='001' [ RunTime:0.0550s ]
SQL: select farm_name from farm where farm_id='003' [ RunTime:0.0550s ]

[ 2017-05-05T20:42:47+08:00 ] ::1 /PersonalGarden/index.php/Home/Farm/get_farm
INFO: [ app_init ] --START--
INFO: Run Behavior\BuildLiteBehavior [ RunTime:0.000000s ]
INFO: [ app_init ] --END-- [ RunTime:0.001000s ]
INFO: [ app_begin ] --START--
INFO: Run Behavior\ReadHtmlCacheBehavior [ RunTime:0.002000s ]
INFO: [ app_begin ] --END-- [ RunTime:0.002000s ]
SQL: select * from farm [ RunTime:0.0640s ]

[ 2017-05-05T20:42:54+08:00 ] ::1 /PersonalGarden/index.php/Home/Login/login/token/8cbfacea76e34f6bf956afb40fc8e384
INFO: [ app_init ] --START--
INFO: Run Behavior\BuildLiteBehavior [ RunTime:0.000000s ]
INFO: [ app_init ] --END-- [ RunTime:0.000000s ]
INFO: [ app_begin ] --START--
INFO: Run Behavior\ReadHtmlCacheBehavior [ RunTime:0.002000s ]
INFO: [ app_begin ] --END-- [ RunTime:0.002000s ]
NOTIC: [8] A session had already been started - ignoring session_start() E:\xampp\htdocs\PersonalGarden\Application\Home\Controller\LoginController.class.php 第 8 行.
SQL: select * from userinfor where token='8cbfacea76e34f6bf956afb40fc8e384' [ RunTime:0.0710s ]

[ 2017-05-05T20:43:12+08:00 ] ::1 /PersonalGarden/index.php/Home/Soil/transfer_soil/token/8cbfacea76e34f6bf956afb40fc8e384/sid/1?_=1493988171986
INFO: [ app_init ] --START--
INFO: Run Behavior\BuildLiteBehavior [ RunTime:0.000000s ]
INFO: [ app_init ] --END-- [ RunTime:0.001000s ]
INFO: [ app_begin ] --START--
INFO: Run Behavior\ReadHtmlCacheBehavior [ RunTime:0.001000s ]
INFO: [ app_begin ] --END-- [ RunTime:0.001000s ]
SQL: select * from userinfor where token='8cbfacea76e34f6bf956afb40fc8e384' [ RunTime:0.0650s ]
SQL: select * from `soil` where sid='1' [ RunTime:0.0630s ]
SQL: insert into transfer(trans_out,nickname_out,sid,soil_id,soil_area,soil_photo,apply_trans_time) values ('18408243828','helloworld',1,'17001','3*2','http://placehold.it/100','2017-05-05 20:43:12') [ RunTime:0.0700s ]

[ 2017-05-05T20:43:27+08:00 ] ::1 /PersonalGarden/index.php/Home/Soil/all_transfer_soil
INFO: [ app_init ] --START--
INFO: Run Behavior\BuildLiteBehavior [ RunTime:0.001000s ]
INFO: [ app_init ] --END-- [ RunTime:0.001000s ]
INFO: [ app_begin ] --START--
INFO: Run Behavior\ReadHtmlCacheBehavior [ RunTime:0.001000s ]
INFO: [ app_begin ] --END-- [ RunTime:0.001000s ]
SQL: select * from transfer where trans_status='待租赁' [ RunTime:0.0700s ]

[ 2017-05-05T20:48:55+08:00 ] ::1 /PersonalGarden/index.php/Home/Login/login/token/8cbfacea76e34f6bf956afb40fc8e384
INFO: [ app_init ] --START--
INFO: Run Behavior\BuildLiteBehavior [ RunTime:0.000000s ]
INFO: [ app_init ] --END-- [ RunTime:0.001000s ]
INFO: [ app_begin ] --START--
INFO: Run Behavior\ReadHtmlCacheBehavior [ RunTime:0.001000s ]
INFO: [ app_begin ] --END-- [ RunTime:0.002000s ]
NOTIC: [8] A session had already been started - ignoring session_start() E:\xampp\htdocs\PersonalGarden\Application\Home\Controller\LoginController.class.php 第 8 行.
SQL: select * from userinfor where token='8cbfacea76e34f6bf956afb40fc8e384' [ RunTime:0.0740s ]

[ 2017-05-05T20:49:20+08:00 ] ::1 /PersonalGarden/index.php/Home/Login/login/token/8cbfacea76e34f6bf956afb40fc8e384
INFO: [ app_init ] --START--
INFO: Run Behavior\BuildLiteBehavior [ RunTime:0.000000s ]
INFO: [ app_init ] --END-- [ RunTime:0.001000s ]
INFO: [ app_begin ] --START--
INFO: Run Behavior\ReadHtmlCacheBehavior [ RunTime:0.002000s ]
INFO: [ app_begin ] --END-- [ RunTime:0.002000s ]
NOTIC: [8] A session had already been started - ignoring session_start() E:\xampp\htdocs\PersonalGarden\Application\Home\Controller\LoginController.class.php 第 8 行.
SQL: select * from userinfor where token='8cbfacea76e34f6bf956afb40fc8e384' [ RunTime:0.0760s ]

[ 2017-05-05T20:49:21+08:00 ] ::1 /PersonalGarden/index.php/Home/Farm/my_soil/token/8cbfacea76e34f6bf956afb40fc8e384
INFO: [ app_init ] --START--
INFO: Run Behavior\BuildLiteBehavior [ RunTime:0.000000s ]
INFO: [ app_init ] --END-- [ RunTime:0.001000s ]
INFO: [ app_begin ] --START--
INFO: Run Behavior\ReadHtmlCacheBehavior [ RunTime:0.002000s ]
INFO: [ app_begin ] --END-- [ RunTime:0.003000s ]
SQL: select * from soil where rent_to_who='8cbfacea76e34f6bf956afb40fc8e384' [ RunTime:0.0800s ]
SQL: select nickname,soil_nums from userinfor where token='8cbfacea76e34f6bf956afb40fc8e384' [ RunTime:0.1300s ]
SQL: select farm_name from farm where farm_id='002' [ RunTime:0.1140s ]
SQL: select farm_name from farm where farm_id='001' [ RunTime:0.0910s ]
SQL: select farm_name from farm where farm_id='003' [ RunTime:0.0920s ]

[ 2017-05-05T20:49:22+08:00 ] ::1 /PersonalGarden/index.php/Home/Farm/get_farm
INFO: [ app_init ] --START--
INFO: Run Behavior\BuildLiteBehavior [ RunTime:0.000000s ]
INFO: [ app_init ] --END-- [ RunTime:0.001000s ]
INFO: [ app_begin ] --START--
INFO: Run Behavior\ReadHtmlCacheBehavior [ RunTime:0.001000s ]
INFO: [ app_begin ] --END-- [ RunTime:0.001000s ]
SQL: select * from farm [ RunTime:0.1070s ]

[ 2017-05-05T20:50:05+08:00 ] ::1 /PersonalGarden/index.php/Home/Login/login/token/8cbfacea76e34f6bf956afb40fc8e384
INFO: [ app_init ] --START--
INFO: Run Behavior\BuildLiteBehavior [ RunTime:0.000000s ]
INFO: [ app_init ] --END-- [ RunTime:0.001000s ]
INFO: [ app_begin ] --START--
INFO: Run Behavior\ReadHtmlCacheBehavior [ RunTime:0.002000s ]
INFO: [ app_begin ] --END-- [ RunTime:0.002000s ]
NOTIC: [8] A session had already been started - ignoring session_start() E:\xampp\htdocs\PersonalGarden\Application\Home\Controller\LoginController.class.php 第 8 行.
SQL: select * from userinfor where token='8cbfacea76e34f6bf956afb40fc8e384' [ RunTime:0.0620s ]

[ 2017-05-05T20:50:21+08:00 ] ::1 /PersonalGarden/index.php/Home/Soil/all_transfer_soil
INFO: [ app_init ] --START--
INFO: Run Behavior\BuildLiteBehavior [ RunTime:0.000000s ]
INFO: [ app_init ] --END-- [ RunTime:0.001001s ]
INFO: [ app_begin ] --START--
INFO: Run Behavior\ReadHtmlCacheBehavior [ RunTime:0.003000s ]
INFO: [ app_begin ] --END-- [ RunTime:0.003000s ]
SQL: select * from transfer where trans_status='待租赁' [ RunTime:0.0550s ]

[ 2017-05-05T20:51:01+08:00 ] ::1 /PersonalGarden/index.php/Home/Soil/all_transfer_soil
INFO: [ app_init ] --START--
INFO: Run Behavior\BuildLiteBehavior [ RunTime:0.000000s ]
INFO: [ app_init ] --END-- [ RunTime:0.001000s ]
INFO: [ app_begin ] --START--
INFO: Run Behavior\ReadHtmlCacheBehavior [ RunTime:0.002000s ]
INFO: [ app_begin ] --END-- [ RunTime:0.003000s ]
SQL: select * from transfer where trans_status='待租赁' [ RunTime:0.0610s ]

[ 2017-05-05T20:51:30+08:00 ] ::1 /PersonalGarden/index.php/Home/Soil/all_transfer_soil
INFO: [ app_init ] --START--
INFO: Run Behavior\BuildLiteBehavior [ RunTime:0.000000s ]
INFO: [ app_init ] --END-- [ RunTime:0.002000s ]
INFO: [ app_begin ] --START--
INFO: Run Behavior\ReadHtmlCacheBehavior [ RunTime:0.002000s ]
INFO: [ app_begin ] --END-- [ RunTime:0.002000s ]
SQL: select * from transfer where trans_status='待租赁' [ RunTime:0.0620s ]

[ 2017-05-05T20:51:55+08:00 ] ::1 /PersonalGarden/index.php/Home/Soil/all_transfer_soil
INFO: [ app_init ] --START--
INFO: Run Behavior\BuildLiteBehavior [ RunTime:0.001000s ]
INFO: [ app_init ] --END-- [ RunTime:0.001000s ]
INFO: [ app_begin ] --START--
INFO: Run Behavior\ReadHtmlCacheBehavior [ RunTime:0.001000s ]
INFO: [ app_begin ] --END-- [ RunTime:0.002000s ]
SQL: select * from transfer where trans_status='待租赁' [ RunTime:0.0610s ]

[ 2017-05-05T20:53:26+08:00 ] ::1 /PersonalGarden/index.php/Home/Soil/all_transfer_soil
INFO: [ app_init ] --START--
INFO: Run Behavior\BuildLiteBehavior [ RunTime:0.000000s ]
INFO: [ app_init ] --END-- [ RunTime:0.001001s ]
INFO: [ app_begin ] --START--
INFO: Run Behavior\ReadHtmlCacheBehavior [ RunTime:0.001000s ]
INFO: [ app_begin ] --END-- [ RunTime:0.001000s ]
SQL: select * from transfer where trans_status='待租赁' [ RunTime:0.0610s ]

[ 2017-05-05T20:53:39+08:00 ] ::1 /PersonalGarden/index.php/Home/Soil/all_transfer_soil
INFO: [ app_init ] --START--
INFO: Run Behavior\BuildLiteBehavior [ RunTime:0.000000s ]
INFO: [ app_init ] --END-- [ RunTime:0.001000s ]
INFO: [ app_begin ] --START--
INFO: Run Behavior\ReadHtmlCacheBehavior [ RunTime:0.002000s ]
INFO: [ app_begin ] --END-- [ RunTime:0.002000s ]
SQL: select * from transfer where trans_status='待租赁' [ RunTime:0.0560s ]

[ 2017-05-05T20:54:07+08:00 ] ::1 /PersonalGarden/index.php/Home/Soil/all_transfer_soil
INFO: [ app_init ] --START--
INFO: Run Behavior\BuildLiteBehavior [ RunTime:0.000000s ]
INFO: [ app_init ] --END-- [ RunTime:0.000000s ]
INFO: [ app_begin ] --START--
INFO: Run Behavior\ReadHtmlCacheBehavior [ RunTime:0.002000s ]
INFO: [ app_begin ] --END-- [ RunTime:0.002000s ]
SQL: select * from transfer where trans_status='待租赁' [ RunTime:0.0560s ]

[ 2017-05-05T20:54:18+08:00 ] ::1 /PersonalGarden/index.php/Home/Soil/all_transfer_soil
INFO: [ app_init ] --START--
INFO: Run Behavior\BuildLiteBehavior [ RunTime:0.000000s ]
INFO: [ app_init ] --END-- [ RunTime:0.001001s ]
INFO: [ app_begin ] --START--
INFO: Run Behavior\ReadHtmlCacheBehavior [ RunTime:0.001000s ]
INFO: [ app_begin ] --END-- [ RunTime:0.001000s ]
SQL: select * from transfer where trans_status='待租赁' [ RunTime:0.0610s ]

[ 2017-05-05T20:55:11+08:00 ] ::1 /PersonalGarden/index.php/Home/Soil/all_transfer_soil
INFO: [ app_init ] --START--
INFO: Run Behavior\BuildLiteBehavior [ RunTime:0.000000s ]
INFO: [ app_init ] --END-- [ RunTime:0.001000s ]
INFO: [ app_begin ] --START--
INFO: Run Behavior\ReadHtmlCacheBehavior [ RunTime:0.001000s ]
INFO: [ app_begin ] --END-- [ RunTime:0.001000s ]
SQL: select * from transfer where trans_status='待租赁' [ RunTime:0.0550s ]

[ 2017-05-05T20:55:22+08:00 ] ::1 /PersonalGarden/index.php/Home/Soil/all_transfer_soil
INFO: [ app_init ] --START--
INFO: Run Behavior\BuildLiteBehavior [ RunTime:0.000000s ]
INFO: [ app_init ] --END-- [ RunTime:0.000000s ]
INFO: [ app_begin ] --START--
INFO: Run Behavior\ReadHtmlCacheBehavior [ RunTime:0.001000s ]
INFO: [ app_begin ] --END-- [ RunTime:0.001000s ]
SQL: select * from transfer where trans_status='待租赁' [ RunTime:0.0650s ]

[ 2017-05-05T20:55:32+08:00 ] ::1 /PersonalGarden/index.php/Home/Soil/all_transfer_soil
INFO: [ app_init ] --START--
INFO: Run Behavior\BuildLiteBehavior [ RunTime:0.000000s ]
INFO: [ app_init ] --END-- [ RunTime:0.001000s ]
INFO: [ app_begin ] --START--
INFO: Run Behavior\ReadHtmlCacheBehavior [ RunTime:0.001000s ]
INFO: [ app_begin ] --END-- [ RunTime:0.001000s ]
SQL: select * from transfer where trans_status='待租赁' [ RunTime:0.0620s ]

