[ 2017-04-17T18:06:42+08:00 ] ::1 /PersonalGarden/index.php/
INFO: [ app_init ] --START--
INFO: Run Behavior\BuildLiteBehavior [ RunTime:0.000000s ]
INFO: [ app_init ] --END-- [ RunTime:0.001000s ]
INFO: [ app_begin ] --START--
INFO: Run Behavior\ReadHtmlCacheBehavior [ RunTime:0.002000s ]
INFO: [ app_begin ] --END-- [ RunTime:0.002000s ]

[ 2017-04-17T18:07:15+08:00 ] ::1 /PersonalGarden/index.php/Home/Farm/get_farm
INFO: [ app_init ] --START--
INFO: Run Behavior\BuildLiteBehavior [ RunTime:0.000000s ]
INFO: [ app_init ] --END-- [ RunTime:0.001000s ]
INFO: [ app_begin ] --START--
INFO: Run Behavior\ReadHtmlCacheBehavior [ RunTime:0.001000s ]
INFO: [ app_begin ] --END-- [ RunTime:0.002000s ]
ERR: 无法加载控制器:Farm

[ 2017-04-17T18:08:07+08:00 ] ::1 /PersonalGarden/index.php/Home/Farm/get_farm
INFO: [ app_init ] --START--
INFO: Run Behavior\BuildLiteBehavior [ RunTime:0.000000s ]
INFO: [ app_init ] --END-- [ RunTime:0.001000s ]
INFO: [ app_begin ] --START--
INFO: Run Behavior\ReadHtmlCacheBehavior [ RunTime:0.001000s ]
INFO: [ app_begin ] --END-- [ RunTime:0.002000s ]
ERR: 无法加载控制器:Farm

[ 2017-04-17T18:08:24+08:00 ] ::1 /PersonalGarden/index.php/Home/Admin/login
INFO: [ app_init ] --START--
INFO: Run Behavior\BuildLiteBehavior [ RunTime:0.000000s ]
INFO: [ app_init ] --END-- [ RunTime:0.001000s ]
INFO: [ app_begin ] --START--
INFO: Run Behavior\ReadHtmlCacheBehavior [ RunTime:0.000000s ]
INFO: [ app_begin ] --END-- [ RunTime:0.000000s ]
SQL: select * from admin where admin_account='2017001' [ RunTime:0.0500s ]

[ 2017-04-17T18:08:25+08:00 ] ::1 /PersonalGarden/index.php/Home/Admin/login/token/c20ad4d76fe97759aa27a0c99bff6710
INFO: [ app_init ] --START--
INFO: Run Behavior\BuildLiteBehavior [ RunTime:0.000000s ]
INFO: [ app_init ] --END-- [ RunTime:0.001000s ]
INFO: [ app_begin ] --START--
INFO: Run Behavior\ReadHtmlCacheBehavior [ RunTime:0.003001s ]
INFO: [ app_begin ] --END-- [ RunTime:0.003001s ]
SQL: select * from admin where token='c20ad4d76fe97759aa27a0c99bff6710' [ RunTime:0.0500s ]

[ 2017-04-17T18:08:47+08:00 ] ::1 /PersonalGarden/index.php/Home/Login/login/token/2b75cef81ebd9c278c2613948b70d1b0
INFO: [ app_init ] --START--
INFO: Run Behavior\BuildLiteBehavior [ RunTime:0.000000s ]
INFO: [ app_init ] --END-- [ RunTime:0.001000s ]
INFO: [ app_begin ] --START--
INFO: Run Behavior\ReadHtmlCacheBehavior [ RunTime:0.001000s ]
INFO: [ app_begin ] --END-- [ RunTime:0.001000s ]
NOTIC: [8] A session had already been started - ignoring session_start() E:\xampp\htdocs\PersonalGarden\Application\Home\Controller\LoginController.class.php 第 8 行.
SQL: select * from userinfor where token='2b75cef81ebd9c278c2613948b70d1b0' [ RunTime:0.0540s ]

[ 2017-04-17T18:08:57+08:00 ] ::1 /PersonalGarden/index.php/Home/Login/login/token/2b75cef81ebd9c278c2613948b70d1b0
INFO: [ app_init ] --START--
INFO: Run Behavior\BuildLiteBehavior [ RunTime:0.000000s ]
INFO: [ app_init ] --END-- [ RunTime:0.001000s ]
INFO: [ app_begin ] --START--
INFO: Run Behavior\ReadHtmlCacheBehavior [ RunTime:0.002000s ]
INFO: [ app_begin ] --END-- [ RunTime:0.002000s ]
NOTIC: [8] A session had already been started - ignoring session_start() E:\xampp\htdocs\PersonalGarden\Application\Home\Controller\LoginController.class.php 第 8 行.
SQL: select * from userinfor where token='2b75cef81ebd9c278c2613948b70d1b0' [ RunTime:0.0550s ]

[ 2017-04-17T18:09:44+08:00 ] ::1 /PersonalGarden/index.php/Home/Farm/get_farm
INFO: [ app_init ] --START--
INFO: Run Behavior\BuildLiteBehavior [ RunTime:0.000000s ]
INFO: [ app_init ] --END-- [ RunTime:0.000000s ]
INFO: [ app_begin ] --START--
INFO: Run Behavior\ReadHtmlCacheBehavior [ RunTime:0.001000s ]
INFO: [ app_begin ] --END-- [ RunTime:0.001000s ]
ERR: 无法加载控制器:Farm

[ 2017-04-17T18:10:16+08:00 ] ::1 /PersonalGarden/index.php/Home/Hello/test
INFO: [ app_init ] --START--
INFO: Run Behavior\BuildLiteBehavior [ RunTime:0.000000s ]
INFO: [ app_init ] --END-- [ RunTime:0.001001s ]
INFO: [ app_begin ] --START--
INFO: Run Behavior\ReadHtmlCacheBehavior [ RunTime:0.000000s ]
INFO: [ app_begin ] --END-- [ RunTime:0.000000s ]
SQL: select * from admin [ RunTime:0.0540s ]

[ 2017-04-17T18:10:51+08:00 ] ::1 /PersonalGarden/index.php/Home/Hello/test
INFO: [ app_init ] --START--
INFO: Run Behavior\BuildLiteBehavior [ RunTime:0.000000s ]
INFO: [ app_init ] --END-- [ RunTime:0.001000s ]
INFO: [ app_begin ] --START--
INFO: Run Behavior\ReadHtmlCacheBehavior [ RunTime:0.001000s ]
INFO: [ app_begin ] --END-- [ RunTime:0.001000s ]
SQL: select * from admin [ RunTime:0.0550s ]

[ 2017-04-17T18:11:03+08:00 ] ::1 /PersonalGarden/index.php/Home/Hello/test
INFO: [ app_init ] --START--
INFO: Run Behavior\BuildLiteBehavior [ RunTime:0.000000s ]
INFO: [ app_init ] --END-- [ RunTime:0.002001s ]
INFO: [ app_begin ] --START--
INFO: Run Behavior\ReadHtmlCacheBehavior [ RunTime:0.003000s ]
INFO: [ app_begin ] --END-- [ RunTime:0.003000s ]
SQL: select * from admin [ RunTime:0.0550s ]

[ 2017-04-17T18:11:52+08:00 ] ::1 /PersonalGarden/index.php/Home/Farm/get_farm
INFO: [ app_init ] --START--
INFO: Run Behavior\BuildLiteBehavior [ RunTime:0.000000s ]
INFO: [ app_init ] --END-- [ RunTime:0.000000s ]
INFO: [ app_begin ] --START--
INFO: Run Behavior\ReadHtmlCacheBehavior [ RunTime:0.001000s ]
INFO: [ app_begin ] --END-- [ RunTime:0.001000s ]
ERR: 无法加载控制器:Farm

[ 2017-04-17T18:12:45+08:00 ] ::1 /PersonalGarden/index.php/Home/Farm/get_farm
INFO: [ app_init ] --START--
INFO: Run Behavior\BuildLiteBehavior [ RunTime:0.000000s ]
INFO: [ app_init ] --END-- [ RunTime:0.001000s ]
INFO: [ app_begin ] --START--
INFO: Run Behavior\ReadHtmlCacheBehavior [ RunTime:0.001000s ]
INFO: [ app_begin ] --END-- [ RunTime:0.001000s ]
ERR: 无法加载控制器:Farm

[ 2017-04-17T18:14:18+08:00 ] ::1 /PersonalGarden/index.php/Home/Farm/get_farm
INFO: [ app_init ] --START--
INFO: Run Behavior\BuildLiteBehavior [ RunTime:0.000000s ]
INFO: [ app_init ] --END-- [ RunTime:0.001000s ]
INFO: [ app_begin ] --START--
INFO: Run Behavior\ReadHtmlCacheBehavior [ RunTime:0.002000s ]
INFO: [ app_begin ] --END-- [ RunTime:0.002000s ]
ERR: 无法加载控制器:Farm

[ 2017-04-17T18:14:20+08:00 ] ::1 /PersonalGarden/index.php/Home/Farm/get_farm
INFO: [ app_init ] --START--
INFO: Run Behavior\BuildLiteBehavior [ RunTime:0.000000s ]
INFO: [ app_init ] --END-- [ RunTime:0.001000s ]
INFO: [ app_begin ] --START--
INFO: Run Behavior\ReadHtmlCacheBehavior [ RunTime:0.002000s ]
INFO: [ app_begin ] --END-- [ RunTime:0.002000s ]
ERR: 无法加载控制器:Farm

[ 2017-04-17T18:15:25+08:00 ] ::1 /PersonalGarden/index.php/Home/Admin/login/token/96e79218965eb72c92a549dd5a330112
INFO: [ app_init ] --START--
INFO: Run Behavior\BuildLiteBehavior [ RunTime:0.000000s ]
INFO: [ app_init ] --END-- [ RunTime:0.001000s ]
INFO: [ app_begin ] --START--
INFO: Run Behavior\ReadHtmlCacheBehavior [ RunTime:0.001000s ]
INFO: [ app_begin ] --END-- [ RunTime:0.001000s ]
SQL: select * from admin where token='96e79218965eb72c92a549dd5a330112' [ RunTime:0.2000s ]

[ 2017-04-17T18:15:54+08:00 ] ::1 /PersonalGarden/index.php/Home/Admin/login/token/96e79218965eb72c92a549dd5a330112
INFO: [ app_init ] --START--
INFO: Run Behavior\BuildLiteBehavior [ RunTime:0.001000s ]
INFO: [ app_init ] --END-- [ RunTime:0.001000s ]
INFO: [ app_begin ] --START--
INFO: Run Behavior\ReadHtmlCacheBehavior [ RunTime:0.001000s ]
INFO: [ app_begin ] --END-- [ RunTime:0.001000s ]
SQL: select * from admin where token='96e79218965eb72c92a549dd5a330112' [ RunTime:0.0570s ]

[ 2017-04-17T18:16:07+08:00 ] ::1 /PersonalGarden/index.php/Home/Farm/get_farm
INFO: [ app_init ] --START--
INFO: Run Behavior\BuildLiteBehavior [ RunTime:0.000000s ]
INFO: [ app_init ] --END-- [ RunTime:0.001000s ]
INFO: [ app_begin ] --START--
INFO: Run Behavior\ReadHtmlCacheBehavior [ RunTime:0.001000s ]
INFO: [ app_begin ] --END-- [ RunTime:0.001000s ]
ERR: 无法加载控制器:Farm

[ 2017-04-17T18:24:33+08:00 ] ::1 /PersonalGarden/index.php/Home/Farm/get_farm
INFO: [ app_init ] --START--
INFO: Run Behavior\BuildLiteBehavior [ RunTime:0.000000s ]
INFO: [ app_init ] --END-- [ RunTime:0.001000s ]
INFO: [ app_begin ] --START--
INFO: Run Behavior\ReadHtmlCacheBehavior [ RunTime:0.002000s ]
INFO: [ app_begin ] --END-- [ RunTime:0.002000s ]
SQL: select * from farm [ RunTime:0.0500s ]

[ 2017-04-17T18:24:51+08:00 ] ::1 /PersonalGarden/index.php/Home/Farm/get_farm
INFO: [ app_init ] --START--
INFO: Run Behavior\BuildLiteBehavior [ RunTime:0.000000s ]
INFO: [ app_init ] --END-- [ RunTime:0.001000s ]
INFO: [ app_begin ] --START--
INFO: Run Behavior\ReadHtmlCacheBehavior [ RunTime:0.000000s ]
INFO: [ app_begin ] --END-- [ RunTime:0.001000s ]
SQL: select * from farm [ RunTime:0.0490s ]

[ 2017-04-17T18:25:20+08:00 ] ::1 /PersonalGarden/index.php/Home/Farm/get_farm
INFO: [ app_init ] --START--
INFO: Run Behavior\BuildLiteBehavior [ RunTime:0.000000s ]
INFO: [ app_init ] --END-- [ RunTime:0.001000s ]
INFO: [ app_begin ] --START--
INFO: Run Behavior\ReadHtmlCacheBehavior [ RunTime:0.001000s ]
INFO: [ app_begin ] --END-- [ RunTime:0.001000s ]
SQL: select * from farm [ RunTime:0.0530s ]

[ 2017-04-17T18:25:23+08:00 ] ::1 /PersonalGarden/index.php/Home/Farm/get_farm
INFO: [ app_init ] --START--
INFO: Run Behavior\BuildLiteBehavior [ RunTime:0.000000s ]
INFO: [ app_init ] --END-- [ RunTime:0.000000s ]
INFO: [ app_begin ] --START--
INFO: Run Behavior\ReadHtmlCacheBehavior [ RunTime:0.001000s ]
INFO: [ app_begin ] --END-- [ RunTime:0.001000s ]
SQL: select * from farm [ RunTime:0.0490s ]

[ 2017-04-17T18:26:05+08:00 ] ::1 /PersonalGarden/index.php/Home/Hello/test
INFO: [ app_init ] --START--
INFO: Run Behavior\BuildLiteBehavior [ RunTime:0.000000s ]
INFO: [ app_init ] --END-- [ RunTime:0.001000s ]
INFO: [ app_begin ] --START--
INFO: Run Behavior\ReadHtmlCacheBehavior [ RunTime:0.001000s ]
INFO: [ app_begin ] --END-- [ RunTime:0.002000s ]
SQL: select * from admin [ RunTime:0.0480s ]

[ 2017-04-17T18:27:22+08:00 ] ::1 /PersonalGarden/index.php/Home/Farm/getfarm
INFO: [ app_init ] --START--
INFO: Run Behavior\BuildLiteBehavior [ RunTime:0.000000s ]
INFO: [ app_init ] --END-- [ RunTime:0.001000s ]
INFO: [ app_begin ] --START--
INFO: Run Behavior\ReadHtmlCacheBehavior [ RunTime:0.001000s ]
INFO: [ app_begin ] --END-- [ RunTime:0.001000s ]
INFO: [ app_end ] --START--
INFO: Run Behavior\ShowPageTraceBehavior [ RunTime:0.060003s ]
INFO: [ app_end ] --END-- [ RunTime:0.060003s ]

[ 2017-04-17T18:27:32+08:00 ] ::1 /PersonalGarden/index.php/Home/Farm/get_farm
INFO: [ app_init ] --START--
INFO: Run Behavior\BuildLiteBehavior [ RunTime:0.000000s ]
INFO: [ app_init ] --END-- [ RunTime:0.001001s ]
INFO: [ app_begin ] --START--
INFO: Run Behavior\ReadHtmlCacheBehavior [ RunTime:0.001000s ]
INFO: [ app_begin ] --END-- [ RunTime:0.002000s ]
INFO: [ app_end ] --START--
INFO: Run Behavior\ShowPageTraceBehavior [ RunTime:0.001000s ]
INFO: [ app_end ] --END-- [ RunTime:0.001000s ]

[ 2017-04-17T18:27:41+08:00 ] ::1 /PersonalGarden/index.php/Home/Farm/get_farm
INFO: [ app_init ] --START--
INFO: Run Behavior\BuildLiteBehavior [ RunTime:0.000000s ]
INFO: [ app_init ] --END-- [ RunTime:0.001000s ]
INFO: [ app_begin ] --START--
INFO: Run Behavior\ReadHtmlCacheBehavior [ RunTime:0.001000s ]
INFO: [ app_begin ] --END-- [ RunTime:0.001000s ]
INFO: [ app_end ] --START--
INFO: Run Behavior\ShowPageTraceBehavior [ RunTime:0.001001s ]
INFO: [ app_end ] --END-- [ RunTime:0.001001s ]

[ 2017-04-17T18:28:13+08:00 ] ::1 /PersonalGarden/index.php/Home/Farm/get_farm
INFO: [ app_init ] --START--
INFO: Run Behavior\BuildLiteBehavior [ RunTime:0.000000s ]
INFO: [ app_init ] --END-- [ RunTime:0.001000s ]
INFO: [ app_begin ] --START--
INFO: Run Behavior\ReadHtmlCacheBehavior [ RunTime:0.001000s ]
INFO: [ app_begin ] --END-- [ RunTime:0.001000s ]
SQL: select * from farm [ RunTime:0.0570s ]

[ 2017-04-17T18:28:28+08:00 ] ::1 /PersonalGarden/index.php/Home/Farm/get_farm
INFO: [ app_init ] --START--
INFO: Run Behavior\BuildLiteBehavior [ RunTime:0.000000s ]
INFO: [ app_init ] --END-- [ RunTime:0.001000s ]
INFO: [ app_begin ] --START--
INFO: Run Behavior\ReadHtmlCacheBehavior [ RunTime:0.003001s ]
INFO: [ app_begin ] --END-- [ RunTime:0.003001s ]
SQL: select * from farm [ RunTime:0.0500s ]

[ 2017-04-17T18:29:31+08:00 ] ::1 /PersonalGarden/index.php/Home/Farm/get_farm
INFO: [ app_init ] --START--
INFO: Run Behavior\BuildLiteBehavior [ RunTime:0.000000s ]
INFO: [ app_init ] --END-- [ RunTime:0.001000s ]
INFO: [ app_begin ] --START--
INFO: Run Behavior\ReadHtmlCacheBehavior [ RunTime:0.002001s ]
INFO: [ app_begin ] --END-- [ RunTime:0.003001s ]
SQL: select * from farm [ RunTime:0.0520s ]

[ 2017-04-17T18:30:10+08:00 ] ::1 /PersonalGarden/index.php/Home/Farm/get_farm
INFO: [ app_init ] --START--
INFO: Run Behavior\BuildLiteBehavior [ RunTime:0.000000s ]
INFO: [ app_init ] --END-- [ RunTime:0.002000s ]
INFO: [ app_begin ] --START--
INFO: Run Behavior\ReadHtmlCacheBehavior [ RunTime:0.002001s ]
INFO: [ app_begin ] --END-- [ RunTime:0.002001s ]
SQL: select * from farm [ RunTime:0.0560s ]
NOTIC: [8] Array to string conversion E:\xampp\htdocs\PersonalGarden\Application\Home\Controller\FarmController.class.php 第 21 行.

[ 2017-04-17T18:30:24+08:00 ] ::1 /PersonalGarden/index.php/Home/Farm/get_farm
INFO: [ app_init ] --START--
INFO: Run Behavior\BuildLiteBehavior [ RunTime:0.000000s ]
INFO: [ app_init ] --END-- [ RunTime:0.000000s ]
INFO: [ app_begin ] --START--
INFO: Run Behavior\ReadHtmlCacheBehavior [ RunTime:0.001000s ]
INFO: [ app_begin ] --END-- [ RunTime:0.001000s ]
SQL: select * from farm [ RunTime:0.0470s ]

[ 2017-04-17T18:30:35+08:00 ] ::1 /PersonalGarden/index.php/Home/Farm/get_farm
INFO: [ app_init ] --START--
INFO: Run Behavior\BuildLiteBehavior [ RunTime:0.000000s ]
INFO: [ app_init ] --END-- [ RunTime:0.001001s ]
INFO: [ app_begin ] --START--
INFO: Run Behavior\ReadHtmlCacheBehavior [ RunTime:0.001000s ]
INFO: [ app_begin ] --END-- [ RunTime:0.001000s ]
SQL: select * from farm [ RunTime:0.0480s ]

[ 2017-04-17T18:30:37+08:00 ] ::1 /PersonalGarden/index.php/Home/Farm/get_farm
INFO: [ app_init ] --START--
INFO: Run Behavior\BuildLiteBehavior [ RunTime:0.000000s ]
INFO: [ app_init ] --END-- [ RunTime:0.001000s ]
INFO: [ app_begin ] --START--
INFO: Run Behavior\ReadHtmlCacheBehavior [ RunTime:0.001001s ]
INFO: [ app_begin ] --END-- [ RunTime:0.001001s ]
SQL: select * from farm [ RunTime:0.0550s ]

[ 2017-04-17T18:30:40+08:00 ] ::1 /PersonalGarden/index.php/Home/Farm/get_farm
INFO: [ app_init ] --START--
INFO: Run Behavior\BuildLiteBehavior [ RunTime:0.000000s ]
INFO: [ app_init ] --END-- [ RunTime:0.001001s ]
INFO: [ app_begin ] --START--
INFO: Run Behavior\ReadHtmlCacheBehavior [ RunTime:0.001000s ]
INFO: [ app_begin ] --END-- [ RunTime:0.001000s ]
SQL: select * from farm [ RunTime:0.0560s ]

[ 2017-04-17T18:30:44+08:00 ] ::1 /PersonalGarden/index.php/Home/Farm/get_farm
INFO: [ app_init ] --START--
INFO: Run Behavior\BuildLiteBehavior [ RunTime:0.000000s ]
INFO: [ app_init ] --END-- [ RunTime:0.001000s ]
INFO: [ app_begin ] --START--
INFO: Run Behavior\ReadHtmlCacheBehavior [ RunTime:0.001000s ]
INFO: [ app_begin ] --END-- [ RunTime:0.001000s ]
SQL: select * from farm [ RunTime:0.0490s ]

[ 2017-04-17T18:30:53+08:00 ] ::1 /PersonalGarden/index.php/Home/Farm/get_farm
INFO: [ app_init ] --START--
INFO: Run Behavior\BuildLiteBehavior [ RunTime:0.000000s ]
INFO: [ app_init ] --END-- [ RunTime:0.001000s ]
INFO: [ app_begin ] --START--
INFO: Run Behavior\ReadHtmlCacheBehavior [ RunTime:0.001000s ]
INFO: [ app_begin ] --END-- [ RunTime:0.001000s ]
SQL: select * from farm [ RunTime:0.0490s ]

[ 2017-04-17T18:30:57+08:00 ] ::1 /PersonalGarden/index.php/Home/Farm/get_farm
INFO: [ app_init ] --START--
INFO: Run Behavior\BuildLiteBehavior [ RunTime:0.000000s ]
INFO: [ app_init ] --END-- [ RunTime:0.001000s ]
INFO: [ app_begin ] --START--
INFO: Run Behavior\ReadHtmlCacheBehavior [ RunTime:0.001000s ]
INFO: [ app_begin ] --END-- [ RunTime:0.001000s ]
SQL: select * from farm [ RunTime:0.0500s ]

[ 2017-04-17T18:32:05+08:00 ] ::1 /PersonalGarden/index.php/Home/Farm/get_farm
INFO: [ app_init ] --START--
INFO: Run Behavior\BuildLiteBehavior [ RunTime:0.000000s ]
INFO: [ app_init ] --END-- [ RunTime:0.001000s ]
INFO: [ app_begin ] --START--
INFO: Run Behavior\ReadHtmlCacheBehavior [ RunTime:0.003000s ]
INFO: [ app_begin ] --END-- [ RunTime:0.003000s ]
SQL: select * from farm [ RunTime:0.0550s ]

[ 2017-04-17T18:32:07+08:00 ] ::1 /PersonalGarden/index.php/Home/Farm/get_farm
INFO: [ app_init ] --START--
INFO: Run Behavior\BuildLiteBehavior [ RunTime:0.000000s ]
INFO: [ app_init ] --END-- [ RunTime:0.000000s ]
INFO: [ app_begin ] --START--
INFO: Run Behavior\ReadHtmlCacheBehavior [ RunTime:0.001000s ]
INFO: [ app_begin ] --END-- [ RunTime:0.001000s ]
SQL: select * from farm [ RunTime:0.0480s ]

[ 2017-04-17T18:32:10+08:00 ] ::1 /PersonalGarden/index.php/Home/Farm/get_farm
INFO: [ app_init ] --START--
INFO: Run Behavior\BuildLiteBehavior [ RunTime:0.000000s ]
INFO: [ app_init ] --END-- [ RunTime:0.002000s ]
INFO: [ app_begin ] --START--
INFO: Run Behavior\ReadHtmlCacheBehavior [ RunTime:0.001000s ]
INFO: [ app_begin ] --END-- [ RunTime:0.001000s ]
SQL: select * from farm [ RunTime:0.0490s ]

[ 2017-04-17T18:32:53+08:00 ] ::1 /PersonalGarden/index.php/Home/Farm/get_farm
INFO: [ app_init ] --START--
INFO: Run Behavior\BuildLiteBehavior [ RunTime:0.000000s ]
INFO: [ app_init ] --END-- [ RunTime:0.002000s ]
INFO: [ app_begin ] --START--
INFO: Run Behavior\ReadHtmlCacheBehavior [ RunTime:0.003001s ]
INFO: [ app_begin ] --END-- [ RunTime:0.003001s ]
SQL: select * from farm [ RunTime:0.0570s ]

[ 2017-04-17T18:33:08+08:00 ] ::1 /PersonalGarden/index.php/Home/Farm/get_farm
INFO: [ app_init ] --START--
INFO: Run Behavior\BuildLiteBehavior [ RunTime:0.000000s ]
INFO: [ app_init ] --END-- [ RunTime:0.002000s ]
INFO: [ app_begin ] --START--
INFO: Run Behavior\ReadHtmlCacheBehavior [ RunTime:0.001000s ]
INFO: [ app_begin ] --END-- [ RunTime:0.002000s ]
SQL: select * from farm [ RunTime:0.0560s ]

[ 2017-04-17T18:33:57+08:00 ] ::1 /PersonalGarden/index.php/Home/Farm/get_farm
INFO: [ app_init ] --START--
INFO: Run Behavior\BuildLiteBehavior [ RunTime:0.000000s ]
INFO: [ app_init ] --END-- [ RunTime:0.001000s ]
INFO: [ app_begin ] --START--
INFO: Run Behavior\ReadHtmlCacheBehavior [ RunTime:0.001000s ]
INFO: [ app_begin ] --END-- [ RunTime:0.001000s ]
SQL: select * from farm [ RunTime:0.0540s ]

[ 2017-04-17T18:34:21+08:00 ] ::1 /PersonalGarden/index.php/Home/Farm/get_farm
INFO: [ app_init ] --START--
INFO: Run Behavior\BuildLiteBehavior [ RunTime:0.000000s ]
INFO: [ app_init ] --END-- [ RunTime:0.001000s ]
INFO: [ app_begin ] --START--
INFO: Run Behavior\ReadHtmlCacheBehavior [ RunTime:0.001000s ]
INFO: [ app_begin ] --END-- [ RunTime:0.001000s ]
SQL: select * from farm [ RunTime:0.0500s ]

[ 2017-04-17T18:35:38+08:00 ] ::1 /PersonalGarden/index.php/Home/Farm/get_farm
INFO: [ app_init ] --START--
INFO: Run Behavior\BuildLiteBehavior [ RunTime:0.000000s ]
INFO: [ app_init ] --END-- [ RunTime:0.001000s ]
INFO: [ app_begin ] --START--
INFO: Run Behavior\ReadHtmlCacheBehavior [ RunTime:0.000000s ]
INFO: [ app_begin ] --END-- [ RunTime:0.000000s ]
SQL: select * from farm [ RunTime:0.0550s ]

[ 2017-04-17T18:35:50+08:00 ] ::1 /PersonalGarden/index.php/Home/Farm/get_farm
INFO: [ app_init ] --START--
INFO: Run Behavior\BuildLiteBehavior [ RunTime:0.000000s ]
INFO: [ app_init ] --END-- [ RunTime:0.001000s ]
INFO: [ app_begin ] --START--
INFO: Run Behavior\ReadHtmlCacheBehavior [ RunTime:0.002000s ]
INFO: [ app_begin ] --END-- [ RunTime:0.002000s ]
SQL: select * from farm [ RunTime:0.0580s ]

[ 2017-04-17T18:41:10+08:00 ] ::1 /PersonalGarden/index.php/Home/Farm/get_farm
INFO: [ app_init ] --START--
INFO: Run Behavior\BuildLiteBehavior [ RunTime:0.000000s ]
INFO: [ app_init ] --END-- [ RunTime:0.001000s ]
INFO: [ app_begin ] --START--
INFO: Run Behavior\ReadHtmlCacheBehavior [ RunTime:0.002000s ]
INFO: [ app_begin ] --END-- [ RunTime:0.002000s ]
SQL: select * from farm [ RunTime:0.0630s ]

[ 2017-04-17T18:43:11+08:00 ] ::1 /PersonalGarden/index.php/Home/Login/login
INFO: [ app_init ] --START--
INFO: Run Behavior\BuildLiteBehavior [ RunTime:0.000000s ]
INFO: [ app_init ] --END-- [ RunTime:0.001000s ]
INFO: [ app_begin ] --START--
INFO: Run Behavior\ReadHtmlCacheBehavior [ RunTime:0.002000s ]
INFO: [ app_begin ] --END-- [ RunTime:0.002000s ]
NOTIC: [8] A session had already been started - ignoring session_start() E:\xampp\htdocs\PersonalGarden\Application\Home\Controller\LoginController.class.php 第 8 行.
SQL: select * from userinfor where user_phone='18408245117' [ RunTime:0.0468s ]
SQL: update userinfor set login_time='2017-04-17 18:43:11',token='2b75cef81ebd9c278c2613948b70d1b0' where user_phone='18408245117' [ RunTime:0.0780s ]

[ 2017-04-17T18:43:12+08:00 ] ::1 /PersonalGarden/index.php/Home/Login/login/token/2b75cef81ebd9c278c2613948b70d1b0
INFO: [ app_init ] --START--
INFO: Run Behavior\BuildLiteBehavior [ RunTime:0.000000s ]
INFO: [ app_init ] --END-- [ RunTime:0.001000s ]
INFO: [ app_begin ] --START--
INFO: Run Behavior\ReadHtmlCacheBehavior [ RunTime:0.001000s ]
INFO: [ app_begin ] --END-- [ RunTime:0.001000s ]
NOTIC: [8] A session had already been started - ignoring session_start() E:\xampp\htdocs\PersonalGarden\Application\Home\Controller\LoginController.class.php 第 8 行.
SQL: select * from userinfor where token='2b75cef81ebd9c278c2613948b70d1b0' [ RunTime:0.0560s ]

[ 2017-04-17T18:43:20+08:00 ] ::1 /PersonalGarden/index.php/Home/Setting/save/token/2b75cef81ebd9c278c2613948b70d1b0
INFO: [ app_init ] --START--
INFO: Run Behavior\BuildLiteBehavior [ RunTime:0.000000s ]
INFO: [ app_init ] --END-- [ RunTime:0.001000s ]
INFO: [ app_begin ] --START--
INFO: Run Behavior\ReadHtmlCacheBehavior [ RunTime:0.001000s ]
INFO: [ app_begin ] --END-- [ RunTime:0.001000s ]
SQL: update userinfor set nickname='kelseycarl',user_phone='18408245117',user_addr='四川省绵阳市游仙区' where token='2b75cef81ebd9c278c2613948b70d1b0' [ RunTime:0.0510s ]

[ 2017-04-17T18:43:21+08:00 ] ::1 /PersonalGarden/index.php/Home/Login/login/token/2b75cef81ebd9c278c2613948b70d1b0
INFO: [ app_init ] --START--
INFO: Run Behavior\BuildLiteBehavior [ RunTime:0.000000s ]
INFO: [ app_init ] --END-- [ RunTime:0.001000s ]
INFO: [ app_begin ] --START--
INFO: Run Behavior\ReadHtmlCacheBehavior [ RunTime:0.001000s ]
INFO: [ app_begin ] --END-- [ RunTime:0.001000s ]
NOTIC: [8] A session had already been started - ignoring session_start() E:\xampp\htdocs\PersonalGarden\Application\Home\Controller\LoginController.class.php 第 8 行.
SQL: select * from userinfor where token='2b75cef81ebd9c278c2613948b70d1b0' [ RunTime:0.0480s ]

[ 2017-04-17T20:53:43+08:00 ] ::1 /PersonalGarden/index.php/Home/Farm/get_farm
INFO: [ app_init ] --START--
INFO: Run Behavior\BuildLiteBehavior [ RunTime:0.000000s ]
INFO: [ app_init ] --END-- [ RunTime:0.002000s ]
INFO: [ app_begin ] --START--
INFO: Run Behavior\ReadHtmlCacheBehavior [ RunTime:0.004000s ]
INFO: [ app_begin ] --END-- [ RunTime:0.004000s ]
SQL: select * from farm [ RunTime:0.0550s ]

[ 2017-04-17T20:53:45+08:00 ] ::1 /PersonalGarden/index.php/Home/Admin/login/token/c20ad4d76fe97759aa27a0c99bff6710
INFO: [ app_init ] --START--
INFO: Run Behavior\BuildLiteBehavior [ RunTime:0.000000s ]
INFO: [ app_init ] --END-- [ RunTime:0.002000s ]
INFO: [ app_begin ] --START--
INFO: Run Behavior\ReadHtmlCacheBehavior [ RunTime:0.002000s ]
INFO: [ app_begin ] --END-- [ RunTime:0.002000s ]
SQL: select * from admin where token='c20ad4d76fe97759aa27a0c99bff6710' [ RunTime:0.0550s ]

[ 2017-04-17T21:06:18+08:00 ] ::1 /PersonalGarden/index.php/Home/Farm/get_farm
INFO: [ app_init ] --START--
INFO: Run Behavior\BuildLiteBehavior [ RunTime:0.000000s ]
INFO: [ app_init ] --END-- [ RunTime:0.001000s ]
INFO: [ app_begin ] --START--
INFO: Run Behavior\ReadHtmlCacheBehavior [ RunTime:0.003000s ]
INFO: [ app_begin ] --END-- [ RunTime:0.003000s ]
SQL: select * from farm [ RunTime:0.0700s ]

[ 2017-04-17T21:45:28+08:00 ] ::1 /PersonalGarden/index.php/Home/Farm/get_farm
INFO: [ app_init ] --START--
INFO: Run Behavior\BuildLiteBehavior [ RunTime:0.000000s ]
INFO: [ app_init ] --END-- [ RunTime:0.001000s ]
INFO: [ app_begin ] --START--
INFO: Run Behavior\ReadHtmlCacheBehavior [ RunTime:0.031002s ]
INFO: [ app_begin ] --END-- [ RunTime:0.031002s ]
SQL: select * from farm [ RunTime:0.0590s ]

[ 2017-04-17T21:45:48+08:00 ] ::1 /PersonalGarden/index.php/Home/Farm/get_farm
INFO: [ app_init ] --START--
INFO: Run Behavior\BuildLiteBehavior [ RunTime:0.000000s ]
INFO: [ app_init ] --END-- [ RunTime:0.002000s ]
INFO: [ app_begin ] --START--
INFO: Run Behavior\ReadHtmlCacheBehavior [ RunTime:0.003000s ]
INFO: [ app_begin ] --END-- [ RunTime:0.003000s ]
SQL: select * from farm [ RunTime:0.0560s ]

[ 2017-04-17T21:49:10+08:00 ] ::1 /PersonalGarden/index.php/Home/Farm/get_farm
INFO: [ app_init ] --START--
INFO: Run Behavior\BuildLiteBehavior [ RunTime:0.000000s ]
INFO: [ app_init ] --END-- [ RunTime:0.001000s ]
INFO: [ app_begin ] --START--
INFO: Run Behavior\ReadHtmlCacheBehavior [ RunTime:0.005000s ]
INFO: [ app_begin ] --END-- [ RunTime:0.005000s ]
SQL: select * from farm [ RunTime:0.0500s ]

[ 2017-04-17T21:49:25+08:00 ] ::1 /PersonalGarden/index.php/Home/Farm/get_farm
INFO: [ app_init ] --START--
INFO: Run Behavior\BuildLiteBehavior [ RunTime:0.000000s ]
INFO: [ app_init ] --END-- [ RunTime:0.001000s ]
INFO: [ app_begin ] --START--
INFO: Run Behavior\ReadHtmlCacheBehavior [ RunTime:0.002000s ]
INFO: [ app_begin ] --END-- [ RunTime:0.002000s ]
SQL: select * from farm [ RunTime:0.0570s ]

[ 2017-04-17T21:50:10+08:00 ] ::1 /PersonalGarden/index.php/Home/Farm/get_farm
INFO: [ app_init ] --START--
INFO: Run Behavior\BuildLiteBehavior [ RunTime:0.000000s ]
INFO: [ app_init ] --END-- [ RunTime:0.001000s ]
INFO: [ app_begin ] --START--
INFO: Run Behavior\ReadHtmlCacheBehavior [ RunTime:0.003000s ]
INFO: [ app_begin ] --END-- [ RunTime:0.003000s ]
SQL: select * from farm [ RunTime:0.0500s ]

[ 2017-04-17T21:57:13+08:00 ] ::1 /PersonalGarden/index.php/Home/Farm/get_farm
INFO: [ app_init ] --START--
INFO: Run Behavior\BuildLiteBehavior [ RunTime:0.000000s ]
INFO: [ app_init ] --END-- [ RunTime:0.001001s ]
INFO: [ app_begin ] --START--
INFO: Run Behavior\ReadHtmlCacheBehavior [ RunTime:0.002000s ]
INFO: [ app_begin ] --END-- [ RunTime:0.002000s ]
SQL: select * from farm [ RunTime:0.0600s ]

[ 2017-04-17T21:58:22+08:00 ] ::1 /PersonalGarden/index.php/Home/Farm/get_farm
INFO: [ app_init ] --START--
INFO: Run Behavior\BuildLiteBehavior [ RunTime:0.000000s ]
INFO: [ app_init ] --END-- [ RunTime:0.001000s ]
INFO: [ app_begin ] --START--
INFO: Run Behavior\ReadHtmlCacheBehavior [ RunTime:0.002000s ]
INFO: [ app_begin ] --END-- [ RunTime:0.003000s ]
SQL: select * from farm [ RunTime:0.0510s ]

[ 2017-04-17T21:59:05+08:00 ] ::1 /PersonalGarden/index.php/Home/Farm/get_farm
INFO: [ app_init ] --START--
INFO: Run Behavior\BuildLiteBehavior [ RunTime:0.000000s ]
INFO: [ app_init ] --END-- [ RunTime:0.003000s ]
INFO: [ app_begin ] --START--
INFO: Run Behavior\ReadHtmlCacheBehavior [ RunTime:0.003000s ]
INFO: [ app_begin ] --END-- [ RunTime:0.003000s ]
SQL: select * from farm [ RunTime:0.0600s ]

[ 2017-04-17T21:59:44+08:00 ] ::1 /PersonalGarden/index.php/Home/Farm/get_farm
INFO: [ app_init ] --START--
INFO: Run Behavior\BuildLiteBehavior [ RunTime:0.000000s ]
INFO: [ app_init ] --END-- [ RunTime:0.001000s ]
INFO: [ app_begin ] --START--
INFO: Run Behavior\ReadHtmlCacheBehavior [ RunTime:0.002000s ]
INFO: [ app_begin ] --END-- [ RunTime:0.002000s ]
SQL: select * from farm [ RunTime:0.0690s ]

[ 2017-04-17T22:00:41+08:00 ] ::1 /PersonalGarden/index.php/Home/Farm/get_farm
INFO: [ app_init ] --START--
INFO: Run Behavior\BuildLiteBehavior [ RunTime:0.000000s ]
INFO: [ app_init ] --END-- [ RunTime:0.003000s ]
INFO: [ app_begin ] --START--
INFO: Run Behavior\ReadHtmlCacheBehavior [ RunTime:0.005000s ]
INFO: [ app_begin ] --END-- [ RunTime:0.005000s ]
SQL: select * from farm [ RunTime:0.0580s ]

[ 2017-04-17T22:01:01+08:00 ] ::1 /PersonalGarden/index.php/Home/Farm/get_farm
INFO: [ app_init ] --START--
INFO: Run Behavior\BuildLiteBehavior [ RunTime:0.000000s ]
INFO: [ app_init ] --END-- [ RunTime:0.002000s ]
INFO: [ app_begin ] --START--
INFO: Run Behavior\ReadHtmlCacheBehavior [ RunTime:0.001000s ]
INFO: [ app_begin ] --END-- [ RunTime:0.002000s ]
SQL: select * from farm [ RunTime:0.0500s ]

[ 2017-04-17T22:01:29+08:00 ] ::1 /PersonalGarden/index.php/Home/Farm/get_farm
INFO: [ app_init ] --START--
INFO: Run Behavior\BuildLiteBehavior [ RunTime:0.000000s ]
INFO: [ app_init ] --END-- [ RunTime:0.001000s ]
INFO: [ app_begin ] --START--
INFO: Run Behavior\ReadHtmlCacheBehavior [ RunTime:0.003001s ]
INFO: [ app_begin ] --END-- [ RunTime:0.003001s ]
SQL: select * from farm [ RunTime:0.0550s ]

[ 2017-04-17T22:01:42+08:00 ] ::1 /PersonalGarden/index.php/Home/Farm/get_farm
INFO: [ app_init ] --START--
INFO: Run Behavior\BuildLiteBehavior [ RunTime:0.000000s ]
INFO: [ app_init ] --END-- [ RunTime:0.001000s ]
INFO: [ app_begin ] --START--
INFO: Run Behavior\ReadHtmlCacheBehavior [ RunTime:0.003000s ]
INFO: [ app_begin ] --END-- [ RunTime:0.003000s ]
SQL: select * from farm [ RunTime:0.0550s ]

[ 2017-04-17T22:05:24+08:00 ] ::1 /PersonalGarden/index.php/Home/Farm/get_farm
INFO: [ app_init ] --START--
INFO: Run Behavior\BuildLiteBehavior [ RunTime:0.000000s ]
INFO: [ app_init ] --END-- [ RunTime:0.000000s ]
INFO: [ app_begin ] --START--
INFO: Run Behavior\ReadHtmlCacheBehavior [ RunTime:0.002001s ]
INFO: [ app_begin ] --END-- [ RunTime:0.002001s ]
SQL: select * from farm [ RunTime:0.0550s ]

[ 2017-04-17T22:08:48+08:00 ] ::1 /PersonalGarden/index.php/Home/Login/login/token/2b75cef81ebd9c278c2613948b70d1b0
INFO: [ app_init ] --START--
INFO: Run Behavior\BuildLiteBehavior [ RunTime:0.000000s ]
INFO: [ app_init ] --END-- [ RunTime:0.001000s ]
INFO: [ app_begin ] --START--
INFO: Run Behavior\ReadHtmlCacheBehavior [ RunTime:0.002000s ]
INFO: [ app_begin ] --END-- [ RunTime:0.002000s ]
NOTIC: [8] A session had already been started - ignoring session_start() E:\xampp\htdocs\PersonalGarden\Application\Home\Controller\LoginController.class.php 第 8 行.
SQL: select * from userinfor where token='2b75cef81ebd9c278c2613948b70d1b0' [ RunTime:0.0550s ]

[ 2017-04-17T22:08:57+08:00 ] ::1 /PersonalGarden/index.php/Home/Farm/get_farm
INFO: [ app_init ] --START--
INFO: Run Behavior\BuildLiteBehavior [ RunTime:0.000000s ]
INFO: [ app_init ] --END-- [ RunTime:0.002000s ]
INFO: [ app_begin ] --START--
INFO: Run Behavior\ReadHtmlCacheBehavior [ RunTime:0.001000s ]
INFO: [ app_begin ] --END-- [ RunTime:0.002000s ]
SQL: select * from farm [ RunTime:0.0500s ]

[ 2017-04-17T22:09:35+08:00 ] ::1 /PersonalGarden/index.php/Home/Qiniu/add
INFO: [ app_init ] --START--
INFO: Run Behavior\BuildLiteBehavior [ RunTime:0.000000s ]
INFO: [ app_init ] --END-- [ RunTime:0.002000s ]
INFO: [ app_begin ] --START--
INFO: Run Behavior\ReadHtmlCacheBehavior [ RunTime:0.003000s ]
INFO: [ app_begin ] --END-- [ RunTime:0.004001s ]
INFO: [ view_parse ] --START--
INFO: [ template_filter ] --START--
INFO: Run Behavior\ContentReplaceBehavior [ RunTime:0.092006s ]
INFO: [ template_filter ] --END-- [ RunTime:0.093006s ]
INFO: Run Behavior\ParseTemplateBehavior [ RunTime:0.169010s ]
INFO: [ view_parse ] --END-- [ RunTime:0.169010s ]
INFO: [ view_filter ] --START--
INFO: Run Behavior\WriteHtmlCacheBehavior [ RunTime:0.012001s ]
INFO: [ view_filter ] --END-- [ RunTime:0.012001s ]
INFO: [ app_end ] --START--
INFO: Run Behavior\ShowPageTraceBehavior [ RunTime:0.004000s ]
INFO: [ app_end ] --END-- [ RunTime:0.005000s ]

[ 2017-04-17T22:09:38+08:00 ] ::1 /PersonalGarden/index.php/Home/Qiniu/add
INFO: [ app_init ] --START--
INFO: Run Behavior\BuildLiteBehavior [ RunTime:0.000000s ]
INFO: [ app_init ] --END-- [ RunTime:0.001000s ]
INFO: [ app_begin ] --START--
INFO: Run Behavior\ReadHtmlCacheBehavior [ RunTime:0.001000s ]
INFO: [ app_begin ] --END-- [ RunTime:0.001000s ]
INFO: [ view_parse ] --START--
INFO: [ template_filter ] --START--
INFO: Run Behavior\ContentReplaceBehavior [ RunTime:0.000000s ]
INFO: [ template_filter ] --END-- [ RunTime:0.001000s ]
INFO: Run Behavior\ParseTemplateBehavior [ RunTime:0.009001s ]
INFO: [ view_parse ] --END-- [ RunTime:0.009001s ]
INFO: [ view_filter ] --START--
INFO: Run Behavior\WriteHtmlCacheBehavior [ RunTime:0.001000s ]
INFO: [ view_filter ] --END-- [ RunTime:0.001000s ]
INFO: [ app_end ] --START--
INFO: Run Behavior\ShowPageTraceBehavior [ RunTime:0.001000s ]
INFO: [ app_end ] --END-- [ RunTime:0.001000s ]

[ 2017-04-17T22:10:35+08:00 ] ::1 /PersonalGarden/index.php/Home/Qiniu/add
INFO: [ app_init ] --START--
INFO: Run Behavior\BuildLiteBehavior [ RunTime:0.000000s ]
INFO: [ app_init ] --END-- [ RunTime:0.001000s ]
INFO: [ app_begin ] --START--
INFO: Run Behavior\ReadHtmlCacheBehavior [ RunTime:0.001000s ]
INFO: [ app_begin ] --END-- [ RunTime:0.001000s ]
INFO: [ view_parse ] --START--
INFO: [ template_filter ] --START--
INFO: Run Behavior\ContentReplaceBehavior [ RunTime:0.000000s ]
INFO: [ template_filter ] --END-- [ RunTime:0.000000s ]
INFO: Run Behavior\ParseTemplateBehavior [ RunTime:0.014001s ]
INFO: [ view_parse ] --END-- [ RunTime:0.014001s ]
INFO: [ view_filter ] --START--
INFO: Run Behavior\WriteHtmlCacheBehavior [ RunTime:0.001000s ]
INFO: [ view_filter ] --END-- [ RunTime:0.001000s ]
INFO: [ app_end ] --START--
INFO: Run Behavior\ShowPageTraceBehavior [ RunTime:0.002000s ]
INFO: [ app_end ] --END-- [ RunTime:0.002000s ]

[ 2017-04-17T22:10:53+08:00 ] ::1 /PersonalGarden/index.php/Home/Qiniu/upload2
INFO: [ app_init ] --START--
INFO: Run Behavior\BuildLiteBehavior [ RunTime:0.000000s ]
INFO: [ app_init ] --END-- [ RunTime:0.002000s ]
INFO: [ app_begin ] --START--
INFO: Run Behavior\ReadHtmlCacheBehavior [ RunTime:0.001000s ]
INFO: [ app_begin ] --END-- [ RunTime:0.002000s ]
INFO: [ app_end ] --START--
INFO: Run Behavior\ShowPageTraceBehavior [ RunTime:0.002000s ]
INFO: [ app_end ] --END-- [ RunTime:0.002000s ]

[ 2017-04-17T22:11:25+08:00 ] ::1 /PersonalGarden/index.php/Home/Farm/get_farm
INFO: [ app_init ] --START--
INFO: Run Behavior\BuildLiteBehavior [ RunTime:0.000000s ]
INFO: [ app_init ] --END-- [ RunTime:0.001000s ]
INFO: [ app_begin ] --START--
INFO: Run Behavior\ReadHtmlCacheBehavior [ RunTime:0.002001s ]
INFO: [ app_begin ] --END-- [ RunTime:0.002001s ]
SQL: select * from farm [ RunTime:0.0500s ]

[ 2017-04-17T22:11:45+08:00 ] ::1 /PersonalGarden/index.php/Home/Qiniu/upload2
INFO: [ app_init ] --START--
INFO: Run Behavior\BuildLiteBehavior [ RunTime:0.000000s ]
INFO: [ app_init ] --END-- [ RunTime:0.000000s ]
INFO: [ app_begin ] --START--
INFO: Run Behavior\ReadHtmlCacheBehavior [ RunTime:0.001000s ]
INFO: [ app_begin ] --END-- [ RunTime:0.002001s ]
INFO: [ app_end ] --START--
INFO: Run Behavior\ShowPageTraceBehavior [ RunTime:0.002000s ]
INFO: [ app_end ] --END-- [ RunTime:0.002000s ]

[ 2017-04-17T22:11:53+08:00 ] ::1 /PersonalGarden/index.php/Home/Qiniu/upload2
INFO: [ app_init ] --START--
INFO: Run Behavior\BuildLiteBehavior [ RunTime:0.000000s ]
INFO: [ app_init ] --END-- [ RunTime:0.002000s ]
INFO: [ app_begin ] --START--
INFO: Run Behavior\ReadHtmlCacheBehavior [ RunTime:0.002000s ]
INFO: [ app_begin ] --END-- [ RunTime:0.002000s ]
INFO: [ app_end ] --START--
INFO: Run Behavior\ShowPageTraceBehavior [ RunTime:0.002000s ]
INFO: [ app_end ] --END-- [ RunTime:0.002000s ]

[ 2017-04-17T22:12:34+08:00 ] ::1 /PersonalGarden/index.php/Home/Farm/get_farm
INFO: [ app_init ] --START--
INFO: Run Behavior\BuildLiteBehavior [ RunTime:0.001000s ]
INFO: [ app_init ] --END-- [ RunTime:0.001000s ]
INFO: [ app_begin ] --START--
INFO: Run Behavior\ReadHtmlCacheBehavior [ RunTime:0.003000s ]
INFO: [ app_begin ] --END-- [ RunTime:0.003000s ]
SQL: select * from farm [ RunTime:0.0530s ]

[ 2017-04-17T22:16:01+08:00 ] ::1 /PersonalGarden/index.php/Home/Farm/get_farm
INFO: [ app_init ] --START--
INFO: Run Behavior\BuildLiteBehavior [ RunTime:0.000000s ]
INFO: [ app_init ] --END-- [ RunTime:0.001000s ]
INFO: [ app_begin ] --START--
INFO: Run Behavior\ReadHtmlCacheBehavior [ RunTime:0.001000s ]
INFO: [ app_begin ] --END-- [ RunTime:0.001000s ]
SQL: select * from farm [ RunTime:0.0640s ]

[ 2017-04-17T22:20:35+08:00 ] ::1 /PersonalGarden/index.php/Home/Farm/get_farm
INFO: [ app_init ] --START--
INFO: Run Behavior\BuildLiteBehavior [ RunTime:0.000000s ]
INFO: [ app_init ] --END-- [ RunTime:0.001000s ]
INFO: [ app_begin ] --START--
INFO: Run Behavior\ReadHtmlCacheBehavior [ RunTime:0.002000s ]
INFO: [ app_begin ] --END-- [ RunTime:0.002000s ]
SQL: select * from farm [ RunTime:0.0560s ]

[ 2017-04-17T22:21:49+08:00 ] ::1 /PersonalGarden/index.php/Home/Farm/get_farm
INFO: [ app_init ] --START--
INFO: Run Behavior\BuildLiteBehavior [ RunTime:0.000000s ]
INFO: [ app_init ] --END-- [ RunTime:0.001000s ]
INFO: [ app_begin ] --START--
INFO: Run Behavior\ReadHtmlCacheBehavior [ RunTime:0.002000s ]
INFO: [ app_begin ] --END-- [ RunTime:0.003000s ]
SQL: select * from farm [ RunTime:0.0510s ]

[ 2017-04-17T22:41:54+08:00 ] ::1 /PersonalGarden/index.php/Home/Farm/my_soil
INFO: [ app_init ] --START--
INFO: Run Behavior\BuildLiteBehavior [ RunTime:0.000000s ]
INFO: [ app_init ] --END-- [ RunTime:0.001000s ]
INFO: [ app_begin ] --START--
INFO: Run Behavior\ReadHtmlCacheBehavior [ RunTime:0.002001s ]
INFO: [ app_begin ] --END-- [ RunTime:0.002001s ]
ERR: 参数错误或者未定义:token

[ 2017-04-17T22:42:13+08:00 ] ::1 /PersonalGarden/index.php/Home/Farm/my_soil/token/8cbfacea76e34f6bf956afb40fc8e384
INFO: [ app_init ] --START--
INFO: Run Behavior\BuildLiteBehavior [ RunTime:0.000000s ]
INFO: [ app_init ] --END-- [ RunTime:0.001000s ]
INFO: [ app_begin ] --START--
INFO: Run Behavior\ReadHtmlCacheBehavior [ RunTime:0.002000s ]
INFO: [ app_begin ] --END-- [ RunTime:0.002000s ]
SQL: select * from soil where rent_to_who='8cbfacea76e34f6bf956afb40fc8e384' [ RunTime:0.0490s ]

[ 2017-04-17T22:42:17+08:00 ] ::1 /PersonalGarden/index.php/Home/Farm/my_soil/token/8cbfacea76e34f6bf956afb40fc8e384
INFO: [ app_init ] --START--
INFO: Run Behavior\BuildLiteBehavior [ RunTime:0.000000s ]
INFO: [ app_init ] --END-- [ RunTime:0.001000s ]
INFO: [ app_begin ] --START--
INFO: Run Behavior\ReadHtmlCacheBehavior [ RunTime:0.003000s ]
INFO: [ app_begin ] --END-- [ RunTime:0.003000s ]
SQL: select * from soil where rent_to_who='8cbfacea76e34f6bf956afb40fc8e384' [ RunTime:0.0480s ]

[ 2017-04-17T22:43:44+08:00 ] ::1 /PersonalGarden/index.php/Home/Farm/my_soil/token/8cbfacea76e34f6bf956afb40fc8e384
INFO: [ app_init ] --START--
INFO: Run Behavior\BuildLiteBehavior [ RunTime:0.000000s ]
INFO: [ app_init ] --END-- [ RunTime:0.001000s ]
INFO: [ app_begin ] --START--
INFO: Run Behavior\ReadHtmlCacheBehavior [ RunTime:0.001000s ]
INFO: [ app_begin ] --END-- [ RunTime:0.001000s ]
SQL: select * from soil where rent_to_who='8cbfacea76e34f6bf956afb40fc8e384' [ RunTime:0.0470s ]

[ 2017-04-17T22:45:09+08:00 ] ::1 /PersonalGarden/index.php/Home/Farm/my_soil/token/8cbfacea76e34f6bf956afb40fc8e384
INFO: [ app_init ] --START--
INFO: Run Behavior\BuildLiteBehavior [ RunTime:0.000000s ]
INFO: [ app_init ] --END-- [ RunTime:0.000000s ]
INFO: [ app_begin ] --START--
INFO: Run Behavior\ReadHtmlCacheBehavior [ RunTime:0.001000s ]
INFO: [ app_begin ] --END-- [ RunTime:0.002000s ]
SQL: select * from soil where rent_to_who='8cbfacea76e34f6bf956afb40fc8e384' [ RunTime:0.0540s ]

[ 2017-04-17T22:47:37+08:00 ] ::1 /PersonalGarden/index.php/Home/Farm/my_soil/token/8cbfacea76e34f6bf956afb40fc8e384
INFO: [ app_init ] --START--
INFO: Run Behavior\BuildLiteBehavior [ RunTime:0.001000s ]
INFO: [ app_init ] --END-- [ RunTime:0.003000s ]
INFO: [ app_begin ] --START--
INFO: Run Behavior\ReadHtmlCacheBehavior [ RunTime:0.001000s ]
INFO: [ app_begin ] --END-- [ RunTime:0.001000s ]
SQL: select * from soil where rent_to_who='8cbfacea76e34f6bf956afb40fc8e384' [ RunTime:0.0560s ]

[ 2017-04-17T22:54:55+08:00 ] ::1 /PersonalGarden/index.php/Home/Farm/my_soil/token/8cbfacea76e34f6bf956afb40fc8e384
INFO: [ app_init ] --START--
INFO: Run Behavior\BuildLiteBehavior [ RunTime:0.000000s ]
INFO: [ app_init ] --END-- [ RunTime:0.001000s ]
INFO: [ app_begin ] --START--
INFO: Run Behavior\ReadHtmlCacheBehavior [ RunTime:0.001000s ]
INFO: [ app_begin ] --END-- [ RunTime:0.001000s ]
SQL: select * from soil where rent_to_who='8cbfacea76e34f6bf956afb40fc8e384' [ RunTime:0.0560s ]

[ 2017-04-17T22:57:17+08:00 ] ::1 /PersonalGarden/index.php/Home/Farm/my_soil/token/8cbfacea76e34f6bf956afb40fc8e384
INFO: [ app_init ] --START--
INFO: Run Behavior\BuildLiteBehavior [ RunTime:0.000000s ]
INFO: [ app_init ] --END-- [ RunTime:0.001000s ]
INFO: [ app_begin ] --START--
INFO: Run Behavior\ReadHtmlCacheBehavior [ RunTime:0.002000s ]
INFO: [ app_begin ] --END-- [ RunTime:0.002000s ]
SQL: select * from soil where rent_to_who='8cbfacea76e34f6bf956afb40fc8e384' [ RunTime:0.0490s ]
SQL: select nickname from userinfor where token='8cbfacea76e34f6bf956afb40fc8e384' [ RunTime:0.0560s ]
NOTIC: [8] Array to string conversion E:\xampp\htdocs\PersonalGarden\Application\Home\Controller\FarmController.class.php 第 37 行.
NOTIC: [8] Undefined index: nickname E:\xampp\htdocs\PersonalGarden\Application\Home\Controller\FarmController.class.php 第 46 行.
INFO: [ app_end ] --START--
INFO: Run Behavior\ShowPageTraceBehavior [ RunTime:0.002000s ]
INFO: [ app_end ] --END-- [ RunTime:0.002000s ]

[ 2017-04-17T22:57:34+08:00 ] ::1 /PersonalGarden/index.php/Home/Farm/my_soil/token/8cbfacea76e34f6bf956afb40fc8e384
INFO: [ app_init ] --START--
INFO: Run Behavior\BuildLiteBehavior [ RunTime:0.000000s ]
INFO: [ app_init ] --END-- [ RunTime:0.001000s ]
INFO: [ app_begin ] --START--
INFO: Run Behavior\ReadHtmlCacheBehavior [ RunTime:0.001000s ]
INFO: [ app_begin ] --END-- [ RunTime:0.001000s ]
SQL: select * from soil where rent_to_who='8cbfacea76e34f6bf956afb40fc8e384' [ RunTime:0.0500s ]
SQL: select nickname from userinfor where token='8cbfacea76e34f6bf956afb40fc8e384' [ RunTime:0.0470s ]
NOTIC: [8] Undefined index: nickname E:\xampp\htdocs\PersonalGarden\Application\Home\Controller\FarmController.class.php 第 46 行.
INFO: [ app_end ] --START--
INFO: Run Behavior\ShowPageTraceBehavior [ RunTime:0.002000s ]
INFO: [ app_end ] --END-- [ RunTime:0.002000s ]

[ 2017-04-17T22:57:59+08:00 ] ::1 /PersonalGarden/index.php/Home/Farm/my_soil/token/8cbfacea76e34f6bf956afb40fc8e384
INFO: [ app_init ] --START--
INFO: Run Behavior\BuildLiteBehavior [ RunTime:0.000000s ]
INFO: [ app_init ] --END-- [ RunTime:0.001000s ]
INFO: [ app_begin ] --START--
INFO: Run Behavior\ReadHtmlCacheBehavior [ RunTime:0.001001s ]
INFO: [ app_begin ] --END-- [ RunTime:0.001001s ]
SQL: select * from soil where rent_to_who='8cbfacea76e34f6bf956afb40fc8e384' [ RunTime:0.0490s ]
SQL: select nickname from userinfor where token='8cbfacea76e34f6bf956afb40fc8e384' [ RunTime:0.0470s ]
NOTIC: [8] Undefined index: nickname E:\xampp\htdocs\PersonalGarden\Application\Home\Controller\FarmController.class.php 第 37 行.
NOTIC: [8] Undefined index: nickname E:\xampp\htdocs\PersonalGarden\Application\Home\Controller\FarmController.class.php 第 46 行.
INFO: [ app_end ] --START--
INFO: Run Behavior\ShowPageTraceBehavior [ RunTime:0.001000s ]
INFO: [ app_end ] --END-- [ RunTime:0.001000s ]

[ 2017-04-17T22:58:02+08:00 ] ::1 /PersonalGarden/index.php/Home/Farm/my_soil/token/8cbfacea76e34f6bf956afb40fc8e384
INFO: [ app_init ] --START--
INFO: Run Behavior\BuildLiteBehavior [ RunTime:0.000000s ]
INFO: [ app_init ] --END-- [ RunTime:0.001000s ]
INFO: [ app_begin ] --START--
INFO: Run Behavior\ReadHtmlCacheBehavior [ RunTime:0.001000s ]
INFO: [ app_begin ] --END-- [ RunTime:0.001000s ]
SQL: select * from soil where rent_to_who='8cbfacea76e34f6bf956afb40fc8e384' [ RunTime:0.0560s ]
SQL: select nickname from userinfor where token='8cbfacea76e34f6bf956afb40fc8e384' [ RunTime:0.0610s ]
NOTIC: [8] Undefined index: nickname E:\xampp\htdocs\PersonalGarden\Application\Home\Controller\FarmController.class.php 第 37 行.
NOTIC: [8] Undefined index: nickname E:\xampp\htdocs\PersonalGarden\Application\Home\Controller\FarmController.class.php 第 46 行.
INFO: [ app_end ] --START--
INFO: Run Behavior\ShowPageTraceBehavior [ RunTime:0.003000s ]
INFO: [ app_end ] --END-- [ RunTime:0.003000s ]

[ 2017-04-17T22:58:12+08:00 ] ::1 /PersonalGarden/index.php/Home/Farm/my_soil/token/8cbfacea76e34f6bf956afb40fc8e384
INFO: [ app_init ] --START--
INFO: Run Behavior\BuildLiteBehavior [ RunTime:0.000000s ]
INFO: [ app_init ] --END-- [ RunTime:0.001000s ]
INFO: [ app_begin ] --START--
INFO: Run Behavior\ReadHtmlCacheBehavior [ RunTime:0.003001s ]
INFO: [ app_begin ] --END-- [ RunTime:0.003001s ]
SQL: select * from soil where rent_to_who='8cbfacea76e34f6bf956afb40fc8e384' [ RunTime:0.0510s ]
SQL: select nickname from userinfor where token='8cbfacea76e34f6bf956afb40fc8e384' [ RunTime:0.0470s ]
NOTIC: [8] Undefined index: nickname E:\xampp\htdocs\PersonalGarden\Application\Home\Controller\FarmController.class.php 第 46 行.
INFO: [ app_end ] --START--
INFO: Run Behavior\ShowPageTraceBehavior [ RunTime:0.002000s ]
INFO: [ app_end ] --END-- [ RunTime:0.002000s ]

[ 2017-04-17T23:01:27+08:00 ] ::1 /PersonalGarden/index.php/Home/Farm/my_soil/token/8cbfacea76e34f6bf956afb40fc8e384
INFO: [ app_init ] --START--
INFO: Run Behavior\BuildLiteBehavior [ RunTime:0.000000s ]
INFO: [ app_init ] --END-- [ RunTime:0.002000s ]
INFO: [ app_begin ] --START--
INFO: Run Behavior\ReadHtmlCacheBehavior [ RunTime:0.006001s ]
INFO: [ app_begin ] --END-- [ RunTime:0.006001s ]
SQL: select * from soil where rent_to_who='8cbfacea76e34f6bf956afb40fc8e384' [ RunTime:0.0540s ]
SQL: select nickname from userinfor where token='8cbfacea76e34f6bf956afb40fc8e384' [ RunTime:0.0550s ]
INFO: [ app_end ] --START--
INFO: Run Behavior\ShowPageTraceBehavior [ RunTime:0.002000s ]
INFO: [ app_end ] --END-- [ RunTime:0.002000s ]

[ 2017-04-17T23:01:56+08:00 ] ::1 /PersonalGarden/index.php/Home/Farm/my_soil/token/8cbfacea76e34f6bf956afb40fc8e384
INFO: [ app_init ] --START--
INFO: Run Behavior\BuildLiteBehavior [ RunTime:0.000000s ]
INFO: [ app_init ] --END-- [ RunTime:0.001000s ]
INFO: [ app_begin ] --START--
INFO: Run Behavior\ReadHtmlCacheBehavior [ RunTime:0.003000s ]
INFO: [ app_begin ] --END-- [ RunTime:0.003000s ]
SQL: select * from soil where rent_to_who='8cbfacea76e34f6bf956afb40fc8e384' [ RunTime:0.0500s ]
SQL: select nickname from userinfor where token='8cbfacea76e34f6bf956afb40fc8e384' [ RunTime:0.0480s ]
INFO: [ app_end ] --START--
INFO: Run Behavior\ShowPageTraceBehavior [ RunTime:0.002000s ]
INFO: [ app_end ] --END-- [ RunTime:0.002000s ]

[ 2017-04-17T23:02:10+08:00 ] ::1 /PersonalGarden/index.php/Home/Farm/my_soil/token/8cbfacea76e34f6bf956afb40fc8e384
INFO: [ app_init ] --START--
INFO: Run Behavior\BuildLiteBehavior [ RunTime:0.000000s ]
INFO: [ app_init ] --END-- [ RunTime:0.002000s ]
INFO: [ app_begin ] --START--
INFO: Run Behavior\ReadHtmlCacheBehavior [ RunTime:0.003000s ]
INFO: [ app_begin ] --END-- [ RunTime:0.003000s ]
SQL: select * from soil where rent_to_who='8cbfacea76e34f6bf956afb40fc8e384' [ RunTime:0.0640s ]
SQL: select nickname from userinfor where token='8cbfacea76e34f6bf956afb40fc8e384' [ RunTime:0.0470s ]
INFO: [ app_end ] --START--
INFO: Run Behavior\ShowPageTraceBehavior [ RunTime:0.003000s ]
INFO: [ app_end ] --END-- [ RunTime:0.004000s ]

[ 2017-04-17T23:03:28+08:00 ] ::1 /PersonalGarden/index.php/Home/Farm/my_soil/token/8cbfacea76e34f6bf956afb40fc8e384
INFO: [ app_init ] --START--
INFO: Run Behavior\BuildLiteBehavior [ RunTime:0.000000s ]
INFO: [ app_init ] --END-- [ RunTime:0.001000s ]
INFO: [ app_begin ] --START--
INFO: Run Behavior\ReadHtmlCacheBehavior [ RunTime:0.003000s ]
INFO: [ app_begin ] --END-- [ RunTime:0.003000s ]
SQL: select * from soil where rent_to_who='8cbfacea76e34f6bf956afb40fc8e384' [ RunTime:0.0530s ]
SQL: select nickname from userinfor where token='8cbfacea76e34f6bf956afb40fc8e384' [ RunTime:0.0530s ]
SQL: select farm_name from farm where farm_id='002' [ RunTime:0.0580s ]
NOTIC: [8] Undefined offset: 1 E:\xampp\htdocs\PersonalGarden\Application\Home\Controller\FarmController.class.php 第 44 行.
INFO: [ app_end ] --START--
INFO: Run Behavior\ShowPageTraceBehavior [ RunTime:0.002000s ]
INFO: [ app_end ] --END-- [ RunTime:0.002000s ]

[ 2017-04-17T23:03:31+08:00 ] ::1 /PersonalGarden/index.php/Home/Farm/my_soil/token/8cbfacea76e34f6bf956afb40fc8e384
INFO: [ app_init ] --START--
INFO: Run Behavior\BuildLiteBehavior [ RunTime:0.000000s ]
INFO: [ app_init ] --END-- [ RunTime:0.001000s ]
INFO: [ app_begin ] --START--
INFO: Run Behavior\ReadHtmlCacheBehavior [ RunTime:0.003000s ]
INFO: [ app_begin ] --END-- [ RunTime:0.003000s ]
SQL: select * from soil where rent_to_who='8cbfacea76e34f6bf956afb40fc8e384' [ RunTime:0.0480s ]
SQL: select nickname from userinfor where token='8cbfacea76e34f6bf956afb40fc8e384' [ RunTime:0.0480s ]
SQL: select farm_name from farm where farm_id='002' [ RunTime:0.0500s ]
NOTIC: [8] Undefined offset: 1 E:\xampp\htdocs\PersonalGarden\Application\Home\Controller\FarmController.class.php 第 44 行.
INFO: [ app_end ] --START--
INFO: Run Behavior\ShowPageTraceBehavior [ RunTime:0.002000s ]
INFO: [ app_end ] --END-- [ RunTime:0.002000s ]

[ 2017-04-17T23:06:01+08:00 ] ::1 /PersonalGarden/index.php/Home/Farm/my_soil/token/8cbfacea76e34f6bf956afb40fc8e384
INFO: [ app_init ] --START--
INFO: Run Behavior\BuildLiteBehavior [ RunTime:0.000000s ]
INFO: [ app_init ] --END-- [ RunTime:0.001000s ]
INFO: [ app_begin ] --START--
INFO: Run Behavior\ReadHtmlCacheBehavior [ RunTime:0.002000s ]
INFO: [ app_begin ] --END-- [ RunTime:0.002000s ]
SQL: select * from soil where rent_to_who='8cbfacea76e34f6bf956afb40fc8e384' [ RunTime:0.0540s ]
SQL: select nickname,soil_nums from userinfor where token='8cbfacea76e34f6bf956afb40fc8e384' [ RunTime:0.0540s ]
SQL: select farm_name from farm where farm_id='002' [ RunTime:0.0540s ]
NOTIC: [8] Undefined offset: 1 E:\xampp\htdocs\PersonalGarden\Application\Home\Controller\FarmController.class.php 第 45 行.
INFO: [ app_end ] --START--
INFO: Run Behavior\ShowPageTraceBehavior [ RunTime:0.002000s ]
INFO: [ app_end ] --END-- [ RunTime:0.002000s ]

[ 2017-04-17T23:08:40+08:00 ] ::1 /PersonalGarden/index.php/Home/Farm/my_soil/token/8cbfacea76e34f6bf956afb40fc8e384
INFO: [ app_init ] --START--
INFO: Run Behavior\BuildLiteBehavior [ RunTime:0.000000s ]
INFO: [ app_init ] --END-- [ RunTime:0.002000s ]
INFO: [ app_begin ] --START--
INFO: Run Behavior\ReadHtmlCacheBehavior [ RunTime:0.002000s ]
INFO: [ app_begin ] --END-- [ RunTime:0.002000s ]
SQL: select * from soil where rent_to_who='8cbfacea76e34f6bf956afb40fc8e384' [ RunTime:0.0470s ]
SQL: select nickname,soil_nums from userinfor where token='8cbfacea76e34f6bf956afb40fc8e384' [ RunTime:0.0500s ]
SQL: select farm_name from farm where farm_id='002' [ RunTime:0.0470s ]
SQL: select farm_name from farm where farm_id='001' [ RunTime:0.0470s ]
NOTIC: [8] Undefined offset: 1 E:\xampp\htdocs\PersonalGarden\Application\Home\Controller\FarmController.class.php 第 53 行.

[ 2017-04-17T23:11:15+08:00 ] ::1 /PersonalGarden/index.php/Home/Farm/my_soil/token/8cbfacea76e34f6bf956afb40fc8e384
INFO: [ app_init ] --START--
INFO: Run Behavior\BuildLiteBehavior [ RunTime:0.006000s ]
INFO: [ app_init ] --END-- [ RunTime:0.006000s ]
INFO: [ app_begin ] --START--
INFO: Run Behavior\ReadHtmlCacheBehavior [ RunTime:0.003000s ]
INFO: [ app_begin ] --END-- [ RunTime:0.003000s ]
SQL: select * from soil where rent_to_who='8cbfacea76e34f6bf956afb40fc8e384' [ RunTime:0.0730s ]
SQL: select nickname,soil_nums from userinfor where token='8cbfacea76e34f6bf956afb40fc8e384' [ RunTime:0.0490s ]
SQL: select farm_name from farm where farm_id='002' [ RunTime:0.0570s ]
SQL: select farm_name from farm where farm_id='001' [ RunTime:0.0490s ]
NOTIC: [8] Undefined offset: 1 E:\xampp\htdocs\PersonalGarden\Application\Home\Controller\FarmController.class.php 第 53 行.

[ 2017-04-17T23:11:35+08:00 ] ::1 /PersonalGarden/index.php/Home/Farm/my_soil/token/8cbfacea76e34f6bf956afb40fc8e384
INFO: [ app_init ] --START--
INFO: Run Behavior\BuildLiteBehavior [ RunTime:0.000000s ]
INFO: [ app_init ] --END-- [ RunTime:0.002000s ]
INFO: [ app_begin ] --START--
INFO: Run Behavior\ReadHtmlCacheBehavior [ RunTime:0.002000s ]
INFO: [ app_begin ] --END-- [ RunTime:0.002000s ]
SQL: select * from soil where rent_to_who='8cbfacea76e34f6bf956afb40fc8e384' [ RunTime:0.0550s ]
SQL: select nickname,soil_nums from userinfor where token='8cbfacea76e34f6bf956afb40fc8e384' [ RunTime:0.0540s ]
SQL: select farm_name from farm where farm_id='002' [ RunTime:0.0560s ]
SQL: select farm_name from farm where farm_id='001' [ RunTime:0.0540s ]
NOTIC: [8] Undefined offset: 1 E:\xampp\htdocs\PersonalGarden\Application\Home\Controller\FarmController.class.php 第 52 行.

[ 2017-04-17T23:11:59+08:00 ] ::1 /PersonalGarden/index.php/Home/Farm/my_soil/token/8cbfacea76e34f6bf956afb40fc8e384
INFO: [ app_init ] --START--
INFO: Run Behavior\BuildLiteBehavior [ RunTime:0.000000s ]
INFO: [ app_init ] --END-- [ RunTime:0.000000s ]
INFO: [ app_begin ] --START--
INFO: Run Behavior\ReadHtmlCacheBehavior [ RunTime:0.002000s ]
INFO: [ app_begin ] --END-- [ RunTime:0.002000s ]
SQL: select * from soil where rent_to_who='8cbfacea76e34f6bf956afb40fc8e384' [ RunTime:0.0580s ]
SQL: select nickname,soil_nums from userinfor where token='8cbfacea76e34f6bf956afb40fc8e384' [ RunTime:0.0540s ]
SQL: select farm_name from farm where farm_id='002' [ RunTime:0.0540s ]
SQL: select farm_name from farm where farm_id='001' [ RunTime:0.0540s ]
NOTIC: [8] Undefined offset: 1 E:\xampp\htdocs\PersonalGarden\Application\Home\Controller\FarmController.class.php 第 52 行.

[ 2017-04-17T23:16:07+08:00 ] ::1 /PersonalGarden/index.php/Home/Farm/my_soil/token/8cbfacea76e34f6bf956afb40fc8e384
INFO: [ app_init ] --START--
INFO: Run Behavior\BuildLiteBehavior [ RunTime:0.001000s ]
INFO: [ app_init ] --END-- [ RunTime:0.001000s ]
INFO: [ app_begin ] --START--
INFO: Run Behavior\ReadHtmlCacheBehavior [ RunTime:0.002000s ]
INFO: [ app_begin ] --END-- [ RunTime:0.002000s ]
SQL: select * from soil where rent_to_who='8cbfacea76e34f6bf956afb40fc8e384' [ RunTime:0.0480s ]
SQL: select nickname,soil_nums from userinfor where token='8cbfacea76e34f6bf956afb40fc8e384' [ RunTime:0.0480s ]

[ 2017-04-17T23:16:22+08:00 ] ::1 /PersonalGarden/index.php/Home/Farm/my_soil/token/8cbfacea76e34f6bf956afb40fc8e384
INFO: [ app_init ] --START--
INFO: Run Behavior\BuildLiteBehavior [ RunTime:0.000000s ]
INFO: [ app_init ] --END-- [ RunTime:0.001000s ]
INFO: [ app_begin ] --START--
INFO: Run Behavior\ReadHtmlCacheBehavior [ RunTime:0.002000s ]
INFO: [ app_begin ] --END-- [ RunTime:0.002000s ]
SQL: select * from soil where rent_to_who='8cbfacea76e34f6bf956afb40fc8e384' [ RunTime:0.0550s ]
SQL: select nickname,soil_nums from userinfor where token='8cbfacea76e34f6bf956afb40fc8e384' [ RunTime:0.0540s ]

[ 2017-04-17T23:17:52+08:00 ] ::1 /PersonalGarden/index.php/Home/Farm/my_soil/token/8cbfacea76e34f6bf956afb40fc8e384
INFO: [ app_init ] --START--
INFO: Run Behavior\BuildLiteBehavior [ RunTime:0.000000s ]
INFO: [ app_init ] --END-- [ RunTime:0.001000s ]
INFO: [ app_begin ] --START--
INFO: Run Behavior\ReadHtmlCacheBehavior [ RunTime:0.002000s ]
INFO: [ app_begin ] --END-- [ RunTime:0.002000s ]
SQL: select * from soil where rent_to_who='8cbfacea76e34f6bf956afb40fc8e384' [ RunTime:0.0580s ]
SQL: select nickname,soil_nums from userinfor where token='8cbfacea76e34f6bf956afb40fc8e384' [ RunTime:0.0550s ]

[ 2017-04-17T23:18:20+08:00 ] ::1 /PersonalGarden/index.php/Home/Farm/my_soil/token/8cbfacea76e34f6bf956afb40fc8e384
INFO: [ app_init ] --START--
INFO: Run Behavior\BuildLiteBehavior [ RunTime:0.000000s ]
INFO: [ app_init ] --END-- [ RunTime:0.001001s ]
INFO: [ app_begin ] --START--
INFO: Run Behavior\ReadHtmlCacheBehavior [ RunTime:0.003000s ]
INFO: [ app_begin ] --END-- [ RunTime:0.003000s ]
SQL: select * from soil where rent_to_who='8cbfacea76e34f6bf956afb40fc8e384' [ RunTime:0.0490s ]
SQL: select nickname,soil_nums from userinfor where token='8cbfacea76e34f6bf956afb40fc8e384' [ RunTime:0.0480s ]

[ 2017-04-17T23:18:45+08:00 ] ::1 /PersonalGarden/index.php/Home/Farm/my_soil/token/8cbfacea76e34f6bf956afb40fc8e384
INFO: [ app_init ] --START--
INFO: Run Behavior\BuildLiteBehavior [ RunTime:0.000000s ]
INFO: [ app_init ] --END-- [ RunTime:0.002000s ]
INFO: [ app_begin ] --START--
INFO: Run Behavior\ReadHtmlCacheBehavior [ RunTime:0.003000s ]
INFO: [ app_begin ] --END-- [ RunTime:0.003000s ]
SQL: select * from soil where rent_to_who='8cbfacea76e34f6bf956afb40fc8e384' [ RunTime:0.0550s ]
SQL: select nickname,soil_nums from userinfor where token='8cbfacea76e34f6bf956afb40fc8e384' [ RunTime:0.0540s ]

[ 2017-04-17T23:21:31+08:00 ] ::1 /PersonalGarden/index.php/Home/Farm/my_soil/token/8cbfacea76e34f6bf956afb40fc8e384
INFO: [ app_init ] --START--
INFO: Run Behavior\BuildLiteBehavior [ RunTime:0.000000s ]
INFO: [ app_init ] --END-- [ RunTime:0.001000s ]
INFO: [ app_begin ] --START--
INFO: Run Behavior\ReadHtmlCacheBehavior [ RunTime:0.002001s ]
INFO: [ app_begin ] --END-- [ RunTime:0.002001s ]
SQL: select * from soil where rent_to_who='8cbfacea76e34f6bf956afb40fc8e384' [ RunTime:0.0490s ]
SQL: select nickname,soil_nums from userinfor where token='8cbfacea76e34f6bf956afb40fc8e384' [ RunTime:0.0480s ]
SQL: select farm_name from farm where farm_id='002' [ RunTime:0.0490s ]
SQL: select farm_name from farm where farm_id='001' [ RunTime:0.0490s ]
NOTIC: [8] Undefined offset: 1 E:\xampp\htdocs\PersonalGarden\Application\Home\Controller\FarmController.class.php 第 52 行.

[ 2017-04-17T23:21:34+08:00 ] ::1 /PersonalGarden/index.php/Home/Farm/my_soil/token/8cbfacea76e34f6bf956afb40fc8e384
INFO: [ app_init ] --START--
INFO: Run Behavior\BuildLiteBehavior [ RunTime:0.000000s ]
INFO: [ app_init ] --END-- [ RunTime:0.002000s ]
INFO: [ app_begin ] --START--
INFO: Run Behavior\ReadHtmlCacheBehavior [ RunTime:0.002001s ]
INFO: [ app_begin ] --END-- [ RunTime:0.002001s ]
SQL: select * from soil where rent_to_who='8cbfacea76e34f6bf956afb40fc8e384' [ RunTime:0.0550s ]
SQL: select nickname,soil_nums from userinfor where token='8cbfacea76e34f6bf956afb40fc8e384' [ RunTime:0.0600s ]
SQL: select farm_name from farm where farm_id='002' [ RunTime:0.0540s ]
SQL: select farm_name from farm where farm_id='001' [ RunTime:0.0540s ]
NOTIC: [8] Undefined offset: 1 E:\xampp\htdocs\PersonalGarden\Application\Home\Controller\FarmController.class.php 第 52 行.

[ 2017-04-17T23:23:26+08:00 ] ::1 /PersonalGarden/index.php/Home/Farm/my_soil/token/8cbfacea76e34f6bf956afb40fc8e384
INFO: [ app_init ] --START--
INFO: Run Behavior\BuildLiteBehavior [ RunTime:0.000000s ]
INFO: [ app_init ] --END-- [ RunTime:0.002000s ]
INFO: [ app_begin ] --START--
INFO: Run Behavior\ReadHtmlCacheBehavior [ RunTime:0.003000s ]
INFO: [ app_begin ] --END-- [ RunTime:0.003000s ]
SQL: select * from soil where rent_to_who='8cbfacea76e34f6bf956afb40fc8e384' [ RunTime:0.0490s ]
SQL: select nickname,soil_nums from userinfor where token='8cbfacea76e34f6bf956afb40fc8e384' [ RunTime:0.0480s ]
SQL: select farm_name from farm where farm_id='002' [ RunTime:0.0540s ]
SQL: select farm_name from farm where farm_id='001' [ RunTime:0.0470s ]
NOTIC: [8] Undefined offset: 1 E:\xampp\htdocs\PersonalGarden\Application\Home\Controller\FarmController.class.php 第 53 行.

[ 2017-04-17T23:23:58+08:00 ] ::1 /PersonalGarden/index.php/Home/Farm/my_soil/token/8cbfacea76e34f6bf956afb40fc8e384
INFO: [ app_init ] --START--
INFO: Run Behavior\BuildLiteBehavior [ RunTime:0.000000s ]
INFO: [ app_init ] --END-- [ RunTime:0.001000s ]
INFO: [ app_begin ] --START--
INFO: Run Behavior\ReadHtmlCacheBehavior [ RunTime:0.002000s ]
INFO: [ app_begin ] --END-- [ RunTime:0.002000s ]
SQL: select * from soil where rent_to_who='8cbfacea76e34f6bf956afb40fc8e384' [ RunTime:0.0540s ]
SQL: select nickname,soil_nums from userinfor where token='8cbfacea76e34f6bf956afb40fc8e384' [ RunTime:0.0530s ]
SQL: select farm_name from farm where farm_id='002' [ RunTime:0.0560s ]
SQL: select farm_name from farm where farm_id='001' [ RunTime:0.0530s ]
NOTIC: [8] Undefined offset: 1 E:\xampp\htdocs\PersonalGarden\Application\Home\Controller\FarmController.class.php 第 54 行.

[ 2017-04-17T23:24:47+08:00 ] ::1 /PersonalGarden/index.php/Home/Farm/my_soil/token/8cbfacea76e34f6bf956afb40fc8e384
INFO: [ app_init ] --START--
INFO: Run Behavior\BuildLiteBehavior [ RunTime:0.000000s ]
INFO: [ app_init ] --END-- [ RunTime:0.001000s ]
INFO: [ app_begin ] --START--
INFO: Run Behavior\ReadHtmlCacheBehavior [ RunTime:0.001000s ]
INFO: [ app_begin ] --END-- [ RunTime:0.002000s ]
SQL: select * from soil where rent_to_who='8cbfacea76e34f6bf956afb40fc8e384' [ RunTime:0.0470s ]
SQL: select nickname,soil_nums from userinfor where token='8cbfacea76e34f6bf956afb40fc8e384' [ RunTime:0.0480s ]
SQL: select farm_name from farm where farm_id='002' [ RunTime:0.0470s ]

[ 2017-04-17T23:24:52+08:00 ] ::1 /PersonalGarden/index.php/Home/Farm/my_soil/token/8cbfacea76e34f6bf956afb40fc8e384
INFO: [ app_init ] --START--
INFO: Run Behavior\BuildLiteBehavior [ RunTime:0.001000s ]
INFO: [ app_init ] --END-- [ RunTime:0.002000s ]
INFO: [ app_begin ] --START--
INFO: Run Behavior\ReadHtmlCacheBehavior [ RunTime:0.002000s ]
INFO: [ app_begin ] --END-- [ RunTime:0.002000s ]
SQL: select * from soil where rent_to_who='8cbfacea76e34f6bf956afb40fc8e384' [ RunTime:0.0550s ]
SQL: select nickname,soil_nums from userinfor where token='8cbfacea76e34f6bf956afb40fc8e384' [ RunTime:0.0560s ]
SQL: select farm_name from farm where farm_id='002' [ RunTime:0.0540s ]

[ 2017-04-17T23:25:23+08:00 ] ::1 /PersonalGarden/index.php/Home/Farm/my_soil/token/8cbfacea76e34f6bf956afb40fc8e384
INFO: [ app_init ] --START--
INFO: Run Behavior\BuildLiteBehavior [ RunTime:0.000000s ]
INFO: [ app_init ] --END-- [ RunTime:0.001000s ]
INFO: [ app_begin ] --START--
INFO: Run Behavior\ReadHtmlCacheBehavior [ RunTime:0.002000s ]
INFO: [ app_begin ] --END-- [ RunTime:0.003000s ]
SQL: select * from soil where rent_to_who='8cbfacea76e34f6bf956afb40fc8e384' [ RunTime:0.0590s ]
SQL: select nickname,soil_nums from userinfor where token='8cbfacea76e34f6bf956afb40fc8e384' [ RunTime:0.0660s ]
SQL: select farm_name from farm where farm_id='002' [ RunTime:0.0630s ]
SQL: select farm_name from farm where farm_id='001' [ RunTime:0.0550s ]
NOTIC: [8] Undefined offset: 1 E:\xampp\htdocs\PersonalGarden\Application\Home\Controller\FarmController.class.php 第 54 行.

[ 2017-04-17T23:25:59+08:00 ] ::1 /PersonalGarden/index.php/Home/Farm/my_soil/token/8cbfacea76e34f6bf956afb40fc8e384
INFO: [ app_init ] --START--
INFO: Run Behavior\BuildLiteBehavior [ RunTime:0.000000s ]
INFO: [ app_init ] --END-- [ RunTime:0.001000s ]
INFO: [ app_begin ] --START--
INFO: Run Behavior\ReadHtmlCacheBehavior [ RunTime:0.005000s ]
INFO: [ app_begin ] --END-- [ RunTime:0.005000s ]
SQL: select * from soil where rent_to_who='8cbfacea76e34f6bf956afb40fc8e384' [ RunTime:0.1080s ]
SQL: select nickname,soil_nums from userinfor where token='8cbfacea76e34f6bf956afb40fc8e384' [ RunTime:0.0570s ]
SQL: select farm_name from farm where farm_id='001' [ RunTime:0.1760s ]
NOTIC: [8] Undefined offset: 1 E:\xampp\htdocs\PersonalGarden\Application\Home\Controller\FarmController.class.php 第 54 行.

[ 2017-04-17T23:26:02+08:00 ] ::1 /PersonalGarden/index.php/Home/Farm/my_soil/token/8cbfacea76e34f6bf956afb40fc8e384
INFO: [ app_init ] --START--
INFO: Run Behavior\BuildLiteBehavior [ RunTime:0.000000s ]
INFO: [ app_init ] --END-- [ RunTime:0.001000s ]
INFO: [ app_begin ] --START--
INFO: Run Behavior\ReadHtmlCacheBehavior [ RunTime:0.002000s ]
INFO: [ app_begin ] --END-- [ RunTime:0.002000s ]
SQL: select * from soil where rent_to_who='8cbfacea76e34f6bf956afb40fc8e384' [ RunTime:0.1280s ]
SQL: select nickname,soil_nums from userinfor where token='8cbfacea76e34f6bf956afb40fc8e384' [ RunTime:0.1470s ]
SQL: select farm_name from farm where farm_id='001' [ RunTime:0.1180s ]
NOTIC: [8] Undefined offset: 1 E:\xampp\htdocs\PersonalGarden\Application\Home\Controller\FarmController.class.php 第 54 行.

[ 2017-04-17T23:27:02+08:00 ] ::1 /PersonalGarden/index.php/Home/Farm/my_soil/token/8cbfacea76e34f6bf956afb40fc8e384
INFO: [ app_init ] --START--
INFO: Run Behavior\BuildLiteBehavior [ RunTime:0.000000s ]
INFO: [ app_init ] --END-- [ RunTime:0.001000s ]
INFO: [ app_begin ] --START--
INFO: Run Behavior\ReadHtmlCacheBehavior [ RunTime:0.002000s ]
INFO: [ app_begin ] --END-- [ RunTime:0.002000s ]
SQL: select * from soil where rent_to_who='8cbfacea76e34f6bf956afb40fc8e384' [ RunTime:0.0680s ]
SQL: select nickname,soil_nums from userinfor where token='8cbfacea76e34f6bf956afb40fc8e384' [ RunTime:0.0620s ]
SQL: select farm_name from farm where farm_id='001' [ RunTime:0.0610s ]
NOTIC: [8] Undefined offset: 1 E:\xampp\htdocs\PersonalGarden\Application\Home\Controller\FarmController.class.php 第 55 行.
INFO: [ app_end ] --START--
INFO: Run Behavior\ShowPageTraceBehavior [ RunTime:0.002000s ]
INFO: [ app_end ] --END-- [ RunTime:0.002000s ]

[ 2017-04-17T23:27:34+08:00 ] ::1 /PersonalGarden/index.php/Home/Farm/my_soil/token/8cbfacea76e34f6bf956afb40fc8e384
INFO: [ app_init ] --START--
INFO: Run Behavior\BuildLiteBehavior [ RunTime:0.000000s ]
INFO: [ app_init ] --END-- [ RunTime:0.002000s ]
INFO: [ app_begin ] --START--
INFO: Run Behavior\ReadHtmlCacheBehavior [ RunTime:0.002000s ]
INFO: [ app_begin ] --END-- [ RunTime:0.002000s ]
SQL: select * from soil where rent_to_who='8cbfacea76e34f6bf956afb40fc8e384' [ RunTime:0.0540s ]
SQL: select nickname,soil_nums from userinfor where token='8cbfacea76e34f6bf956afb40fc8e384' [ RunTime:0.0530s ]
SQL: select farm_name from farm where farm_id='001' [ RunTime:0.0550s ]
INFO: [ app_end ] --START--
INFO: Run Behavior\ShowPageTraceBehavior [ RunTime:0.002001s ]
INFO: [ app_end ] --END-- [ RunTime:0.002001s ]

[ 2017-04-17T23:28:27+08:00 ] ::1 /PersonalGarden/index.php/Home/Farm/my_soil/token/8cbfacea76e34f6bf956afb40fc8e384
INFO: [ app_init ] --START--
INFO: Run Behavior\BuildLiteBehavior [ RunTime:0.000000s ]
INFO: [ app_init ] --END-- [ RunTime:0.002000s ]
INFO: [ app_begin ] --START--
INFO: Run Behavior\ReadHtmlCacheBehavior [ RunTime:0.002001s ]
INFO: [ app_begin ] --END-- [ RunTime:0.002001s ]
SQL: select * from soil where rent_to_who='8cbfacea76e34f6bf956afb40fc8e384' [ RunTime:0.0490s ]
SQL: select nickname,soil_nums from userinfor where token='8cbfacea76e34f6bf956afb40fc8e384' [ RunTime:0.0480s ]
SQL: select farm_name from farm where farm_id='001' [ RunTime:0.0490s ]
SQL: select farm_name from farm where farm_id='001' [ RunTime:0.0480s ]
INFO: [ app_end ] --START--
INFO: Run Behavior\ShowPageTraceBehavior [ RunTime:0.002000s ]
INFO: [ app_end ] --END-- [ RunTime:0.003000s ]

[ 2017-04-17T23:28:30+08:00 ] ::1 /PersonalGarden/index.php/Home/Farm/my_soil/token/8cbfacea76e34f6bf956afb40fc8e384
INFO: [ app_init ] --START--
INFO: Run Behavior\BuildLiteBehavior [ RunTime:0.000000s ]
INFO: [ app_init ] --END-- [ RunTime:0.003000s ]
INFO: [ app_begin ] --START--
INFO: Run Behavior\ReadHtmlCacheBehavior [ RunTime:0.002000s ]
INFO: [ app_begin ] --END-- [ RunTime:0.002000s ]
SQL: select * from soil where rent_to_who='8cbfacea76e34f6bf956afb40fc8e384' [ RunTime:0.0550s ]
SQL: select nickname,soil_nums from userinfor where token='8cbfacea76e34f6bf956afb40fc8e384' [ RunTime:0.0560s ]
SQL: select farm_name from farm where farm_id='001' [ RunTime:0.0630s ]
SQL: select farm_name from farm where farm_id='001' [ RunTime:0.0540s ]
INFO: [ app_end ] --START--
INFO: Run Behavior\ShowPageTraceBehavior [ RunTime:0.002000s ]
INFO: [ app_end ] --END-- [ RunTime:0.002000s ]

[ 2017-04-17T23:29:09+08:00 ] ::1 /PersonalGarden/index.php/Home/Farm/my_soil/token/8cbfacea76e34f6bf956afb40fc8e384
INFO: [ app_init ] --START--
INFO: Run Behavior\BuildLiteBehavior [ RunTime:0.000000s ]
INFO: [ app_init ] --END-- [ RunTime:0.001000s ]
INFO: [ app_begin ] --START--
INFO: Run Behavior\ReadHtmlCacheBehavior [ RunTime:0.003000s ]
INFO: [ app_begin ] --END-- [ RunTime:0.005000s ]
SQL: select * from soil where rent_to_who='8cbfacea76e34f6bf956afb40fc8e384' [ RunTime:0.0630s ]
SQL: select nickname,soil_nums from userinfor where token='8cbfacea76e34f6bf956afb40fc8e384' [ RunTime:0.0630s ]
SQL: select farm_name from farm where farm_id='002' [ RunTime:0.0540s ]
SQL: select farm_name from farm where farm_id='001' [ RunTime:0.0480s ]
NOTIC: [8] Undefined offset: 1 E:\xampp\htdocs\PersonalGarden\Application\Home\Controller\FarmController.class.php 第 53 行.

[ 2017-04-17T23:29:39+08:00 ] ::1 /PersonalGarden/index.php/Home/Farm/my_soil/token/8cbfacea76e34f6bf956afb40fc8e384
INFO: [ app_init ] --START--
INFO: Run Behavior\BuildLiteBehavior [ RunTime:0.000000s ]
INFO: [ app_init ] --END-- [ RunTime:0.000000s ]
INFO: [ app_begin ] --START--
INFO: Run Behavior\ReadHtmlCacheBehavior [ RunTime:0.001000s ]
INFO: [ app_begin ] --END-- [ RunTime:0.001000s ]
SQL: select * from soil where rent_to_who='8cbfacea76e34f6bf956afb40fc8e384' [ RunTime:0.0480s ]
SQL: select nickname,soil_nums from userinfor where token='8cbfacea76e34f6bf956afb40fc8e384' [ RunTime:0.0480s ]
SQL: select farm_name from farm where farm_id='002' [ RunTime:0.0470s ]
SQL: select farm_name from farm where farm_id='001' [ RunTime:0.0480s ]

[ 2017-04-17T23:33:31+08:00 ] ::1 /PersonalGarden/index.php/Home/Farm/my_soil/token/2b75cef81ebd9c278c2613948b70d1b0
INFO: [ app_init ] --START--
INFO: Run Behavior\BuildLiteBehavior [ RunTime:0.000000s ]
INFO: [ app_init ] --END-- [ RunTime:0.001001s ]
INFO: [ app_begin ] --START--
INFO: Run Behavior\ReadHtmlCacheBehavior [ RunTime:0.002000s ]
INFO: [ app_begin ] --END-- [ RunTime:0.002000s ]
SQL: select * from soil where rent_to_who='2b75cef81ebd9c278c2613948b70d1b0' [ RunTime:0.0570s ]
SQL: select nickname,soil_nums from userinfor where token='2b75cef81ebd9c278c2613948b70d1b0' [ RunTime:0.0570s ]

[ 2017-04-17T23:33:32+08:00 ] ::1 /PersonalGarden/index.php/Home/Farm/get_farm
INFO: [ app_init ] --START--
INFO: Run Behavior\BuildLiteBehavior [ RunTime:0.000000s ]
INFO: [ app_init ] --END-- [ RunTime:0.001000s ]
INFO: [ app_begin ] --START--
INFO: Run Behavior\ReadHtmlCacheBehavior [ RunTime:0.002000s ]
INFO: [ app_begin ] --END-- [ RunTime:0.002000s ]
SQL: select * from farm [ RunTime:0.0500s ]

[ 2017-04-17T23:35:04+08:00 ] ::1 /PersonalGarden/index.php/Home/Farm/my_soil/token/2b75cef81ebd9c278c2613948b70d1b0
INFO: [ app_init ] --START--
INFO: Run Behavior\BuildLiteBehavior [ RunTime:0.000000s ]
INFO: [ app_init ] --END-- [ RunTime:0.001000s ]
INFO: [ app_begin ] --START--
INFO: Run Behavior\ReadHtmlCacheBehavior [ RunTime:0.003000s ]
INFO: [ app_begin ] --END-- [ RunTime:0.003000s ]
SQL: select * from soil where rent_to_who='2b75cef81ebd9c278c2613948b70d1b0' [ RunTime:0.0550s ]
SQL: select nickname,soil_nums from userinfor where token='2b75cef81ebd9c278c2613948b70d1b0' [ RunTime:0.0550s ]

[ 2017-04-17T23:35:04+08:00 ] ::1 /PersonalGarden/index.php/Home/Farm/get_farm
INFO: [ app_init ] --START--
INFO: Run Behavior\BuildLiteBehavior [ RunTime:0.000000s ]
INFO: [ app_init ] --END-- [ RunTime:0.002000s ]
INFO: [ app_begin ] --START--
INFO: Run Behavior\ReadHtmlCacheBehavior [ RunTime:0.003000s ]
INFO: [ app_begin ] --END-- [ RunTime:0.003000s ]
SQL: select * from farm [ RunTime:0.0550s ]

[ 2017-04-17T23:37:32+08:00 ] ::1 /PersonalGarden/index.php/Home/Farm/my_soil/token/2b75cef81ebd9c278c2613948b70d1b0
INFO: [ app_init ] --START--
INFO: Run Behavior\BuildLiteBehavior [ RunTime:0.000000s ]
INFO: [ app_init ] --END-- [ RunTime:0.001000s ]
INFO: [ app_begin ] --START--
INFO: Run Behavior\ReadHtmlCacheBehavior [ RunTime:0.002000s ]
INFO: [ app_begin ] --END-- [ RunTime:0.003000s ]
SQL: select * from soil where rent_to_who='2b75cef81ebd9c278c2613948b70d1b0' [ RunTime:0.0480s ]
SQL: select nickname,soil_nums from userinfor where token='2b75cef81ebd9c278c2613948b70d1b0' [ RunTime:0.0510s ]

[ 2017-04-17T23:37:32+08:00 ] ::1 /PersonalGarden/index.php/Home/Farm/get_farm
INFO: [ app_init ] --START--
INFO: Run Behavior\BuildLiteBehavior [ RunTime:0.000000s ]
INFO: [ app_init ] --END-- [ RunTime:0.001000s ]
INFO: [ app_begin ] --START--
INFO: Run Behavior\ReadHtmlCacheBehavior [ RunTime:0.003001s ]
INFO: [ app_begin ] --END-- [ RunTime:0.004001s ]
SQL: select * from farm [ RunTime:0.0590s ]

[ 2017-04-17T23:40:26+08:00 ] ::1 /PersonalGarden/index.php/Home/Login/login
INFO: [ app_init ] --START--
INFO: Run Behavior\BuildLiteBehavior [ RunTime:0.000000s ]
INFO: [ app_init ] --END-- [ RunTime:0.001000s ]
INFO: [ app_begin ] --START--
INFO: Run Behavior\ReadHtmlCacheBehavior [ RunTime:0.003000s ]
INFO: [ app_begin ] --END-- [ RunTime:0.003000s ]
NOTIC: [8] A session had already been started - ignoring session_start() E:\xampp\htdocs\PersonalGarden\Application\Home\Controller\LoginController.class.php 第 8 行.
SQL: select * from userinfor where user_phone='18408245117' [ RunTime:0.0540s ]
SQL: update userinfor set login_time='2017-04-17 23:40:26',token='2b75cef81ebd9c278c2613948b70d1b0' where user_phone='18408245117' [ RunTime:0.0640s ]

[ 2017-04-17T23:40:27+08:00 ] ::1 /PersonalGarden/index.php/Home/Login/login/token/2b75cef81ebd9c278c2613948b70d1b0
INFO: [ app_init ] --START--
INFO: Run Behavior\BuildLiteBehavior [ RunTime:0.000000s ]
INFO: [ app_init ] --END-- [ RunTime:0.001000s ]
INFO: [ app_begin ] --START--
INFO: Run Behavior\ReadHtmlCacheBehavior [ RunTime:0.002000s ]
INFO: [ app_begin ] --END-- [ RunTime:0.002000s ]
NOTIC: [8] A session had already been started - ignoring session_start() E:\xampp\htdocs\PersonalGarden\Application\Home\Controller\LoginController.class.php 第 8 行.
SQL: select * from userinfor where token='2b75cef81ebd9c278c2613948b70d1b0' [ RunTime:0.0510s ]

[ 2017-04-17T23:40:44+08:00 ] ::1 /PersonalGarden/index.php/Home/Farm/my_soil/token/2b75cef81ebd9c278c2613948b70d1b0
INFO: [ app_init ] --START--
INFO: Run Behavior\BuildLiteBehavior [ RunTime:0.000000s ]
INFO: [ app_init ] --END-- [ RunTime:0.001000s ]
INFO: [ app_begin ] --START--
INFO: Run Behavior\ReadHtmlCacheBehavior [ RunTime:0.003000s ]
INFO: [ app_begin ] --END-- [ RunTime:0.003000s ]
SQL: select * from soil where rent_to_who='2b75cef81ebd9c278c2613948b70d1b0' [ RunTime:0.0490s ]
SQL: select nickname,soil_nums from userinfor where token='2b75cef81ebd9c278c2613948b70d1b0' [ RunTime:0.0520s ]

[ 2017-04-17T23:40:44+08:00 ] ::1 /PersonalGarden/index.php/Home/Farm/get_farm
INFO: [ app_init ] --START--
INFO: Run Behavior\BuildLiteBehavior [ RunTime:0.000000s ]
INFO: [ app_init ] --END-- [ RunTime:0.001000s ]
INFO: [ app_begin ] --START--
INFO: Run Behavior\ReadHtmlCacheBehavior [ RunTime:0.002000s ]
INFO: [ app_begin ] --END-- [ RunTime:0.002000s ]
SQL: select * from farm [ RunTime:0.0490s ]

[ 2017-04-17T23:43:25+08:00 ] ::1 /PersonalGarden/index.php/Home/Farm/my_soil/token/2b75cef81ebd9c278c2613948b70d1b0
INFO: [ app_init ] --START--
INFO: Run Behavior\BuildLiteBehavior [ RunTime:0.000000s ]
INFO: [ app_init ] --END-- [ RunTime:0.002000s ]
INFO: [ app_begin ] --START--
INFO: Run Behavior\ReadHtmlCacheBehavior [ RunTime:0.003000s ]
INFO: [ app_begin ] --END-- [ RunTime:0.003000s ]
SQL: select * from soil where rent_to_who='2b75cef81ebd9c278c2613948b70d1b0' [ RunTime:0.0560s ]
SQL: select nickname,soil_nums from userinfor where token='2b75cef81ebd9c278c2613948b70d1b0' [ RunTime:0.0550s ]

[ 2017-04-17T23:43:25+08:00 ] ::1 /PersonalGarden/index.php/Home/Farm/get_farm
INFO: [ app_init ] --START--
INFO: Run Behavior\BuildLiteBehavior [ RunTime:0.000000s ]
INFO: [ app_init ] --END-- [ RunTime:0.001000s ]
INFO: [ app_begin ] --START--
INFO: Run Behavior\ReadHtmlCacheBehavior [ RunTime:0.003000s ]
INFO: [ app_begin ] --END-- [ RunTime:0.003000s ]
SQL: select * from farm [ RunTime:0.0500s ]

[ 2017-04-17T23:44:01+08:00 ] ::1 /PersonalGarden/index.php/Home/Farm/get_farm
INFO: [ app_init ] --START--
INFO: Run Behavior\BuildLiteBehavior [ RunTime:0.000000s ]
INFO: [ app_init ] --END-- [ RunTime:0.001000s ]
INFO: [ app_begin ] --START--
INFO: Run Behavior\ReadHtmlCacheBehavior [ RunTime:0.003000s ]
INFO: [ app_begin ] --END-- [ RunTime:0.003000s ]
SQL: select * from farm [ RunTime:0.0500s ]

[ 2017-04-17T23:44:02+08:00 ] ::1 /PersonalGarden/index.php/Home/Farm/my_soil/token/2b75cef81ebd9c278c2613948b70d1b0
INFO: [ app_init ] --START--
INFO: Run Behavior\BuildLiteBehavior [ RunTime:0.000000s ]
INFO: [ app_init ] --END-- [ RunTime:0.003001s ]
INFO: [ app_begin ] --START--
INFO: Run Behavior\ReadHtmlCacheBehavior [ RunTime:0.002000s ]
INFO: [ app_begin ] --END-- [ RunTime:0.003000s ]
SQL: select * from soil where rent_to_who='2b75cef81ebd9c278c2613948b70d1b0' [ RunTime:0.0550s ]
SQL: select nickname,soil_nums from userinfor where token='2b75cef81ebd9c278c2613948b70d1b0' [ RunTime:0.0490s ]

[ 2017-04-17T23:44:26+08:00 ] ::1 /PersonalGarden/index.php/Home/Farm/get_farm
INFO: [ app_init ] --START--
INFO: Run Behavior\BuildLiteBehavior [ RunTime:0.000000s ]
INFO: [ app_init ] --END-- [ RunTime:0.001000s ]
INFO: [ app_begin ] --START--
INFO: Run Behavior\ReadHtmlCacheBehavior [ RunTime:0.002000s ]
INFO: [ app_begin ] --END-- [ RunTime:0.002000s ]
SQL: select * from farm [ RunTime:0.0490s ]

[ 2017-04-17T23:44:26+08:00 ] ::1 /PersonalGarden/index.php/Home/Farm/my_soil/token/2b75cef81ebd9c278c2613948b70d1b0
INFO: [ app_init ] --START--
INFO: Run Behavior\BuildLiteBehavior [ RunTime:0.000000s ]
INFO: [ app_init ] --END-- [ RunTime:0.003000s ]
INFO: [ app_begin ] --START--
INFO: Run Behavior\ReadHtmlCacheBehavior [ RunTime:0.003000s ]
INFO: [ app_begin ] --END-- [ RunTime:0.003000s ]
SQL: select * from soil where rent_to_who='2b75cef81ebd9c278c2613948b70d1b0' [ RunTime:0.0570s ]
SQL: select nickname,soil_nums from userinfor where token='2b75cef81ebd9c278c2613948b70d1b0' [ RunTime:0.0600s ]

[ 2017-04-17T23:46:01+08:00 ] ::1 /PersonalGarden/index.php/Home/Farm/my_soil/token/2b75cef81ebd9c278c2613948b70d1b0
INFO: [ app_init ] --START--
INFO: Run Behavior\BuildLiteBehavior [ RunTime:0.000000s ]
INFO: [ app_init ] --END-- [ RunTime:0.006000s ]
INFO: [ app_begin ] --START--
INFO: Run Behavior\ReadHtmlCacheBehavior [ RunTime:0.001000s ]
INFO: [ app_begin ] --END-- [ RunTime:0.001000s ]
SQL: select * from soil where rent_to_who='2b75cef81ebd9c278c2613948b70d1b0' [ RunTime:0.0490s ]
SQL: select nickname,soil_nums from userinfor where token='2b75cef81ebd9c278c2613948b70d1b0' [ RunTime:0.0530s ]

[ 2017-04-17T23:46:01+08:00 ] ::1 /PersonalGarden/index.php/Home/Farm/get_farm
INFO: [ app_init ] --START--
INFO: Run Behavior\BuildLiteBehavior [ RunTime:0.000000s ]
INFO: [ app_init ] --END-- [ RunTime:0.001000s ]
INFO: [ app_begin ] --START--
INFO: Run Behavior\ReadHtmlCacheBehavior [ RunTime:0.003000s ]
INFO: [ app_begin ] --END-- [ RunTime:0.003000s ]
SQL: select * from farm [ RunTime:0.0470s ]

[ 2017-04-17T23:46:22+08:00 ] ::1 /PersonalGarden/index.php/Home/Farm/my_soil/token/2b75cef81ebd9c278c2613948b70d1b0
INFO: [ app_init ] --START--
INFO: Run Behavior\BuildLiteBehavior [ RunTime:0.000000s ]
INFO: [ app_init ] --END-- [ RunTime:0.001000s ]
INFO: [ app_begin ] --START--
INFO: Run Behavior\ReadHtmlCacheBehavior [ RunTime:0.003000s ]
INFO: [ app_begin ] --END-- [ RunTime:0.003000s ]
SQL: select * from soil where rent_to_who='2b75cef81ebd9c278c2613948b70d1b0' [ RunTime:0.0480s ]
SQL: select nickname,soil_nums from userinfor where token='2b75cef81ebd9c278c2613948b70d1b0' [ RunTime:0.0630s ]

[ 2017-04-17T23:46:23+08:00 ] ::1 /PersonalGarden/index.php/Home/Farm/get_farm
INFO: [ app_init ] --START--
INFO: Run Behavior\BuildLiteBehavior [ RunTime:0.000000s ]
INFO: [ app_init ] --END-- [ RunTime:0.001000s ]
INFO: [ app_begin ] --START--
INFO: Run Behavior\ReadHtmlCacheBehavior [ RunTime:0.002000s ]
INFO: [ app_begin ] --END-- [ RunTime:0.002000s ]
SQL: select * from farm [ RunTime:0.0420s ]

[ 2017-04-17T23:47:37+08:00 ] ::1 /PersonalGarden/index.php/Home/Farm/my_soil/token/2b75cef81ebd9c278c2613948b70d1b0
INFO: [ app_init ] --START--
INFO: Run Behavior\BuildLiteBehavior [ RunTime:0.000000s ]
INFO: [ app_init ] --END-- [ RunTime:0.001000s ]
INFO: [ app_begin ] --START--
INFO: Run Behavior\ReadHtmlCacheBehavior [ RunTime:0.003000s ]
INFO: [ app_begin ] --END-- [ RunTime:0.003000s ]
SQL: select * from soil where rent_to_who='2b75cef81ebd9c278c2613948b70d1b0' [ RunTime:0.0470s ]
SQL: select nickname,soil_nums from userinfor where token='2b75cef81ebd9c278c2613948b70d1b0' [ RunTime:0.0530s ]

[ 2017-04-17T23:47:38+08:00 ] ::1 /PersonalGarden/index.php/Home/Farm/get_farm
INFO: [ app_init ] --START--
INFO: Run Behavior\BuildLiteBehavior [ RunTime:0.001000s ]
INFO: [ app_init ] --END-- [ RunTime:0.002000s ]
INFO: [ app_begin ] --START--
INFO: Run Behavior\ReadHtmlCacheBehavior [ RunTime:0.002000s ]
INFO: [ app_begin ] --END-- [ RunTime:0.002000s ]
SQL: select * from farm [ RunTime:0.0510s ]

[ 2017-04-17T23:49:08+08:00 ] ::1 /PersonalGarden/index.php/Home/Farm/my_soil/token/2b75cef81ebd9c278c2613948b70d1b0
INFO: [ app_init ] --START--
INFO: Run Behavior\BuildLiteBehavior [ RunTime:0.000000s ]
INFO: [ app_init ] --END-- [ RunTime:0.001000s ]
INFO: [ app_begin ] --START--
INFO: Run Behavior\ReadHtmlCacheBehavior [ RunTime:0.002000s ]
INFO: [ app_begin ] --END-- [ RunTime:0.002000s ]
SQL: select * from soil where rent_to_who='2b75cef81ebd9c278c2613948b70d1b0' [ RunTime:0.0500s ]
SQL: select nickname,soil_nums from userinfor where token='2b75cef81ebd9c278c2613948b70d1b0' [ RunTime:0.0660s ]

[ 2017-04-17T23:49:08+08:00 ] ::1 /PersonalGarden/index.php/Home/Farm/get_farm
INFO: [ app_init ] --START--
INFO: Run Behavior\BuildLiteBehavior [ RunTime:0.000000s ]
INFO: [ app_init ] --END-- [ RunTime:0.002000s ]
INFO: [ app_begin ] --START--
INFO: Run Behavior\ReadHtmlCacheBehavior [ RunTime:0.003000s ]
INFO: [ app_begin ] --END-- [ RunTime:0.003000s ]
SQL: select * from farm [ RunTime:0.0670s ]

[ 2017-04-17T23:49:18+08:00 ] ::1 /PersonalGarden/index.php/Home/Farm/my_soil/token/2b75cef81ebd9c278c2613948b70d1b0
INFO: [ app_init ] --START--
INFO: Run Behavior\BuildLiteBehavior [ RunTime:0.000000s ]
INFO: [ app_init ] --END-- [ RunTime:0.001000s ]
INFO: [ app_begin ] --START--
INFO: Run Behavior\ReadHtmlCacheBehavior [ RunTime:0.001000s ]
INFO: [ app_begin ] --END-- [ RunTime:0.001000s ]
SQL: select * from soil where rent_to_who='2b75cef81ebd9c278c2613948b70d1b0' [ RunTime:0.0490s ]
SQL: select nickname,soil_nums from userinfor where token='2b75cef81ebd9c278c2613948b70d1b0' [ RunTime:0.0530s ]

[ 2017-04-17T23:49:18+08:00 ] ::1 /PersonalGarden/index.php/Home/Farm/get_farm
INFO: [ app_init ] --START--
INFO: Run Behavior\BuildLiteBehavior [ RunTime:0.000000s ]
INFO: [ app_init ] --END-- [ RunTime:0.001000s ]
INFO: [ app_begin ] --START--
INFO: Run Behavior\ReadHtmlCacheBehavior [ RunTime:0.004000s ]
INFO: [ app_begin ] --END-- [ RunTime:0.004000s ]
SQL: select * from farm [ RunTime:0.0660s ]

[ 2017-04-17T23:49:48+08:00 ] ::1 /PersonalGarden/index.php/Home/Farm/my_soil/token/2b75cef81ebd9c278c2613948b70d1b0
INFO: [ app_init ] --START--
INFO: Run Behavior\BuildLiteBehavior [ RunTime:0.000000s ]
INFO: [ app_init ] --END-- [ RunTime:0.001000s ]
INFO: [ app_begin ] --START--
INFO: Run Behavior\ReadHtmlCacheBehavior [ RunTime:0.001000s ]
INFO: [ app_begin ] --END-- [ RunTime:0.001000s ]
SQL: select * from soil where rent_to_who='2b75cef81ebd9c278c2613948b70d1b0' [ RunTime:0.0480s ]
SQL: select nickname,soil_nums from userinfor where token='2b75cef81ebd9c278c2613948b70d1b0' [ RunTime:0.0490s ]

[ 2017-04-17T23:49:49+08:00 ] ::1 /PersonalGarden/index.php/Home/Farm/get_farm
INFO: [ app_init ] --START--
INFO: Run Behavior\BuildLiteBehavior [ RunTime:0.000000s ]
INFO: [ app_init ] --END-- [ RunTime:0.001000s ]
INFO: [ app_begin ] --START--
INFO: Run Behavior\ReadHtmlCacheBehavior [ RunTime:0.002000s ]
INFO: [ app_begin ] --END-- [ RunTime:0.002000s ]
SQL: select * from farm [ RunTime:0.0450s ]

[ 2017-04-17T23:50:02+08:00 ] ::1 /PersonalGarden/index.php/Home/Farm/my_soil/token/2b75cef81ebd9c278c2613948b70d1b0
INFO: [ app_init ] --START--
INFO: Run Behavior\BuildLiteBehavior [ RunTime:0.000000s ]
INFO: [ app_init ] --END-- [ RunTime:0.002000s ]
INFO: [ app_begin ] --START--
INFO: Run Behavior\ReadHtmlCacheBehavior [ RunTime:0.002000s ]
INFO: [ app_begin ] --END-- [ RunTime:0.003000s ]
SQL: select * from soil where rent_to_who='2b75cef81ebd9c278c2613948b70d1b0' [ RunTime:0.0630s ]
SQL: select nickname,soil_nums from userinfor where token='2b75cef81ebd9c278c2613948b70d1b0' [ RunTime:0.0600s ]

[ 2017-04-17T23:50:02+08:00 ] ::1 /PersonalGarden/index.php/Home/Farm/get_farm
INFO: [ app_init ] --START--
INFO: Run Behavior\BuildLiteBehavior [ RunTime:0.000000s ]
INFO: [ app_init ] --END-- [ RunTime:0.001000s ]
INFO: [ app_begin ] --START--
INFO: Run Behavior\ReadHtmlCacheBehavior [ RunTime:0.002000s ]
INFO: [ app_begin ] --END-- [ RunTime:0.002000s ]
SQL: select * from farm [ RunTime:0.0550s ]

[ 2017-04-17T23:52:17+08:00 ] ::1 /PersonalGarden/index.php/Home/Farm/my_soil/token/2b75cef81ebd9c278c2613948b70d1b0
INFO: [ app_init ] --START--
INFO: Run Behavior\BuildLiteBehavior [ RunTime:0.000000s ]
INFO: [ app_init ] --END-- [ RunTime:0.002000s ]
INFO: [ app_begin ] --START--
INFO: Run Behavior\ReadHtmlCacheBehavior [ RunTime:0.004001s ]
INFO: [ app_begin ] --END-- [ RunTime:0.004001s ]
SQL: select * from soil where rent_to_who='2b75cef81ebd9c278c2613948b70d1b0' [ RunTime:0.0490s ]
SQL: select nickname,soil_nums from userinfor where token='2b75cef81ebd9c278c2613948b70d1b0' [ RunTime:0.0600s ]

[ 2017-04-17T23:52:17+08:00 ] ::1 /PersonalGarden/index.php/Home/Farm/get_farm
INFO: [ app_init ] --START--
INFO: Run Behavior\BuildLiteBehavior [ RunTime:0.000000s ]
INFO: [ app_init ] --END-- [ RunTime:0.002000s ]
INFO: [ app_begin ] --START--
INFO: Run Behavior\ReadHtmlCacheBehavior [ RunTime:0.004001s ]
INFO: [ app_begin ] --END-- [ RunTime:0.004001s ]
SQL: select * from farm [ RunTime:0.0430s ]

[ 2017-04-17T23:52:40+08:00 ] ::1 /PersonalGarden/index.php/Home/Login/login
INFO: [ app_init ] --START--
INFO: Run Behavior\BuildLiteBehavior [ RunTime:0.000000s ]
INFO: [ app_init ] --END-- [ RunTime:0.000000s ]
INFO: [ app_begin ] --START--
INFO: Run Behavior\ReadHtmlCacheBehavior [ RunTime:0.001000s ]
INFO: [ app_begin ] --END-- [ RunTime:0.001000s ]
NOTIC: [8] A session had already been started - ignoring session_start() E:\xampp\htdocs\PersonalGarden\Application\Home\Controller\LoginController.class.php 第 8 行.
SQL: select * from userinfor where user_phone='18408243828' [ RunTime:0.0550s ]
SQL: update userinfor set login_time='2017-04-17 23:52:39',token='8cbfacea76e34f6bf956afb40fc8e384' where user_phone='18408243828' [ RunTime:0.0590s ]

[ 2017-04-17T23:52:41+08:00 ] ::1 /PersonalGarden/index.php/Home/Login/login/token/8cbfacea76e34f6bf956afb40fc8e384
INFO: [ app_init ] --START--
INFO: Run Behavior\BuildLiteBehavior [ RunTime:0.000000s ]
INFO: [ app_init ] --END-- [ RunTime:0.001000s ]
INFO: [ app_begin ] --START--
INFO: Run Behavior\ReadHtmlCacheBehavior [ RunTime:0.001000s ]
INFO: [ app_begin ] --END-- [ RunTime:0.002000s ]
NOTIC: [8] A session had already been started - ignoring session_start() E:\xampp\htdocs\PersonalGarden\Application\Home\Controller\LoginController.class.php 第 8 行.
SQL: select * from userinfor where token='8cbfacea76e34f6bf956afb40fc8e384' [ RunTime:0.0490s ]

[ 2017-04-17T23:52:45+08:00 ] ::1 /PersonalGarden/index.php/Home/Setting/save/token/8cbfacea76e34f6bf956afb40fc8e384
INFO: [ app_init ] --START--
INFO: Run Behavior\BuildLiteBehavior [ RunTime:0.000000s ]
INFO: [ app_init ] --END-- [ RunTime:0.001000s ]
INFO: [ app_begin ] --START--
INFO: Run Behavior\ReadHtmlCacheBehavior [ RunTime:0.001000s ]
INFO: [ app_begin ] --END-- [ RunTime:0.001000s ]
SQL: update userinfor set nickname='helloworld',user_phone='18408243828',user_addr='四川省成都市郫县' where token='8cbfacea76e34f6bf956afb40fc8e384' [ RunTime:0.0580s ]

[ 2017-04-17T23:52:47+08:00 ] ::1 /PersonalGarden/index.php/Home/Login/login/token/8cbfacea76e34f6bf956afb40fc8e384
INFO: [ app_init ] --START--
INFO: Run Behavior\BuildLiteBehavior [ RunTime:0.000000s ]
INFO: [ app_init ] --END-- [ RunTime:0.001000s ]
INFO: [ app_begin ] --START--
INFO: Run Behavior\ReadHtmlCacheBehavior [ RunTime:0.001000s ]
INFO: [ app_begin ] --END-- [ RunTime:0.002000s ]
NOTIC: [8] A session had already been started - ignoring session_start() E:\xampp\htdocs\PersonalGarden\Application\Home\Controller\LoginController.class.php 第 8 行.
SQL: select * from userinfor where token='8cbfacea76e34f6bf956afb40fc8e384' [ RunTime:0.0540s ]

[ 2017-04-17T23:53:03+08:00 ] ::1 /PersonalGarden/index.php/Home/Login/login/token/8cbfacea76e34f6bf956afb40fc8e384
INFO: [ app_init ] --START--
INFO: Run Behavior\BuildLiteBehavior [ RunTime:0.000000s ]
INFO: [ app_init ] --END-- [ RunTime:0.001000s ]
INFO: [ app_begin ] --START--
INFO: Run Behavior\ReadHtmlCacheBehavior [ RunTime:0.001000s ]
INFO: [ app_begin ] --END-- [ RunTime:0.001000s ]
NOTIC: [8] A session had already been started - ignoring session_start() E:\xampp\htdocs\PersonalGarden\Application\Home\Controller\LoginController.class.php 第 8 行.
SQL: select * from userinfor where token='8cbfacea76e34f6bf956afb40fc8e384' [ RunTime:0.0580s ]

[ 2017-04-17T23:53:20+08:00 ] ::1 /PersonalGarden/index.php/Home/Farm/my_soil/token/8cbfacea76e34f6bf956afb40fc8e384
INFO: [ app_init ] --START--
INFO: Run Behavior\BuildLiteBehavior [ RunTime:0.000000s ]
INFO: [ app_init ] --END-- [ RunTime:0.001000s ]
INFO: [ app_begin ] --START--
INFO: Run Behavior\ReadHtmlCacheBehavior [ RunTime:0.001000s ]
INFO: [ app_begin ] --END-- [ RunTime:0.001000s ]
SQL: select * from soil where rent_to_who='8cbfacea76e34f6bf956afb40fc8e384' [ RunTime:0.0610s ]
SQL: select nickname,soil_nums from userinfor where token='8cbfacea76e34f6bf956afb40fc8e384' [ RunTime:0.0620s ]
SQL: select farm_name from farm where farm_id='002' [ RunTime:0.0600s ]
SQL: select farm_name from farm where farm_id='001' [ RunTime:0.0610s ]

[ 2017-04-17T23:53:20+08:00 ] ::1 /PersonalGarden/index.php/Home/Farm/get_farm
INFO: [ app_init ] --START--
INFO: Run Behavior\BuildLiteBehavior [ RunTime:0.001001s ]
INFO: [ app_init ] --END-- [ RunTime:0.002001s ]
INFO: [ app_begin ] --START--
INFO: Run Behavior\ReadHtmlCacheBehavior [ RunTime:0.003000s ]
INFO: [ app_begin ] --END-- [ RunTime:0.003000s ]
SQL: select * from farm [ RunTime:0.0550s ]

[ 2017-04-17T23:54:07+08:00 ] ::1 /PersonalGarden/index.php/Home/Farm/my_soil/token/8cbfacea76e34f6bf956afb40fc8e384
INFO: [ app_init ] --START--
INFO: Run Behavior\BuildLiteBehavior [ RunTime:0.000000s ]
INFO: [ app_init ] --END-- [ RunTime:0.001000s ]
INFO: [ app_begin ] --START--
INFO: Run Behavior\ReadHtmlCacheBehavior [ RunTime:0.002000s ]
INFO: [ app_begin ] --END-- [ RunTime:0.002000s ]
SQL: select * from soil where rent_to_who='8cbfacea76e34f6bf956afb40fc8e384' [ RunTime:0.0950s ]
SQL: select nickname,soil_nums from userinfor where token='8cbfacea76e34f6bf956afb40fc8e384' [ RunTime:0.1000s ]
SQL: select farm_name from farm where farm_id='002' [ RunTime:0.1000s ]
SQL: select farm_name from farm where farm_id='001' [ RunTime:0.1000s ]

[ 2017-04-17T23:54:07+08:00 ] ::1 /PersonalGarden/index.php/Home/Farm/get_farm
INFO: [ app_init ] --START--
INFO: Run Behavior\BuildLiteBehavior [ RunTime:0.000000s ]
INFO: [ app_init ] --END-- [ RunTime:0.002000s ]
INFO: [ app_begin ] --START--
INFO: Run Behavior\ReadHtmlCacheBehavior [ RunTime:0.002001s ]
INFO: [ app_begin ] --END-- [ RunTime:0.002001s ]
SQL: select * from farm [ RunTime:0.0410s ]

[ 2017-04-17T23:54:11+08:00 ] ::1 /PersonalGarden/index.php/Home/Farm/my_soil/token/8cbfacea76e34f6bf956afb40fc8e384
INFO: [ app_init ] --START--
INFO: Run Behavior\BuildLiteBehavior [ RunTime:0.000000s ]
INFO: [ app_init ] --END-- [ RunTime:0.001000s ]
INFO: [ app_begin ] --START--
INFO: Run Behavior\ReadHtmlCacheBehavior [ RunTime:0.002001s ]
INFO: [ app_begin ] --END-- [ RunTime:0.002001s ]
SQL: select * from soil where rent_to_who='8cbfacea76e34f6bf956afb40fc8e384' [ RunTime:0.0480s ]
SQL: select nickname,soil_nums from userinfor where token='8cbfacea76e34f6bf956afb40fc8e384' [ RunTime:0.0480s ]
SQL: select farm_name from farm where farm_id='002' [ RunTime:0.0490s ]
SQL: select farm_name from farm where farm_id='001' [ RunTime:0.0470s ]

[ 2017-04-17T23:54:11+08:00 ] ::1 /PersonalGarden/index.php/Home/Farm/get_farm
INFO: [ app_init ] --START--
INFO: Run Behavior\BuildLiteBehavior [ RunTime:0.000000s ]
INFO: [ app_init ] --END-- [ RunTime:0.002000s ]
INFO: [ app_begin ] --START--
INFO: Run Behavior\ReadHtmlCacheBehavior [ RunTime:0.002000s ]
INFO: [ app_begin ] --END-- [ RunTime:0.002000s ]
SQL: select * from farm [ RunTime:0.0500s ]

[ 2017-04-17T23:54:14+08:00 ] ::1 /PersonalGarden/index.php/Home/Farm/get_farm
INFO: [ app_init ] --START--
INFO: Run Behavior\BuildLiteBehavior [ RunTime:0.000000s ]
INFO: [ app_init ] --END-- [ RunTime:0.002000s ]
INFO: [ app_begin ] --START--
INFO: Run Behavior\ReadHtmlCacheBehavior [ RunTime:0.003001s ]
INFO: [ app_begin ] --END-- [ RunTime:0.003001s ]
SQL: select * from farm [ RunTime:0.1040s ]

[ 2017-04-17T23:54:14+08:00 ] ::1 /PersonalGarden/index.php/Home/Farm/my_soil/token/8cbfacea76e34f6bf956afb40fc8e384
INFO: [ app_init ] --START--
INFO: Run Behavior\BuildLiteBehavior [ RunTime:0.000000s ]
INFO: [ app_init ] --END-- [ RunTime:0.002000s ]
INFO: [ app_begin ] --START--
INFO: Run Behavior\ReadHtmlCacheBehavior [ RunTime:0.002000s ]
INFO: [ app_begin ] --END-- [ RunTime:0.002000s ]
SQL: select * from soil where rent_to_who='8cbfacea76e34f6bf956afb40fc8e384' [ RunTime:0.0510s ]
SQL: select nickname,soil_nums from userinfor where token='8cbfacea76e34f6bf956afb40fc8e384' [ RunTime:0.0490s ]
SQL: select farm_name from farm where farm_id='002' [ RunTime:0.0510s ]
SQL: select farm_name from farm where farm_id='001' [ RunTime:0.0480s ]

[ 2017-04-17T23:57:54+08:00 ] ::1 /PersonalGarden/index.php/Home/Farm/my_soil/token/8cbfacea76e34f6bf956afb40fc8e384
INFO: [ app_init ] --START--
INFO: Run Behavior\BuildLiteBehavior [ RunTime:0.000000s ]
INFO: [ app_init ] --END-- [ RunTime:0.001000s ]
INFO: [ app_begin ] --START--
INFO: Run Behavior\ReadHtmlCacheBehavior [ RunTime:0.002000s ]
INFO: [ app_begin ] --END-- [ RunTime:0.004000s ]
SQL: select * from soil where rent_to_who='8cbfacea76e34f6bf956afb40fc8e384' [ RunTime:0.0500s ]
SQL: select nickname,soil_nums from userinfor where token='8cbfacea76e34f6bf956afb40fc8e384' [ RunTime:0.0600s ]
SQL: select farm_name from farm where farm_id='002' [ RunTime:0.0510s ]
SQL: select farm_name from farm where farm_id='001' [ RunTime:0.0560s ]

[ 2017-04-17T23:57:54+08:00 ] ::1 /PersonalGarden/index.php/Home/Farm/get_farm
INFO: [ app_init ] --START--
INFO: Run Behavior\BuildLiteBehavior [ RunTime:0.000000s ]
INFO: [ app_init ] --END-- [ RunTime:0.002000s ]
INFO: [ app_begin ] --START--
INFO: Run Behavior\ReadHtmlCacheBehavior [ RunTime:0.003000s ]
INFO: [ app_begin ] --END-- [ RunTime:0.003000s ]
SQL: select * from farm [ RunTime:0.0500s ]

[ 2017-04-17T23:58:54+08:00 ] ::1 /PersonalGarden/index.php/Home/Farm/my_soil/token/8cbfacea76e34f6bf956afb40fc8e384
INFO: [ app_init ] --START--
INFO: Run Behavior\BuildLiteBehavior [ RunTime:0.000000s ]
INFO: [ app_init ] --END-- [ RunTime:0.001000s ]
INFO: [ app_begin ] --START--
INFO: Run Behavior\ReadHtmlCacheBehavior [ RunTime:0.004000s ]
INFO: [ app_begin ] --END-- [ RunTime:0.004000s ]
SQL: select * from soil where rent_to_who='8cbfacea76e34f6bf956afb40fc8e384' [ RunTime:0.0510s ]
SQL: select nickname,soil_nums from userinfor where token='8cbfacea76e34f6bf956afb40fc8e384' [ RunTime:0.0500s ]
SQL: select farm_name from farm where farm_id='002' [ RunTime:0.0630s ]
SQL: select farm_name from farm where farm_id='001' [ RunTime:0.0540s ]

[ 2017-04-17T23:58:55+08:00 ] ::1 /PersonalGarden/index.php/Home/Farm/get_farm
INFO: [ app_init ] --START--
INFO: Run Behavior\BuildLiteBehavior [ RunTime:0.000000s ]
INFO: [ app_init ] --END-- [ RunTime:0.001000s ]
INFO: [ app_begin ] --START--
INFO: Run Behavior\ReadHtmlCacheBehavior [ RunTime:0.002000s ]
INFO: [ app_begin ] --END-- [ RunTime:0.002000s ]
SQL: select * from farm [ RunTime:0.0490s ]

[ 2017-04-17T23:59:35+08:00 ] ::1 /PersonalGarden/index.php/Home/Farm/get_farm
INFO: [ app_init ] --START--
INFO: Run Behavior\BuildLiteBehavior [ RunTime:0.000000s ]
INFO: [ app_init ] --END-- [ RunTime:0.001000s ]
INFO: [ app_begin ] --START--
INFO: Run Behavior\ReadHtmlCacheBehavior [ RunTime:0.001000s ]
INFO: [ app_begin ] --END-- [ RunTime:0.001000s ]
SQL: select * from farm [ RunTime:0.0570s ]

[ 2017-04-17T23:59:36+08:00 ] ::1 /PersonalGarden/index.php/Home/Farm/my_soil/token/8cbfacea76e34f6bf956afb40fc8e384
INFO: [ app_init ] --START--
INFO: Run Behavior\BuildLiteBehavior [ RunTime:0.000000s ]
INFO: [ app_init ] --END-- [ RunTime:0.001000s ]
INFO: [ app_begin ] --START--
INFO: Run Behavior\ReadHtmlCacheBehavior [ RunTime:0.003000s ]
INFO: [ app_begin ] --END-- [ RunTime:0.003000s ]
SQL: select * from soil where rent_to_who='8cbfacea76e34f6bf956afb40fc8e384' [ RunTime:0.0490s ]
SQL: select nickname,soil_nums from userinfor where token='8cbfacea76e34f6bf956afb40fc8e384' [ RunTime:0.0480s ]
SQL: select farm_name from farm where farm_id='002' [ RunTime:0.0480s ]
SQL: select farm_name from farm where farm_id='001' [ RunTime:0.0470s ]

