[ 2017-04-06T13:33:35+08:00 ] ::1 /PersonalGarden/index.php/Home/Admin/login
INFO: [ app_init ] --START--
INFO: Run Behavior\BuildLiteBehavior [ RunTime:0.000000s ]
INFO: [ app_init ] --END-- [ RunTime:0.043003s ]
INFO: [ app_begin ] --START--
INFO: Run Behavior\ReadHtmlCacheBehavior [ RunTime:0.001000s ]
INFO: [ app_begin ] --END-- [ RunTime:0.002000s ]
SQL: select * from admin where admin_account='2017001' [ RunTime:0.0550s ]

[ 2017-04-06T13:33:36+08:00 ] ::1 /PersonalGarden/index.php/Home/Admin/login/token/c20ad4d76fe97759aa27a0c99bff6710
INFO: [ app_init ] --START--
INFO: Run Behavior\BuildLiteBehavior [ RunTime:0.000000s ]
INFO: [ app_init ] --END-- [ RunTime:0.001000s ]
INFO: [ app_begin ] --START--
INFO: Run Behavior\ReadHtmlCacheBehavior [ RunTime:0.001000s ]
INFO: [ app_begin ] --END-- [ RunTime:0.001000s ]
SQL: select * from admin where token='c20ad4d76fe97759aa27a0c99bff6710' [ RunTime:0.0020s ]

[ 2017-04-06T14:38:49+08:00 ] ::1 /PersonalGarden/index.php/Home/Admin/login/token/c20ad4d76fe97759aa27a0c99bff6710
INFO: [ app_init ] --START--
INFO: Run Behavior\BuildLiteBehavior [ RunTime:0.000000s ]
INFO: [ app_init ] --END-- [ RunTime:0.001000s ]
INFO: [ app_begin ] --START--
INFO: Run Behavior\ReadHtmlCacheBehavior [ RunTime:0.080004s ]
INFO: [ app_begin ] --END-- [ RunTime:0.080004s ]
SQL: select * from admin where token='c20ad4d76fe97759aa27a0c99bff6710' [ RunTime:0.0860s ]

[ 2017-04-06T14:42:59+08:00 ] ::1 /PersonalGarden/
INFO: [ app_init ] --START--
INFO: Run Behavior\BuildLiteBehavior [ RunTime:0.000000s ]
INFO: [ app_init ] --END-- [ RunTime:0.002000s ]
INFO: [ app_begin ] --START--
INFO: Run Behavior\ReadHtmlCacheBehavior [ RunTime:0.001000s ]
INFO: [ app_begin ] --END-- [ RunTime:0.002000s ]

[ 2017-04-06T14:43:06+08:00 ] ::1 /PersonalGarden/index.php/Home/Admin/login
INFO: [ app_init ] --START--
INFO: Run Behavior\BuildLiteBehavior [ RunTime:0.000000s ]
INFO: [ app_init ] --END-- [ RunTime:0.002500s ]
INFO: [ app_begin ] --START--
INFO: Run Behavior\ReadHtmlCacheBehavior [ RunTime:0.002500s ]
INFO: [ app_begin ] --END-- [ RunTime:0.002500s ]
SQL: select * from admin where admin_account='2017002' [ RunTime:0.0000s ]

[ 2017-04-06T14:43:07+08:00 ] ::1 /PersonalGarden/index.php/Home/Admin/login/token/96e79218965eb72c92a549dd5a330112
INFO: [ app_init ] --START--
INFO: Run Behavior\BuildLiteBehavior [ RunTime:0.000000s ]
INFO: [ app_init ] --END-- [ RunTime:0.002000s ]
INFO: [ app_begin ] --START--
INFO: Run Behavior\ReadHtmlCacheBehavior [ RunTime:0.003000s ]
INFO: [ app_begin ] --END-- [ RunTime:0.003000s ]
SQL: select * from admin where token='96e79218965eb72c92a549dd5a330112' [ RunTime:0.0040s ]

[ 2017-04-06T14:47:36+08:00 ] ::1 /PersonalGarden/index.php/Home/Login/login
INFO: [ app_init ] --START--
INFO: Run Behavior\BuildLiteBehavior [ RunTime:0.000000s ]
INFO: [ app_init ] --END-- [ RunTime:0.002500s ]
INFO: [ app_begin ] --START--
INFO: Run Behavior\ReadHtmlCacheBehavior [ RunTime:0.002501s ]
INFO: [ app_begin ] --END-- [ RunTime:0.002501s ]
SQL: select * from userinfor where user_phone='18408243828' [ RunTime:0.0150s ]

[ 2017-04-06T14:47:38+08:00 ] ::1 /PersonalGarden/index.php/Home/Login/login
INFO: [ app_init ] --START--
INFO: Run Behavior\BuildLiteBehavior [ RunTime:0.000000s ]
INFO: [ app_init ] --END-- [ RunTime:0.002500s ]
INFO: [ app_begin ] --START--
INFO: Run Behavior\ReadHtmlCacheBehavior [ RunTime:0.000000s ]
INFO: [ app_begin ] --END-- [ RunTime:0.002501s ]
SQL: select * from userinfor where user_phone='18408243828' [ RunTime:0.0025s ]

[ 2017-04-06T14:47:55+08:00 ] ::1 /PersonalGarden/index.php/Home/Login/register
INFO: [ app_init ] --START--
INFO: Run Behavior\BuildLiteBehavior [ RunTime:0.000000s ]
INFO: [ app_init ] --END-- [ RunTime:0.001000s ]
INFO: [ app_begin ] --START--
INFO: Run Behavior\ReadHtmlCacheBehavior [ RunTime:0.004000s ]
INFO: [ app_begin ] --END-- [ RunTime:0.004000s ]
SQL: select user_phone from userinfor where user_phone=18408243828 [ RunTime:0.0010s ]
ERR: 1048:Column 'user_id' cannot be null
 [ SQL语句 ] : insert into userinfor(user_id,user_phone,user_name,nickname,user_sex,user_addr,
                                   photo_type,photo_url,login_pass,token,soil_nums) values (null,'18408243828','','','保密','','image/jpg','http://placehold.it/80x80/000000/ffffff?text=head','love','b5c0b187fe309af0f4d35982fd961d7e','0')
ERR: 1048:Column 'user_id' cannot be null
 [ SQL语句 ] : insert into userinfor(user_id,user_phone,user_name,nickname,user_sex,user_addr,
                                   photo_type,photo_url,login_pass,token,soil_nums) values (null,'18408243828','','','保密','','image/jpg','http://placehold.it/80x80/000000/ffffff?text=head','love','b5c0b187fe309af0f4d35982fd961d7e','0')

[ 2017-04-06T14:48:20+08:00 ] ::1 /PersonalGarden/index.php/Home/Login/register
INFO: [ app_init ] --START--
INFO: Run Behavior\BuildLiteBehavior [ RunTime:0.000000s ]
INFO: [ app_init ] --END-- [ RunTime:0.002500s ]
INFO: [ app_begin ] --START--
INFO: Run Behavior\ReadHtmlCacheBehavior [ RunTime:0.002500s ]
INFO: [ app_begin ] --END-- [ RunTime:0.002500s ]
INFO: [ app_end ] --START--
INFO: Run Behavior\ShowPageTraceBehavior [ RunTime:0.014001s ]
INFO: [ app_end ] --END-- [ RunTime:0.014001s ]

[ 2017-04-06T14:48:23+08:00 ] ::1 /PersonalGarden/index.php/Home/Login/register
INFO: [ app_init ] --START--
INFO: Run Behavior\BuildLiteBehavior [ RunTime:0.000000s ]
INFO: [ app_init ] --END-- [ RunTime:0.000000s ]
INFO: [ app_begin ] --START--
INFO: Run Behavior\ReadHtmlCacheBehavior [ RunTime:0.002500s ]
INFO: [ app_begin ] --END-- [ RunTime:0.002500s ]
INFO: [ app_end ] --START--
INFO: Run Behavior\ShowPageTraceBehavior [ RunTime:0.000000s ]
INFO: [ app_end ] --END-- [ RunTime:0.000000s ]

[ 2017-04-06T14:49:12+08:00 ] ::1 /PersonalGarden/index.php/Home/Login/login
INFO: [ app_init ] --START--
INFO: Run Behavior\BuildLiteBehavior [ RunTime:0.000000s ]
INFO: [ app_init ] --END-- [ RunTime:0.001000s ]
INFO: [ app_begin ] --START--
INFO: Run Behavior\ReadHtmlCacheBehavior [ RunTime:0.004000s ]
INFO: [ app_begin ] --END-- [ RunTime:0.004000s ]
SQL: select * from userinfor where token='' [ RunTime:0.0010s ]

[ 2017-04-06T14:50:17+08:00 ] ::1 /PersonalGarden/index.php/Home/Login/register
INFO: [ app_init ] --START--
INFO: Run Behavior\BuildLiteBehavior [ RunTime:0.000000s ]
INFO: [ app_init ] --END-- [ RunTime:0.001000s ]
INFO: [ app_begin ] --START--
INFO: Run Behavior\ReadHtmlCacheBehavior [ RunTime:0.002000s ]
INFO: [ app_begin ] --END-- [ RunTime:0.002000s ]
INFO: [ app_end ] --START--
INFO: Run Behavior\ShowPageTraceBehavior [ RunTime:0.003000s ]
INFO: [ app_end ] --END-- [ RunTime:0.003000s ]

[ 2017-04-06T14:51:06+08:00 ] 127.0.0.1 /PersonalGarden/index.php/Home/Login/register
INFO: [ app_init ] --START--
INFO: Run Behavior\BuildLiteBehavior [ RunTime:0.000000s ]
INFO: [ app_init ] --END-- [ RunTime:0.000000s ]
INFO: [ app_begin ] --START--
INFO: Run Behavior\ReadHtmlCacheBehavior [ RunTime:0.002500s ]
INFO: [ app_begin ] --END-- [ RunTime:0.002500s ]
SQL: select user_phone from userinfor where user_phone=18408245117 [ RunTime:0.0010s ]
ERR: 1048:Column 'user_id' cannot be null
 [ SQL语句 ] : insert into userinfor(user_id,user_phone,user_name,nickname,user_sex,user_addr,
                                   photo_type,photo_url,login_pass,token,soil_nums) values (null,'18408245117','','','保密','','image/jpg','http://placehold.it/80x80/000000/ffffff?text=head','admin','21232f297a57a5a743894a0e4a801fc3','0')
ERR: 1048:Column 'user_id' cannot be null
 [ SQL语句 ] : insert into userinfor(user_id,user_phone,user_name,nickname,user_sex,user_addr,
                                   photo_type,photo_url,login_pass,token,soil_nums) values (null,'18408245117','','','保密','','image/jpg','http://placehold.it/80x80/000000/ffffff?text=head','admin','21232f297a57a5a743894a0e4a801fc3','0')

[ 2017-04-06T14:53:44+08:00 ] ::1 /PersonalGarden/index.php/Home/Login/register
INFO: [ app_init ] --START--
INFO: Run Behavior\BuildLiteBehavior [ RunTime:0.000000s ]
INFO: [ app_init ] --END-- [ RunTime:0.002500s ]
INFO: [ app_begin ] --START--
INFO: Run Behavior\ReadHtmlCacheBehavior [ RunTime:0.002500s ]
INFO: [ app_begin ] --END-- [ RunTime:0.002500s ]
SQL: select user_phone from userinfor where user_phone=18408245117 [ RunTime:0.0020s ]
ERR: 1048:Column 'user_id' cannot be null
 [ SQL语句 ] : insert into userinfor(user_id,user_phone,user_name,nickname,user_sex,user_addr,
                                   photo_type,photo_url,login_pass,token,soil_nums) values (null,'18408245117','','','保密','','image/jpg','http://placehold.it/80x80/000000/ffffff?text=head','admin','21232f297a57a5a743894a0e4a801fc3','0')
ERR: 1048:Column 'user_id' cannot be null
 [ SQL语句 ] : insert into userinfor(user_id,user_phone,user_name,nickname,user_sex,user_addr,
                                   photo_type,photo_url,login_pass,token,soil_nums) values (null,'18408245117','','','保密','','image/jpg','http://placehold.it/80x80/000000/ffffff?text=head','admin','21232f297a57a5a743894a0e4a801fc3','0')

[ 2017-04-06T14:56:38+08:00 ] ::1 /PersonalGarden/index.php/Home/Login/register
INFO: [ app_init ] --START--
INFO: Run Behavior\BuildLiteBehavior [ RunTime:0.000000s ]
INFO: [ app_init ] --END-- [ RunTime:0.000000s ]
INFO: [ app_begin ] --START--
INFO: Run Behavior\ReadHtmlCacheBehavior [ RunTime:0.002500s ]
INFO: [ app_begin ] --END-- [ RunTime:0.002500s ]
SQL: select user_phone from userinfor where user_phone=18408245117 [ RunTime:0.0000s ]
SQL: insert into userinfor(user_id,user_phone,user_name,nickname,user_sex,user_addr,
                                   photo_type,photo_url,login_pass,token,soil_nums) values (null,'18408245117','','','保密','','image/jpg','http://placehold.it/80x80/000000/ffffff?text=head','admin','21232f297a57a5a743894a0e4a801fc3','0') [ RunTime:0.0025s ]

[ 2017-04-06T14:57:14+08:00 ] ::1 /PersonalGarden/index.php/Home/Login/register
INFO: [ app_init ] --START--
INFO: Run Behavior\BuildLiteBehavior [ RunTime:0.000000s ]
INFO: [ app_init ] --END-- [ RunTime:0.002500s ]
INFO: [ app_begin ] --START--
INFO: Run Behavior\ReadHtmlCacheBehavior [ RunTime:0.005000s ]
INFO: [ app_begin ] --END-- [ RunTime:0.005000s ]
INFO: [ app_end ] --START--
INFO: Run Behavior\ShowPageTraceBehavior [ RunTime:0.002500s ]
INFO: [ app_end ] --END-- [ RunTime:0.002500s ]

[ 2017-04-06T14:57:23+08:00 ] ::1 /PersonalGarden/index.php/Home/Login/register
INFO: [ app_init ] --START--
INFO: Run Behavior\BuildLiteBehavior [ RunTime:0.000000s ]
INFO: [ app_init ] --END-- [ RunTime:0.002500s ]
INFO: [ app_begin ] --START--
INFO: Run Behavior\ReadHtmlCacheBehavior [ RunTime:0.002500s ]
INFO: [ app_begin ] --END-- [ RunTime:0.002500s ]
INFO: [ app_end ] --START--
INFO: Run Behavior\ShowPageTraceBehavior [ RunTime:0.002500s ]
INFO: [ app_end ] --END-- [ RunTime:0.002500s ]

[ 2017-04-06T14:57:30+08:00 ] ::1 /PersonalGarden/index.php/Home/Login/register
INFO: [ app_init ] --START--
INFO: Run Behavior\BuildLiteBehavior [ RunTime:0.000000s ]
INFO: [ app_init ] --END-- [ RunTime:0.002500s ]
INFO: [ app_begin ] --START--
INFO: Run Behavior\ReadHtmlCacheBehavior [ RunTime:0.002500s ]
INFO: [ app_begin ] --END-- [ RunTime:0.002500s ]
INFO: [ app_end ] --START--
INFO: Run Behavior\ShowPageTraceBehavior [ RunTime:0.002501s ]
INFO: [ app_end ] --END-- [ RunTime:0.005001s ]

[ 2017-04-06T14:57:49+08:00 ] ::1 /PersonalGarden/index.php/Home/Login/login
INFO: [ app_init ] --START--
INFO: Run Behavior\BuildLiteBehavior [ RunTime:0.000000s ]
INFO: [ app_init ] --END-- [ RunTime:0.003000s ]
INFO: [ app_begin ] --START--
INFO: Run Behavior\ReadHtmlCacheBehavior [ RunTime:0.005001s ]
INFO: [ app_begin ] --END-- [ RunTime:0.005001s ]
SQL: select * from userinfor where user_phone='18408243828' [ RunTime:0.0030s ]

[ 2017-04-06T14:58:17+08:00 ] ::1 /PersonalGarden/index.php/Home/Login/login
INFO: [ app_init ] --START--
INFO: Run Behavior\BuildLiteBehavior [ RunTime:0.000000s ]
INFO: [ app_init ] --END-- [ RunTime:0.002500s ]
INFO: [ app_begin ] --START--
INFO: Run Behavior\ReadHtmlCacheBehavior [ RunTime:0.002500s ]
INFO: [ app_begin ] --END-- [ RunTime:0.005001s ]
SQL: select * from userinfor where user_phone='18408245117' [ RunTime:0.0025s ]

[ 2017-04-06T15:00:54+08:00 ] ::1 /PersonalGarden/index.php/Home/Login/register
INFO: [ app_init ] --START--
INFO: Run Behavior\BuildLiteBehavior [ RunTime:0.001001s ]
INFO: [ app_init ] --END-- [ RunTime:0.002001s ]
INFO: [ app_begin ] --START--
INFO: Run Behavior\ReadHtmlCacheBehavior [ RunTime:0.003000s ]
INFO: [ app_begin ] --END-- [ RunTime:0.003000s ]
INFO: [ app_end ] --START--
INFO: Run Behavior\ShowPageTraceBehavior [ RunTime:0.003001s ]
INFO: [ app_end ] --END-- [ RunTime:0.004001s ]

[ 2017-04-06T15:02:02+08:00 ] ::1 /PersonalGarden/index.php/Home/Login/register
INFO: [ app_init ] --START--
INFO: Run Behavior\BuildLiteBehavior [ RunTime:0.000000s ]
INFO: [ app_init ] --END-- [ RunTime:0.002000s ]
INFO: [ app_begin ] --START--
INFO: Run Behavior\ReadHtmlCacheBehavior [ RunTime:0.002500s ]
INFO: [ app_begin ] --END-- [ RunTime:0.002500s ]
INFO: [ app_end ] --START--
INFO: Run Behavior\ShowPageTraceBehavior [ RunTime:0.002500s ]
INFO: [ app_end ] --END-- [ RunTime:0.002500s ]

[ 2017-04-06T15:02:14+08:00 ] ::1 /PersonalGarden/index.php/Home/Login/register
INFO: [ app_init ] --START--
INFO: Run Behavior\BuildLiteBehavior [ RunTime:0.000000s ]
INFO: [ app_init ] --END-- [ RunTime:0.000000s ]
INFO: [ app_begin ] --START--
INFO: Run Behavior\ReadHtmlCacheBehavior [ RunTime:0.002500s ]
INFO: [ app_begin ] --END-- [ RunTime:0.002500s ]
INFO: [ app_end ] --START--
INFO: Run Behavior\ShowPageTraceBehavior [ RunTime:0.002500s ]
INFO: [ app_end ] --END-- [ RunTime:0.002500s ]

[ 2017-04-06T15:06:31+08:00 ] ::1 /PersonalGarden/index.php/Home/Login/register
INFO: [ app_init ] --START--
INFO: Run Behavior\BuildLiteBehavior [ RunTime:0.000000s ]
INFO: [ app_init ] --END-- [ RunTime:0.000000s ]
INFO: [ app_begin ] --START--
INFO: Run Behavior\ReadHtmlCacheBehavior [ RunTime:0.002500s ]
INFO: [ app_begin ] --END-- [ RunTime:0.002500s ]
SQL: select user_phone from userinfor where user_phone=18408243828 [ RunTime:0.0150s ]
SQL: insert into userinfor(user_id,user_phone,user_name,nickname,user_sex,user_addr,
                                   photo_type,photo_url,login_pass,token,soil_nums) values (null,'18408243828','','','保密','','image/jpg','http://placehold.it/80x80/000000/ffffff?text=head','123456','e10adc3949ba59abbe56e057f20f883e','0') [ RunTime:0.0050s ]

[ 2017-04-06T15:06:42+08:00 ] ::1 /PersonalGarden/index.php/Home/Login/login
INFO: [ app_init ] --START--
INFO: Run Behavior\BuildLiteBehavior [ RunTime:0.000000s ]
INFO: [ app_init ] --END-- [ RunTime:0.002000s ]
INFO: [ app_begin ] --START--
INFO: Run Behavior\ReadHtmlCacheBehavior [ RunTime:0.002000s ]
INFO: [ app_begin ] --END-- [ RunTime:0.002000s ]
SQL: select * from userinfor where user_phone='18408243828' [ RunTime:0.0010s ]

[ 2017-04-06T15:46:20+08:00 ] ::1 /PersonalGarden/index.php/Home/Login/login
INFO: [ app_init ] --START--
INFO: Run Behavior\BuildLiteBehavior [ RunTime:0.000000s ]
INFO: [ app_init ] --END-- [ RunTime:0.004000s ]
INFO: [ app_begin ] --START--
INFO: Run Behavior\ReadHtmlCacheBehavior [ RunTime:0.005000s ]
INFO: [ app_begin ] --END-- [ RunTime:0.005000s ]
SQL: select * from userinfor where user_phone='18408243828' [ RunTime:0.0010s ]

