[ 2017-04-25T20:58:00+08:00 ] ::1 /PersonalGarden/index.php/Home/Admin/login
INFO: [ app_init ] --START--
INFO: Run Behavior\BuildLiteBehavior [ RunTime:0.000000s ]
INFO: [ app_init ] --END-- [ RunTime:0.020000s ]
INFO: [ app_begin ] --START--
INFO: Run Behavior\ReadHtmlCacheBehavior [ RunTime:0.000000s ]
INFO: [ app_begin ] --END-- [ RunTime:0.000000s ]
SQL: select * from admin where admin_account='2017001' [ RunTime:0.0700s ]

[ 2017-04-25T20:58:02+08:00 ] ::1 /PersonalGarden/index.php/Home/Admin/login/token/c20ad4d76fe97759aa27a0c99bff6710
INFO: [ app_init ] --START--
INFO: Run Behavior\BuildLiteBehavior [ RunTime:0.000000s ]
INFO: [ app_init ] --END-- [ RunTime:0.001000s ]
INFO: [ app_begin ] --START--
INFO: Run Behavior\ReadHtmlCacheBehavior [ RunTime:0.001000s ]
INFO: [ app_begin ] --END-- [ RunTime:0.002000s ]
SQL: select * from admin where token='c20ad4d76fe97759aa27a0c99bff6710' [ RunTime:0.0620s ]

[ 2017-04-25T20:58:10+08:00 ] ::1 /PersonalGarden/index.php/Home/Admin/login
INFO: [ app_init ] --START--
INFO: Run Behavior\BuildLiteBehavior [ RunTime:0.000000s ]
INFO: [ app_init ] --END-- [ RunTime:0.001000s ]
INFO: [ app_begin ] --START--
INFO: Run Behavior\ReadHtmlCacheBehavior [ RunTime:0.000000s ]
INFO: [ app_begin ] --END-- [ RunTime:0.000000s ]
SQL: select * from admin where admin_account='2017001' [ RunTime:0.0600s ]

[ 2017-04-25T20:58:11+08:00 ] ::1 /PersonalGarden/index.php/Home/Admin/login/token/c20ad4d76fe97759aa27a0c99bff6710
INFO: [ app_init ] --START--
INFO: Run Behavior\BuildLiteBehavior [ RunTime:0.000000s ]
INFO: [ app_init ] --END-- [ RunTime:0.001000s ]
INFO: [ app_begin ] --START--
INFO: Run Behavior\ReadHtmlCacheBehavior [ RunTime:0.002000s ]
INFO: [ app_begin ] --END-- [ RunTime:0.002000s ]
SQL: select * from admin where token='c20ad4d76fe97759aa27a0c99bff6710' [ RunTime:0.0570s ]

[ 2017-04-25T20:58:19+08:00 ] ::1 /PersonalGarden/index.php/Home/XSRBQC/search/token/c20ad4d76fe97759aa27a0c99bff6710
INFO: [ app_init ] --START--
INFO: Run Behavior\BuildLiteBehavior [ RunTime:0.000000s ]
INFO: [ app_init ] --END-- [ RunTime:0.001000s ]
INFO: [ app_begin ] --START--
INFO: Run Behavior\ReadHtmlCacheBehavior [ RunTime:0.001000s ]
INFO: [ app_begin ] --END-- [ RunTime:0.001000s ]
ERR: 无法加载控制器:XSRBQC

[ 2017-04-25T21:04:55+08:00 ] ::1 /PersonalGarden/index.php/Home/Admin/login/token/c20ad4d76fe97759aa27a0c99bff6710
INFO: [ app_init ] --START--
INFO: Run Behavior\BuildLiteBehavior [ RunTime:0.000000s ]
INFO: [ app_init ] --END-- [ RunTime:0.001000s ]
INFO: [ app_begin ] --START--
INFO: Run Behavior\ReadHtmlCacheBehavior [ RunTime:0.002000s ]
INFO: [ app_begin ] --END-- [ RunTime:0.002000s ]
SQL: select * from admin where token='c20ad4d76fe97759aa27a0c99bff6710' [ RunTime:0.0620s ]

[ 2017-04-25T22:14:54+08:00 ] ::1 /PersonalGarden/index.php/Home/Admin/login/token/c20ad4d76fe97759aa27a0c99bff6710
INFO: [ app_init ] --START--
INFO: Run Behavior\BuildLiteBehavior [ RunTime:0.000000s ]
INFO: [ app_init ] --END-- [ RunTime:0.003001s ]
INFO: [ app_begin ] --START--
INFO: Run Behavior\ReadHtmlCacheBehavior [ RunTime:0.013000s ]
INFO: [ app_begin ] --END-- [ RunTime:0.013000s ]
SQL: select * from admin where token='c20ad4d76fe97759aa27a0c99bff6710' [ RunTime:0.0680s ]

[ 2017-04-25T22:20:02+08:00 ] ::1 /PersonalGarden/index.php/Home/Admin/login/token/c20ad4d76fe97759aa27a0c99bff6710
INFO: [ app_init ] --START--
INFO: Run Behavior\BuildLiteBehavior [ RunTime:0.000000s ]
INFO: [ app_init ] --END-- [ RunTime:0.001000s ]
INFO: [ app_begin ] --START--
INFO: Run Behavior\ReadHtmlCacheBehavior [ RunTime:0.001000s ]
INFO: [ app_begin ] --END-- [ RunTime:0.001000s ]
SQL: select * from admin where token='c20ad4d76fe97759aa27a0c99bff6710' [ RunTime:0.0560s ]

[ 2017-04-25T22:22:48+08:00 ] ::1 /PersonalGarden/index.php/Home/Admin/login/token/c20ad4d76fe97759aa27a0c99bff6710
INFO: [ app_init ] --START--
INFO: Run Behavior\BuildLiteBehavior [ RunTime:0.000000s ]
INFO: [ app_init ] --END-- [ RunTime:0.001000s ]
INFO: [ app_begin ] --START--
INFO: Run Behavior\ReadHtmlCacheBehavior [ RunTime:0.002000s ]
INFO: [ app_begin ] --END-- [ RunTime:0.003000s ]
SQL: select * from admin where token='c20ad4d76fe97759aa27a0c99bff6710' [ RunTime:0.0600s ]

[ 2017-04-25T22:24:44+08:00 ] ::1 /PersonalGarden/index.php/Home/Admin/login/token/c20ad4d76fe97759aa27a0c99bff6710
INFO: [ app_init ] --START--
INFO: Run Behavior\BuildLiteBehavior [ RunTime:0.000000s ]
INFO: [ app_init ] --END-- [ RunTime:0.002000s ]
INFO: [ app_begin ] --START--
INFO: Run Behavior\ReadHtmlCacheBehavior [ RunTime:0.002000s ]
INFO: [ app_begin ] --END-- [ RunTime:0.002000s ]
SQL: select * from admin where token='c20ad4d76fe97759aa27a0c99bff6710' [ RunTime:0.0550s ]

[ 2017-04-25T22:24:50+08:00 ] ::1 /PersonalGarden/index.php/Home/Admin/login/token/c20ad4d76fe97759aa27a0c99bff6710
INFO: [ app_init ] --START--
INFO: Run Behavior\BuildLiteBehavior [ RunTime:0.000000s ]
INFO: [ app_init ] --END-- [ RunTime:0.001000s ]
INFO: [ app_begin ] --START--
INFO: Run Behavior\ReadHtmlCacheBehavior [ RunTime:0.001000s ]
INFO: [ app_begin ] --END-- [ RunTime:0.001000s ]
SQL: select * from admin where token='c20ad4d76fe97759aa27a0c99bff6710' [ RunTime:0.0610s ]

[ 2017-04-25T22:24:58+08:00 ] ::1 /PersonalGarden/index.php/Home/Admin/login/token/c20ad4d76fe97759aa27a0c99bff6710
INFO: [ app_init ] --START--
INFO: Run Behavior\BuildLiteBehavior [ RunTime:0.000000s ]
INFO: [ app_init ] --END-- [ RunTime:0.002000s ]
INFO: [ app_begin ] --START--
INFO: Run Behavior\ReadHtmlCacheBehavior [ RunTime:0.003000s ]
INFO: [ app_begin ] --END-- [ RunTime:0.003000s ]
SQL: select * from admin where token='c20ad4d76fe97759aa27a0c99bff6710' [ RunTime:0.0580s ]

[ 2017-04-25T22:25:27+08:00 ] ::1 /PersonalGarden/index.php/Home/Admin/login/token/c20ad4d76fe97759aa27a0c99bff6710
INFO: [ app_init ] --START--
INFO: Run Behavior\BuildLiteBehavior [ RunTime:0.000000s ]
INFO: [ app_init ] --END-- [ RunTime:0.001000s ]
INFO: [ app_begin ] --START--
INFO: Run Behavior\ReadHtmlCacheBehavior [ RunTime:0.002000s ]
INFO: [ app_begin ] --END-- [ RunTime:0.002000s ]
SQL: select * from admin where token='c20ad4d76fe97759aa27a0c99bff6710' [ RunTime:0.0620s ]

[ 2017-04-25T22:25:59+08:00 ] ::1 /PersonalGarden/index.php/Home/Admin/login/token/c20ad4d76fe97759aa27a0c99bff6710
INFO: [ app_init ] --START--
INFO: Run Behavior\BuildLiteBehavior [ RunTime:0.000000s ]
INFO: [ app_init ] --END-- [ RunTime:0.001000s ]
INFO: [ app_begin ] --START--
INFO: Run Behavior\ReadHtmlCacheBehavior [ RunTime:0.001000s ]
INFO: [ app_begin ] --END-- [ RunTime:0.002000s ]
SQL: select * from admin where token='c20ad4d76fe97759aa27a0c99bff6710' [ RunTime:0.0620s ]

[ 2017-04-25T22:27:58+08:00 ] ::1 /PersonalGarden/index.php/Home/Admin/login/token/c20ad4d76fe97759aa27a0c99bff6710
INFO: [ app_init ] --START--
INFO: Run Behavior\BuildLiteBehavior [ RunTime:0.000000s ]
INFO: [ app_init ] --END-- [ RunTime:0.001000s ]
INFO: [ app_begin ] --START--
INFO: Run Behavior\ReadHtmlCacheBehavior [ RunTime:0.002000s ]
INFO: [ app_begin ] --END-- [ RunTime:0.002000s ]
SQL: select * from admin where token='c20ad4d76fe97759aa27a0c99bff6710' [ RunTime:0.0840s ]

[ 2017-04-25T22:28:25+08:00 ] ::1 /PersonalGarden/index.php/Home/Admin/login/token/c20ad4d76fe97759aa27a0c99bff6710
INFO: [ app_init ] --START--
INFO: Run Behavior\BuildLiteBehavior [ RunTime:0.000000s ]
INFO: [ app_init ] --END-- [ RunTime:0.001000s ]
INFO: [ app_begin ] --START--
INFO: Run Behavior\ReadHtmlCacheBehavior [ RunTime:0.002000s ]
INFO: [ app_begin ] --END-- [ RunTime:0.003000s ]
SQL: select * from admin where token='c20ad4d76fe97759aa27a0c99bff6710' [ RunTime:0.0640s ]

[ 2017-04-25T23:06:46+08:00 ] ::1 /PersonalGarden/index.php/Home/Admin/login/token/c20ad4d76fe97759aa27a0c99bff6710
INFO: [ app_init ] --START--
INFO: Run Behavior\BuildLiteBehavior [ RunTime:0.000000s ]
INFO: [ app_init ] --END-- [ RunTime:0.041002s ]
INFO: [ app_begin ] --START--
INFO: Run Behavior\ReadHtmlCacheBehavior [ RunTime:0.040002s ]
INFO: [ app_begin ] --END-- [ RunTime:0.041003s ]
SQL: select * from admin where token='c20ad4d76fe97759aa27a0c99bff6710' [ RunTime:0.1010s ]

[ 2017-04-25T23:07:02+08:00 ] ::1 /PersonalGarden/index.php/Home/Admin/login/token/c20ad4d76fe97759aa27a0c99bff6710
INFO: [ app_init ] --START--
INFO: Run Behavior\BuildLiteBehavior [ RunTime:0.000000s ]
INFO: [ app_init ] --END-- [ RunTime:0.001000s ]
INFO: [ app_begin ] --START--
INFO: Run Behavior\ReadHtmlCacheBehavior [ RunTime:0.001000s ]
INFO: [ app_begin ] --END-- [ RunTime:0.001000s ]
SQL: select * from admin where token='c20ad4d76fe97759aa27a0c99bff6710' [ RunTime:0.0610s ]

[ 2017-04-25T23:07:48+08:00 ] ::1 /PersonalGarden/index.php/Home/Admin/login/token/c20ad4d76fe97759aa27a0c99bff6710
INFO: [ app_init ] --START--
INFO: Run Behavior\BuildLiteBehavior [ RunTime:0.000000s ]
INFO: [ app_init ] --END-- [ RunTime:0.001000s ]
INFO: [ app_begin ] --START--
INFO: Run Behavior\ReadHtmlCacheBehavior [ RunTime:0.002000s ]
INFO: [ app_begin ] --END-- [ RunTime:0.002000s ]
SQL: select * from admin where token='c20ad4d76fe97759aa27a0c99bff6710' [ RunTime:0.0590s ]

[ 2017-04-25T23:09:30+08:00 ] ::1 /PersonalGarden/index.php/Home/Admin/login/token/c20ad4d76fe97759aa27a0c99bff6710
INFO: [ app_init ] --START--
INFO: Run Behavior\BuildLiteBehavior [ RunTime:0.000000s ]
INFO: [ app_init ] --END-- [ RunTime:0.002000s ]
INFO: [ app_begin ] --START--
INFO: Run Behavior\ReadHtmlCacheBehavior [ RunTime:0.002000s ]
INFO: [ app_begin ] --END-- [ RunTime:0.002000s ]
SQL: select * from admin where token='c20ad4d76fe97759aa27a0c99bff6710' [ RunTime:0.0870s ]

[ 2017-04-25T23:11:03+08:00 ] ::1 /PersonalGarden/index.php/Home/Admin/login/token/c20ad4d76fe97759aa27a0c99bff6710
INFO: [ app_init ] --START--
INFO: Run Behavior\BuildLiteBehavior [ RunTime:0.000000s ]
INFO: [ app_init ] --END-- [ RunTime:0.002000s ]
INFO: [ app_begin ] --START--
INFO: Run Behavior\ReadHtmlCacheBehavior [ RunTime:0.002001s ]
INFO: [ app_begin ] --END-- [ RunTime:0.002001s ]
SQL: select * from admin where token='c20ad4d76fe97759aa27a0c99bff6710' [ RunTime:0.0610s ]

[ 2017-04-25T23:11:33+08:00 ] ::1 /PersonalGarden/index.php/Home/Admin/login/token/c20ad4d76fe97759aa27a0c99bff6710
INFO: [ app_init ] --START--
INFO: Run Behavior\BuildLiteBehavior [ RunTime:0.000000s ]
INFO: [ app_init ] --END-- [ RunTime:0.001000s ]
INFO: [ app_begin ] --START--
INFO: Run Behavior\ReadHtmlCacheBehavior [ RunTime:0.002000s ]
INFO: [ app_begin ] --END-- [ RunTime:0.002000s ]
SQL: select * from admin where token='c20ad4d76fe97759aa27a0c99bff6710' [ RunTime:0.0770s ]

[ 2017-04-25T23:11:44+08:00 ] ::1 /PersonalGarden/index.php/Home/Admin/login/token/c20ad4d76fe97759aa27a0c99bff6710
INFO: [ app_init ] --START--
INFO: Run Behavior\BuildLiteBehavior [ RunTime:0.000000s ]
INFO: [ app_init ] --END-- [ RunTime:0.001000s ]
INFO: [ app_begin ] --START--
INFO: Run Behavior\ReadHtmlCacheBehavior [ RunTime:0.004001s ]
INFO: [ app_begin ] --END-- [ RunTime:0.004001s ]
SQL: select * from admin where token='c20ad4d76fe97759aa27a0c99bff6710' [ RunTime:0.0640s ]

[ 2017-04-25T23:11:59+08:00 ] ::1 /PersonalGarden/index.php/Home/Admin/login/token/c20ad4d76fe97759aa27a0c99bff6710
INFO: [ app_init ] --START--
INFO: Run Behavior\BuildLiteBehavior [ RunTime:0.000000s ]
INFO: [ app_init ] --END-- [ RunTime:0.001000s ]
INFO: [ app_begin ] --START--
INFO: Run Behavior\ReadHtmlCacheBehavior [ RunTime:0.001000s ]
INFO: [ app_begin ] --END-- [ RunTime:0.002000s ]
SQL: select * from admin where token='c20ad4d76fe97759aa27a0c99bff6710' [ RunTime:0.0540s ]

[ 2017-04-25T23:12:41+08:00 ] ::1 /PersonalGarden/index.php/Home/Admin/login/token/c20ad4d76fe97759aa27a0c99bff6710
INFO: [ app_init ] --START--
INFO: Run Behavior\BuildLiteBehavior [ RunTime:0.000000s ]
INFO: [ app_init ] --END-- [ RunTime:0.001000s ]
INFO: [ app_begin ] --START--
INFO: Run Behavior\ReadHtmlCacheBehavior [ RunTime:0.002000s ]
INFO: [ app_begin ] --END-- [ RunTime:0.002000s ]
SQL: select * from admin where token='c20ad4d76fe97759aa27a0c99bff6710' [ RunTime:0.0560s ]

[ 2017-04-25T23:14:05+08:00 ] ::1 /PersonalGarden/index.php/Home/Admin/login/token/c20ad4d76fe97759aa27a0c99bff6710
INFO: [ app_init ] --START--
INFO: Run Behavior\BuildLiteBehavior [ RunTime:0.001000s ]
INFO: [ app_init ] --END-- [ RunTime:0.002000s ]
INFO: [ app_begin ] --START--
INFO: Run Behavior\ReadHtmlCacheBehavior [ RunTime:0.002001s ]
INFO: [ app_begin ] --END-- [ RunTime:0.002001s ]
SQL: select * from admin where token='c20ad4d76fe97759aa27a0c99bff6710' [ RunTime:0.0810s ]

[ 2017-04-25T23:14:22+08:00 ] ::1 /PersonalGarden/index.php/Home/Admin/login/token/c20ad4d76fe97759aa27a0c99bff6710
INFO: [ app_init ] --START--
INFO: Run Behavior\BuildLiteBehavior [ RunTime:0.000000s ]
INFO: [ app_init ] --END-- [ RunTime:0.001000s ]
INFO: [ app_begin ] --START--
INFO: Run Behavior\ReadHtmlCacheBehavior [ RunTime:0.002000s ]
INFO: [ app_begin ] --END-- [ RunTime:0.002000s ]
SQL: select * from admin where token='c20ad4d76fe97759aa27a0c99bff6710' [ RunTime:0.0620s ]

[ 2017-04-25T23:18:40+08:00 ] ::1 /PersonalGarden/index.php/Home/Admin/login/token/c20ad4d76fe97759aa27a0c99bff6710
INFO: [ app_init ] --START--
INFO: Run Behavior\BuildLiteBehavior [ RunTime:0.000000s ]
INFO: [ app_init ] --END-- [ RunTime:0.002000s ]
INFO: [ app_begin ] --START--
INFO: Run Behavior\ReadHtmlCacheBehavior [ RunTime:0.002000s ]
INFO: [ app_begin ] --END-- [ RunTime:0.002000s ]
SQL: select * from admin where token='c20ad4d76fe97759aa27a0c99bff6710' [ RunTime:0.0590s ]

[ 2017-04-25T23:20:21+08:00 ] ::1 /PersonalGarden/index.php/Home/Admin/login/token/c20ad4d76fe97759aa27a0c99bff6710
INFO: [ app_init ] --START--
INFO: Run Behavior\BuildLiteBehavior [ RunTime:0.000000s ]
INFO: [ app_init ] --END-- [ RunTime:0.002000s ]
INFO: [ app_begin ] --START--
INFO: Run Behavior\ReadHtmlCacheBehavior [ RunTime:0.002000s ]
INFO: [ app_begin ] --END-- [ RunTime:0.002000s ]
SQL: select * from admin where token='c20ad4d76fe97759aa27a0c99bff6710' [ RunTime:0.0560s ]

[ 2017-04-25T23:21:12+08:00 ] ::1 /PersonalGarden/index.php/Home/Admin/login/token/c20ad4d76fe97759aa27a0c99bff6710
INFO: [ app_init ] --START--
INFO: Run Behavior\BuildLiteBehavior [ RunTime:0.000000s ]
INFO: [ app_init ] --END-- [ RunTime:0.001000s ]
INFO: [ app_begin ] --START--
INFO: Run Behavior\ReadHtmlCacheBehavior [ RunTime:0.001000s ]
INFO: [ app_begin ] --END-- [ RunTime:0.001000s ]
SQL: select * from admin where token='c20ad4d76fe97759aa27a0c99bff6710' [ RunTime:0.0570s ]

[ 2017-04-25T23:21:59+08:00 ] ::1 /PersonalGarden/index.php/Home/Admin/login/token/c20ad4d76fe97759aa27a0c99bff6710
INFO: [ app_init ] --START--
INFO: Run Behavior\BuildLiteBehavior [ RunTime:0.000000s ]
INFO: [ app_init ] --END-- [ RunTime:0.001000s ]
INFO: [ app_begin ] --START--
INFO: Run Behavior\ReadHtmlCacheBehavior [ RunTime:0.001000s ]
INFO: [ app_begin ] --END-- [ RunTime:0.001000s ]
SQL: select * from admin where token='c20ad4d76fe97759aa27a0c99bff6710' [ RunTime:0.0550s ]

[ 2017-04-25T23:22:47+08:00 ] ::1 /PersonalGarden/index.php/Home/Admin/login/token/c20ad4d76fe97759aa27a0c99bff6710
INFO: [ app_init ] --START--
INFO: Run Behavior\BuildLiteBehavior [ RunTime:0.000000s ]
INFO: [ app_init ] --END-- [ RunTime:0.001000s ]
INFO: [ app_begin ] --START--
INFO: Run Behavior\ReadHtmlCacheBehavior [ RunTime:0.002000s ]
INFO: [ app_begin ] --END-- [ RunTime:0.002000s ]
SQL: select * from admin where token='c20ad4d76fe97759aa27a0c99bff6710' [ RunTime:0.0550s ]

[ 2017-04-25T23:23:08+08:00 ] ::1 /PersonalGarden/index.php/Home/Admin/login/token/c20ad4d76fe97759aa27a0c99bff6710
INFO: [ app_init ] --START--
INFO: Run Behavior\BuildLiteBehavior [ RunTime:0.000000s ]
INFO: [ app_init ] --END-- [ RunTime:0.002000s ]
INFO: [ app_begin ] --START--
INFO: Run Behavior\ReadHtmlCacheBehavior [ RunTime:0.002000s ]
INFO: [ app_begin ] --END-- [ RunTime:0.002000s ]
SQL: select * from admin where token='c20ad4d76fe97759aa27a0c99bff6710' [ RunTime:0.0440s ]

[ 2017-04-25T23:24:33+08:00 ] ::1 /PersonalGarden/index.php/Home/Admin/login/token/c20ad4d76fe97759aa27a0c99bff6710
INFO: [ app_init ] --START--
INFO: Run Behavior\BuildLiteBehavior [ RunTime:0.000000s ]
INFO: [ app_init ] --END-- [ RunTime:0.001000s ]
INFO: [ app_begin ] --START--
INFO: Run Behavior\ReadHtmlCacheBehavior [ RunTime:0.001000s ]
INFO: [ app_begin ] --END-- [ RunTime:0.002000s ]
SQL: select * from admin where token='c20ad4d76fe97759aa27a0c99bff6710' [ RunTime:0.0630s ]

[ 2017-04-25T23:26:19+08:00 ] ::1 /PersonalGarden/index.php/Home/Admin/login/token/c20ad4d76fe97759aa27a0c99bff6710
INFO: [ app_init ] --START--
INFO: Run Behavior\BuildLiteBehavior [ RunTime:0.000000s ]
INFO: [ app_init ] --END-- [ RunTime:0.002000s ]
INFO: [ app_begin ] --START--
INFO: Run Behavior\ReadHtmlCacheBehavior [ RunTime:0.002000s ]
INFO: [ app_begin ] --END-- [ RunTime:0.002000s ]
SQL: select * from admin where token='c20ad4d76fe97759aa27a0c99bff6710' [ RunTime:0.0610s ]

[ 2017-04-25T23:26:46+08:00 ] ::1 /PersonalGarden/index.php/Home/Admin/login/token/c20ad4d76fe97759aa27a0c99bff6710
INFO: [ app_init ] --START--
INFO: Run Behavior\BuildLiteBehavior [ RunTime:0.000000s ]
INFO: [ app_init ] --END-- [ RunTime:0.002000s ]
INFO: [ app_begin ] --START--
INFO: Run Behavior\ReadHtmlCacheBehavior [ RunTime:0.001001s ]
INFO: [ app_begin ] --END-- [ RunTime:0.001001s ]
SQL: select * from admin where token='c20ad4d76fe97759aa27a0c99bff6710' [ RunTime:0.0630s ]

[ 2017-04-25T23:27:58+08:00 ] ::1 /PersonalGarden/index.php/Home/Admin/login/token/c20ad4d76fe97759aa27a0c99bff6710
INFO: [ app_init ] --START--
INFO: Run Behavior\BuildLiteBehavior [ RunTime:0.000000s ]
INFO: [ app_init ] --END-- [ RunTime:0.002000s ]
INFO: [ app_begin ] --START--
INFO: Run Behavior\ReadHtmlCacheBehavior [ RunTime:0.003000s ]
INFO: [ app_begin ] --END-- [ RunTime:0.003000s ]
SQL: select * from admin where token='c20ad4d76fe97759aa27a0c99bff6710' [ RunTime:0.0550s ]

[ 2017-04-25T23:29:37+08:00 ] ::1 /PersonalGarden/index.php/Home/Admin/login/token/c20ad4d76fe97759aa27a0c99bff6710
INFO: [ app_init ] --START--
INFO: Run Behavior\BuildLiteBehavior [ RunTime:0.000000s ]
INFO: [ app_init ] --END-- [ RunTime:0.002000s ]
INFO: [ app_begin ] --START--
INFO: Run Behavior\ReadHtmlCacheBehavior [ RunTime:0.001000s ]
INFO: [ app_begin ] --END-- [ RunTime:0.001000s ]
SQL: select * from admin where token='c20ad4d76fe97759aa27a0c99bff6710' [ RunTime:0.0620s ]

[ 2017-04-25T23:30:12+08:00 ] ::1 /PersonalGarden/index.php/Home/Admin/login/token/c20ad4d76fe97759aa27a0c99bff6710
INFO: [ app_init ] --START--
INFO: Run Behavior\BuildLiteBehavior [ RunTime:0.000000s ]
INFO: [ app_init ] --END-- [ RunTime:0.001000s ]
INFO: [ app_begin ] --START--
INFO: Run Behavior\ReadHtmlCacheBehavior [ RunTime:0.002000s ]
INFO: [ app_begin ] --END-- [ RunTime:0.002000s ]
SQL: select * from admin where token='c20ad4d76fe97759aa27a0c99bff6710' [ RunTime:0.0630s ]

[ 2017-04-25T23:30:39+08:00 ] ::1 /PersonalGarden/index.php/Home/Admin/login/token/c20ad4d76fe97759aa27a0c99bff6710
INFO: [ app_init ] --START--
INFO: Run Behavior\BuildLiteBehavior [ RunTime:0.000000s ]
INFO: [ app_init ] --END-- [ RunTime:0.001000s ]
INFO: [ app_begin ] --START--
INFO: Run Behavior\ReadHtmlCacheBehavior [ RunTime:0.002000s ]
INFO: [ app_begin ] --END-- [ RunTime:0.002000s ]
SQL: select * from admin where token='c20ad4d76fe97759aa27a0c99bff6710' [ RunTime:0.0550s ]

[ 2017-04-25T23:31:10+08:00 ] ::1 /PersonalGarden/index.php/Home/Admin/login/token/c20ad4d76fe97759aa27a0c99bff6710
INFO: [ app_init ] --START--
INFO: Run Behavior\BuildLiteBehavior [ RunTime:0.000000s ]
INFO: [ app_init ] --END-- [ RunTime:0.001000s ]
INFO: [ app_begin ] --START--
INFO: Run Behavior\ReadHtmlCacheBehavior [ RunTime:0.002000s ]
INFO: [ app_begin ] --END-- [ RunTime:0.003000s ]
SQL: select * from admin where token='c20ad4d76fe97759aa27a0c99bff6710' [ RunTime:0.0750s ]

[ 2017-04-25T23:47:34+08:00 ] ::1 /PersonalGarden/index.php/Home/Admin/login/token/c20ad4d76fe97759aa27a0c99bff6710
INFO: [ app_init ] --START--
INFO: Run Behavior\BuildLiteBehavior [ RunTime:0.000000s ]
INFO: [ app_init ] --END-- [ RunTime:0.001000s ]
INFO: [ app_begin ] --START--
INFO: Run Behavior\ReadHtmlCacheBehavior [ RunTime:0.002000s ]
INFO: [ app_begin ] --END-- [ RunTime:0.002000s ]
SQL: select * from admin where token='c20ad4d76fe97759aa27a0c99bff6710' [ RunTime:0.0550s ]

[ 2017-04-25T23:47:54+08:00 ] ::1 /PersonalGarden/index.php/Home/Admin/login/token/c20ad4d76fe97759aa27a0c99bff6710
INFO: [ app_init ] --START--
INFO: Run Behavior\BuildLiteBehavior [ RunTime:0.000000s ]
INFO: [ app_init ] --END-- [ RunTime:0.002000s ]
INFO: [ app_begin ] --START--
INFO: Run Behavior\ReadHtmlCacheBehavior [ RunTime:0.001000s ]
INFO: [ app_begin ] --END-- [ RunTime:0.002000s ]
SQL: select * from admin where token='c20ad4d76fe97759aa27a0c99bff6710' [ RunTime:0.0620s ]

[ 2017-04-25T23:48:27+08:00 ] ::1 /PersonalGarden/index.php/Home/Admin/login/token/c20ad4d76fe97759aa27a0c99bff6710
INFO: [ app_init ] --START--
INFO: Run Behavior\BuildLiteBehavior [ RunTime:0.000000s ]
INFO: [ app_init ] --END-- [ RunTime:0.001000s ]
INFO: [ app_begin ] --START--
INFO: Run Behavior\ReadHtmlCacheBehavior [ RunTime:0.003000s ]
INFO: [ app_begin ] --END-- [ RunTime:0.003000s ]
SQL: select * from admin where token='c20ad4d76fe97759aa27a0c99bff6710' [ RunTime:0.0660s ]

