[ 2017-04-18T00:03:07+08:00 ] ::1 /PersonalGarden/index.php/Home/Farm/my_soil/token/8cbfacea76e34f6bf956afb40fc8e384
INFO: [ app_init ] --START--
INFO: Run Behavior\BuildLiteBehavior [ RunTime:0.000000s ]
INFO: [ app_init ] --END-- [ RunTime:0.001000s ]
INFO: [ app_begin ] --START--
INFO: Run Behavior\ReadHtmlCacheBehavior [ RunTime:0.003000s ]
INFO: [ app_begin ] --END-- [ RunTime:0.003000s ]
SQL: select * from soil where rent_to_who='8cbfacea76e34f6bf956afb40fc8e384' [ RunTime:0.0490s ]
SQL: select nickname,soil_nums from userinfor where token='8cbfacea76e34f6bf956afb40fc8e384' [ RunTime:0.0430s ]
SQL: select farm_name from farm where farm_id='002' [ RunTime:0.0500s ]
SQL: select farm_name from farm where farm_id='001' [ RunTime:0.0400s ]

[ 2017-04-18T00:03:08+08:00 ] ::1 /PersonalGarden/index.php/Home/Farm/get_farm
INFO: [ app_init ] --START--
INFO: Run Behavior\BuildLiteBehavior [ RunTime:0.000000s ]
INFO: [ app_init ] --END-- [ RunTime:0.002000s ]
INFO: [ app_begin ] --START--
INFO: Run Behavior\ReadHtmlCacheBehavior [ RunTime:0.003000s ]
INFO: [ app_begin ] --END-- [ RunTime:0.003000s ]
SQL: select * from farm [ RunTime:0.0480s ]

[ 2017-04-18T00:07:40+08:00 ] ::1 /PersonalGarden/index.php/Home/Farm/my_soil/token/8cbfacea76e34f6bf956afb40fc8e384
INFO: [ app_init ] --START--
INFO: Run Behavior\BuildLiteBehavior [ RunTime:0.000000s ]
INFO: [ app_init ] --END-- [ RunTime:0.001000s ]
INFO: [ app_begin ] --START--
INFO: Run Behavior\ReadHtmlCacheBehavior [ RunTime:0.009000s ]
INFO: [ app_begin ] --END-- [ RunTime:0.009000s ]
SQL: select * from soil where rent_to_who='8cbfacea76e34f6bf956afb40fc8e384' [ RunTime:0.0500s ]
SQL: select nickname,soil_nums from userinfor where token='8cbfacea76e34f6bf956afb40fc8e384' [ RunTime:0.0500s ]
SQL: select farm_name from farm where farm_id='002' [ RunTime:0.0500s ]
SQL: select farm_name from farm where farm_id='001' [ RunTime:0.0500s ]

[ 2017-04-18T00:07:41+08:00 ] ::1 /PersonalGarden/index.php/Home/Farm/get_farm
INFO: [ app_init ] --START--
INFO: Run Behavior\BuildLiteBehavior [ RunTime:0.000000s ]
INFO: [ app_init ] --END-- [ RunTime:0.002000s ]
INFO: [ app_begin ] --START--
INFO: Run Behavior\ReadHtmlCacheBehavior [ RunTime:0.003000s ]
INFO: [ app_begin ] --END-- [ RunTime:0.003000s ]
SQL: select * from farm [ RunTime:0.0400s ]

[ 2017-04-18T00:08:36+08:00 ] ::1 /PersonalGarden/index.php/Home/Login/login
INFO: [ app_init ] --START--
INFO: Run Behavior\BuildLiteBehavior [ RunTime:0.000000s ]
INFO: [ app_init ] --END-- [ RunTime:0.002001s ]
INFO: [ app_begin ] --START--
INFO: Run Behavior\ReadHtmlCacheBehavior [ RunTime:0.002000s ]
INFO: [ app_begin ] --END-- [ RunTime:0.002000s ]
NOTIC: [8] A session had already been started - ignoring session_start() E:\xampp\htdocs\PersonalGarden\Application\Home\Controller\LoginController.class.php 第 8 行.
SQL: select * from userinfor where user_phone='18408240000' [ RunTime:0.0490s ]

[ 2017-04-18T00:08:47+08:00 ] ::1 /PersonalGarden/index.php/Home/Login/login
INFO: [ app_init ] --START--
INFO: Run Behavior\BuildLiteBehavior [ RunTime:0.000000s ]
INFO: [ app_init ] --END-- [ RunTime:0.000000s ]
INFO: [ app_begin ] --START--
INFO: Run Behavior\ReadHtmlCacheBehavior [ RunTime:0.001000s ]
INFO: [ app_begin ] --END-- [ RunTime:0.001000s ]
NOTIC: [8] A session had already been started - ignoring session_start() E:\xampp\htdocs\PersonalGarden\Application\Home\Controller\LoginController.class.php 第 8 行.
SQL: select * from userinfor where user_phone='18408243828' [ RunTime:0.0640s ]

[ 2017-04-18T00:09:01+08:00 ] ::1 /PersonalGarden/index.php/Home/Login/login
INFO: [ app_init ] --START--
INFO: Run Behavior\BuildLiteBehavior [ RunTime:0.000000s ]
INFO: [ app_init ] --END-- [ RunTime:0.001000s ]
INFO: [ app_begin ] --START--
INFO: Run Behavior\ReadHtmlCacheBehavior [ RunTime:0.001000s ]
INFO: [ app_begin ] --END-- [ RunTime:0.002000s ]
NOTIC: [8] A session had already been started - ignoring session_start() E:\xampp\htdocs\PersonalGarden\Application\Home\Controller\LoginController.class.php 第 8 行.
SQL: select * from userinfor where user_phone='184082000' [ RunTime:0.0550s ]

[ 2017-04-18T00:09:17+08:00 ] ::1 /PersonalGarden/index.php/Home/Login/login
INFO: [ app_init ] --START--
INFO: Run Behavior\BuildLiteBehavior [ RunTime:0.000000s ]
INFO: [ app_init ] --END-- [ RunTime:0.001001s ]
INFO: [ app_begin ] --START--
INFO: Run Behavior\ReadHtmlCacheBehavior [ RunTime:0.001000s ]
INFO: [ app_begin ] --END-- [ RunTime:0.001000s ]
NOTIC: [8] A session had already been started - ignoring session_start() E:\xampp\htdocs\PersonalGarden\Application\Home\Controller\LoginController.class.php 第 8 行.
SQL: select * from userinfor where user_phone='18408245117' [ RunTime:0.0550s ]
SQL: update userinfor set login_time='2017-04-18 00:09:17',token='2b75cef81ebd9c278c2613948b70d1b0' where user_phone='18408245117' [ RunTime:0.0600s ]

[ 2017-04-18T00:09:18+08:00 ] ::1 /PersonalGarden/index.php/Home/Login/login/token/2b75cef81ebd9c278c2613948b70d1b0
INFO: [ app_init ] --START--
INFO: Run Behavior\BuildLiteBehavior [ RunTime:0.001000s ]
INFO: [ app_init ] --END-- [ RunTime:0.002000s ]
INFO: [ app_begin ] --START--
INFO: Run Behavior\ReadHtmlCacheBehavior [ RunTime:0.002000s ]
INFO: [ app_begin ] --END-- [ RunTime:0.002000s ]
NOTIC: [8] A session had already been started - ignoring session_start() E:\xampp\htdocs\PersonalGarden\Application\Home\Controller\LoginController.class.php 第 8 行.
SQL: select * from userinfor where token='2b75cef81ebd9c278c2613948b70d1b0' [ RunTime:0.0570s ]

[ 2017-04-18T00:09:21+08:00 ] ::1 /PersonalGarden/index.php/Home/Setting/save/token/2b75cef81ebd9c278c2613948b70d1b0
INFO: [ app_init ] --START--
INFO: Run Behavior\BuildLiteBehavior [ RunTime:0.000000s ]
INFO: [ app_init ] --END-- [ RunTime:0.001000s ]
INFO: [ app_begin ] --START--
INFO: Run Behavior\ReadHtmlCacheBehavior [ RunTime:0.001000s ]
INFO: [ app_begin ] --END-- [ RunTime:0.002000s ]
SQL: update userinfor set nickname='kelseycarl',user_phone='18408245117',user_addr='四川省绵阳市游仙区' where token='2b75cef81ebd9c278c2613948b70d1b0' [ RunTime:0.0560s ]

[ 2017-04-18T00:09:22+08:00 ] ::1 /PersonalGarden/index.php/Home/Login/login/token/2b75cef81ebd9c278c2613948b70d1b0
INFO: [ app_init ] --START--
INFO: Run Behavior\BuildLiteBehavior [ RunTime:0.000000s ]
INFO: [ app_init ] --END-- [ RunTime:0.001000s ]
INFO: [ app_begin ] --START--
INFO: Run Behavior\ReadHtmlCacheBehavior [ RunTime:0.001000s ]
INFO: [ app_begin ] --END-- [ RunTime:0.001000s ]
NOTIC: [8] A session had already been started - ignoring session_start() E:\xampp\htdocs\PersonalGarden\Application\Home\Controller\LoginController.class.php 第 8 行.
SQL: select * from userinfor where token='2b75cef81ebd9c278c2613948b70d1b0' [ RunTime:0.0500s ]

[ 2017-04-18T00:09:24+08:00 ] ::1 /PersonalGarden/index.php/Home/Setting/save/token/2b75cef81ebd9c278c2613948b70d1b0
INFO: [ app_init ] --START--
INFO: Run Behavior\BuildLiteBehavior [ RunTime:0.000000s ]
INFO: [ app_init ] --END-- [ RunTime:0.001000s ]
INFO: [ app_begin ] --START--
INFO: Run Behavior\ReadHtmlCacheBehavior [ RunTime:0.001001s ]
INFO: [ app_begin ] --END-- [ RunTime:0.001001s ]
SQL: update userinfor set nickname='kelseycarl',user_phone='18408245117',user_addr='四川省绵阳市游仙区' where token='2b75cef81ebd9c278c2613948b70d1b0' [ RunTime:0.0580s ]

[ 2017-04-18T00:09:25+08:00 ] ::1 /PersonalGarden/index.php/Home/Login/login/token/2b75cef81ebd9c278c2613948b70d1b0
INFO: [ app_init ] --START--
INFO: Run Behavior\BuildLiteBehavior [ RunTime:0.000000s ]
INFO: [ app_init ] --END-- [ RunTime:0.001000s ]
INFO: [ app_begin ] --START--
INFO: Run Behavior\ReadHtmlCacheBehavior [ RunTime:0.002000s ]
INFO: [ app_begin ] --END-- [ RunTime:0.002000s ]
NOTIC: [8] A session had already been started - ignoring session_start() E:\xampp\htdocs\PersonalGarden\Application\Home\Controller\LoginController.class.php 第 8 行.
SQL: select * from userinfor where token='2b75cef81ebd9c278c2613948b70d1b0' [ RunTime:0.0480s ]

[ 2017-04-18T00:09:26+08:00 ] ::1 /PersonalGarden/index.php/Home/Setting/save/token/2b75cef81ebd9c278c2613948b70d1b0
INFO: [ app_init ] --START--
INFO: Run Behavior\BuildLiteBehavior [ RunTime:0.000000s ]
INFO: [ app_init ] --END-- [ RunTime:0.001000s ]
INFO: [ app_begin ] --START--
INFO: Run Behavior\ReadHtmlCacheBehavior [ RunTime:0.001000s ]
INFO: [ app_begin ] --END-- [ RunTime:0.001000s ]
SQL: update userinfor set nickname='kelseycarl',user_phone='18408245117',user_addr='四川省绵阳市游仙区' where token='2b75cef81ebd9c278c2613948b70d1b0' [ RunTime:0.0570s ]

[ 2017-04-18T00:09:27+08:00 ] ::1 /PersonalGarden/index.php/Home/Login/login/token/2b75cef81ebd9c278c2613948b70d1b0
INFO: [ app_init ] --START--
INFO: Run Behavior\BuildLiteBehavior [ RunTime:0.000000s ]
INFO: [ app_init ] --END-- [ RunTime:0.001001s ]
INFO: [ app_begin ] --START--
INFO: Run Behavior\ReadHtmlCacheBehavior [ RunTime:0.002000s ]
INFO: [ app_begin ] --END-- [ RunTime:0.002000s ]
NOTIC: [8] A session had already been started - ignoring session_start() E:\xampp\htdocs\PersonalGarden\Application\Home\Controller\LoginController.class.php 第 8 行.
SQL: select * from userinfor where token='2b75cef81ebd9c278c2613948b70d1b0' [ RunTime:0.0560s ]

[ 2017-04-18T00:09:28+08:00 ] ::1 /PersonalGarden/index.php/Home/Setting/save/token/2b75cef81ebd9c278c2613948b70d1b0
INFO: [ app_init ] --START--
INFO: Run Behavior\BuildLiteBehavior [ RunTime:0.000000s ]
INFO: [ app_init ] --END-- [ RunTime:0.002000s ]
INFO: [ app_begin ] --START--
INFO: Run Behavior\ReadHtmlCacheBehavior [ RunTime:0.001000s ]
INFO: [ app_begin ] --END-- [ RunTime:0.001000s ]
SQL: update userinfor set nickname='kelseycarl',user_phone='18408245117',user_addr='四川省绵阳市游仙区' where token='2b75cef81ebd9c278c2613948b70d1b0' [ RunTime:0.0620s ]

[ 2017-04-18T00:09:29+08:00 ] ::1 /PersonalGarden/index.php/Home/Login/login/token/2b75cef81ebd9c278c2613948b70d1b0
INFO: [ app_init ] --START--
INFO: Run Behavior\BuildLiteBehavior [ RunTime:0.000000s ]
INFO: [ app_init ] --END-- [ RunTime:0.001000s ]
INFO: [ app_begin ] --START--
INFO: Run Behavior\ReadHtmlCacheBehavior [ RunTime:0.001000s ]
INFO: [ app_begin ] --END-- [ RunTime:0.001000s ]
NOTIC: [8] A session had already been started - ignoring session_start() E:\xampp\htdocs\PersonalGarden\Application\Home\Controller\LoginController.class.php 第 8 行.
SQL: select * from userinfor where token='2b75cef81ebd9c278c2613948b70d1b0' [ RunTime:0.0700s ]

[ 2017-04-18T00:09:30+08:00 ] ::1 /PersonalGarden/index.php/Home/Setting/save/token/2b75cef81ebd9c278c2613948b70d1b0
INFO: [ app_init ] --START--
INFO: Run Behavior\BuildLiteBehavior [ RunTime:0.000000s ]
INFO: [ app_init ] --END-- [ RunTime:0.000000s ]
INFO: [ app_begin ] --START--
INFO: Run Behavior\ReadHtmlCacheBehavior [ RunTime:0.001000s ]
INFO: [ app_begin ] --END-- [ RunTime:0.001000s ]
SQL: update userinfor set nickname='kelseycarl',user_phone='18408245117',user_addr='四川省绵阳市游仙区' where token='2b75cef81ebd9c278c2613948b70d1b0' [ RunTime:0.0650s ]

[ 2017-04-18T00:09:31+08:00 ] ::1 /PersonalGarden/index.php/Home/Login/login/token/2b75cef81ebd9c278c2613948b70d1b0
INFO: [ app_init ] --START--
INFO: Run Behavior\BuildLiteBehavior [ RunTime:0.000000s ]
INFO: [ app_init ] --END-- [ RunTime:0.001000s ]
INFO: [ app_begin ] --START--
INFO: Run Behavior\ReadHtmlCacheBehavior [ RunTime:0.002000s ]
INFO: [ app_begin ] --END-- [ RunTime:0.002000s ]
NOTIC: [8] A session had already been started - ignoring session_start() E:\xampp\htdocs\PersonalGarden\Application\Home\Controller\LoginController.class.php 第 8 行.
SQL: select * from userinfor where token='2b75cef81ebd9c278c2613948b70d1b0' [ RunTime:0.0570s ]

[ 2017-04-18T00:09:32+08:00 ] ::1 /PersonalGarden/index.php/Home/Setting/save/token/2b75cef81ebd9c278c2613948b70d1b0
INFO: [ app_init ] --START--
INFO: Run Behavior\BuildLiteBehavior [ RunTime:0.000000s ]
INFO: [ app_init ] --END-- [ RunTime:0.001000s ]
INFO: [ app_begin ] --START--
INFO: Run Behavior\ReadHtmlCacheBehavior [ RunTime:0.001000s ]
INFO: [ app_begin ] --END-- [ RunTime:0.001000s ]
SQL: update userinfor set nickname='kelseycarl',user_phone='18408245117',user_addr='四川省绵阳市游仙区' where token='2b75cef81ebd9c278c2613948b70d1b0' [ RunTime:0.0530s ]

[ 2017-04-18T00:09:33+08:00 ] ::1 /PersonalGarden/index.php/Home/Login/login/token/2b75cef81ebd9c278c2613948b70d1b0
INFO: [ app_init ] --START--
INFO: Run Behavior\BuildLiteBehavior [ RunTime:0.000000s ]
INFO: [ app_init ] --END-- [ RunTime:0.001000s ]
INFO: [ app_begin ] --START--
INFO: Run Behavior\ReadHtmlCacheBehavior [ RunTime:0.001000s ]
INFO: [ app_begin ] --END-- [ RunTime:0.001000s ]
NOTIC: [8] A session had already been started - ignoring session_start() E:\xampp\htdocs\PersonalGarden\Application\Home\Controller\LoginController.class.php 第 8 行.
SQL: select * from userinfor where token='2b75cef81ebd9c278c2613948b70d1b0' [ RunTime:0.0500s ]

[ 2017-04-18T00:09:42+08:00 ] ::1 /PersonalGarden/index.php/Home/Setting/save/token/2b75cef81ebd9c278c2613948b70d1b0
INFO: [ app_init ] --START--
INFO: Run Behavior\BuildLiteBehavior [ RunTime:0.000000s ]
INFO: [ app_init ] --END-- [ RunTime:0.002000s ]
INFO: [ app_begin ] --START--
INFO: Run Behavior\ReadHtmlCacheBehavior [ RunTime:0.004000s ]
INFO: [ app_begin ] --END-- [ RunTime:0.005000s ]
SQL: update userinfor set nickname='kelseycarl',user_phone='18408245117',user_addr='四川省绵阳市游仙区' where token='2b75cef81ebd9c278c2613948b70d1b0' [ RunTime:0.0590s ]

[ 2017-04-18T00:09:43+08:00 ] ::1 /PersonalGarden/index.php/Home/Login/login/token/2b75cef81ebd9c278c2613948b70d1b0
INFO: [ app_init ] --START--
INFO: Run Behavior\BuildLiteBehavior [ RunTime:0.000000s ]
INFO: [ app_init ] --END-- [ RunTime:0.001000s ]
INFO: [ app_begin ] --START--
INFO: Run Behavior\ReadHtmlCacheBehavior [ RunTime:0.001001s ]
INFO: [ app_begin ] --END-- [ RunTime:0.002001s ]
NOTIC: [8] A session had already been started - ignoring session_start() E:\xampp\htdocs\PersonalGarden\Application\Home\Controller\LoginController.class.php 第 8 行.
SQL: select * from userinfor where token='2b75cef81ebd9c278c2613948b70d1b0' [ RunTime:0.0500s ]

[ 2017-04-18T00:09:44+08:00 ] ::1 /PersonalGarden/index.php/Home/Setting/save/token/2b75cef81ebd9c278c2613948b70d1b0
INFO: [ app_init ] --START--
INFO: Run Behavior\BuildLiteBehavior [ RunTime:0.000000s ]
INFO: [ app_init ] --END-- [ RunTime:0.001000s ]
INFO: [ app_begin ] --START--
INFO: Run Behavior\ReadHtmlCacheBehavior [ RunTime:0.001000s ]
INFO: [ app_begin ] --END-- [ RunTime:0.001000s ]
SQL: update userinfor set nickname='kelseycarl',user_phone='18408245117',user_addr='四川省绵阳市游仙区' where token='2b75cef81ebd9c278c2613948b70d1b0' [ RunTime:0.0570s ]

[ 2017-04-18T00:09:45+08:00 ] ::1 /PersonalGarden/index.php/Home/Login/login/token/2b75cef81ebd9c278c2613948b70d1b0
INFO: [ app_init ] --START--
INFO: Run Behavior\BuildLiteBehavior [ RunTime:0.000000s ]
INFO: [ app_init ] --END-- [ RunTime:0.001000s ]
INFO: [ app_begin ] --START--
INFO: Run Behavior\ReadHtmlCacheBehavior [ RunTime:0.001000s ]
INFO: [ app_begin ] --END-- [ RunTime:0.001000s ]
NOTIC: [8] A session had already been started - ignoring session_start() E:\xampp\htdocs\PersonalGarden\Application\Home\Controller\LoginController.class.php 第 8 行.
SQL: select * from userinfor where token='2b75cef81ebd9c278c2613948b70d1b0' [ RunTime:0.0480s ]

[ 2017-04-18T00:09:56+08:00 ] ::1 /PersonalGarden/index.php/Home/Login/login/token/2b75cef81ebd9c278c2613948b70d1b0
INFO: [ app_init ] --START--
INFO: Run Behavior\BuildLiteBehavior [ RunTime:0.000000s ]
INFO: [ app_init ] --END-- [ RunTime:0.002000s ]
INFO: [ app_begin ] --START--
INFO: Run Behavior\ReadHtmlCacheBehavior [ RunTime:0.001000s ]
INFO: [ app_begin ] --END-- [ RunTime:0.002000s ]
NOTIC: [8] A session had already been started - ignoring session_start() E:\xampp\htdocs\PersonalGarden\Application\Home\Controller\LoginController.class.php 第 8 行.
SQL: select * from userinfor where token='2b75cef81ebd9c278c2613948b70d1b0' [ RunTime:0.0560s ]

[ 2017-04-18T00:11:14+08:00 ] ::1 /PersonalGarden/index.php/Home/Login/login/token/2b75cef81ebd9c278c2613948b70d1b0
INFO: [ app_init ] --START--
INFO: Run Behavior\BuildLiteBehavior [ RunTime:0.000000s ]
INFO: [ app_init ] --END-- [ RunTime:0.003000s ]
INFO: [ app_begin ] --START--
INFO: Run Behavior\ReadHtmlCacheBehavior [ RunTime:0.003000s ]
INFO: [ app_begin ] --END-- [ RunTime:0.004000s ]
NOTIC: [8] A session had already been started - ignoring session_start() E:\xampp\htdocs\PersonalGarden\Application\Home\Controller\LoginController.class.php 第 8 行.
SQL: select * from userinfor where token='2b75cef81ebd9c278c2613948b70d1b0' [ RunTime:0.0540s ]

[ 2017-04-18T00:11:20+08:00 ] ::1 /PersonalGarden/index.php/Home/Farm/my_soil/token/2b75cef81ebd9c278c2613948b70d1b0
INFO: [ app_init ] --START--
INFO: Run Behavior\BuildLiteBehavior [ RunTime:0.000000s ]
INFO: [ app_init ] --END-- [ RunTime:0.001000s ]
INFO: [ app_begin ] --START--
INFO: Run Behavior\ReadHtmlCacheBehavior [ RunTime:0.001000s ]
INFO: [ app_begin ] --END-- [ RunTime:0.001000s ]
SQL: select * from soil where rent_to_who='2b75cef81ebd9c278c2613948b70d1b0' [ RunTime:0.0510s ]
SQL: select nickname,soil_nums from userinfor where token='2b75cef81ebd9c278c2613948b70d1b0' [ RunTime:0.0480s ]

[ 2017-04-18T00:11:20+08:00 ] ::1 /PersonalGarden/index.php/Home/Farm/get_farm
INFO: [ app_init ] --START--
INFO: Run Behavior\BuildLiteBehavior [ RunTime:0.000000s ]
INFO: [ app_init ] --END-- [ RunTime:0.002000s ]
INFO: [ app_begin ] --START--
INFO: Run Behavior\ReadHtmlCacheBehavior [ RunTime:0.003000s ]
INFO: [ app_begin ] --END-- [ RunTime:0.003000s ]
SQL: select * from farm [ RunTime:0.0570s ]

[ 2017-04-18T00:11:57+08:00 ] ::1 /PersonalGarden/index.php/Home/Farm/my_soil/token/2b75cef81ebd9c278c2613948b70d1b0
INFO: [ app_init ] --START--
INFO: Run Behavior\BuildLiteBehavior [ RunTime:0.000000s ]
INFO: [ app_init ] --END-- [ RunTime:0.001000s ]
INFO: [ app_begin ] --START--
INFO: Run Behavior\ReadHtmlCacheBehavior [ RunTime:0.003000s ]
INFO: [ app_begin ] --END-- [ RunTime:0.003000s ]
SQL: select * from soil where rent_to_who='2b75cef81ebd9c278c2613948b70d1b0' [ RunTime:0.1240s ]
SQL: select nickname,soil_nums from userinfor where token='2b75cef81ebd9c278c2613948b70d1b0' [ RunTime:0.0500s ]

[ 2017-04-18T00:11:57+08:00 ] ::1 /PersonalGarden/index.php/Home/Farm/get_farm
INFO: [ app_init ] --START--
INFO: Run Behavior\BuildLiteBehavior [ RunTime:0.000000s ]
INFO: [ app_init ] --END-- [ RunTime:0.001000s ]
INFO: [ app_begin ] --START--
INFO: Run Behavior\ReadHtmlCacheBehavior [ RunTime:0.002000s ]
INFO: [ app_begin ] --END-- [ RunTime:0.002000s ]
SQL: select * from farm [ RunTime:0.0870s ]

[ 2017-04-18T00:12:37+08:00 ] ::1 /PersonalGarden/index.php/Home/Farm/my_soil/token/2b75cef81ebd9c278c2613948b70d1b0
INFO: [ app_init ] --START--
INFO: Run Behavior\BuildLiteBehavior [ RunTime:0.000000s ]
INFO: [ app_init ] --END-- [ RunTime:0.001001s ]
INFO: [ app_begin ] --START--
INFO: Run Behavior\ReadHtmlCacheBehavior [ RunTime:0.002000s ]
INFO: [ app_begin ] --END-- [ RunTime:0.002000s ]
SQL: select * from soil where rent_to_who='2b75cef81ebd9c278c2613948b70d1b0' [ RunTime:0.0500s ]
SQL: select nickname,soil_nums from userinfor where token='2b75cef81ebd9c278c2613948b70d1b0' [ RunTime:0.0500s ]

[ 2017-04-18T00:12:38+08:00 ] ::1 /PersonalGarden/index.php/Home/Farm/get_farm
INFO: [ app_init ] --START--
INFO: Run Behavior\BuildLiteBehavior [ RunTime:0.000000s ]
INFO: [ app_init ] --END-- [ RunTime:0.002000s ]
INFO: [ app_begin ] --START--
INFO: Run Behavior\ReadHtmlCacheBehavior [ RunTime:0.003000s ]
INFO: [ app_begin ] --END-- [ RunTime:0.004001s ]
SQL: select * from farm [ RunTime:0.0520s ]

[ 2017-04-18T00:14:14+08:00 ] ::1 /PersonalGarden/index.php/Home/Login/login
INFO: [ app_init ] --START--
INFO: Run Behavior\BuildLiteBehavior [ RunTime:0.000000s ]
INFO: [ app_init ] --END-- [ RunTime:0.000000s ]
INFO: [ app_begin ] --START--
INFO: Run Behavior\ReadHtmlCacheBehavior [ RunTime:0.000000s ]
INFO: [ app_begin ] --END-- [ RunTime:0.000000s ]
NOTIC: [8] A session had already been started - ignoring session_start() E:\xampp\htdocs\PersonalGarden\Application\Home\Controller\LoginController.class.php 第 8 行.
SQL: select * from userinfor where user_phone='18408243828' [ RunTime:0.0500s ]
SQL: update userinfor set login_time='2017-04-18 00:14:14',token='8cbfacea76e34f6bf956afb40fc8e384' where user_phone='18408243828' [ RunTime:0.0520s ]

[ 2017-04-18T00:14:15+08:00 ] ::1 /PersonalGarden/index.php/Home/Login/login/token/8cbfacea76e34f6bf956afb40fc8e384
INFO: [ app_init ] --START--
INFO: Run Behavior\BuildLiteBehavior [ RunTime:0.000000s ]
INFO: [ app_init ] --END-- [ RunTime:0.002000s ]
INFO: [ app_begin ] --START--
INFO: Run Behavior\ReadHtmlCacheBehavior [ RunTime:0.003000s ]
INFO: [ app_begin ] --END-- [ RunTime:0.003000s ]
NOTIC: [8] A session had already been started - ignoring session_start() E:\xampp\htdocs\PersonalGarden\Application\Home\Controller\LoginController.class.php 第 8 行.
SQL: select * from userinfor where token='8cbfacea76e34f6bf956afb40fc8e384' [ RunTime:0.0560s ]

[ 2017-04-18T00:14:18+08:00 ] ::1 /PersonalGarden/index.php/Home/Setting/save/token/8cbfacea76e34f6bf956afb40fc8e384
INFO: [ app_init ] --START--
INFO: Run Behavior\BuildLiteBehavior [ RunTime:0.000000s ]
INFO: [ app_init ] --END-- [ RunTime:0.001000s ]
INFO: [ app_begin ] --START--
INFO: Run Behavior\ReadHtmlCacheBehavior [ RunTime:0.001000s ]
INFO: [ app_begin ] --END-- [ RunTime:0.001000s ]
SQL: update userinfor set nickname='helloworld',user_phone='18408243828',user_addr='四川省成都市郫县' where token='8cbfacea76e34f6bf956afb40fc8e384' [ RunTime:0.0560s ]

[ 2017-04-18T00:14:19+08:00 ] ::1 /PersonalGarden/index.php/Home/Login/login/token/8cbfacea76e34f6bf956afb40fc8e384
INFO: [ app_init ] --START--
INFO: Run Behavior\BuildLiteBehavior [ RunTime:0.000000s ]
INFO: [ app_init ] --END-- [ RunTime:0.002000s ]
INFO: [ app_begin ] --START--
INFO: Run Behavior\ReadHtmlCacheBehavior [ RunTime:0.002000s ]
INFO: [ app_begin ] --END-- [ RunTime:0.002000s ]
NOTIC: [8] A session had already been started - ignoring session_start() E:\xampp\htdocs\PersonalGarden\Application\Home\Controller\LoginController.class.php 第 8 行.
SQL: select * from userinfor where token='8cbfacea76e34f6bf956afb40fc8e384' [ RunTime:0.0480s ]

[ 2017-04-18T00:14:21+08:00 ] ::1 /PersonalGarden/index.php/Home/Setting/save/token/8cbfacea76e34f6bf956afb40fc8e384
INFO: [ app_init ] --START--
INFO: Run Behavior\BuildLiteBehavior [ RunTime:0.000000s ]
INFO: [ app_init ] --END-- [ RunTime:0.001000s ]
INFO: [ app_begin ] --START--
INFO: Run Behavior\ReadHtmlCacheBehavior [ RunTime:0.003000s ]
INFO: [ app_begin ] --END-- [ RunTime:0.004000s ]
SQL: update userinfor set nickname='helloworld',user_phone='18408243828',user_addr='四川省成都市郫县' where token='8cbfacea76e34f6bf956afb40fc8e384' [ RunTime:0.0530s ]

[ 2017-04-18T00:14:22+08:00 ] ::1 /PersonalGarden/index.php/Home/Login/login/token/8cbfacea76e34f6bf956afb40fc8e384
INFO: [ app_init ] --START--
INFO: Run Behavior\BuildLiteBehavior [ RunTime:0.000000s ]
INFO: [ app_init ] --END-- [ RunTime:0.002000s ]
INFO: [ app_begin ] --START--
INFO: Run Behavior\ReadHtmlCacheBehavior [ RunTime:0.004000s ]
INFO: [ app_begin ] --END-- [ RunTime:0.004000s ]
NOTIC: [8] A session had already been started - ignoring session_start() E:\xampp\htdocs\PersonalGarden\Application\Home\Controller\LoginController.class.php 第 8 行.
SQL: select * from userinfor where token='8cbfacea76e34f6bf956afb40fc8e384' [ RunTime:0.0490s ]

[ 2017-04-18T00:14:26+08:00 ] ::1 /PersonalGarden/index.php/Home/Farm/my_soil/token/8cbfacea76e34f6bf956afb40fc8e384
INFO: [ app_init ] --START--
INFO: Run Behavior\BuildLiteBehavior [ RunTime:0.000000s ]
INFO: [ app_init ] --END-- [ RunTime:0.002000s ]
INFO: [ app_begin ] --START--
INFO: Run Behavior\ReadHtmlCacheBehavior [ RunTime:0.003000s ]
INFO: [ app_begin ] --END-- [ RunTime:0.003000s ]
SQL: select * from soil where rent_to_who='8cbfacea76e34f6bf956afb40fc8e384' [ RunTime:0.0400s ]
SQL: select nickname,soil_nums from userinfor where token='8cbfacea76e34f6bf956afb40fc8e384' [ RunTime:0.0500s ]
SQL: select farm_name from farm where farm_id='002' [ RunTime:0.0500s ]
SQL: select farm_name from farm where farm_id='001' [ RunTime:0.0500s ]

[ 2017-04-18T00:14:27+08:00 ] ::1 /PersonalGarden/index.php/Home/Farm/get_farm
INFO: [ app_init ] --START--
INFO: Run Behavior\BuildLiteBehavior [ RunTime:0.000000s ]
INFO: [ app_init ] --END-- [ RunTime:0.001000s ]
INFO: [ app_begin ] --START--
INFO: Run Behavior\ReadHtmlCacheBehavior [ RunTime:0.003000s ]
INFO: [ app_begin ] --END-- [ RunTime:0.003000s ]
SQL: select * from farm [ RunTime:0.0500s ]

[ 2017-04-18T00:17:18+08:00 ] ::1 /PersonalGarden/index.php/Home/Farm/my_soil/token/8cbfacea76e34f6bf956afb40fc8e384
INFO: [ app_init ] --START--
INFO: Run Behavior\BuildLiteBehavior [ RunTime:0.000000s ]
INFO: [ app_init ] --END-- [ RunTime:0.001000s ]
INFO: [ app_begin ] --START--
INFO: Run Behavior\ReadHtmlCacheBehavior [ RunTime:0.002000s ]
INFO: [ app_begin ] --END-- [ RunTime:0.002000s ]
SQL: select * from soil where rent_to_who='8cbfacea76e34f6bf956afb40fc8e384' [ RunTime:0.0620s ]
SQL: select nickname,soil_nums from userinfor where token='8cbfacea76e34f6bf956afb40fc8e384' [ RunTime:0.0520s ]
SQL: select farm_name from farm where farm_id='002' [ RunTime:0.0600s ]
SQL: select farm_name from farm where farm_id='001' [ RunTime:0.0530s ]

[ 2017-04-18T00:17:18+08:00 ] ::1 /PersonalGarden/index.php/Home/Farm/get_farm
INFO: [ app_init ] --START--
INFO: Run Behavior\BuildLiteBehavior [ RunTime:0.000000s ]
INFO: [ app_init ] --END-- [ RunTime:0.001000s ]
INFO: [ app_begin ] --START--
INFO: Run Behavior\ReadHtmlCacheBehavior [ RunTime:0.002000s ]
INFO: [ app_begin ] --END-- [ RunTime:0.003000s ]
SQL: select * from farm [ RunTime:0.0490s ]

[ 2017-04-18T00:17:36+08:00 ] ::1 /PersonalGarden/index.php/Home/Farm/my_soil/token/8cbfacea76e34f6bf956afb40fc8e384
INFO: [ app_init ] --START--
INFO: Run Behavior\BuildLiteBehavior [ RunTime:0.000000s ]
INFO: [ app_init ] --END-- [ RunTime:0.001000s ]
INFO: [ app_begin ] --START--
INFO: Run Behavior\ReadHtmlCacheBehavior [ RunTime:0.003001s ]
INFO: [ app_begin ] --END-- [ RunTime:0.003001s ]
SQL: select * from soil where rent_to_who='8cbfacea76e34f6bf956afb40fc8e384' [ RunTime:0.0600s ]
SQL: select nickname,soil_nums from userinfor where token='8cbfacea76e34f6bf956afb40fc8e384' [ RunTime:0.0540s ]
SQL: select farm_name from farm where farm_id='002' [ RunTime:0.0500s ]
SQL: select farm_name from farm where farm_id='001' [ RunTime:0.0600s ]

[ 2017-04-18T00:17:36+08:00 ] ::1 /PersonalGarden/index.php/Home/Farm/get_farm
INFO: [ app_init ] --START--
INFO: Run Behavior\BuildLiteBehavior [ RunTime:0.000000s ]
INFO: [ app_init ] --END-- [ RunTime:0.002000s ]
INFO: [ app_begin ] --START--
INFO: Run Behavior\ReadHtmlCacheBehavior [ RunTime:0.003000s ]
INFO: [ app_begin ] --END-- [ RunTime:0.003000s ]
SQL: select * from farm [ RunTime:0.0520s ]

[ 2017-04-18T00:17:46+08:00 ] ::1 /PersonalGarden/index.php/Home/Farm/my_soil/token/8cbfacea76e34f6bf956afb40fc8e384
INFO: [ app_init ] --START--
INFO: Run Behavior\BuildLiteBehavior [ RunTime:0.000000s ]
INFO: [ app_init ] --END-- [ RunTime:0.003000s ]
INFO: [ app_begin ] --START--
INFO: Run Behavior\ReadHtmlCacheBehavior [ RunTime:0.007000s ]
INFO: [ app_begin ] --END-- [ RunTime:0.009000s ]
SQL: select * from soil where rent_to_who='8cbfacea76e34f6bf956afb40fc8e384' [ RunTime:0.0520s ]
SQL: select nickname,soil_nums from userinfor where token='8cbfacea76e34f6bf956afb40fc8e384' [ RunTime:0.0500s ]
SQL: select farm_name from farm where farm_id='002' [ RunTime:0.0480s ]
SQL: select farm_name from farm where farm_id='001' [ RunTime:0.0490s ]

[ 2017-04-18T00:17:46+08:00 ] ::1 /PersonalGarden/index.php/Home/Farm/get_farm
INFO: [ app_init ] --START--
INFO: Run Behavior\BuildLiteBehavior [ RunTime:0.000000s ]
INFO: [ app_init ] --END-- [ RunTime:0.001000s ]
INFO: [ app_begin ] --START--
INFO: Run Behavior\ReadHtmlCacheBehavior [ RunTime:0.002001s ]
INFO: [ app_begin ] --END-- [ RunTime:0.002001s ]
SQL: select * from farm [ RunTime:0.0620s ]

[ 2017-04-18T00:18:03+08:00 ] ::1 /PersonalGarden/index.php/Home/Login/login
INFO: [ app_init ] --START--
INFO: Run Behavior\BuildLiteBehavior [ RunTime:0.000000s ]
INFO: [ app_init ] --END-- [ RunTime:0.000000s ]
INFO: [ app_begin ] --START--
INFO: Run Behavior\ReadHtmlCacheBehavior [ RunTime:0.001000s ]
INFO: [ app_begin ] --END-- [ RunTime:0.001000s ]
NOTIC: [8] A session had already been started - ignoring session_start() E:\xampp\htdocs\PersonalGarden\Application\Home\Controller\LoginController.class.php 第 8 行.
SQL: select * from userinfor where user_phone='18408245117' [ RunTime:0.0520s ]
SQL: update userinfor set login_time='2017-04-18 00:18:03',token='2b75cef81ebd9c278c2613948b70d1b0' where user_phone='18408245117' [ RunTime:0.0600s ]

[ 2017-04-18T00:18:04+08:00 ] ::1 /PersonalGarden/index.php/Home/Login/login/token/2b75cef81ebd9c278c2613948b70d1b0
INFO: [ app_init ] --START--
INFO: Run Behavior\BuildLiteBehavior [ RunTime:0.000000s ]
INFO: [ app_init ] --END-- [ RunTime:0.001000s ]
INFO: [ app_begin ] --START--
INFO: Run Behavior\ReadHtmlCacheBehavior [ RunTime:0.000000s ]
INFO: [ app_begin ] --END-- [ RunTime:0.001000s ]
NOTIC: [8] A session had already been started - ignoring session_start() E:\xampp\htdocs\PersonalGarden\Application\Home\Controller\LoginController.class.php 第 8 行.
SQL: select * from userinfor where token='2b75cef81ebd9c278c2613948b70d1b0' [ RunTime:0.0580s ]

[ 2017-04-18T00:18:06+08:00 ] ::1 /PersonalGarden/index.php/Home/Setting/save/token/2b75cef81ebd9c278c2613948b70d1b0
INFO: [ app_init ] --START--
INFO: Run Behavior\BuildLiteBehavior [ RunTime:0.000000s ]
INFO: [ app_init ] --END-- [ RunTime:0.000000s ]
INFO: [ app_begin ] --START--
INFO: Run Behavior\ReadHtmlCacheBehavior [ RunTime:0.001000s ]
INFO: [ app_begin ] --END-- [ RunTime:0.001000s ]
SQL: update userinfor set nickname='kelseycarl',user_phone='18408245117',user_addr='四川省绵阳市游仙区' where token='2b75cef81ebd9c278c2613948b70d1b0' [ RunTime:0.0580s ]

[ 2017-04-18T00:18:07+08:00 ] ::1 /PersonalGarden/index.php/Home/Login/login/token/2b75cef81ebd9c278c2613948b70d1b0
INFO: [ app_init ] --START--
INFO: Run Behavior\BuildLiteBehavior [ RunTime:0.000000s ]
INFO: [ app_init ] --END-- [ RunTime:0.001000s ]
INFO: [ app_begin ] --START--
INFO: Run Behavior\ReadHtmlCacheBehavior [ RunTime:0.001000s ]
INFO: [ app_begin ] --END-- [ RunTime:0.001000s ]
NOTIC: [8] A session had already been started - ignoring session_start() E:\xampp\htdocs\PersonalGarden\Application\Home\Controller\LoginController.class.php 第 8 行.
SQL: select * from userinfor where token='2b75cef81ebd9c278c2613948b70d1b0' [ RunTime:0.0500s ]

[ 2017-04-18T00:18:08+08:00 ] ::1 /PersonalGarden/index.php/Home/Setting/save/token/2b75cef81ebd9c278c2613948b70d1b0
INFO: [ app_init ] --START--
INFO: Run Behavior\BuildLiteBehavior [ RunTime:0.000000s ]
INFO: [ app_init ] --END-- [ RunTime:0.002000s ]
INFO: [ app_begin ] --START--
INFO: Run Behavior\ReadHtmlCacheBehavior [ RunTime:0.001000s ]
INFO: [ app_begin ] --END-- [ RunTime:0.001000s ]
SQL: update userinfor set nickname='kelseycarl',user_phone='18408245117',user_addr='四川省绵阳市游仙区' where token='2b75cef81ebd9c278c2613948b70d1b0' [ RunTime:0.0610s ]

[ 2017-04-18T00:18:09+08:00 ] ::1 /PersonalGarden/index.php/Home/Login/login/token/2b75cef81ebd9c278c2613948b70d1b0
INFO: [ app_init ] --START--
INFO: Run Behavior\BuildLiteBehavior [ RunTime:0.000000s ]
INFO: [ app_init ] --END-- [ RunTime:0.001000s ]
INFO: [ app_begin ] --START--
INFO: Run Behavior\ReadHtmlCacheBehavior [ RunTime:0.002001s ]
INFO: [ app_begin ] --END-- [ RunTime:0.002001s ]
NOTIC: [8] A session had already been started - ignoring session_start() E:\xampp\htdocs\PersonalGarden\Application\Home\Controller\LoginController.class.php 第 8 行.
SQL: select * from userinfor where token='2b75cef81ebd9c278c2613948b70d1b0' [ RunTime:0.0480s ]

[ 2017-04-18T00:18:09+08:00 ] ::1 /PersonalGarden/index.php/Home/Setting/save/token/2b75cef81ebd9c278c2613948b70d1b0
INFO: [ app_init ] --START--
INFO: Run Behavior\BuildLiteBehavior [ RunTime:0.000000s ]
INFO: [ app_init ] --END-- [ RunTime:0.000000s ]
INFO: [ app_begin ] --START--
INFO: Run Behavior\ReadHtmlCacheBehavior [ RunTime:0.002000s ]
INFO: [ app_begin ] --END-- [ RunTime:0.002000s ]
SQL: update userinfor set nickname='',user_phone='',user_addr='' where token='2b75cef81ebd9c278c2613948b70d1b0' [ RunTime:0.0580s ]

[ 2017-04-18T00:18:10+08:00 ] ::1 /PersonalGarden/index.php/Home/Login/login/token/2b75cef81ebd9c278c2613948b70d1b0
INFO: [ app_init ] --START--
INFO: Run Behavior\BuildLiteBehavior [ RunTime:0.000000s ]
INFO: [ app_init ] --END-- [ RunTime:0.001000s ]
INFO: [ app_begin ] --START--
INFO: Run Behavior\ReadHtmlCacheBehavior [ RunTime:0.003000s ]
INFO: [ app_begin ] --END-- [ RunTime:0.003000s ]
NOTIC: [8] A session had already been started - ignoring session_start() E:\xampp\htdocs\PersonalGarden\Application\Home\Controller\LoginController.class.php 第 8 行.
SQL: select * from userinfor where token='2b75cef81ebd9c278c2613948b70d1b0' [ RunTime:0.0500s ]

[ 2017-04-18T00:18:11+08:00 ] ::1 /PersonalGarden/index.php/Home/Setting/save/token/2b75cef81ebd9c278c2613948b70d1b0
INFO: [ app_init ] --START--
INFO: Run Behavior\BuildLiteBehavior [ RunTime:0.000000s ]
INFO: [ app_init ] --END-- [ RunTime:0.000000s ]
INFO: [ app_begin ] --START--
INFO: Run Behavior\ReadHtmlCacheBehavior [ RunTime:0.002000s ]
INFO: [ app_begin ] --END-- [ RunTime:0.003000s ]
SQL: update userinfor set nickname='',user_phone='',user_addr='' where token='2b75cef81ebd9c278c2613948b70d1b0' [ RunTime:0.0640s ]

[ 2017-04-18T00:18:12+08:00 ] ::1 /PersonalGarden/index.php/Home/Login/login/token/2b75cef81ebd9c278c2613948b70d1b0
INFO: [ app_init ] --START--
INFO: Run Behavior\BuildLiteBehavior [ RunTime:0.000000s ]
INFO: [ app_init ] --END-- [ RunTime:0.002000s ]
INFO: [ app_begin ] --START--
INFO: Run Behavior\ReadHtmlCacheBehavior [ RunTime:0.003000s ]
INFO: [ app_begin ] --END-- [ RunTime:0.003000s ]
NOTIC: [8] A session had already been started - ignoring session_start() E:\xampp\htdocs\PersonalGarden\Application\Home\Controller\LoginController.class.php 第 8 行.
SQL: select * from userinfor where token='2b75cef81ebd9c278c2613948b70d1b0' [ RunTime:0.0470s ]

[ 2017-04-18T00:18:16+08:00 ] ::1 /PersonalGarden/index.php/Home/Setting/save/token/2b75cef81ebd9c278c2613948b70d1b0
INFO: [ app_init ] --START--
INFO: Run Behavior\BuildLiteBehavior [ RunTime:0.000000s ]
INFO: [ app_init ] --END-- [ RunTime:0.001000s ]
INFO: [ app_begin ] --START--
INFO: Run Behavior\ReadHtmlCacheBehavior [ RunTime:0.002000s ]
INFO: [ app_begin ] --END-- [ RunTime:0.002000s ]
SQL: update userinfor set nickname='',user_phone='',user_addr='' where token='2b75cef81ebd9c278c2613948b70d1b0' [ RunTime:0.0570s ]

[ 2017-04-18T00:18:17+08:00 ] ::1 /PersonalGarden/index.php/Home/Login/login/token/2b75cef81ebd9c278c2613948b70d1b0
INFO: [ app_init ] --START--
INFO: Run Behavior\BuildLiteBehavior [ RunTime:0.000000s ]
INFO: [ app_init ] --END-- [ RunTime:0.001000s ]
INFO: [ app_begin ] --START--
INFO: Run Behavior\ReadHtmlCacheBehavior [ RunTime:0.002000s ]
INFO: [ app_begin ] --END-- [ RunTime:0.002000s ]
NOTIC: [8] A session had already been started - ignoring session_start() E:\xampp\htdocs\PersonalGarden\Application\Home\Controller\LoginController.class.php 第 8 行.
SQL: select * from userinfor where token='2b75cef81ebd9c278c2613948b70d1b0' [ RunTime:0.0500s ]

[ 2017-04-18T00:18:18+08:00 ] ::1 /PersonalGarden/index.php/Home/Setting/save/token/2b75cef81ebd9c278c2613948b70d1b0
INFO: [ app_init ] --START--
INFO: Run Behavior\BuildLiteBehavior [ RunTime:0.000000s ]
INFO: [ app_init ] --END-- [ RunTime:0.001000s ]
INFO: [ app_begin ] --START--
INFO: Run Behavior\ReadHtmlCacheBehavior [ RunTime:0.002000s ]
INFO: [ app_begin ] --END-- [ RunTime:0.002000s ]
SQL: update userinfor set nickname='',user_phone='',user_addr='' where token='2b75cef81ebd9c278c2613948b70d1b0' [ RunTime:0.0500s ]

[ 2017-04-18T00:18:19+08:00 ] ::1 /PersonalGarden/index.php/Home/Login/login/token/2b75cef81ebd9c278c2613948b70d1b0
INFO: [ app_init ] --START--
INFO: Run Behavior\BuildLiteBehavior [ RunTime:0.000000s ]
INFO: [ app_init ] --END-- [ RunTime:0.001000s ]
INFO: [ app_begin ] --START--
INFO: Run Behavior\ReadHtmlCacheBehavior [ RunTime:0.003001s ]
INFO: [ app_begin ] --END-- [ RunTime:0.003001s ]
NOTIC: [8] A session had already been started - ignoring session_start() E:\xampp\htdocs\PersonalGarden\Application\Home\Controller\LoginController.class.php 第 8 行.
SQL: select * from userinfor where token='2b75cef81ebd9c278c2613948b70d1b0' [ RunTime:0.0450s ]

[ 2017-04-18T00:18:20+08:00 ] ::1 /PersonalGarden/index.php/Home/Setting/save/token/2b75cef81ebd9c278c2613948b70d1b0
INFO: [ app_init ] --START--
INFO: Run Behavior\BuildLiteBehavior [ RunTime:0.000000s ]
INFO: [ app_init ] --END-- [ RunTime:0.002000s ]
INFO: [ app_begin ] --START--
INFO: Run Behavior\ReadHtmlCacheBehavior [ RunTime:0.003000s ]
INFO: [ app_begin ] --END-- [ RunTime:0.004000s ]
SQL: update userinfor set nickname='',user_phone='',user_addr='' where token='2b75cef81ebd9c278c2613948b70d1b0' [ RunTime:0.0500s ]

[ 2017-04-18T00:18:21+08:00 ] ::1 /PersonalGarden/index.php/Home/Login/login/token/2b75cef81ebd9c278c2613948b70d1b0
INFO: [ app_init ] --START--
INFO: Run Behavior\BuildLiteBehavior [ RunTime:0.000000s ]
INFO: [ app_init ] --END-- [ RunTime:0.002000s ]
INFO: [ app_begin ] --START--
INFO: Run Behavior\ReadHtmlCacheBehavior [ RunTime:0.003000s ]
INFO: [ app_begin ] --END-- [ RunTime:0.003000s ]
NOTIC: [8] A session had already been started - ignoring session_start() E:\xampp\htdocs\PersonalGarden\Application\Home\Controller\LoginController.class.php 第 8 行.
SQL: select * from userinfor where token='2b75cef81ebd9c278c2613948b70d1b0' [ RunTime:0.0530s ]

[ 2017-04-18T00:18:22+08:00 ] ::1 /PersonalGarden/index.php/Home/Setting/save/token/2b75cef81ebd9c278c2613948b70d1b0
INFO: [ app_init ] --START--
INFO: Run Behavior\BuildLiteBehavior [ RunTime:0.000000s ]
INFO: [ app_init ] --END-- [ RunTime:0.001000s ]
INFO: [ app_begin ] --START--
INFO: Run Behavior\ReadHtmlCacheBehavior [ RunTime:0.002001s ]
INFO: [ app_begin ] --END-- [ RunTime:0.003001s ]
SQL: update userinfor set nickname='',user_phone='',user_addr='' where token='2b75cef81ebd9c278c2613948b70d1b0' [ RunTime:0.0490s ]

[ 2017-04-18T00:18:25+08:00 ] ::1 /PersonalGarden/index.php/Home/Login/login/token/2b75cef81ebd9c278c2613948b70d1b0
INFO: [ app_init ] --START--
INFO: Run Behavior\BuildLiteBehavior [ RunTime:0.000000s ]
INFO: [ app_init ] --END-- [ RunTime:0.001000s ]
INFO: [ app_begin ] --START--
INFO: Run Behavior\ReadHtmlCacheBehavior [ RunTime:0.004001s ]
INFO: [ app_begin ] --END-- [ RunTime:0.004001s ]
NOTIC: [8] A session had already been started - ignoring session_start() E:\xampp\htdocs\PersonalGarden\Application\Home\Controller\LoginController.class.php 第 8 行.
SQL: select * from userinfor where token='2b75cef81ebd9c278c2613948b70d1b0' [ RunTime:0.0540s ]

[ 2017-04-18T00:18:30+08:00 ] ::1 /PersonalGarden/index.php/Home/Setting/save/token/2b75cef81ebd9c278c2613948b70d1b0
INFO: [ app_init ] --START--
INFO: Run Behavior\BuildLiteBehavior [ RunTime:0.000000s ]
INFO: [ app_init ] --END-- [ RunTime:0.002001s ]
INFO: [ app_begin ] --START--
INFO: Run Behavior\ReadHtmlCacheBehavior [ RunTime:0.001000s ]
INFO: [ app_begin ] --END-- [ RunTime:0.002000s ]
SQL: update userinfor set nickname='',user_phone='',user_addr='' where token='2b75cef81ebd9c278c2613948b70d1b0' [ RunTime:0.0580s ]

[ 2017-04-18T00:18:31+08:00 ] ::1 /PersonalGarden/index.php/Home/Login/login/token/2b75cef81ebd9c278c2613948b70d1b0
INFO: [ app_init ] --START--
INFO: Run Behavior\BuildLiteBehavior [ RunTime:0.000000s ]
INFO: [ app_init ] --END-- [ RunTime:0.000000s ]
INFO: [ app_begin ] --START--
INFO: Run Behavior\ReadHtmlCacheBehavior [ RunTime:0.001000s ]
INFO: [ app_begin ] --END-- [ RunTime:0.003000s ]
NOTIC: [8] A session had already been started - ignoring session_start() E:\xampp\htdocs\PersonalGarden\Application\Home\Controller\LoginController.class.php 第 8 行.
SQL: select * from userinfor where token='2b75cef81ebd9c278c2613948b70d1b0' [ RunTime:0.0600s ]

[ 2017-04-18T00:18:34+08:00 ] ::1 /PersonalGarden/index.php/Home/Login/login/token/2b75cef81ebd9c278c2613948b70d1b0
INFO: [ app_init ] --START--
INFO: Run Behavior\BuildLiteBehavior [ RunTime:0.000000s ]
INFO: [ app_init ] --END-- [ RunTime:0.001000s ]
INFO: [ app_begin ] --START--
INFO: Run Behavior\ReadHtmlCacheBehavior [ RunTime:0.003000s ]
INFO: [ app_begin ] --END-- [ RunTime:0.003000s ]
NOTIC: [8] A session had already been started - ignoring session_start() E:\xampp\htdocs\PersonalGarden\Application\Home\Controller\LoginController.class.php 第 8 行.
SQL: select * from userinfor where token='2b75cef81ebd9c278c2613948b70d1b0' [ RunTime:0.0600s ]

[ 2017-04-18T00:18:55+08:00 ] ::1 /PersonalGarden/index.php/Home/Login/login
INFO: [ app_init ] --START--
INFO: Run Behavior\BuildLiteBehavior [ RunTime:0.000000s ]
INFO: [ app_init ] --END-- [ RunTime:0.001000s ]
INFO: [ app_begin ] --START--
INFO: Run Behavior\ReadHtmlCacheBehavior [ RunTime:0.003000s ]
INFO: [ app_begin ] --END-- [ RunTime:0.004000s ]
NOTIC: [8] A session had already been started - ignoring session_start() E:\xampp\htdocs\PersonalGarden\Application\Home\Controller\LoginController.class.php 第 8 行.
SQL: select * from userinfor where user_phone='18408245117' [ RunTime:0.0540s ]

[ 2017-04-18T00:19:04+08:00 ] ::1 /PersonalGarden/index.php/Home/Login/login
INFO: [ app_init ] --START--
INFO: Run Behavior\BuildLiteBehavior [ RunTime:0.000000s ]
INFO: [ app_init ] --END-- [ RunTime:0.000000s ]
INFO: [ app_begin ] --START--
INFO: Run Behavior\ReadHtmlCacheBehavior [ RunTime:0.000000s ]
INFO: [ app_begin ] --END-- [ RunTime:0.000000s ]
NOTIC: [8] A session had already been started - ignoring session_start() E:\xampp\htdocs\PersonalGarden\Application\Home\Controller\LoginController.class.php 第 8 行.
SQL: select * from userinfor where user_phone='18408245117' [ RunTime:0.0500s ]

[ 2017-04-18T00:19:39+08:00 ] ::1 /PersonalGarden/index.php/Home/Login/login
INFO: [ app_init ] --START--
INFO: Run Behavior\BuildLiteBehavior [ RunTime:0.000000s ]
INFO: [ app_init ] --END-- [ RunTime:0.001000s ]
INFO: [ app_begin ] --START--
INFO: Run Behavior\ReadHtmlCacheBehavior [ RunTime:0.002000s ]
INFO: [ app_begin ] --END-- [ RunTime:0.002000s ]
NOTIC: [8] A session had already been started - ignoring session_start() E:\xampp\htdocs\PersonalGarden\Application\Home\Controller\LoginController.class.php 第 8 行.
SQL: select * from userinfor where user_phone='18408245117' [ RunTime:0.0500s ]

[ 2017-04-18T00:19:42+08:00 ] ::1 /PersonalGarden/index.php/Home/Login/login
INFO: [ app_init ] --START--
INFO: Run Behavior\BuildLiteBehavior [ RunTime:0.000000s ]
INFO: [ app_init ] --END-- [ RunTime:0.000000s ]
INFO: [ app_begin ] --START--
INFO: Run Behavior\ReadHtmlCacheBehavior [ RunTime:0.001000s ]
INFO: [ app_begin ] --END-- [ RunTime:0.001000s ]
NOTIC: [8] A session had already been started - ignoring session_start() E:\xampp\htdocs\PersonalGarden\Application\Home\Controller\LoginController.class.php 第 8 行.
SQL: select * from userinfor where user_phone='18408245117' [ RunTime:0.0680s ]

[ 2017-04-18T00:19:50+08:00 ] ::1 /PersonalGarden/index.php/Home/Login/login
INFO: [ app_init ] --START--
INFO: Run Behavior\BuildLiteBehavior [ RunTime:0.000000s ]
INFO: [ app_init ] --END-- [ RunTime:0.001000s ]
INFO: [ app_begin ] --START--
INFO: Run Behavior\ReadHtmlCacheBehavior [ RunTime:0.002001s ]
INFO: [ app_begin ] --END-- [ RunTime:0.002001s ]
NOTIC: [8] A session had already been started - ignoring session_start() E:\xampp\htdocs\PersonalGarden\Application\Home\Controller\LoginController.class.php 第 8 行.
SQL: select * from userinfor where user_phone='18408243828' [ RunTime:0.0480s ]
SQL: update userinfor set login_time='2017-04-18 00:19:50',token='8cbfacea76e34f6bf956afb40fc8e384' where user_phone='18408243828' [ RunTime:0.0600s ]

[ 2017-04-18T00:19:51+08:00 ] ::1 /PersonalGarden/index.php/Home/Login/login/token/8cbfacea76e34f6bf956afb40fc8e384
INFO: [ app_init ] --START--
INFO: Run Behavior\BuildLiteBehavior [ RunTime:0.000000s ]
INFO: [ app_init ] --END-- [ RunTime:0.001000s ]
INFO: [ app_begin ] --START--
INFO: Run Behavior\ReadHtmlCacheBehavior [ RunTime:0.002000s ]
INFO: [ app_begin ] --END-- [ RunTime:0.003000s ]
NOTIC: [8] A session had already been started - ignoring session_start() E:\xampp\htdocs\PersonalGarden\Application\Home\Controller\LoginController.class.php 第 8 行.
SQL: select * from userinfor where token='8cbfacea76e34f6bf956afb40fc8e384' [ RunTime:0.0500s ]

[ 2017-04-18T00:21:22+08:00 ] ::1 /PersonalGarden/index.php/Home/Setting/save/token/8cbfacea76e34f6bf956afb40fc8e384
INFO: [ app_init ] --START--
INFO: Run Behavior\BuildLiteBehavior [ RunTime:0.000000s ]
INFO: [ app_init ] --END-- [ RunTime:0.001000s ]
INFO: [ app_begin ] --START--
INFO: Run Behavior\ReadHtmlCacheBehavior [ RunTime:0.002000s ]
INFO: [ app_begin ] --END-- [ RunTime:0.002000s ]
SQL: update userinfor set nickname='helloworld',user_phone='18408243828',user_addr='四川省成都市郫县' where token='8cbfacea76e34f6bf956afb40fc8e384' [ RunTime:0.0510s ]

[ 2017-04-18T00:21:24+08:00 ] ::1 /PersonalGarden/index.php/Home/Login/login/token/8cbfacea76e34f6bf956afb40fc8e384
INFO: [ app_init ] --START--
INFO: Run Behavior\BuildLiteBehavior [ RunTime:0.000000s ]
INFO: [ app_init ] --END-- [ RunTime:0.001000s ]
INFO: [ app_begin ] --START--
INFO: Run Behavior\ReadHtmlCacheBehavior [ RunTime:0.001000s ]
INFO: [ app_begin ] --END-- [ RunTime:0.001000s ]
NOTIC: [8] A session had already been started - ignoring session_start() E:\xampp\htdocs\PersonalGarden\Application\Home\Controller\LoginController.class.php 第 8 行.
SQL: select * from userinfor where token='8cbfacea76e34f6bf956afb40fc8e384' [ RunTime:0.0660s ]

[ 2017-04-18T00:21:31+08:00 ] ::1 /PersonalGarden/index.php/Home/Farm/my_soil/token/8cbfacea76e34f6bf956afb40fc8e384
INFO: [ app_init ] --START--
INFO: Run Behavior\BuildLiteBehavior [ RunTime:0.000000s ]
INFO: [ app_init ] --END-- [ RunTime:0.001000s ]
INFO: [ app_begin ] --START--
INFO: Run Behavior\ReadHtmlCacheBehavior [ RunTime:0.001000s ]
INFO: [ app_begin ] --END-- [ RunTime:0.001000s ]
SQL: select * from soil where rent_to_who='8cbfacea76e34f6bf956afb40fc8e384' [ RunTime:0.0520s ]
SQL: select nickname,soil_nums from userinfor where token='8cbfacea76e34f6bf956afb40fc8e384' [ RunTime:0.0540s ]
SQL: select farm_name from farm where farm_id='002' [ RunTime:0.0740s ]
SQL: select farm_name from farm where farm_id='001' [ RunTime:0.0490s ]

[ 2017-04-18T00:21:31+08:00 ] ::1 /PersonalGarden/index.php/Home/Farm/get_farm
INFO: [ app_init ] --START--
INFO: Run Behavior\BuildLiteBehavior [ RunTime:0.001000s ]
INFO: [ app_init ] --END-- [ RunTime:0.003000s ]
INFO: [ app_begin ] --START--
INFO: Run Behavior\ReadHtmlCacheBehavior [ RunTime:0.001000s ]
INFO: [ app_begin ] --END-- [ RunTime:0.001000s ]
SQL: select * from farm [ RunTime:0.0520s ]

[ 2017-04-18T00:21:55+08:00 ] ::1 /PersonalGarden/index.php/Home/Login/login
INFO: [ app_init ] --START--
INFO: Run Behavior\BuildLiteBehavior [ RunTime:0.000000s ]
INFO: [ app_init ] --END-- [ RunTime:0.000000s ]
INFO: [ app_begin ] --START--
INFO: Run Behavior\ReadHtmlCacheBehavior [ RunTime:0.002000s ]
INFO: [ app_begin ] --END-- [ RunTime:0.002000s ]
NOTIC: [8] A session had already been started - ignoring session_start() E:\xampp\htdocs\PersonalGarden\Application\Home\Controller\LoginController.class.php 第 8 行.
SQL: select * from userinfor where user_phone='18408245117' [ RunTime:0.0490s ]

[ 2017-04-18T00:22:05+08:00 ] ::1 /PersonalGarden/index.php/Home/Login/login
INFO: [ app_init ] --START--
INFO: Run Behavior\BuildLiteBehavior [ RunTime:0.000000s ]
INFO: [ app_init ] --END-- [ RunTime:0.001000s ]
INFO: [ app_begin ] --START--
INFO: Run Behavior\ReadHtmlCacheBehavior [ RunTime:0.002000s ]
INFO: [ app_begin ] --END-- [ RunTime:0.003000s ]
NOTIC: [8] A session had already been started - ignoring session_start() E:\xampp\htdocs\PersonalGarden\Application\Home\Controller\LoginController.class.php 第 8 行.
SQL: select * from userinfor where user_phone='18408245117' [ RunTime:0.0510s ]

[ 2017-04-18T00:22:19+08:00 ] ::1 /PersonalGarden/index.php/Home/Login/login
INFO: [ app_init ] --START--
INFO: Run Behavior\BuildLiteBehavior [ RunTime:0.000000s ]
INFO: [ app_init ] --END-- [ RunTime:0.001000s ]
INFO: [ app_begin ] --START--
INFO: Run Behavior\ReadHtmlCacheBehavior [ RunTime:0.001000s ]
INFO: [ app_begin ] --END-- [ RunTime:0.001000s ]
NOTIC: [8] A session had already been started - ignoring session_start() E:\xampp\htdocs\PersonalGarden\Application\Home\Controller\LoginController.class.php 第 8 行.
SQL: select * from userinfor where user_phone='18408245117' [ RunTime:0.0610s ]

[ 2017-04-18T00:22:29+08:00 ] ::1 /PersonalGarden/index.php/Home/Login/login
INFO: [ app_init ] --START--
INFO: Run Behavior\BuildLiteBehavior [ RunTime:0.000000s ]
INFO: [ app_init ] --END-- [ RunTime:0.002000s ]
INFO: [ app_begin ] --START--
INFO: Run Behavior\ReadHtmlCacheBehavior [ RunTime:0.004001s ]
INFO: [ app_begin ] --END-- [ RunTime:0.004001s ]
NOTIC: [8] A session had already been started - ignoring session_start() E:\xampp\htdocs\PersonalGarden\Application\Home\Controller\LoginController.class.php 第 8 行.
SQL: select * from userinfor where user_phone='18408245117' [ RunTime:0.0500s ]

[ 2017-04-18T00:23:38+08:00 ] ::1 /PersonalGarden/index.php/Home/Login/login
INFO: [ app_init ] --START--
INFO: Run Behavior\BuildLiteBehavior [ RunTime:0.000000s ]
INFO: [ app_init ] --END-- [ RunTime:0.001000s ]
INFO: [ app_begin ] --START--
INFO: Run Behavior\ReadHtmlCacheBehavior [ RunTime:0.001000s ]
INFO: [ app_begin ] --END-- [ RunTime:0.001000s ]
NOTIC: [8] A session had already been started - ignoring session_start() E:\xampp\htdocs\PersonalGarden\Application\Home\Controller\LoginController.class.php 第 8 行.
SQL: select * from userinfor where user_phone='18408245117' [ RunTime:0.0440s ]
SQL: update userinfor set login_time='2017-04-18 00:23:38',token='2b75cef81ebd9c278c2613948b70d1b0' where user_phone='18408245117' [ RunTime:0.0500s ]

[ 2017-04-18T00:23:39+08:00 ] ::1 /PersonalGarden/index.php/Home/Login/login/token/2b75cef81ebd9c278c2613948b70d1b0
INFO: [ app_init ] --START--
INFO: Run Behavior\BuildLiteBehavior [ RunTime:0.000000s ]
INFO: [ app_init ] --END-- [ RunTime:0.001000s ]
INFO: [ app_begin ] --START--
INFO: Run Behavior\ReadHtmlCacheBehavior [ RunTime:0.003000s ]
INFO: [ app_begin ] --END-- [ RunTime:0.003000s ]
NOTIC: [8] A session had already been started - ignoring session_start() E:\xampp\htdocs\PersonalGarden\Application\Home\Controller\LoginController.class.php 第 8 行.
SQL: select * from userinfor where token='2b75cef81ebd9c278c2613948b70d1b0' [ RunTime:0.0490s ]

[ 2017-04-18T00:23:42+08:00 ] ::1 /PersonalGarden/index.php/Home/Setting/save/token/2b75cef81ebd9c278c2613948b70d1b0
INFO: [ app_init ] --START--
INFO: Run Behavior\BuildLiteBehavior [ RunTime:0.000000s ]
INFO: [ app_init ] --END-- [ RunTime:0.001000s ]
INFO: [ app_begin ] --START--
INFO: Run Behavior\ReadHtmlCacheBehavior [ RunTime:0.002000s ]
INFO: [ app_begin ] --END-- [ RunTime:0.002000s ]
SQL: update userinfor set nickname='kelseycarl',user_phone='18408245117',user_addr='上海' where token='2b75cef81ebd9c278c2613948b70d1b0' [ RunTime:0.0560s ]

[ 2017-04-18T00:23:43+08:00 ] ::1 /PersonalGarden/index.php/Home/Login/login/token/2b75cef81ebd9c278c2613948b70d1b0
INFO: [ app_init ] --START--
INFO: Run Behavior\BuildLiteBehavior [ RunTime:0.000000s ]
INFO: [ app_init ] --END-- [ RunTime:0.001000s ]
INFO: [ app_begin ] --START--
INFO: Run Behavior\ReadHtmlCacheBehavior [ RunTime:0.002000s ]
INFO: [ app_begin ] --END-- [ RunTime:0.002000s ]
NOTIC: [8] A session had already been started - ignoring session_start() E:\xampp\htdocs\PersonalGarden\Application\Home\Controller\LoginController.class.php 第 8 行.
SQL: select * from userinfor where token='2b75cef81ebd9c278c2613948b70d1b0' [ RunTime:0.0540s ]

[ 2017-04-18T00:23:45+08:00 ] ::1 /PersonalGarden/index.php/Home/Setting/save/token/2b75cef81ebd9c278c2613948b70d1b0
INFO: [ app_init ] --START--
INFO: Run Behavior\BuildLiteBehavior [ RunTime:0.000000s ]
INFO: [ app_init ] --END-- [ RunTime:0.001000s ]
INFO: [ app_begin ] --START--
INFO: Run Behavior\ReadHtmlCacheBehavior [ RunTime:0.002000s ]
INFO: [ app_begin ] --END-- [ RunTime:0.002000s ]
SQL: update userinfor set nickname='kelseycarl',user_phone='18408245117',user_addr='上海' where token='2b75cef81ebd9c278c2613948b70d1b0' [ RunTime:0.0570s ]

[ 2017-04-18T00:23:46+08:00 ] ::1 /PersonalGarden/index.php/Home/Login/login/token/2b75cef81ebd9c278c2613948b70d1b0
INFO: [ app_init ] --START--
INFO: Run Behavior\BuildLiteBehavior [ RunTime:0.000000s ]
INFO: [ app_init ] --END-- [ RunTime:0.001001s ]
INFO: [ app_begin ] --START--
INFO: Run Behavior\ReadHtmlCacheBehavior [ RunTime:0.001000s ]
INFO: [ app_begin ] --END-- [ RunTime:0.001000s ]
NOTIC: [8] A session had already been started - ignoring session_start() E:\xampp\htdocs\PersonalGarden\Application\Home\Controller\LoginController.class.php 第 8 行.
SQL: select * from userinfor where token='2b75cef81ebd9c278c2613948b70d1b0' [ RunTime:0.0500s ]

[ 2017-04-18T00:23:47+08:00 ] ::1 /PersonalGarden/index.php/Home/Setting/save/token/2b75cef81ebd9c278c2613948b70d1b0
INFO: [ app_init ] --START--
INFO: Run Behavior\BuildLiteBehavior [ RunTime:0.000000s ]
INFO: [ app_init ] --END-- [ RunTime:0.002000s ]
INFO: [ app_begin ] --START--
INFO: Run Behavior\ReadHtmlCacheBehavior [ RunTime:0.001000s ]
INFO: [ app_begin ] --END-- [ RunTime:0.001000s ]
SQL: update userinfor set nickname='kelseycarl',user_phone='18408245117',user_addr='上海' where token='2b75cef81ebd9c278c2613948b70d1b0' [ RunTime:0.0550s ]

[ 2017-04-18T00:23:48+08:00 ] ::1 /PersonalGarden/index.php/Home/Login/login/token/2b75cef81ebd9c278c2613948b70d1b0
INFO: [ app_init ] --START--
INFO: Run Behavior\BuildLiteBehavior [ RunTime:0.000000s ]
INFO: [ app_init ] --END-- [ RunTime:0.001000s ]
INFO: [ app_begin ] --START--
INFO: Run Behavior\ReadHtmlCacheBehavior [ RunTime:0.003000s ]
INFO: [ app_begin ] --END-- [ RunTime:0.003000s ]
NOTIC: [8] A session had already been started - ignoring session_start() E:\xampp\htdocs\PersonalGarden\Application\Home\Controller\LoginController.class.php 第 8 行.
SQL: select * from userinfor where token='2b75cef81ebd9c278c2613948b70d1b0' [ RunTime:0.0540s ]

[ 2017-04-18T00:23:49+08:00 ] ::1 /PersonalGarden/index.php/Home/Setting/save/token/2b75cef81ebd9c278c2613948b70d1b0
INFO: [ app_init ] --START--
INFO: Run Behavior\BuildLiteBehavior [ RunTime:0.000000s ]
INFO: [ app_init ] --END-- [ RunTime:0.001000s ]
INFO: [ app_begin ] --START--
INFO: Run Behavior\ReadHtmlCacheBehavior [ RunTime:0.002000s ]
INFO: [ app_begin ] --END-- [ RunTime:0.002000s ]
SQL: update userinfor set nickname='kelseycarl',user_phone='18408245117',user_addr='上海' where token='2b75cef81ebd9c278c2613948b70d1b0' [ RunTime:0.0520s ]

[ 2017-04-18T00:23:50+08:00 ] ::1 /PersonalGarden/index.php/Home/Login/login/token/2b75cef81ebd9c278c2613948b70d1b0
INFO: [ app_init ] --START--
INFO: Run Behavior\BuildLiteBehavior [ RunTime:0.000000s ]
INFO: [ app_init ] --END-- [ RunTime:0.001000s ]
INFO: [ app_begin ] --START--
INFO: Run Behavior\ReadHtmlCacheBehavior [ RunTime:0.002000s ]
INFO: [ app_begin ] --END-- [ RunTime:0.002000s ]
NOTIC: [8] A session had already been started - ignoring session_start() E:\xampp\htdocs\PersonalGarden\Application\Home\Controller\LoginController.class.php 第 8 行.
SQL: select * from userinfor where token='2b75cef81ebd9c278c2613948b70d1b0' [ RunTime:0.0530s ]

[ 2017-04-18T00:24:15+08:00 ] ::1 /PersonalGarden/index.php/Home/Farm/my_soil/token/2b75cef81ebd9c278c2613948b70d1b0
INFO: [ app_init ] --START--
INFO: Run Behavior\BuildLiteBehavior [ RunTime:0.000000s ]
INFO: [ app_init ] --END-- [ RunTime:0.001000s ]
INFO: [ app_begin ] --START--
INFO: Run Behavior\ReadHtmlCacheBehavior [ RunTime:0.003000s ]
INFO: [ app_begin ] --END-- [ RunTime:0.003000s ]
SQL: select * from soil where rent_to_who='2b75cef81ebd9c278c2613948b70d1b0' [ RunTime:0.0540s ]
SQL: select nickname,soil_nums from userinfor where token='2b75cef81ebd9c278c2613948b70d1b0' [ RunTime:0.0560s ]

[ 2017-04-18T00:24:15+08:00 ] ::1 /PersonalGarden/index.php/Home/Farm/get_farm
INFO: [ app_init ] --START--
INFO: Run Behavior\BuildLiteBehavior [ RunTime:0.000000s ]
INFO: [ app_init ] --END-- [ RunTime:0.001000s ]
INFO: [ app_begin ] --START--
INFO: Run Behavior\ReadHtmlCacheBehavior [ RunTime:0.005001s ]
INFO: [ app_begin ] --END-- [ RunTime:0.005001s ]
SQL: select * from farm [ RunTime:0.0820s ]

[ 2017-04-18T00:28:29+08:00 ] ::1 /PersonalGarden/index.php/Home/Farm/my_soil/token/2b75cef81ebd9c278c2613948b70d1b0
INFO: [ app_init ] --START--
INFO: Run Behavior\BuildLiteBehavior [ RunTime:0.000000s ]
INFO: [ app_init ] --END-- [ RunTime:0.001000s ]
INFO: [ app_begin ] --START--
INFO: Run Behavior\ReadHtmlCacheBehavior [ RunTime:0.003000s ]
INFO: [ app_begin ] --END-- [ RunTime:0.003000s ]
SQL: select * from soil where rent_to_who='2b75cef81ebd9c278c2613948b70d1b0' [ RunTime:0.0630s ]
SQL: select nickname,soil_nums from userinfor where token='2b75cef81ebd9c278c2613948b70d1b0' [ RunTime:0.0560s ]

[ 2017-04-18T00:28:29+08:00 ] ::1 /PersonalGarden/index.php/Home/Farm/get_farm
INFO: [ app_init ] --START--
INFO: Run Behavior\BuildLiteBehavior [ RunTime:0.000000s ]
INFO: [ app_init ] --END-- [ RunTime:0.001000s ]
INFO: [ app_begin ] --START--
INFO: Run Behavior\ReadHtmlCacheBehavior [ RunTime:0.002000s ]
INFO: [ app_begin ] --END-- [ RunTime:0.002000s ]
SQL: select * from farm [ RunTime:0.0570s ]

[ 2017-04-18T00:29:25+08:00 ] ::1 /PersonalGarden/index.php/Home/Farm/my_soil/token/2b75cef81ebd9c278c2613948b70d1b0
INFO: [ app_init ] --START--
INFO: Run Behavior\BuildLiteBehavior [ RunTime:0.000000s ]
INFO: [ app_init ] --END-- [ RunTime:0.001000s ]
INFO: [ app_begin ] --START--
INFO: Run Behavior\ReadHtmlCacheBehavior [ RunTime:0.001000s ]
INFO: [ app_begin ] --END-- [ RunTime:0.002000s ]
SQL: select * from soil where rent_to_who='2b75cef81ebd9c278c2613948b70d1b0' [ RunTime:0.0490s ]
SQL: select nickname,soil_nums from userinfor where token='2b75cef81ebd9c278c2613948b70d1b0' [ RunTime:0.0420s ]

[ 2017-04-18T00:29:25+08:00 ] ::1 /PersonalGarden/index.php/Home/Farm/get_farm
INFO: [ app_init ] --START--
INFO: Run Behavior\BuildLiteBehavior [ RunTime:0.000000s ]
INFO: [ app_init ] --END-- [ RunTime:0.002000s ]
INFO: [ app_begin ] --START--
INFO: Run Behavior\ReadHtmlCacheBehavior [ RunTime:0.002000s ]
INFO: [ app_begin ] --END-- [ RunTime:0.003000s ]
SQL: select * from farm [ RunTime:0.0560s ]

[ 2017-04-18T00:30:06+08:00 ] ::1 /PersonalGarden/index.php/Home/Farm/get_farm
INFO: [ app_init ] --START--
INFO: Run Behavior\BuildLiteBehavior [ RunTime:0.000000s ]
INFO: [ app_init ] --END-- [ RunTime:0.001000s ]
INFO: [ app_begin ] --START--
INFO: Run Behavior\ReadHtmlCacheBehavior [ RunTime:0.001000s ]
INFO: [ app_begin ] --END-- [ RunTime:0.001000s ]
SQL: select * from farm [ RunTime:0.0490s ]

[ 2017-04-18T00:30:06+08:00 ] ::1 /PersonalGarden/index.php/Home/Farm/my_soil/token/2b75cef81ebd9c278c2613948b70d1b0
INFO: [ app_init ] --START--
INFO: Run Behavior\BuildLiteBehavior [ RunTime:0.000000s ]
INFO: [ app_init ] --END-- [ RunTime:0.033002s ]
INFO: [ app_begin ] --START--
INFO: Run Behavior\ReadHtmlCacheBehavior [ RunTime:0.002000s ]
INFO: [ app_begin ] --END-- [ RunTime:0.002000s ]
SQL: select * from soil where rent_to_who='2b75cef81ebd9c278c2613948b70d1b0' [ RunTime:0.0670s ]
SQL: select nickname,soil_nums from userinfor where token='2b75cef81ebd9c278c2613948b70d1b0' [ RunTime:0.0620s ]

[ 2017-04-18T00:30:19+08:00 ] ::1 /PersonalGarden/index.php/Home/Farm/my_soil/token/2b75cef81ebd9c278c2613948b70d1b0
INFO: [ app_init ] --START--
INFO: Run Behavior\BuildLiteBehavior [ RunTime:0.000000s ]
INFO: [ app_init ] --END-- [ RunTime:0.002000s ]
INFO: [ app_begin ] --START--
INFO: Run Behavior\ReadHtmlCacheBehavior [ RunTime:0.002000s ]
INFO: [ app_begin ] --END-- [ RunTime:0.002000s ]
SQL: select * from soil where rent_to_who='2b75cef81ebd9c278c2613948b70d1b0' [ RunTime:0.0630s ]
SQL: select nickname,soil_nums from userinfor where token='2b75cef81ebd9c278c2613948b70d1b0' [ RunTime:0.0920s ]

[ 2017-04-18T00:30:20+08:00 ] ::1 /PersonalGarden/index.php/Home/Farm/get_farm
INFO: [ app_init ] --START--
INFO: Run Behavior\BuildLiteBehavior [ RunTime:0.000000s ]
INFO: [ app_init ] --END-- [ RunTime:0.002000s ]
INFO: [ app_begin ] --START--
INFO: Run Behavior\ReadHtmlCacheBehavior [ RunTime:0.003000s ]
INFO: [ app_begin ] --END-- [ RunTime:0.003000s ]
SQL: select * from farm [ RunTime:0.0740s ]

