[ 2017-04-23T00:00:10+08:00 ] ::1 /PersonalGarden/webapp/css/docs.css.map
INFO: [ app_init ] --START--
INFO: Run Behavior\BuildLiteBehavior [ RunTime:0.000000s ]
INFO: [ app_init ] --END-- [ RunTime:0.001000s ]
ERR: 无法加载模块:Webapp

[ 2017-04-23T00:00:19+08:00 ] ::1 /PersonalGarden/webapp/css/docs.css.map
INFO: [ app_init ] --START--
INFO: Run Behavior\BuildLiteBehavior [ RunTime:0.000000s ]
INFO: [ app_init ] --END-- [ RunTime:0.001000s ]
ERR: 无法加载模块:Webapp

[ 2017-04-23T00:01:12+08:00 ] ::1 /PersonalGarden/webapp/css/docs.css.map
INFO: [ app_init ] --START--
INFO: Run Behavior\BuildLiteBehavior [ RunTime:0.001000s ]
INFO: [ app_init ] --END-- [ RunTime:0.001000s ]
ERR: 无法加载模块:Webapp

[ 2017-04-23T00:01:19+08:00 ] ::1 /PersonalGarden/webapp/css/docs.css.map
INFO: [ app_init ] --START--
INFO: Run Behavior\BuildLiteBehavior [ RunTime:0.000000s ]
INFO: [ app_init ] --END-- [ RunTime:0.001000s ]
ERR: 无法加载模块:Webapp

[ 2017-04-23T00:01:34+08:00 ] ::1 /PersonalGarden/webapp/css/docs.css.map
INFO: [ app_init ] --START--
INFO: Run Behavior\BuildLiteBehavior [ RunTime:0.000000s ]
INFO: [ app_init ] --END-- [ RunTime:0.001000s ]
ERR: 无法加载模块:Webapp

[ 2017-04-23T00:01:44+08:00 ] ::1 /PersonalGarden/webapp/css/docs.css.map
INFO: [ app_init ] --START--
INFO: Run Behavior\BuildLiteBehavior [ RunTime:0.000000s ]
INFO: [ app_init ] --END-- [ RunTime:0.002000s ]
ERR: 无法加载模块:Webapp

[ 2017-04-23T00:01:58+08:00 ] ::1 /PersonalGarden/webapp/css/docs.css.map
INFO: [ app_init ] --START--
INFO: Run Behavior\BuildLiteBehavior [ RunTime:0.000000s ]
INFO: [ app_init ] --END-- [ RunTime:0.001000s ]
ERR: 无法加载模块:Webapp

[ 2017-04-23T00:02:34+08:00 ] ::1 /PersonalGarden/webapp/css/docs.css.map
INFO: [ app_init ] --START--
INFO: Run Behavior\BuildLiteBehavior [ RunTime:0.000000s ]
INFO: [ app_init ] --END-- [ RunTime:0.000000s ]
ERR: 无法加载模块:Webapp

[ 2017-04-23T00:06:38+08:00 ] ::1 /PersonalGarden/webapp/css/docs.css.map
INFO: [ app_init ] --START--
INFO: Run Behavior\BuildLiteBehavior [ RunTime:0.000000s ]
INFO: [ app_init ] --END-- [ RunTime:0.001000s ]
ERR: 无法加载模块:Webapp

[ 2017-04-23T00:06:59+08:00 ] ::1 /PersonalGarden/webapp/css/docs.css.map
INFO: [ app_init ] --START--
INFO: Run Behavior\BuildLiteBehavior [ RunTime:0.000000s ]
INFO: [ app_init ] --END-- [ RunTime:0.001000s ]
ERR: 无法加载模块:Webapp

[ 2017-04-23T00:07:27+08:00 ] ::1 /PersonalGarden/webapp/css/docs.css.map
INFO: [ app_init ] --START--
INFO: Run Behavior\BuildLiteBehavior [ RunTime:0.001000s ]
INFO: [ app_init ] --END-- [ RunTime:0.002001s ]
ERR: 无法加载模块:Webapp

[ 2017-04-23T00:07:36+08:00 ] ::1 /PersonalGarden/webapp/css/docs.css.map
INFO: [ app_init ] --START--
INFO: Run Behavior\BuildLiteBehavior [ RunTime:0.000000s ]
INFO: [ app_init ] --END-- [ RunTime:0.001000s ]
ERR: 无法加载模块:Webapp

[ 2017-04-23T09:33:00+08:00 ] ::1 /PersonalGarden/webapp/css/docs.css.map
INFO: [ app_init ] --START--
INFO: Run Behavior\BuildLiteBehavior [ RunTime:0.000000s ]
INFO: [ app_init ] --END-- [ RunTime:0.014001s ]
ERR: 无法加载模块:Webapp

[ 2017-04-23T09:33:11+08:00 ] ::1 /PersonalGarden/webapp/css/docs.css.map
INFO: [ app_init ] --START--
INFO: Run Behavior\BuildLiteBehavior [ RunTime:0.000000s ]
INFO: [ app_init ] --END-- [ RunTime:0.000000s ]
ERR: 无法加载模块:Webapp

[ 2017-04-23T09:33:18+08:00 ] ::1 /PersonalGarden/webapp/css/docs.css.map
INFO: [ app_init ] --START--
INFO: Run Behavior\BuildLiteBehavior [ RunTime:0.000000s ]
INFO: [ app_init ] --END-- [ RunTime:0.001000s ]
ERR: 无法加载模块:Webapp

[ 2017-04-23T09:35:56+08:00 ] ::1 /PersonalGarden/webapp/css/docs.css.map
INFO: [ app_init ] --START--
INFO: Run Behavior\BuildLiteBehavior [ RunTime:0.000000s ]
INFO: [ app_init ] --END-- [ RunTime:0.001000s ]
ERR: 无法加载模块:Webapp

[ 2017-04-23T09:36:02+08:00 ] ::1 /PersonalGarden/webapp/css/docs.css.map
INFO: [ app_init ] --START--
INFO: Run Behavior\BuildLiteBehavior [ RunTime:0.001000s ]
INFO: [ app_init ] --END-- [ RunTime:0.001000s ]
ERR: 无法加载模块:Webapp

[ 2017-04-23T09:36:05+08:00 ] ::1 /PersonalGarden/webapp/css/docs.css.map
INFO: [ app_init ] --START--
INFO: Run Behavior\BuildLiteBehavior [ RunTime:0.000000s ]
INFO: [ app_init ] --END-- [ RunTime:0.001000s ]
ERR: 无法加载模块:Webapp

[ 2017-04-23T09:36:30+08:00 ] ::1 /PersonalGarden/webapp/css/docs.css.map
INFO: [ app_init ] --START--
INFO: Run Behavior\BuildLiteBehavior [ RunTime:0.000000s ]
INFO: [ app_init ] --END-- [ RunTime:0.001000s ]
ERR: 无法加载模块:Webapp

[ 2017-04-23T09:36:34+08:00 ] ::1 /PersonalGarden/webapp/css/docs.css.map
INFO: [ app_init ] --START--
INFO: Run Behavior\BuildLiteBehavior [ RunTime:0.000000s ]
INFO: [ app_init ] --END-- [ RunTime:0.000000s ]
ERR: 无法加载模块:Webapp

[ 2017-04-23T09:36:44+08:00 ] ::1 /PersonalGarden/webapp/css/docs.css.map
INFO: [ app_init ] --START--
INFO: Run Behavior\BuildLiteBehavior [ RunTime:0.000000s ]
INFO: [ app_init ] --END-- [ RunTime:0.001000s ]
ERR: 无法加载模块:Webapp

[ 2017-04-23T09:37:07+08:00 ] ::1 /PersonalGarden/webapp/css/docs.css.map
INFO: [ app_init ] --START--
INFO: Run Behavior\BuildLiteBehavior [ RunTime:0.000000s ]
INFO: [ app_init ] --END-- [ RunTime:0.001000s ]
ERR: 无法加载模块:Webapp

[ 2017-04-23T09:37:11+08:00 ] ::1 /PersonalGarden/webapp/css/docs.css.map
INFO: [ app_init ] --START--
INFO: Run Behavior\BuildLiteBehavior [ RunTime:0.000000s ]
INFO: [ app_init ] --END-- [ RunTime:0.001000s ]
ERR: 无法加载模块:Webapp

[ 2017-04-23T09:37:16+08:00 ] ::1 /PersonalGarden/webapp/css/docs.css.map
INFO: [ app_init ] --START--
INFO: Run Behavior\BuildLiteBehavior [ RunTime:0.000000s ]
INFO: [ app_init ] --END-- [ RunTime:0.001000s ]
ERR: 无法加载模块:Webapp

[ 2017-04-23T09:37:19+08:00 ] ::1 /PersonalGarden/webapp/css/docs.css.map
INFO: [ app_init ] --START--
INFO: Run Behavior\BuildLiteBehavior [ RunTime:0.000000s ]
INFO: [ app_init ] --END-- [ RunTime:0.001001s ]
ERR: 无法加载模块:Webapp

[ 2017-04-23T09:37:30+08:00 ] ::1 /PersonalGarden/webapp/css/docs.css.map
INFO: [ app_init ] --START--
INFO: Run Behavior\BuildLiteBehavior [ RunTime:0.000000s ]
INFO: [ app_init ] --END-- [ RunTime:0.001000s ]
ERR: 无法加载模块:Webapp

[ 2017-04-23T09:38:02+08:00 ] ::1 /PersonalGarden/webapp/css/docs.css.map
INFO: [ app_init ] --START--
INFO: Run Behavior\BuildLiteBehavior [ RunTime:0.000000s ]
INFO: [ app_init ] --END-- [ RunTime:0.001000s ]
ERR: 无法加载模块:Webapp

[ 2017-04-23T09:38:27+08:00 ] ::1 /PersonalGarden/webapp/css/docs.css.map
INFO: [ app_init ] --START--
INFO: Run Behavior\BuildLiteBehavior [ RunTime:0.000000s ]
INFO: [ app_init ] --END-- [ RunTime:0.000000s ]
ERR: 无法加载模块:Webapp

[ 2017-04-23T09:38:30+08:00 ] ::1 /PersonalGarden/webapp/css/docs.css.map
INFO: [ app_init ] --START--
INFO: Run Behavior\BuildLiteBehavior [ RunTime:0.000000s ]
INFO: [ app_init ] --END-- [ RunTime:0.001000s ]
ERR: 无法加载模块:Webapp

[ 2017-04-23T09:38:32+08:00 ] ::1 /PersonalGarden/webapp/css/docs.css.map
INFO: [ app_init ] --START--
INFO: Run Behavior\BuildLiteBehavior [ RunTime:0.000000s ]
INFO: [ app_init ] --END-- [ RunTime:0.003000s ]
ERR: 无法加载模块:Webapp

[ 2017-04-23T09:38:35+08:00 ] ::1 /PersonalGarden/webapp/css/docs.css.map
INFO: [ app_init ] --START--
INFO: Run Behavior\BuildLiteBehavior [ RunTime:0.000000s ]
INFO: [ app_init ] --END-- [ RunTime:0.001000s ]
ERR: 无法加载模块:Webapp

[ 2017-04-23T09:38:37+08:00 ] ::1 /PersonalGarden/webapp/css/docs.css.map
INFO: [ app_init ] --START--
INFO: Run Behavior\BuildLiteBehavior [ RunTime:0.000000s ]
INFO: [ app_init ] --END-- [ RunTime:0.003001s ]
ERR: 无法加载模块:Webapp

[ 2017-04-23T09:38:42+08:00 ] ::1 /PersonalGarden/webapp/css/docs.css.map
INFO: [ app_init ] --START--
INFO: Run Behavior\BuildLiteBehavior [ RunTime:0.000000s ]
INFO: [ app_init ] --END-- [ RunTime:0.001000s ]
ERR: 无法加载模块:Webapp

[ 2017-04-23T09:38:45+08:00 ] ::1 /PersonalGarden/webapp/css/docs.css.map
INFO: [ app_init ] --START--
INFO: Run Behavior\BuildLiteBehavior [ RunTime:0.000000s ]
INFO: [ app_init ] --END-- [ RunTime:0.001000s ]
ERR: 无法加载模块:Webapp

[ 2017-04-23T09:39:04+08:00 ] ::1 /PersonalGarden/webapp/css/docs.css.map
INFO: [ app_init ] --START--
INFO: Run Behavior\BuildLiteBehavior [ RunTime:0.000000s ]
INFO: [ app_init ] --END-- [ RunTime:0.003000s ]
ERR: 无法加载模块:Webapp

[ 2017-04-23T09:39:34+08:00 ] ::1 /PersonalGarden/webapp/css/docs.css.map
INFO: [ app_init ] --START--
INFO: Run Behavior\BuildLiteBehavior [ RunTime:0.000000s ]
INFO: [ app_init ] --END-- [ RunTime:0.001000s ]
ERR: 无法加载模块:Webapp

[ 2017-04-23T09:39:43+08:00 ] ::1 /PersonalGarden/webapp/css/docs.css.map
INFO: [ app_init ] --START--
INFO: Run Behavior\BuildLiteBehavior [ RunTime:0.000000s ]
INFO: [ app_init ] --END-- [ RunTime:0.000000s ]
ERR: 无法加载模块:Webapp

[ 2017-04-23T09:40:54+08:00 ] ::1 /PersonalGarden/webapp/css/docs.css.map
INFO: [ app_init ] --START--
INFO: Run Behavior\BuildLiteBehavior [ RunTime:0.000000s ]
INFO: [ app_init ] --END-- [ RunTime:0.001000s ]
ERR: 无法加载模块:Webapp

[ 2017-04-23T09:41:15+08:00 ] ::1 /PersonalGarden/webapp/css/docs.css.map
INFO: [ app_init ] --START--
INFO: Run Behavior\BuildLiteBehavior [ RunTime:0.000000s ]
INFO: [ app_init ] --END-- [ RunTime:0.002000s ]
ERR: 无法加载模块:Webapp

[ 2017-04-23T09:41:27+08:00 ] ::1 /PersonalGarden/webapp/css/docs.css.map
INFO: [ app_init ] --START--
INFO: Run Behavior\BuildLiteBehavior [ RunTime:0.000000s ]
INFO: [ app_init ] --END-- [ RunTime:0.001000s ]
ERR: 无法加载模块:Webapp

[ 2017-04-23T09:41:48+08:00 ] ::1 /PersonalGarden/webapp/css/docs.css.map
INFO: [ app_init ] --START--
INFO: Run Behavior\BuildLiteBehavior [ RunTime:0.000000s ]
INFO: [ app_init ] --END-- [ RunTime:0.001000s ]
ERR: 无法加载模块:Webapp

[ 2017-04-23T09:41:54+08:00 ] ::1 /PersonalGarden/webapp/css/docs.css.map
INFO: [ app_init ] --START--
INFO: Run Behavior\BuildLiteBehavior [ RunTime:0.000000s ]
INFO: [ app_init ] --END-- [ RunTime:0.001000s ]
ERR: 无法加载模块:Webapp

[ 2017-04-23T09:42:36+08:00 ] ::1 /PersonalGarden/webapp/css/docs.css.map
INFO: [ app_init ] --START--
INFO: Run Behavior\BuildLiteBehavior [ RunTime:0.000000s ]
INFO: [ app_init ] --END-- [ RunTime:0.001000s ]
ERR: 无法加载模块:Webapp

[ 2017-04-23T09:42:50+08:00 ] ::1 /PersonalGarden/webapp/css/docs.css.map
INFO: [ app_init ] --START--
INFO: Run Behavior\BuildLiteBehavior [ RunTime:0.000000s ]
INFO: [ app_init ] --END-- [ RunTime:0.001000s ]
ERR: 无法加载模块:Webapp

[ 2017-04-23T09:43:00+08:00 ] ::1 /PersonalGarden/webapp/css/docs.css.map
INFO: [ app_init ] --START--
INFO: Run Behavior\BuildLiteBehavior [ RunTime:0.000000s ]
INFO: [ app_init ] --END-- [ RunTime:0.001000s ]
ERR: 无法加载模块:Webapp

[ 2017-04-23T09:43:50+08:00 ] ::1 /PersonalGarden/webapp/css/docs.css.map
INFO: [ app_init ] --START--
INFO: Run Behavior\BuildLiteBehavior [ RunTime:0.000000s ]
INFO: [ app_init ] --END-- [ RunTime:0.001000s ]
ERR: 无法加载模块:Webapp

[ 2017-04-23T09:43:52+08:00 ] ::1 /PersonalGarden/webapp/css/docs.css.map
INFO: [ app_init ] --START--
INFO: Run Behavior\BuildLiteBehavior [ RunTime:0.000000s ]
INFO: [ app_init ] --END-- [ RunTime:0.001000s ]
ERR: 无法加载模块:Webapp

[ 2017-04-23T09:43:55+08:00 ] ::1 /PersonalGarden/webapp/css/docs.css.map
INFO: [ app_init ] --START--
INFO: Run Behavior\BuildLiteBehavior [ RunTime:0.000000s ]
INFO: [ app_init ] --END-- [ RunTime:0.001000s ]
ERR: 无法加载模块:Webapp

[ 2017-04-23T09:43:59+08:00 ] ::1 /PersonalGarden/webapp/css/docs.css.map
INFO: [ app_init ] --START--
INFO: Run Behavior\BuildLiteBehavior [ RunTime:0.000000s ]
INFO: [ app_init ] --END-- [ RunTime:0.001000s ]
ERR: 无法加载模块:Webapp

[ 2017-04-23T09:44:33+08:00 ] ::1 /PersonalGarden/webapp/css/docs.css.map
INFO: [ app_init ] --START--
INFO: Run Behavior\BuildLiteBehavior [ RunTime:0.000000s ]
INFO: [ app_init ] --END-- [ RunTime:0.001000s ]
ERR: 无法加载模块:Webapp

[ 2017-04-23T09:44:48+08:00 ] ::1 /PersonalGarden/webapp/css/docs.css.map
INFO: [ app_init ] --START--
INFO: Run Behavior\BuildLiteBehavior [ RunTime:0.000000s ]
INFO: [ app_init ] --END-- [ RunTime:0.002000s ]
ERR: 无法加载模块:Webapp

[ 2017-04-23T09:45:01+08:00 ] ::1 /PersonalGarden/webapp/css/docs.css.map
INFO: [ app_init ] --START--
INFO: Run Behavior\BuildLiteBehavior [ RunTime:0.000000s ]
INFO: [ app_init ] --END-- [ RunTime:0.001000s ]
ERR: 无法加载模块:Webapp

[ 2017-04-23T09:46:10+08:00 ] ::1 /PersonalGarden/webapp/css/docs.css.map
INFO: [ app_init ] --START--
INFO: Run Behavior\BuildLiteBehavior [ RunTime:0.000000s ]
INFO: [ app_init ] --END-- [ RunTime:0.001000s ]
ERR: 无法加载模块:Webapp

[ 2017-04-23T10:01:53+08:00 ] ::1 /PersonalGarden/webapp/css/docs.css.map
INFO: [ app_init ] --START--
INFO: Run Behavior\BuildLiteBehavior [ RunTime:0.000000s ]
INFO: [ app_init ] --END-- [ RunTime:0.002001s ]
ERR: 无法加载模块:Webapp

[ 2017-04-23T10:01:58+08:00 ] ::1 /PersonalGarden/webapp/css/docs.css.map
INFO: [ app_init ] --START--
INFO: Run Behavior\BuildLiteBehavior [ RunTime:0.000000s ]
INFO: [ app_init ] --END-- [ RunTime:0.001000s ]
ERR: 无法加载模块:Webapp

[ 2017-04-23T10:02:00+08:00 ] ::1 /PersonalGarden/webapp/css/docs.css.map
INFO: [ app_init ] --START--
INFO: Run Behavior\BuildLiteBehavior [ RunTime:0.000000s ]
INFO: [ app_init ] --END-- [ RunTime:0.001000s ]
ERR: 无法加载模块:Webapp

[ 2017-04-23T10:02:01+08:00 ] ::1 /PersonalGarden/webapp/css/docs.css.map
INFO: [ app_init ] --START--
INFO: Run Behavior\BuildLiteBehavior [ RunTime:0.000000s ]
INFO: [ app_init ] --END-- [ RunTime:0.001000s ]
ERR: 无法加载模块:Webapp

[ 2017-04-23T10:02:04+08:00 ] ::1 /PersonalGarden/webapp/css/docs.css.map
INFO: [ app_init ] --START--
INFO: Run Behavior\BuildLiteBehavior [ RunTime:0.000000s ]
INFO: [ app_init ] --END-- [ RunTime:0.001000s ]
ERR: 无法加载模块:Webapp

[ 2017-04-23T10:02:06+08:00 ] ::1 /PersonalGarden/webapp/css/docs.css.map
INFO: [ app_init ] --START--
INFO: Run Behavior\BuildLiteBehavior [ RunTime:0.000000s ]
INFO: [ app_init ] --END-- [ RunTime:0.002000s ]
ERR: 无法加载模块:Webapp

[ 2017-04-23T10:02:08+08:00 ] ::1 /PersonalGarden/webapp/css/docs.css.map
INFO: [ app_init ] --START--
INFO: Run Behavior\BuildLiteBehavior [ RunTime:0.000000s ]
INFO: [ app_init ] --END-- [ RunTime:0.001000s ]
ERR: 无法加载模块:Webapp

[ 2017-04-23T10:02:10+08:00 ] ::1 /PersonalGarden/webapp/css/docs.css.map
INFO: [ app_init ] --START--
INFO: Run Behavior\BuildLiteBehavior [ RunTime:0.000000s ]
INFO: [ app_init ] --END-- [ RunTime:0.001001s ]
ERR: 无法加载模块:Webapp

[ 2017-04-23T10:02:12+08:00 ] ::1 /PersonalGarden/webapp/css/docs.css.map
INFO: [ app_init ] --START--
INFO: Run Behavior\BuildLiteBehavior [ RunTime:0.000000s ]
INFO: [ app_init ] --END-- [ RunTime:0.001000s ]
ERR: 无法加载模块:Webapp

[ 2017-04-23T10:02:14+08:00 ] ::1 /PersonalGarden/webapp/css/docs.css.map
INFO: [ app_init ] --START--
INFO: Run Behavior\BuildLiteBehavior [ RunTime:0.000000s ]
INFO: [ app_init ] --END-- [ RunTime:0.001000s ]
ERR: 无法加载模块:Webapp

[ 2017-04-23T10:02:17+08:00 ] ::1 /PersonalGarden/webapp/css/docs.css.map
INFO: [ app_init ] --START--
INFO: Run Behavior\BuildLiteBehavior [ RunTime:0.000000s ]
INFO: [ app_init ] --END-- [ RunTime:0.001000s ]
ERR: 无法加载模块:Webapp

[ 2017-04-23T10:02:21+08:00 ] ::1 /PersonalGarden/webapp/css/docs.css.map
INFO: [ app_init ] --START--
INFO: Run Behavior\BuildLiteBehavior [ RunTime:0.000000s ]
INFO: [ app_init ] --END-- [ RunTime:0.001000s ]
ERR: 无法加载模块:Webapp

[ 2017-04-23T10:02:24+08:00 ] ::1 /PersonalGarden/webapp/css/docs.css.map
INFO: [ app_init ] --START--
INFO: Run Behavior\BuildLiteBehavior [ RunTime:0.000000s ]
INFO: [ app_init ] --END-- [ RunTime:0.001000s ]
ERR: 无法加载模块:Webapp

[ 2017-04-23T10:02:30+08:00 ] ::1 /PersonalGarden/webapp/css/docs.css.map
INFO: [ app_init ] --START--
INFO: Run Behavior\BuildLiteBehavior [ RunTime:0.000000s ]
INFO: [ app_init ] --END-- [ RunTime:0.000000s ]
ERR: 无法加载模块:Webapp

[ 2017-04-23T10:02:34+08:00 ] ::1 /PersonalGarden/webapp/css/docs.css.map
INFO: [ app_init ] --START--
INFO: Run Behavior\BuildLiteBehavior [ RunTime:0.000000s ]
INFO: [ app_init ] --END-- [ RunTime:0.002000s ]
ERR: 无法加载模块:Webapp

[ 2017-04-23T10:02:38+08:00 ] ::1 /PersonalGarden/webapp/css/docs.css.map
INFO: [ app_init ] --START--
INFO: Run Behavior\BuildLiteBehavior [ RunTime:0.000000s ]
INFO: [ app_init ] --END-- [ RunTime:0.001000s ]
ERR: 无法加载模块:Webapp

[ 2017-04-23T10:02:42+08:00 ] ::1 /PersonalGarden/webapp/css/docs.css.map
INFO: [ app_init ] --START--
INFO: Run Behavior\BuildLiteBehavior [ RunTime:0.000000s ]
INFO: [ app_init ] --END-- [ RunTime:0.003000s ]
ERR: 无法加载模块:Webapp

[ 2017-04-23T10:02:47+08:00 ] ::1 /PersonalGarden/webapp/css/docs.css.map
INFO: [ app_init ] --START--
INFO: Run Behavior\BuildLiteBehavior [ RunTime:0.000000s ]
INFO: [ app_init ] --END-- [ RunTime:0.001000s ]
ERR: 无法加载模块:Webapp

[ 2017-04-23T10:02:52+08:00 ] ::1 /PersonalGarden/webapp/css/docs.css.map
INFO: [ app_init ] --START--
INFO: Run Behavior\BuildLiteBehavior [ RunTime:0.000000s ]
INFO: [ app_init ] --END-- [ RunTime:0.001000s ]
ERR: 无法加载模块:Webapp

[ 2017-04-23T10:02:54+08:00 ] ::1 /PersonalGarden/webapp/css/docs.css.map
INFO: [ app_init ] --START--
INFO: Run Behavior\BuildLiteBehavior [ RunTime:0.000000s ]
INFO: [ app_init ] --END-- [ RunTime:0.001000s ]
ERR: 无法加载模块:Webapp

[ 2017-04-23T10:05:19+08:00 ] ::1 /PersonalGarden/webapp/css/docs.css.map
INFO: [ app_init ] --START--
INFO: Run Behavior\BuildLiteBehavior [ RunTime:0.000000s ]
INFO: [ app_init ] --END-- [ RunTime:0.001000s ]
ERR: 无法加载模块:Webapp

[ 2017-04-23T10:05:21+08:00 ] ::1 /PersonalGarden/webapp/css/docs.css.map
INFO: [ app_init ] --START--
INFO: Run Behavior\BuildLiteBehavior [ RunTime:0.000000s ]
INFO: [ app_init ] --END-- [ RunTime:0.002000s ]
ERR: 无法加载模块:Webapp

[ 2017-04-23T10:06:21+08:00 ] ::1 /PersonalGarden/webapp/css/docs.css.map
INFO: [ app_init ] --START--
INFO: Run Behavior\BuildLiteBehavior [ RunTime:0.000000s ]
INFO: [ app_init ] --END-- [ RunTime:0.001000s ]
ERR: 无法加载模块:Webapp

[ 2017-04-23T10:06:36+08:00 ] ::1 /PersonalGarden/webapp/css/docs.css.map
INFO: [ app_init ] --START--
INFO: Run Behavior\BuildLiteBehavior [ RunTime:0.000000s ]
INFO: [ app_init ] --END-- [ RunTime:0.001000s ]
ERR: 无法加载模块:Webapp

[ 2017-04-23T10:07:04+08:00 ] ::1 /PersonalGarden/webapp/css/docs.css.map
INFO: [ app_init ] --START--
INFO: Run Behavior\BuildLiteBehavior [ RunTime:0.000000s ]
INFO: [ app_init ] --END-- [ RunTime:0.001000s ]
ERR: 无法加载模块:Webapp

[ 2017-04-23T10:07:11+08:00 ] ::1 /PersonalGarden/webapp/css/docs.css.map
INFO: [ app_init ] --START--
INFO: Run Behavior\BuildLiteBehavior [ RunTime:0.000000s ]
INFO: [ app_init ] --END-- [ RunTime:0.002000s ]
ERR: 无法加载模块:Webapp

[ 2017-04-23T10:07:20+08:00 ] ::1 /PersonalGarden/webapp/css/docs.css.map
INFO: [ app_init ] --START--
INFO: Run Behavior\BuildLiteBehavior [ RunTime:0.000000s ]
INFO: [ app_init ] --END-- [ RunTime:0.001000s ]
ERR: 无法加载模块:Webapp

[ 2017-04-23T10:07:56+08:00 ] ::1 /PersonalGarden/webapp/css/docs.css.map
INFO: [ app_init ] --START--
INFO: Run Behavior\BuildLiteBehavior [ RunTime:0.000000s ]
INFO: [ app_init ] --END-- [ RunTime:0.001000s ]
ERR: 无法加载模块:Webapp

[ 2017-04-23T10:08:02+08:00 ] ::1 /PersonalGarden/webapp/css/docs.css.map
INFO: [ app_init ] --START--
INFO: Run Behavior\BuildLiteBehavior [ RunTime:0.000000s ]
INFO: [ app_init ] --END-- [ RunTime:0.001000s ]
ERR: 无法加载模块:Webapp

[ 2017-04-23T10:08:05+08:00 ] ::1 /PersonalGarden/webapp/css/docs.css.map
INFO: [ app_init ] --START--
INFO: Run Behavior\BuildLiteBehavior [ RunTime:0.000000s ]
INFO: [ app_init ] --END-- [ RunTime:0.001000s ]
ERR: 无法加载模块:Webapp

[ 2017-04-23T10:08:07+08:00 ] ::1 /PersonalGarden/webapp/css/docs.css.map
INFO: [ app_init ] --START--
INFO: Run Behavior\BuildLiteBehavior [ RunTime:0.000000s ]
INFO: [ app_init ] --END-- [ RunTime:0.001000s ]
ERR: 无法加载模块:Webapp

[ 2017-04-23T10:08:09+08:00 ] ::1 /PersonalGarden/webapp/css/docs.css.map
INFO: [ app_init ] --START--
INFO: Run Behavior\BuildLiteBehavior [ RunTime:0.000000s ]
INFO: [ app_init ] --END-- [ RunTime:0.001000s ]
ERR: 无法加载模块:Webapp

[ 2017-04-23T10:08:29+08:00 ] ::1 /PersonalGarden/webapp/css/docs.css.map
INFO: [ app_init ] --START--
INFO: Run Behavior\BuildLiteBehavior [ RunTime:0.000000s ]
INFO: [ app_init ] --END-- [ RunTime:0.001000s ]
ERR: 无法加载模块:Webapp

[ 2017-04-23T10:08:32+08:00 ] ::1 /PersonalGarden/webapp/css/docs.css.map
INFO: [ app_init ] --START--
INFO: Run Behavior\BuildLiteBehavior [ RunTime:0.000000s ]
INFO: [ app_init ] --END-- [ RunTime:0.001000s ]
ERR: 无法加载模块:Webapp

[ 2017-04-23T10:08:34+08:00 ] ::1 /PersonalGarden/webapp/css/docs.css.map
INFO: [ app_init ] --START--
INFO: Run Behavior\BuildLiteBehavior [ RunTime:0.000000s ]
INFO: [ app_init ] --END-- [ RunTime:0.000000s ]
ERR: 无法加载模块:Webapp

[ 2017-04-23T10:08:50+08:00 ] ::1 /PersonalGarden/webapp/css/docs.css.map
INFO: [ app_init ] --START--
INFO: Run Behavior\BuildLiteBehavior [ RunTime:0.000000s ]
INFO: [ app_init ] --END-- [ RunTime:0.001001s ]
ERR: 无法加载模块:Webapp

[ 2017-04-23T10:09:43+08:00 ] ::1 /PersonalGarden/webapp/css/docs.css.map
INFO: [ app_init ] --START--
INFO: Run Behavior\BuildLiteBehavior [ RunTime:0.000000s ]
INFO: [ app_init ] --END-- [ RunTime:0.000000s ]
ERR: 无法加载模块:Webapp

[ 2017-04-23T10:09:46+08:00 ] ::1 /PersonalGarden/webapp/css/docs.css.map
INFO: [ app_init ] --START--
INFO: Run Behavior\BuildLiteBehavior [ RunTime:0.000000s ]
INFO: [ app_init ] --END-- [ RunTime:0.000000s ]
ERR: 无法加载模块:Webapp

[ 2017-04-23T10:09:49+08:00 ] ::1 /PersonalGarden/webapp/css/docs.css.map
INFO: [ app_init ] --START--
INFO: Run Behavior\BuildLiteBehavior [ RunTime:0.000000s ]
INFO: [ app_init ] --END-- [ RunTime:0.002001s ]
ERR: 无法加载模块:Webapp

[ 2017-04-23T10:09:52+08:00 ] ::1 /PersonalGarden/webapp/css/docs.css.map
INFO: [ app_init ] --START--
INFO: Run Behavior\BuildLiteBehavior [ RunTime:0.000000s ]
INFO: [ app_init ] --END-- [ RunTime:0.001000s ]
ERR: 无法加载模块:Webapp

[ 2017-04-23T10:11:43+08:00 ] ::1 /PersonalGarden/webapp/css/docs.css.map
INFO: [ app_init ] --START--
INFO: Run Behavior\BuildLiteBehavior [ RunTime:0.000000s ]
INFO: [ app_init ] --END-- [ RunTime:0.002000s ]
ERR: 无法加载模块:Webapp

[ 2017-04-23T10:11:45+08:00 ] ::1 /PersonalGarden/webapp/css/docs.css.map
INFO: [ app_init ] --START--
INFO: Run Behavior\BuildLiteBehavior [ RunTime:0.000000s ]
INFO: [ app_init ] --END-- [ RunTime:0.000000s ]
ERR: 无法加载模块:Webapp

[ 2017-04-23T10:11:47+08:00 ] ::1 /PersonalGarden/webapp/css/docs.css.map
INFO: [ app_init ] --START--
INFO: Run Behavior\BuildLiteBehavior [ RunTime:0.000000s ]
INFO: [ app_init ] --END-- [ RunTime:0.001000s ]
ERR: 无法加载模块:Webapp

[ 2017-04-23T10:11:50+08:00 ] ::1 /PersonalGarden/webapp/css/docs.css.map
INFO: [ app_init ] --START--
INFO: Run Behavior\BuildLiteBehavior [ RunTime:0.000000s ]
INFO: [ app_init ] --END-- [ RunTime:0.001000s ]
ERR: 无法加载模块:Webapp

[ 2017-04-23T10:12:22+08:00 ] ::1 /PersonalGarden/webapp/css/docs.css.map
INFO: [ app_init ] --START--
INFO: Run Behavior\BuildLiteBehavior [ RunTime:0.000000s ]
INFO: [ app_init ] --END-- [ RunTime:0.000000s ]
ERR: 无法加载模块:Webapp

[ 2017-04-23T10:12:24+08:00 ] ::1 /PersonalGarden/webapp/css/docs.css.map
INFO: [ app_init ] --START--
INFO: Run Behavior\BuildLiteBehavior [ RunTime:0.000000s ]
INFO: [ app_init ] --END-- [ RunTime:0.001000s ]
ERR: 无法加载模块:Webapp

[ 2017-04-23T10:12:27+08:00 ] ::1 /PersonalGarden/webapp/css/docs.css.map
INFO: [ app_init ] --START--
INFO: Run Behavior\BuildLiteBehavior [ RunTime:0.000000s ]
INFO: [ app_init ] --END-- [ RunTime:0.001001s ]
ERR: 无法加载模块:Webapp

[ 2017-04-23T10:12:31+08:00 ] ::1 /PersonalGarden/webapp/css/docs.css.map
INFO: [ app_init ] --START--
INFO: Run Behavior\BuildLiteBehavior [ RunTime:0.001000s ]
INFO: [ app_init ] --END-- [ RunTime:0.002001s ]
ERR: 无法加载模块:Webapp

[ 2017-04-23T10:12:38+08:00 ] ::1 /PersonalGarden/webapp/css/docs.css.map
INFO: [ app_init ] --START--
INFO: Run Behavior\BuildLiteBehavior [ RunTime:0.000000s ]
INFO: [ app_init ] --END-- [ RunTime:0.002000s ]
ERR: 无法加载模块:Webapp

[ 2017-04-23T11:10:07+08:00 ] ::1 /PersonalGarden/webapp/css/docs.css.map
INFO: [ app_init ] --START--
INFO: Run Behavior\BuildLiteBehavior [ RunTime:0.000000s ]
INFO: [ app_init ] --END-- [ RunTime:0.000000s ]
ERR: 无法加载模块:Webapp

[ 2017-04-23T11:10:16+08:00 ] ::1 /PersonalGarden/webapp/css/docs.css.map
INFO: [ app_init ] --START--
INFO: Run Behavior\BuildLiteBehavior [ RunTime:0.000000s ]
INFO: [ app_init ] --END-- [ RunTime:0.001000s ]
ERR: 无法加载模块:Webapp

[ 2017-04-23T11:17:20+08:00 ] ::1 /PersonalGarden/webapp/css/docs.css.map
INFO: [ app_init ] --START--
INFO: Run Behavior\BuildLiteBehavior [ RunTime:0.000000s ]
INFO: [ app_init ] --END-- [ RunTime:0.001001s ]
ERR: 无法加载模块:Webapp

[ 2017-04-23T11:18:09+08:00 ] ::1 /PersonalGarden/webapp/css/docs.css.map
INFO: [ app_init ] --START--
INFO: Run Behavior\BuildLiteBehavior [ RunTime:0.000000s ]
INFO: [ app_init ] --END-- [ RunTime:0.001000s ]
ERR: 无法加载模块:Webapp

[ 2017-04-23T11:18:23+08:00 ] ::1 /PersonalGarden/webapp/css/docs.css.map
INFO: [ app_init ] --START--
INFO: Run Behavior\BuildLiteBehavior [ RunTime:0.000000s ]
INFO: [ app_init ] --END-- [ RunTime:0.001000s ]
ERR: 无法加载模块:Webapp

[ 2017-04-23T11:19:05+08:00 ] ::1 /PersonalGarden/webapp/css/docs.css.map
INFO: [ app_init ] --START--
INFO: Run Behavior\BuildLiteBehavior [ RunTime:0.000000s ]
INFO: [ app_init ] --END-- [ RunTime:0.001000s ]
ERR: 无法加载模块:Webapp

[ 2017-04-23T11:20:11+08:00 ] ::1 /PersonalGarden/webapp/css/docs.css.map
INFO: [ app_init ] --START--
INFO: Run Behavior\BuildLiteBehavior [ RunTime:0.000000s ]
INFO: [ app_init ] --END-- [ RunTime:0.001000s ]
ERR: 无法加载模块:Webapp

[ 2017-04-23T11:21:10+08:00 ] ::1 /PersonalGarden/webapp/css/docs.css.map
INFO: [ app_init ] --START--
INFO: Run Behavior\BuildLiteBehavior [ RunTime:0.000000s ]
INFO: [ app_init ] --END-- [ RunTime:0.001000s ]
ERR: 无法加载模块:Webapp

[ 2017-04-23T11:22:07+08:00 ] ::1 /PersonalGarden/webapp/css/docs.css.map
INFO: [ app_init ] --START--
INFO: Run Behavior\BuildLiteBehavior [ RunTime:0.000000s ]
INFO: [ app_init ] --END-- [ RunTime:0.001000s ]
ERR: 无法加载模块:Webapp

[ 2017-04-23T11:22:54+08:00 ] ::1 /PersonalGarden/webapp/css/docs.css.map
INFO: [ app_init ] --START--
INFO: Run Behavior\BuildLiteBehavior [ RunTime:0.000000s ]
INFO: [ app_init ] --END-- [ RunTime:0.001000s ]
ERR: 无法加载模块:Webapp

[ 2017-04-23T11:23:20+08:00 ] ::1 /PersonalGarden/webapp/css/docs.css.map
INFO: [ app_init ] --START--
INFO: Run Behavior\BuildLiteBehavior [ RunTime:0.000000s ]
INFO: [ app_init ] --END-- [ RunTime:0.001000s ]
ERR: 无法加载模块:Webapp

[ 2017-04-23T11:24:07+08:00 ] ::1 /PersonalGarden/webapp/css/docs.css.map
INFO: [ app_init ] --START--
INFO: Run Behavior\BuildLiteBehavior [ RunTime:0.000000s ]
INFO: [ app_init ] --END-- [ RunTime:0.001000s ]
ERR: 无法加载模块:Webapp

[ 2017-04-23T11:24:18+08:00 ] ::1 /PersonalGarden/webapp/css/docs.css.map
INFO: [ app_init ] --START--
INFO: Run Behavior\BuildLiteBehavior [ RunTime:0.000000s ]
INFO: [ app_init ] --END-- [ RunTime:0.001000s ]
ERR: 无法加载模块:Webapp

[ 2017-04-23T11:25:25+08:00 ] ::1 /PersonalGarden/webapp/css/docs.css.map
INFO: [ app_init ] --START--
INFO: Run Behavior\BuildLiteBehavior [ RunTime:0.000000s ]
INFO: [ app_init ] --END-- [ RunTime:0.001000s ]
ERR: 无法加载模块:Webapp

[ 2017-04-23T11:26:31+08:00 ] ::1 /PersonalGarden/webapp/css/docs.css.map
INFO: [ app_init ] --START--
INFO: Run Behavior\BuildLiteBehavior [ RunTime:0.000000s ]
INFO: [ app_init ] --END-- [ RunTime:0.001000s ]
ERR: 无法加载模块:Webapp

[ 2017-04-23T11:26:50+08:00 ] ::1 /PersonalGarden/webapp/css/docs.css.map
INFO: [ app_init ] --START--
INFO: Run Behavior\BuildLiteBehavior [ RunTime:0.000000s ]
INFO: [ app_init ] --END-- [ RunTime:0.001000s ]
ERR: 无法加载模块:Webapp

[ 2017-04-23T11:27:11+08:00 ] ::1 /PersonalGarden/webapp/css/docs.css.map
INFO: [ app_init ] --START--
INFO: Run Behavior\BuildLiteBehavior [ RunTime:0.000000s ]
INFO: [ app_init ] --END-- [ RunTime:0.002001s ]
ERR: 无法加载模块:Webapp

[ 2017-04-23T11:27:49+08:00 ] ::1 /PersonalGarden/webapp/css/docs.css.map
INFO: [ app_init ] --START--
INFO: Run Behavior\BuildLiteBehavior [ RunTime:0.000000s ]
INFO: [ app_init ] --END-- [ RunTime:0.002001s ]
ERR: 无法加载模块:Webapp

[ 2017-04-23T11:28:48+08:00 ] ::1 /PersonalGarden/webapp/css/docs.css.map
INFO: [ app_init ] --START--
INFO: Run Behavior\BuildLiteBehavior [ RunTime:0.000000s ]
INFO: [ app_init ] --END-- [ RunTime:0.001000s ]
ERR: 无法加载模块:Webapp

[ 2017-04-23T11:29:55+08:00 ] ::1 /PersonalGarden/webapp/css/docs.css.map
INFO: [ app_init ] --START--
INFO: Run Behavior\BuildLiteBehavior [ RunTime:0.000000s ]
INFO: [ app_init ] --END-- [ RunTime:0.003000s ]
ERR: 无法加载模块:Webapp

[ 2017-04-23T11:32:05+08:00 ] ::1 /PersonalGarden/webapp/css/docs.css.map
INFO: [ app_init ] --START--
INFO: Run Behavior\BuildLiteBehavior [ RunTime:0.000000s ]
INFO: [ app_init ] --END-- [ RunTime:0.002001s ]
ERR: 无法加载模块:Webapp

[ 2017-04-23T11:32:15+08:00 ] ::1 /PersonalGarden/webapp/css/docs.css.map
INFO: [ app_init ] --START--
INFO: Run Behavior\BuildLiteBehavior [ RunTime:0.000000s ]
INFO: [ app_init ] --END-- [ RunTime:0.006000s ]
ERR: 无法加载模块:Webapp

[ 2017-04-23T11:32:22+08:00 ] ::1 /PersonalGarden/webapp/css/docs.css.map
INFO: [ app_init ] --START--
INFO: Run Behavior\BuildLiteBehavior [ RunTime:0.000000s ]
INFO: [ app_init ] --END-- [ RunTime:0.002000s ]
ERR: 无法加载模块:Webapp

[ 2017-04-23T11:33:32+08:00 ] ::1 /PersonalGarden/webapp/css/docs.css.map
INFO: [ app_init ] --START--
INFO: Run Behavior\BuildLiteBehavior [ RunTime:0.000000s ]
INFO: [ app_init ] --END-- [ RunTime:0.001000s ]
ERR: 无法加载模块:Webapp

[ 2017-04-23T11:34:05+08:00 ] ::1 /PersonalGarden/webapp/css/docs.css.map
INFO: [ app_init ] --START--
INFO: Run Behavior\BuildLiteBehavior [ RunTime:0.000000s ]
INFO: [ app_init ] --END-- [ RunTime:0.001001s ]
ERR: 无法加载模块:Webapp

[ 2017-04-23T11:35:34+08:00 ] ::1 /PersonalGarden/webapp/css/docs.css.map
INFO: [ app_init ] --START--
INFO: Run Behavior\BuildLiteBehavior [ RunTime:0.001000s ]
INFO: [ app_init ] --END-- [ RunTime:0.001000s ]
ERR: 无法加载模块:Webapp

[ 2017-04-23T11:37:30+08:00 ] ::1 /PersonalGarden/webapp/css/docs.css.map
INFO: [ app_init ] --START--
INFO: Run Behavior\BuildLiteBehavior [ RunTime:0.000000s ]
INFO: [ app_init ] --END-- [ RunTime:0.001000s ]
ERR: 无法加载模块:Webapp

[ 2017-04-23T11:38:26+08:00 ] ::1 /PersonalGarden/webapp/css/docs.css.map
INFO: [ app_init ] --START--
INFO: Run Behavior\BuildLiteBehavior [ RunTime:0.000000s ]
INFO: [ app_init ] --END-- [ RunTime:0.001000s ]
ERR: 无法加载模块:Webapp

[ 2017-04-23T11:38:59+08:00 ] ::1 /PersonalGarden/webapp/css/docs.css.map
INFO: [ app_init ] --START--
INFO: Run Behavior\BuildLiteBehavior [ RunTime:0.000000s ]
INFO: [ app_init ] --END-- [ RunTime:0.001000s ]
ERR: 无法加载模块:Webapp

[ 2017-04-23T11:39:50+08:00 ] ::1 /PersonalGarden/webapp/css/docs.css.map
INFO: [ app_init ] --START--
INFO: Run Behavior\BuildLiteBehavior [ RunTime:0.000000s ]
INFO: [ app_init ] --END-- [ RunTime:0.001000s ]
ERR: 无法加载模块:Webapp

[ 2017-04-23T11:40:31+08:00 ] ::1 /PersonalGarden/webapp/css/docs.css.map
INFO: [ app_init ] --START--
INFO: Run Behavior\BuildLiteBehavior [ RunTime:0.000000s ]
INFO: [ app_init ] --END-- [ RunTime:0.002001s ]
ERR: 无法加载模块:Webapp

[ 2017-04-23T11:40:50+08:00 ] ::1 /PersonalGarden/webapp/css/docs.css.map
INFO: [ app_init ] --START--
INFO: Run Behavior\BuildLiteBehavior [ RunTime:0.000000s ]
INFO: [ app_init ] --END-- [ RunTime:0.002000s ]
ERR: 无法加载模块:Webapp

[ 2017-04-23T11:41:17+08:00 ] ::1 /PersonalGarden/webapp/css/docs.css.map
INFO: [ app_init ] --START--
INFO: Run Behavior\BuildLiteBehavior [ RunTime:0.000000s ]
INFO: [ app_init ] --END-- [ RunTime:0.000000s ]
ERR: 无法加载模块:Webapp

[ 2017-04-23T11:48:18+08:00 ] ::1 /PersonalGarden/webapp/css/docs.css.map
INFO: [ app_init ] --START--
INFO: Run Behavior\BuildLiteBehavior [ RunTime:0.000000s ]
INFO: [ app_init ] --END-- [ RunTime:0.001000s ]
ERR: 无法加载模块:Webapp

[ 2017-04-23T11:48:50+08:00 ] ::1 /PersonalGarden/webapp/css/docs.css.map
INFO: [ app_init ] --START--
INFO: Run Behavior\BuildLiteBehavior [ RunTime:0.000000s ]
INFO: [ app_init ] --END-- [ RunTime:0.001000s ]
ERR: 无法加载模块:Webapp

[ 2017-04-23T11:49:44+08:00 ] ::1 /PersonalGarden/webapp/css/docs.css.map
INFO: [ app_init ] --START--
INFO: Run Behavior\BuildLiteBehavior [ RunTime:0.000000s ]
INFO: [ app_init ] --END-- [ RunTime:0.001000s ]
ERR: 无法加载模块:Webapp

[ 2017-04-23T11:49:57+08:00 ] ::1 /PersonalGarden/webapp/css/docs.css.map
INFO: [ app_init ] --START--
INFO: Run Behavior\BuildLiteBehavior [ RunTime:0.000000s ]
INFO: [ app_init ] --END-- [ RunTime:0.001000s ]
ERR: 无法加载模块:Webapp

[ 2017-04-23T11:50:45+08:00 ] ::1 /PersonalGarden/webapp/css/docs.css.map
INFO: [ app_init ] --START--
INFO: Run Behavior\BuildLiteBehavior [ RunTime:0.000000s ]
INFO: [ app_init ] --END-- [ RunTime:0.001000s ]
ERR: 无法加载模块:Webapp

[ 2017-04-23T11:51:14+08:00 ] ::1 /PersonalGarden/webapp/css/docs.css.map
INFO: [ app_init ] --START--
INFO: Run Behavior\BuildLiteBehavior [ RunTime:0.000000s ]
INFO: [ app_init ] --END-- [ RunTime:0.001000s ]
ERR: 无法加载模块:Webapp

[ 2017-04-23T11:51:54+08:00 ] ::1 /PersonalGarden/webapp/css/docs.css.map
INFO: [ app_init ] --START--
INFO: Run Behavior\BuildLiteBehavior [ RunTime:0.000000s ]
INFO: [ app_init ] --END-- [ RunTime:0.001000s ]
ERR: 无法加载模块:Webapp

[ 2017-04-23T11:52:36+08:00 ] ::1 /PersonalGarden/webapp/css/docs.css.map
INFO: [ app_init ] --START--
INFO: Run Behavior\BuildLiteBehavior [ RunTime:0.000000s ]
INFO: [ app_init ] --END-- [ RunTime:0.001000s ]
ERR: 无法加载模块:Webapp

[ 2017-04-23T11:52:39+08:00 ] ::1 /PersonalGarden/webapp/css/docs.css.map
INFO: [ app_init ] --START--
INFO: Run Behavior\BuildLiteBehavior [ RunTime:0.000000s ]
INFO: [ app_init ] --END-- [ RunTime:0.001000s ]
ERR: 无法加载模块:Webapp

[ 2017-04-23T11:52:45+08:00 ] ::1 /PersonalGarden/webapp/css/docs.css.map
INFO: [ app_init ] --START--
INFO: Run Behavior\BuildLiteBehavior [ RunTime:0.000000s ]
INFO: [ app_init ] --END-- [ RunTime:0.001000s ]
ERR: 无法加载模块:Webapp

[ 2017-04-23T11:53:00+08:00 ] ::1 /PersonalGarden/webapp/css/docs.css.map
INFO: [ app_init ] --START--
INFO: Run Behavior\BuildLiteBehavior [ RunTime:0.000000s ]
INFO: [ app_init ] --END-- [ RunTime:0.001000s ]
ERR: 无法加载模块:Webapp

[ 2017-04-23T11:53:14+08:00 ] ::1 /PersonalGarden/webapp/css/docs.css.map
INFO: [ app_init ] --START--
INFO: Run Behavior\BuildLiteBehavior [ RunTime:0.000000s ]
INFO: [ app_init ] --END-- [ RunTime:0.001000s ]
ERR: 无法加载模块:Webapp

[ 2017-04-23T11:53:17+08:00 ] ::1 /PersonalGarden/webapp/css/docs.css.map
INFO: [ app_init ] --START--
INFO: Run Behavior\BuildLiteBehavior [ RunTime:0.000000s ]
INFO: [ app_init ] --END-- [ RunTime:0.001000s ]
ERR: 无法加载模块:Webapp

[ 2017-04-23T11:53:30+08:00 ] ::1 /PersonalGarden/webapp/css/docs.css.map
INFO: [ app_init ] --START--
INFO: Run Behavior\BuildLiteBehavior [ RunTime:0.000000s ]
INFO: [ app_init ] --END-- [ RunTime:0.001000s ]
ERR: 无法加载模块:Webapp

[ 2017-04-23T11:53:32+08:00 ] ::1 /PersonalGarden/webapp/css/docs.css.map
INFO: [ app_init ] --START--
INFO: Run Behavior\BuildLiteBehavior [ RunTime:0.000000s ]
INFO: [ app_init ] --END-- [ RunTime:0.001000s ]
ERR: 无法加载模块:Webapp

[ 2017-04-23T11:53:36+08:00 ] ::1 /PersonalGarden/webapp/css/docs.css.map
INFO: [ app_init ] --START--
INFO: Run Behavior\BuildLiteBehavior [ RunTime:0.000000s ]
INFO: [ app_init ] --END-- [ RunTime:0.001000s ]
ERR: 无法加载模块:Webapp

[ 2017-04-23T11:53:41+08:00 ] ::1 /PersonalGarden/webapp/css/docs.css.map
INFO: [ app_init ] --START--
INFO: Run Behavior\BuildLiteBehavior [ RunTime:0.000000s ]
INFO: [ app_init ] --END-- [ RunTime:0.001000s ]
ERR: 无法加载模块:Webapp

[ 2017-04-23T11:54:16+08:00 ] ::1 /PersonalGarden/webapp/css/docs.css.map
INFO: [ app_init ] --START--
INFO: Run Behavior\BuildLiteBehavior [ RunTime:0.000000s ]
INFO: [ app_init ] --END-- [ RunTime:0.001000s ]
ERR: 无法加载模块:Webapp

[ 2017-04-23T11:55:48+08:00 ] ::1 /PersonalGarden/webapp/css/docs.css.map
INFO: [ app_init ] --START--
INFO: Run Behavior\BuildLiteBehavior [ RunTime:0.000000s ]
INFO: [ app_init ] --END-- [ RunTime:0.000000s ]
ERR: 无法加载模块:Webapp

[ 2017-04-23T11:55:50+08:00 ] ::1 /PersonalGarden/webapp/css/docs.css.map
INFO: [ app_init ] --START--
INFO: Run Behavior\BuildLiteBehavior [ RunTime:0.001000s ]
INFO: [ app_init ] --END-- [ RunTime:0.001000s ]
ERR: 无法加载模块:Webapp

[ 2017-04-23T11:55:52+08:00 ] ::1 /PersonalGarden/webapp/css/docs.css.map
INFO: [ app_init ] --START--
INFO: Run Behavior\BuildLiteBehavior [ RunTime:0.000000s ]
INFO: [ app_init ] --END-- [ RunTime:0.001000s ]
ERR: 无法加载模块:Webapp

[ 2017-04-23T11:56:06+08:00 ] ::1 /PersonalGarden/webapp/css/docs.css.map
INFO: [ app_init ] --START--
INFO: Run Behavior\BuildLiteBehavior [ RunTime:0.000000s ]
INFO: [ app_init ] --END-- [ RunTime:0.001000s ]
ERR: 无法加载模块:Webapp

[ 2017-04-23T11:56:09+08:00 ] ::1 /PersonalGarden/webapp/css/docs.css.map
INFO: [ app_init ] --START--
INFO: Run Behavior\BuildLiteBehavior [ RunTime:0.000000s ]
INFO: [ app_init ] --END-- [ RunTime:0.001000s ]
ERR: 无法加载模块:Webapp

[ 2017-04-23T11:56:12+08:00 ] ::1 /PersonalGarden/webapp/css/docs.css.map
INFO: [ app_init ] --START--
INFO: Run Behavior\BuildLiteBehavior [ RunTime:0.000000s ]
INFO: [ app_init ] --END-- [ RunTime:0.001000s ]
ERR: 无法加载模块:Webapp

[ 2017-04-23T11:56:15+08:00 ] ::1 /PersonalGarden/webapp/css/docs.css.map
INFO: [ app_init ] --START--
INFO: Run Behavior\BuildLiteBehavior [ RunTime:0.000000s ]
INFO: [ app_init ] --END-- [ RunTime:0.003000s ]
ERR: 无法加载模块:Webapp

[ 2017-04-23T16:02:44+08:00 ] ::1 /PersonalGarden/webapp/css/docs.css.map
INFO: [ app_init ] --START--
INFO: Run Behavior\BuildLiteBehavior [ RunTime:0.000000s ]
INFO: [ app_init ] --END-- [ RunTime:0.034002s ]
ERR: 无法加载模块:Webapp

[ 2017-04-23T16:22:50+08:00 ] ::1 /PersonalGarden/webapp/css/docs.css.map
INFO: [ app_init ] --START--
INFO: Run Behavior\BuildLiteBehavior [ RunTime:0.000000s ]
INFO: [ app_init ] --END-- [ RunTime:0.001000s ]
ERR: 无法加载模块:Webapp

[ 2017-04-23T16:22:53+08:00 ] ::1 /PersonalGarden/webapp/css/docs.css.map
INFO: [ app_init ] --START--
INFO: Run Behavior\BuildLiteBehavior [ RunTime:0.000000s ]
INFO: [ app_init ] --END-- [ RunTime:0.001000s ]
ERR: 无法加载模块:Webapp

[ 2017-04-23T16:23:12+08:00 ] ::1 /PersonalGarden/webapp/css/docs.css.map
INFO: [ app_init ] --START--
INFO: Run Behavior\BuildLiteBehavior [ RunTime:0.000000s ]
INFO: [ app_init ] --END-- [ RunTime:0.000000s ]
ERR: 无法加载模块:Webapp

[ 2017-04-23T16:23:22+08:00 ] ::1 /PersonalGarden/webapp/css/docs.css.map
INFO: [ app_init ] --START--
INFO: Run Behavior\BuildLiteBehavior [ RunTime:0.001000s ]
INFO: [ app_init ] --END-- [ RunTime:0.001000s ]
ERR: 无法加载模块:Webapp

[ 2017-04-23T16:26:22+08:00 ] ::1 /PersonalGarden/webapp/css/docs.css.map
INFO: [ app_init ] --START--
INFO: Run Behavior\BuildLiteBehavior [ RunTime:0.000000s ]
INFO: [ app_init ] --END-- [ RunTime:0.001000s ]
ERR: 无法加载模块:Webapp

[ 2017-04-23T16:26:25+08:00 ] ::1 /PersonalGarden/webapp/css/docs.css.map
INFO: [ app_init ] --START--
INFO: Run Behavior\BuildLiteBehavior [ RunTime:0.000000s ]
INFO: [ app_init ] --END-- [ RunTime:0.001000s ]
ERR: 无法加载模块:Webapp

[ 2017-04-23T16:26:32+08:00 ] ::1 /PersonalGarden/webapp/css/docs.css.map
INFO: [ app_init ] --START--
INFO: Run Behavior\BuildLiteBehavior [ RunTime:0.000000s ]
INFO: [ app_init ] --END-- [ RunTime:0.003000s ]
ERR: 无法加载模块:Webapp

[ 2017-04-23T16:26:43+08:00 ] ::1 /PersonalGarden/webapp/css/docs.css.map
INFO: [ app_init ] --START--
INFO: Run Behavior\BuildLiteBehavior [ RunTime:0.000000s ]
INFO: [ app_init ] --END-- [ RunTime:0.001001s ]
ERR: 无法加载模块:Webapp

[ 2017-04-23T16:28:46+08:00 ] ::1 /PersonalGarden/webapp/css/docs.css.map
INFO: [ app_init ] --START--
INFO: Run Behavior\BuildLiteBehavior [ RunTime:0.000000s ]
INFO: [ app_init ] --END-- [ RunTime:0.001000s ]
ERR: 无法加载模块:Webapp

[ 2017-04-23T16:28:59+08:00 ] ::1 /PersonalGarden/webapp/css/docs.css.map
INFO: [ app_init ] --START--
INFO: Run Behavior\BuildLiteBehavior [ RunTime:0.000000s ]
INFO: [ app_init ] --END-- [ RunTime:0.001000s ]
ERR: 无法加载模块:Webapp

[ 2017-04-23T16:29:00+08:00 ] ::1 /PersonalGarden/webapp/css/docs.css.map
INFO: [ app_init ] --START--
INFO: Run Behavior\BuildLiteBehavior [ RunTime:0.000000s ]
INFO: [ app_init ] --END-- [ RunTime:0.007001s ]
ERR: 无法加载模块:Webapp

[ 2017-04-23T16:29:24+08:00 ] ::1 /PersonalGarden/webapp/css/docs.css.map
INFO: [ app_init ] --START--
INFO: Run Behavior\BuildLiteBehavior [ RunTime:0.000000s ]
INFO: [ app_init ] --END-- [ RunTime:0.001000s ]
ERR: 无法加载模块:Webapp

[ 2017-04-23T16:29:25+08:00 ] ::1 /PersonalGarden/webapp/css/docs.css.map
INFO: [ app_init ] --START--
INFO: Run Behavior\BuildLiteBehavior [ RunTime:0.000000s ]
INFO: [ app_init ] --END-- [ RunTime:0.002000s ]
ERR: 无法加载模块:Webapp

[ 2017-04-23T16:30:11+08:00 ] ::1 /PersonalGarden/webapp/css/docs.css.map
INFO: [ app_init ] --START--
INFO: Run Behavior\BuildLiteBehavior [ RunTime:0.000000s ]
INFO: [ app_init ] --END-- [ RunTime:0.001000s ]
ERR: 无法加载模块:Webapp

[ 2017-04-23T16:30:16+08:00 ] ::1 /PersonalGarden/webapp/css/docs.css.map
INFO: [ app_init ] --START--
INFO: Run Behavior\BuildLiteBehavior [ RunTime:0.000000s ]
INFO: [ app_init ] --END-- [ RunTime:0.000000s ]
ERR: 无法加载模块:Webapp

[ 2017-04-23T16:30:19+08:00 ] ::1 /PersonalGarden/webapp/css/docs.css.map
INFO: [ app_init ] --START--
INFO: Run Behavior\BuildLiteBehavior [ RunTime:0.000000s ]
INFO: [ app_init ] --END-- [ RunTime:0.002001s ]
ERR: 无法加载模块:Webapp

[ 2017-04-23T16:30:21+08:00 ] ::1 /PersonalGarden/webapp/css/docs.css.map
INFO: [ app_init ] --START--
INFO: Run Behavior\BuildLiteBehavior [ RunTime:0.000000s ]
INFO: [ app_init ] --END-- [ RunTime:0.001000s ]
ERR: 无法加载模块:Webapp

[ 2017-04-23T16:30:25+08:00 ] ::1 /PersonalGarden/webapp/css/docs.css.map
INFO: [ app_init ] --START--
INFO: Run Behavior\BuildLiteBehavior [ RunTime:0.000000s ]
INFO: [ app_init ] --END-- [ RunTime:0.002000s ]
ERR: 无法加载模块:Webapp

[ 2017-04-23T16:30:32+08:00 ] ::1 /PersonalGarden/webapp/css/docs.css.map
INFO: [ app_init ] --START--
INFO: Run Behavior\BuildLiteBehavior [ RunTime:0.000000s ]
INFO: [ app_init ] --END-- [ RunTime:0.001000s ]
ERR: 无法加载模块:Webapp

[ 2017-04-23T16:30:34+08:00 ] ::1 /PersonalGarden/webapp/css/docs.css.map
INFO: [ app_init ] --START--
INFO: Run Behavior\BuildLiteBehavior [ RunTime:0.000000s ]
INFO: [ app_init ] --END-- [ RunTime:0.001000s ]
ERR: 无法加载模块:Webapp

[ 2017-04-23T16:30:36+08:00 ] ::1 /PersonalGarden/webapp/css/docs.css.map
INFO: [ app_init ] --START--
INFO: Run Behavior\BuildLiteBehavior [ RunTime:0.000000s ]
INFO: [ app_init ] --END-- [ RunTime:0.001000s ]
ERR: 无法加载模块:Webapp

[ 2017-04-23T16:30:38+08:00 ] ::1 /PersonalGarden/webapp/css/docs.css.map
INFO: [ app_init ] --START--
INFO: Run Behavior\BuildLiteBehavior [ RunTime:0.000000s ]
INFO: [ app_init ] --END-- [ RunTime:0.001000s ]
ERR: 无法加载模块:Webapp

[ 2017-04-23T16:30:40+08:00 ] ::1 /PersonalGarden/webapp/css/docs.css.map
INFO: [ app_init ] --START--
INFO: Run Behavior\BuildLiteBehavior [ RunTime:0.000000s ]
INFO: [ app_init ] --END-- [ RunTime:0.001000s ]
ERR: 无法加载模块:Webapp

[ 2017-04-23T16:30:42+08:00 ] ::1 /PersonalGarden/webapp/css/docs.css.map
INFO: [ app_init ] --START--
INFO: Run Behavior\BuildLiteBehavior [ RunTime:0.000000s ]
INFO: [ app_init ] --END-- [ RunTime:0.002000s ]
ERR: 无法加载模块:Webapp

[ 2017-04-23T16:30:45+08:00 ] ::1 /PersonalGarden/webapp/css/docs.css.map
INFO: [ app_init ] --START--
INFO: Run Behavior\BuildLiteBehavior [ RunTime:0.000000s ]
INFO: [ app_init ] --END-- [ RunTime:0.001000s ]
ERR: 无法加载模块:Webapp

[ 2017-04-23T16:31:07+08:00 ] ::1 /PersonalGarden/webapp/css/docs.css.map
INFO: [ app_init ] --START--
INFO: Run Behavior\BuildLiteBehavior [ RunTime:0.000000s ]
INFO: [ app_init ] --END-- [ RunTime:0.001000s ]
ERR: 无法加载模块:Webapp

[ 2017-04-23T16:31:10+08:00 ] ::1 /PersonalGarden/webapp/css/docs.css.map
INFO: [ app_init ] --START--
INFO: Run Behavior\BuildLiteBehavior [ RunTime:0.000000s ]
INFO: [ app_init ] --END-- [ RunTime:0.001000s ]
ERR: 无法加载模块:Webapp

[ 2017-04-23T16:31:14+08:00 ] ::1 /PersonalGarden/webapp/css/docs.css.map
INFO: [ app_init ] --START--
INFO: Run Behavior\BuildLiteBehavior [ RunTime:0.000000s ]
INFO: [ app_init ] --END-- [ RunTime:0.001000s ]
ERR: 无法加载模块:Webapp

[ 2017-04-23T16:31:36+08:00 ] ::1 /PersonalGarden/webapp/css/docs.css.map
INFO: [ app_init ] --START--
INFO: Run Behavior\BuildLiteBehavior [ RunTime:0.000000s ]
INFO: [ app_init ] --END-- [ RunTime:0.001000s ]
ERR: 无法加载模块:Webapp

[ 2017-04-23T16:32:31+08:00 ] ::1 /PersonalGarden/webapp/css/docs.css.map
INFO: [ app_init ] --START--
INFO: Run Behavior\BuildLiteBehavior [ RunTime:0.000000s ]
INFO: [ app_init ] --END-- [ RunTime:0.001000s ]
ERR: 无法加载模块:Webapp

[ 2017-04-23T16:33:27+08:00 ] ::1 /PersonalGarden/webapp/css/docs.css.map
INFO: [ app_init ] --START--
INFO: Run Behavior\BuildLiteBehavior [ RunTime:0.000000s ]
INFO: [ app_init ] --END-- [ RunTime:0.001000s ]
ERR: 无法加载模块:Webapp

[ 2017-04-23T16:33:30+08:00 ] ::1 /PersonalGarden/webapp/css/docs.css.map
INFO: [ app_init ] --START--
INFO: Run Behavior\BuildLiteBehavior [ RunTime:0.000000s ]
INFO: [ app_init ] --END-- [ RunTime:0.002000s ]
ERR: 无法加载模块:Webapp

[ 2017-04-23T16:33:35+08:00 ] ::1 /PersonalGarden/webapp/css/docs.css.map
INFO: [ app_init ] --START--
INFO: Run Behavior\BuildLiteBehavior [ RunTime:0.000000s ]
INFO: [ app_init ] --END-- [ RunTime:0.002000s ]
ERR: 无法加载模块:Webapp

[ 2017-04-23T16:33:38+08:00 ] ::1 /PersonalGarden/webapp/css/docs.css.map
INFO: [ app_init ] --START--
INFO: Run Behavior\BuildLiteBehavior [ RunTime:0.000000s ]
INFO: [ app_init ] --END-- [ RunTime:0.001000s ]
ERR: 无法加载模块:Webapp

[ 2017-04-23T16:33:45+08:00 ] ::1 /PersonalGarden/webapp/css/docs.css.map
INFO: [ app_init ] --START--
INFO: Run Behavior\BuildLiteBehavior [ RunTime:0.001000s ]
INFO: [ app_init ] --END-- [ RunTime:0.002000s ]
ERR: 无法加载模块:Webapp

[ 2017-04-23T16:33:48+08:00 ] ::1 /PersonalGarden/webapp/css/docs.css.map
INFO: [ app_init ] --START--
INFO: Run Behavior\BuildLiteBehavior [ RunTime:0.000000s ]
INFO: [ app_init ] --END-- [ RunTime:0.001001s ]
ERR: 无法加载模块:Webapp

[ 2017-04-23T16:33:52+08:00 ] ::1 /PersonalGarden/webapp/css/docs.css.map
INFO: [ app_init ] --START--
INFO: Run Behavior\BuildLiteBehavior [ RunTime:0.000000s ]
INFO: [ app_init ] --END-- [ RunTime:0.001000s ]
ERR: 无法加载模块:Webapp

[ 2017-04-23T16:33:55+08:00 ] ::1 /PersonalGarden/webapp/css/docs.css.map
INFO: [ app_init ] --START--
INFO: Run Behavior\BuildLiteBehavior [ RunTime:0.000000s ]
INFO: [ app_init ] --END-- [ RunTime:0.003001s ]
ERR: 无法加载模块:Webapp

[ 2017-04-23T16:33:58+08:00 ] ::1 /PersonalGarden/webapp/css/docs.css.map
INFO: [ app_init ] --START--
INFO: Run Behavior\BuildLiteBehavior [ RunTime:0.000000s ]
INFO: [ app_init ] --END-- [ RunTime:0.002001s ]
ERR: 无法加载模块:Webapp

[ 2017-04-23T16:34:25+08:00 ] ::1 /PersonalGarden/webapp/css/docs.css.map
INFO: [ app_init ] --START--
INFO: Run Behavior\BuildLiteBehavior [ RunTime:0.000000s ]
INFO: [ app_init ] --END-- [ RunTime:0.001000s ]
ERR: 无法加载模块:Webapp

[ 2017-04-23T16:34:26+08:00 ] ::1 /PersonalGarden/webapp/css/docs.css.map
INFO: [ app_init ] --START--
INFO: Run Behavior\BuildLiteBehavior [ RunTime:0.000000s ]
INFO: [ app_init ] --END-- [ RunTime:0.001000s ]
ERR: 无法加载模块:Webapp

[ 2017-04-23T16:34:31+08:00 ] ::1 /PersonalGarden/webapp/css/docs.css.map
INFO: [ app_init ] --START--
INFO: Run Behavior\BuildLiteBehavior [ RunTime:0.000000s ]
INFO: [ app_init ] --END-- [ RunTime:0.001000s ]
ERR: 无法加载模块:Webapp

[ 2017-04-23T16:34:33+08:00 ] ::1 /PersonalGarden/webapp/css/docs.css.map
INFO: [ app_init ] --START--
INFO: Run Behavior\BuildLiteBehavior [ RunTime:0.000000s ]
INFO: [ app_init ] --END-- [ RunTime:0.001001s ]
ERR: 无法加载模块:Webapp

[ 2017-04-23T16:34:35+08:00 ] ::1 /PersonalGarden/webapp/css/docs.css.map
INFO: [ app_init ] --START--
INFO: Run Behavior\BuildLiteBehavior [ RunTime:0.001000s ]
INFO: [ app_init ] --END-- [ RunTime:0.001000s ]
ERR: 无法加载模块:Webapp

[ 2017-04-23T16:34:37+08:00 ] ::1 /PersonalGarden/webapp/css/docs.css.map
INFO: [ app_init ] --START--
INFO: Run Behavior\BuildLiteBehavior [ RunTime:0.000000s ]
INFO: [ app_init ] --END-- [ RunTime:0.001000s ]
ERR: 无法加载模块:Webapp

[ 2017-04-23T16:34:39+08:00 ] ::1 /PersonalGarden/webapp/css/docs.css.map
INFO: [ app_init ] --START--
INFO: Run Behavior\BuildLiteBehavior [ RunTime:0.000000s ]
INFO: [ app_init ] --END-- [ RunTime:0.002000s ]
ERR: 无法加载模块:Webapp

[ 2017-04-23T16:34:47+08:00 ] ::1 /PersonalGarden/webapp/css/docs.css.map
INFO: [ app_init ] --START--
INFO: Run Behavior\BuildLiteBehavior [ RunTime:0.000000s ]
INFO: [ app_init ] --END-- [ RunTime:0.002000s ]
ERR: 无法加载模块:Webapp

[ 2017-04-23T16:34:51+08:00 ] ::1 /PersonalGarden/webapp/css/docs.css.map
INFO: [ app_init ] --START--
INFO: Run Behavior\BuildLiteBehavior [ RunTime:0.000000s ]
INFO: [ app_init ] --END-- [ RunTime:0.000000s ]
ERR: 无法加载模块:Webapp

[ 2017-04-23T16:35:33+08:00 ] ::1 /PersonalGarden/webapp/css/docs.css.map
INFO: [ app_init ] --START--
INFO: Run Behavior\BuildLiteBehavior [ RunTime:0.000000s ]
INFO: [ app_init ] --END-- [ RunTime:0.000000s ]
ERR: 无法加载模块:Webapp

[ 2017-04-23T16:35:47+08:00 ] ::1 /PersonalGarden/webapp/css/docs.css.map
INFO: [ app_init ] --START--
INFO: Run Behavior\BuildLiteBehavior [ RunTime:0.000000s ]
INFO: [ app_init ] --END-- [ RunTime:0.000000s ]
ERR: 无法加载模块:Webapp

[ 2017-04-23T16:37:19+08:00 ] ::1 /PersonalGarden/webapp/css/docs.css.map
INFO: [ app_init ] --START--
INFO: Run Behavior\BuildLiteBehavior [ RunTime:0.000000s ]
INFO: [ app_init ] --END-- [ RunTime:0.000000s ]
ERR: 无法加载模块:Webapp

[ 2017-04-23T16:37:35+08:00 ] ::1 /PersonalGarden/webapp/css/docs.css.map
INFO: [ app_init ] --START--
INFO: Run Behavior\BuildLiteBehavior [ RunTime:0.000000s ]
INFO: [ app_init ] --END-- [ RunTime:0.001000s ]
ERR: 无法加载模块:Webapp

[ 2017-04-23T16:37:56+08:00 ] ::1 /PersonalGarden/webapp/css/docs.css.map
INFO: [ app_init ] --START--
INFO: Run Behavior\BuildLiteBehavior [ RunTime:0.000000s ]
INFO: [ app_init ] --END-- [ RunTime:0.001000s ]
ERR: 无法加载模块:Webapp

[ 2017-04-23T16:38:52+08:00 ] ::1 /PersonalGarden/webapp/css/docs.css.map
INFO: [ app_init ] --START--
INFO: Run Behavior\BuildLiteBehavior [ RunTime:0.000000s ]
INFO: [ app_init ] --END-- [ RunTime:0.002000s ]
ERR: 无法加载模块:Webapp

[ 2017-04-23T16:39:41+08:00 ] ::1 /PersonalGarden/webapp/css/docs.css.map
INFO: [ app_init ] --START--
INFO: Run Behavior\BuildLiteBehavior [ RunTime:0.000000s ]
INFO: [ app_init ] --END-- [ RunTime:0.001000s ]
ERR: 无法加载模块:Webapp

[ 2017-04-23T16:40:16+08:00 ] ::1 /PersonalGarden/webapp/css/docs.css.map
INFO: [ app_init ] --START--
INFO: Run Behavior\BuildLiteBehavior [ RunTime:0.000000s ]
INFO: [ app_init ] --END-- [ RunTime:0.002000s ]
ERR: 无法加载模块:Webapp

[ 2017-04-23T16:40:19+08:00 ] ::1 /PersonalGarden/webapp/css/docs.css.map
INFO: [ app_init ] --START--
INFO: Run Behavior\BuildLiteBehavior [ RunTime:0.000000s ]
INFO: [ app_init ] --END-- [ RunTime:0.001000s ]
ERR: 无法加载模块:Webapp

[ 2017-04-23T16:40:23+08:00 ] ::1 /PersonalGarden/webapp/css/docs.css.map
INFO: [ app_init ] --START--
INFO: Run Behavior\BuildLiteBehavior [ RunTime:0.000000s ]
INFO: [ app_init ] --END-- [ RunTime:0.001000s ]
ERR: 无法加载模块:Webapp

[ 2017-04-23T16:40:26+08:00 ] ::1 /PersonalGarden/webapp/css/docs.css.map
INFO: [ app_init ] --START--
INFO: Run Behavior\BuildLiteBehavior [ RunTime:0.001000s ]
INFO: [ app_init ] --END-- [ RunTime:0.002000s ]
ERR: 无法加载模块:Webapp

[ 2017-04-23T16:40:28+08:00 ] ::1 /PersonalGarden/webapp/css/docs.css.map
INFO: [ app_init ] --START--
INFO: Run Behavior\BuildLiteBehavior [ RunTime:0.000000s ]
INFO: [ app_init ] --END-- [ RunTime:0.001000s ]
ERR: 无法加载模块:Webapp

[ 2017-04-23T16:40:32+08:00 ] ::1 /PersonalGarden/webapp/css/docs.css.map
INFO: [ app_init ] --START--
INFO: Run Behavior\BuildLiteBehavior [ RunTime:0.000000s ]
INFO: [ app_init ] --END-- [ RunTime:0.001000s ]
ERR: 无法加载模块:Webapp

[ 2017-04-23T16:40:34+08:00 ] ::1 /PersonalGarden/webapp/css/docs.css.map
INFO: [ app_init ] --START--
INFO: Run Behavior\BuildLiteBehavior [ RunTime:0.000000s ]
INFO: [ app_init ] --END-- [ RunTime:0.001000s ]
ERR: 无法加载模块:Webapp

[ 2017-04-23T16:40:38+08:00 ] ::1 /PersonalGarden/webapp/css/docs.css.map
INFO: [ app_init ] --START--
INFO: Run Behavior\BuildLiteBehavior [ RunTime:0.000000s ]
INFO: [ app_init ] --END-- [ RunTime:0.001000s ]
ERR: 无法加载模块:Webapp

[ 2017-04-23T16:40:43+08:00 ] ::1 /PersonalGarden/webapp/css/docs.css.map
INFO: [ app_init ] --START--
INFO: Run Behavior\BuildLiteBehavior [ RunTime:0.000000s ]
INFO: [ app_init ] --END-- [ RunTime:0.001000s ]
ERR: 无法加载模块:Webapp

[ 2017-04-23T16:41:12+08:00 ] ::1 /PersonalGarden/webapp/css/docs.css.map
INFO: [ app_init ] --START--
INFO: Run Behavior\BuildLiteBehavior [ RunTime:0.000000s ]
INFO: [ app_init ] --END-- [ RunTime:0.001000s ]
ERR: 无法加载模块:Webapp

[ 2017-04-23T16:41:19+08:00 ] ::1 /PersonalGarden/webapp/css/docs.css.map
INFO: [ app_init ] --START--
INFO: Run Behavior\BuildLiteBehavior [ RunTime:0.000000s ]
INFO: [ app_init ] --END-- [ RunTime:0.002000s ]
ERR: 无法加载模块:Webapp

[ 2017-04-23T16:41:21+08:00 ] ::1 /PersonalGarden/webapp/css/docs.css.map
INFO: [ app_init ] --START--
INFO: Run Behavior\BuildLiteBehavior [ RunTime:0.000000s ]
INFO: [ app_init ] --END-- [ RunTime:0.000000s ]
ERR: 无法加载模块:Webapp

[ 2017-04-23T16:41:24+08:00 ] ::1 /PersonalGarden/webapp/css/docs.css.map
INFO: [ app_init ] --START--
INFO: Run Behavior\BuildLiteBehavior [ RunTime:0.000000s ]
INFO: [ app_init ] --END-- [ RunTime:0.002000s ]
ERR: 无法加载模块:Webapp

[ 2017-04-23T16:41:26+08:00 ] ::1 /PersonalGarden/webapp/css/docs.css.map
INFO: [ app_init ] --START--
INFO: Run Behavior\BuildLiteBehavior [ RunTime:0.000000s ]
INFO: [ app_init ] --END-- [ RunTime:0.001000s ]
ERR: 无法加载模块:Webapp

[ 2017-04-23T16:41:59+08:00 ] ::1 /PersonalGarden/webapp/css/docs.css.map
INFO: [ app_init ] --START--
INFO: Run Behavior\BuildLiteBehavior [ RunTime:0.000000s ]
INFO: [ app_init ] --END-- [ RunTime:0.001000s ]
ERR: 无法加载模块:Webapp

[ 2017-04-23T16:42:03+08:00 ] ::1 /PersonalGarden/webapp/css/docs.css.map
INFO: [ app_init ] --START--
INFO: Run Behavior\BuildLiteBehavior [ RunTime:0.000000s ]
INFO: [ app_init ] --END-- [ RunTime:0.001000s ]
ERR: 无法加载模块:Webapp

[ 2017-04-23T16:42:36+08:00 ] ::1 /PersonalGarden/webapp/css/docs.css.map
INFO: [ app_init ] --START--
INFO: Run Behavior\BuildLiteBehavior [ RunTime:0.000000s ]
INFO: [ app_init ] --END-- [ RunTime:0.001000s ]
ERR: 无法加载模块:Webapp

[ 2017-04-23T16:43:26+08:00 ] ::1 /PersonalGarden/webapp/css/docs.css.map
INFO: [ app_init ] --START--
INFO: Run Behavior\BuildLiteBehavior [ RunTime:0.000000s ]
INFO: [ app_init ] --END-- [ RunTime:0.001000s ]
ERR: 无法加载模块:Webapp

[ 2017-04-23T16:43:41+08:00 ] ::1 /PersonalGarden/webapp/css/docs.css.map
INFO: [ app_init ] --START--
INFO: Run Behavior\BuildLiteBehavior [ RunTime:0.000000s ]
INFO: [ app_init ] --END-- [ RunTime:0.001000s ]
ERR: 无法加载模块:Webapp

[ 2017-04-23T16:44:01+08:00 ] ::1 /PersonalGarden/webapp/css/docs.css.map
INFO: [ app_init ] --START--
INFO: Run Behavior\BuildLiteBehavior [ RunTime:0.000000s ]
INFO: [ app_init ] --END-- [ RunTime:0.000000s ]
ERR: 无法加载模块:Webapp

[ 2017-04-23T16:44:03+08:00 ] ::1 /PersonalGarden/webapp/css/docs.css.map
INFO: [ app_init ] --START--
INFO: Run Behavior\BuildLiteBehavior [ RunTime:0.000000s ]
INFO: [ app_init ] --END-- [ RunTime:0.001000s ]
ERR: 无法加载模块:Webapp

[ 2017-04-23T16:44:06+08:00 ] ::1 /PersonalGarden/webapp/css/docs.css.map
INFO: [ app_init ] --START--
INFO: Run Behavior\BuildLiteBehavior [ RunTime:0.000000s ]
INFO: [ app_init ] --END-- [ RunTime:0.001000s ]
ERR: 无法加载模块:Webapp

[ 2017-04-23T16:44:08+08:00 ] ::1 /PersonalGarden/webapp/css/docs.css.map
INFO: [ app_init ] --START--
INFO: Run Behavior\BuildLiteBehavior [ RunTime:0.000000s ]
INFO: [ app_init ] --END-- [ RunTime:0.001000s ]
ERR: 无法加载模块:Webapp

[ 2017-04-23T16:44:10+08:00 ] ::1 /PersonalGarden/webapp/css/docs.css.map
INFO: [ app_init ] --START--
INFO: Run Behavior\BuildLiteBehavior [ RunTime:0.000000s ]
INFO: [ app_init ] --END-- [ RunTime:0.002000s ]
ERR: 无法加载模块:Webapp

[ 2017-04-23T16:44:12+08:00 ] ::1 /PersonalGarden/webapp/css/docs.css.map
INFO: [ app_init ] --START--
INFO: Run Behavior\BuildLiteBehavior [ RunTime:0.000000s ]
INFO: [ app_init ] --END-- [ RunTime:0.001001s ]
ERR: 无法加载模块:Webapp

[ 2017-04-23T16:48:27+08:00 ] ::1 /PersonalGarden/webapp/css/docs.css.map
INFO: [ app_init ] --START--
INFO: Run Behavior\BuildLiteBehavior [ RunTime:0.000000s ]
INFO: [ app_init ] --END-- [ RunTime:0.001001s ]
ERR: 无法加载模块:Webapp

[ 2017-04-23T16:48:39+08:00 ] ::1 /PersonalGarden/webapp/css/docs.css.map
INFO: [ app_init ] --START--
INFO: Run Behavior\BuildLiteBehavior [ RunTime:0.000000s ]
INFO: [ app_init ] --END-- [ RunTime:0.001000s ]
ERR: 无法加载模块:Webapp

[ 2017-04-23T16:49:14+08:00 ] ::1 /PersonalGarden/webapp/css/docs.css.map
INFO: [ app_init ] --START--
INFO: Run Behavior\BuildLiteBehavior [ RunTime:0.000000s ]
INFO: [ app_init ] --END-- [ RunTime:0.001000s ]
ERR: 无法加载模块:Webapp

[ 2017-04-23T16:49:38+08:00 ] ::1 /PersonalGarden/webapp/css/docs.css.map
INFO: [ app_init ] --START--
INFO: Run Behavior\BuildLiteBehavior [ RunTime:0.000000s ]
INFO: [ app_init ] --END-- [ RunTime:0.001000s ]
ERR: 无法加载模块:Webapp

[ 2017-04-23T16:52:36+08:00 ] ::1 /PersonalGarden/webapp/css/docs.css.map
INFO: [ app_init ] --START--
INFO: Run Behavior\BuildLiteBehavior [ RunTime:0.000000s ]
INFO: [ app_init ] --END-- [ RunTime:0.001000s ]
ERR: 无法加载模块:Webapp

[ 2017-04-23T16:52:41+08:00 ] ::1 /PersonalGarden/webapp/css/docs.css.map
INFO: [ app_init ] --START--
INFO: Run Behavior\BuildLiteBehavior [ RunTime:0.000000s ]
INFO: [ app_init ] --END-- [ RunTime:0.001000s ]
ERR: 无法加载模块:Webapp

[ 2017-04-23T16:54:40+08:00 ] ::1 /PersonalGarden/webapp/css/docs.css.map
INFO: [ app_init ] --START--
INFO: Run Behavior\BuildLiteBehavior [ RunTime:0.000000s ]
INFO: [ app_init ] --END-- [ RunTime:0.001000s ]
ERR: 无法加载模块:Webapp

[ 2017-04-23T16:54:51+08:00 ] ::1 /PersonalGarden/webapp/css/docs.css.map
INFO: [ app_init ] --START--
INFO: Run Behavior\BuildLiteBehavior [ RunTime:0.000000s ]
INFO: [ app_init ] --END-- [ RunTime:0.001000s ]
ERR: 无法加载模块:Webapp

[ 2017-04-23T16:54:55+08:00 ] ::1 /PersonalGarden/webapp/css/docs.css.map
INFO: [ app_init ] --START--
INFO: Run Behavior\BuildLiteBehavior [ RunTime:0.000000s ]
INFO: [ app_init ] --END-- [ RunTime:0.002001s ]
ERR: 无法加载模块:Webapp

[ 2017-04-23T16:59:07+08:00 ] ::1 /PersonalGarden/webapp/css/docs.css.map
INFO: [ app_init ] --START--
INFO: Run Behavior\BuildLiteBehavior [ RunTime:0.000000s ]
INFO: [ app_init ] --END-- [ RunTime:0.001000s ]
ERR: 无法加载模块:Webapp

[ 2017-04-23T17:00:04+08:00 ] ::1 /PersonalGarden/webapp/css/docs.css.map
INFO: [ app_init ] --START--
INFO: Run Behavior\BuildLiteBehavior [ RunTime:0.000000s ]
INFO: [ app_init ] --END-- [ RunTime:0.001000s ]
ERR: 无法加载模块:Webapp

[ 2017-04-23T17:15:14+08:00 ] ::1 /PersonalGarden/webapp/css/docs.css.map
INFO: [ app_init ] --START--
INFO: Run Behavior\BuildLiteBehavior [ RunTime:0.000000s ]
INFO: [ app_init ] --END-- [ RunTime:0.002000s ]
ERR: 无法加载模块:Webapp

[ 2017-04-23T17:15:34+08:00 ] ::1 /PersonalGarden/webapp/pages/UserCenter/assets/img/generic/rectangle-3.jpg
INFO: [ app_init ] --START--
INFO: Run Behavior\BuildLiteBehavior [ RunTime:0.000000s ]
INFO: [ app_init ] --END-- [ RunTime:0.002000s ]
ERR: 无法加载模块:Webapp

[ 2017-04-23T17:15:34+08:00 ] ::1 /PersonalGarden/webapp/css/docs.css.map
INFO: [ app_init ] --START--
INFO: Run Behavior\BuildLiteBehavior [ RunTime:0.000000s ]
INFO: [ app_init ] --END-- [ RunTime:0.001000s ]
ERR: 无法加载模块:Webapp

[ 2017-04-23T17:16:35+08:00 ] ::1 /PersonalGarden/webapp/css/docs.css.map
INFO: [ app_init ] --START--
INFO: Run Behavior\BuildLiteBehavior [ RunTime:0.000000s ]
INFO: [ app_init ] --END-- [ RunTime:0.001000s ]
ERR: 无法加载模块:Webapp

[ 2017-04-23T17:21:43+08:00 ] ::1 /PersonalGarden/webapp/css/docs.css.map
INFO: [ app_init ] --START--
INFO: Run Behavior\BuildLiteBehavior [ RunTime:0.000000s ]
INFO: [ app_init ] --END-- [ RunTime:0.001000s ]
ERR: 无法加载模块:Webapp

[ 2017-04-23T17:22:45+08:00 ] ::1 /PersonalGarden/webapp/css/docs.css.map
INFO: [ app_init ] --START--
INFO: Run Behavior\BuildLiteBehavior [ RunTime:0.000000s ]
INFO: [ app_init ] --END-- [ RunTime:0.001000s ]
ERR: 无法加载模块:Webapp

[ 2017-04-23T17:28:25+08:00 ] ::1 /PersonalGarden/webapp/css/docs.css.map
INFO: [ app_init ] --START--
INFO: Run Behavior\BuildLiteBehavior [ RunTime:0.000000s ]
INFO: [ app_init ] --END-- [ RunTime:0.002000s ]
ERR: 无法加载模块:Webapp

[ 2017-04-23T17:28:59+08:00 ] ::1 /PersonalGarden/webapp/css/docs.css.map
INFO: [ app_init ] --START--
INFO: Run Behavior\BuildLiteBehavior [ RunTime:0.000000s ]
INFO: [ app_init ] --END-- [ RunTime:0.001000s ]
ERR: 无法加载模块:Webapp

[ 2017-04-23T17:29:18+08:00 ] ::1 /PersonalGarden/webapp/css/docs.css.map
INFO: [ app_init ] --START--
INFO: Run Behavior\BuildLiteBehavior [ RunTime:0.000000s ]
INFO: [ app_init ] --END-- [ RunTime:0.001000s ]
ERR: 无法加载模块:Webapp

[ 2017-04-23T17:31:10+08:00 ] ::1 /PersonalGarden/webapp/css/docs.css.map
INFO: [ app_init ] --START--
INFO: Run Behavior\BuildLiteBehavior [ RunTime:0.000000s ]
INFO: [ app_init ] --END-- [ RunTime:0.001000s ]
ERR: 无法加载模块:Webapp

[ 2017-04-23T17:34:09+08:00 ] ::1 /PersonalGarden/webapp/css/docs.css.map
INFO: [ app_init ] --START--
INFO: Run Behavior\BuildLiteBehavior [ RunTime:0.000000s ]
INFO: [ app_init ] --END-- [ RunTime:0.001000s ]
ERR: 无法加载模块:Webapp

[ 2017-04-23T17:43:00+08:00 ] ::1 /PersonalGarden/webapp/css/docs.css.map
INFO: [ app_init ] --START--
INFO: Run Behavior\BuildLiteBehavior [ RunTime:0.000000s ]
INFO: [ app_init ] --END-- [ RunTime:0.001000s ]
ERR: 无法加载模块:Webapp

[ 2017-04-23T17:43:14+08:00 ] ::1 /PersonalGarden/webapp/css/docs.css.map
INFO: [ app_init ] --START--
INFO: Run Behavior\BuildLiteBehavior [ RunTime:0.000000s ]
INFO: [ app_init ] --END-- [ RunTime:0.002001s ]
ERR: 无法加载模块:Webapp

[ 2017-04-23T17:43:19+08:00 ] ::1 /PersonalGarden/webapp/css/docs.css.map
INFO: [ app_init ] --START--
INFO: Run Behavior\BuildLiteBehavior [ RunTime:0.000000s ]
INFO: [ app_init ] --END-- [ RunTime:0.001000s ]
ERR: 无法加载模块:Webapp

[ 2017-04-23T17:43:25+08:00 ] ::1 /PersonalGarden/webapp/css/docs.css.map
INFO: [ app_init ] --START--
INFO: Run Behavior\BuildLiteBehavior [ RunTime:0.000000s ]
INFO: [ app_init ] --END-- [ RunTime:0.001000s ]
ERR: 无法加载模块:Webapp

[ 2017-04-23T17:43:29+08:00 ] ::1 /PersonalGarden/webapp/css/docs.css.map
INFO: [ app_init ] --START--
INFO: Run Behavior\BuildLiteBehavior [ RunTime:0.000000s ]
INFO: [ app_init ] --END-- [ RunTime:0.002000s ]
ERR: 无法加载模块:Webapp

[ 2017-04-23T18:01:47+08:00 ] ::1 /PersonalGarden/webapp/css/docs.css.map
INFO: [ app_init ] --START--
INFO: Run Behavior\BuildLiteBehavior [ RunTime:0.000000s ]
INFO: [ app_init ] --END-- [ RunTime:0.001000s ]
ERR: 无法加载模块:Webapp

[ 2017-04-23T18:02:08+08:00 ] ::1 /PersonalGarden/webapp/css/docs.css.map
INFO: [ app_init ] --START--
INFO: Run Behavior\BuildLiteBehavior [ RunTime:0.000000s ]
INFO: [ app_init ] --END-- [ RunTime:0.001000s ]
ERR: 无法加载模块:Webapp

[ 2017-04-23T18:02:29+08:00 ] ::1 /PersonalGarden/webapp/css/docs.css.map
INFO: [ app_init ] --START--
INFO: Run Behavior\BuildLiteBehavior [ RunTime:0.000000s ]
INFO: [ app_init ] --END-- [ RunTime:0.001000s ]
ERR: 无法加载模块:Webapp

[ 2017-04-23T18:02:46+08:00 ] ::1 /PersonalGarden/webapp/css/docs.css.map
INFO: [ app_init ] --START--
INFO: Run Behavior\BuildLiteBehavior [ RunTime:0.000000s ]
INFO: [ app_init ] --END-- [ RunTime:0.001000s ]
ERR: 无法加载模块:Webapp

[ 2017-04-23T18:03:32+08:00 ] ::1 /PersonalGarden/webapp/css/docs.css.map
INFO: [ app_init ] --START--
INFO: Run Behavior\BuildLiteBehavior [ RunTime:0.000000s ]
INFO: [ app_init ] --END-- [ RunTime:0.001000s ]
ERR: 无法加载模块:Webapp

[ 2017-04-23T18:03:55+08:00 ] ::1 /PersonalGarden/webapp/css/docs.css.map
INFO: [ app_init ] --START--
INFO: Run Behavior\BuildLiteBehavior [ RunTime:0.000000s ]
INFO: [ app_init ] --END-- [ RunTime:0.002000s ]
ERR: 无法加载模块:Webapp

[ 2017-04-23T18:06:37+08:00 ] ::1 /PersonalGarden/webapp/css/docs.css.map
INFO: [ app_init ] --START--
INFO: Run Behavior\BuildLiteBehavior [ RunTime:0.000000s ]
INFO: [ app_init ] --END-- [ RunTime:0.001001s ]
ERR: 无法加载模块:Webapp

[ 2017-04-23T18:06:53+08:00 ] ::1 /PersonalGarden/webapp/css/docs.css.map
INFO: [ app_init ] --START--
INFO: Run Behavior\BuildLiteBehavior [ RunTime:0.000000s ]
INFO: [ app_init ] --END-- [ RunTime:0.001000s ]
ERR: 无法加载模块:Webapp

[ 2017-04-23T18:07:22+08:00 ] ::1 /PersonalGarden/webapp/css/docs.css.map
INFO: [ app_init ] --START--
INFO: Run Behavior\BuildLiteBehavior [ RunTime:0.000000s ]
INFO: [ app_init ] --END-- [ RunTime:0.001000s ]
ERR: 无法加载模块:Webapp

[ 2017-04-23T18:07:39+08:00 ] ::1 /PersonalGarden/webapp/css/docs.css.map
INFO: [ app_init ] --START--
INFO: Run Behavior\BuildLiteBehavior [ RunTime:0.000000s ]
INFO: [ app_init ] --END-- [ RunTime:0.000000s ]
ERR: 无法加载模块:Webapp

[ 2017-04-23T18:08:00+08:00 ] ::1 /PersonalGarden/webapp/css/docs.css.map
INFO: [ app_init ] --START--
INFO: Run Behavior\BuildLiteBehavior [ RunTime:0.000000s ]
INFO: [ app_init ] --END-- [ RunTime:0.001000s ]
ERR: 无法加载模块:Webapp

[ 2017-04-23T18:08:41+08:00 ] ::1 /PersonalGarden/webapp/css/docs.css.map
INFO: [ app_init ] --START--
INFO: Run Behavior\BuildLiteBehavior [ RunTime:0.001000s ]
INFO: [ app_init ] --END-- [ RunTime:0.001000s ]
ERR: 无法加载模块:Webapp

[ 2017-04-23T18:08:54+08:00 ] ::1 /PersonalGarden/webapp/css/docs.css.map
INFO: [ app_init ] --START--
INFO: Run Behavior\BuildLiteBehavior [ RunTime:0.000000s ]
INFO: [ app_init ] --END-- [ RunTime:0.001000s ]
ERR: 无法加载模块:Webapp

[ 2017-04-23T18:09:09+08:00 ] ::1 /PersonalGarden/webapp/css/docs.css.map
INFO: [ app_init ] --START--
INFO: Run Behavior\BuildLiteBehavior [ RunTime:0.000000s ]
INFO: [ app_init ] --END-- [ RunTime:0.002000s ]
ERR: 无法加载模块:Webapp

[ 2017-04-23T18:10:05+08:00 ] ::1 /PersonalGarden/webapp/css/docs.css.map
INFO: [ app_init ] --START--
INFO: Run Behavior\BuildLiteBehavior [ RunTime:0.000000s ]
INFO: [ app_init ] --END-- [ RunTime:0.000000s ]
ERR: 无法加载模块:Webapp

[ 2017-04-23T18:10:30+08:00 ] ::1 /PersonalGarden/webapp/css/docs.css.map
INFO: [ app_init ] --START--
INFO: Run Behavior\BuildLiteBehavior [ RunTime:0.000000s ]
INFO: [ app_init ] --END-- [ RunTime:0.001000s ]
ERR: 无法加载模块:Webapp

[ 2017-04-23T18:10:47+08:00 ] ::1 /PersonalGarden/webapp/css/docs.css.map
INFO: [ app_init ] --START--
INFO: Run Behavior\BuildLiteBehavior [ RunTime:0.000000s ]
INFO: [ app_init ] --END-- [ RunTime:0.001000s ]
ERR: 无法加载模块:Webapp

[ 2017-04-23T18:13:48+08:00 ] ::1 /PersonalGarden/webapp/css/docs.css.map
INFO: [ app_init ] --START--
INFO: Run Behavior\BuildLiteBehavior [ RunTime:0.000000s ]
INFO: [ app_init ] --END-- [ RunTime:0.002000s ]
ERR: 无法加载模块:Webapp

[ 2017-04-23T18:15:25+08:00 ] ::1 /PersonalGarden/webapp/css/docs.css.map
INFO: [ app_init ] --START--
INFO: Run Behavior\BuildLiteBehavior [ RunTime:0.000000s ]
INFO: [ app_init ] --END-- [ RunTime:0.002000s ]
ERR: 无法加载模块:Webapp

[ 2017-04-23T18:15:43+08:00 ] ::1 /PersonalGarden/webapp/css/docs.css.map
INFO: [ app_init ] --START--
INFO: Run Behavior\BuildLiteBehavior [ RunTime:0.001000s ]
INFO: [ app_init ] --END-- [ RunTime:0.001000s ]
ERR: 无法加载模块:Webapp

[ 2017-04-23T18:16:31+08:00 ] ::1 /PersonalGarden/webapp/css/docs.css.map
INFO: [ app_init ] --START--
INFO: Run Behavior\BuildLiteBehavior [ RunTime:0.000000s ]
INFO: [ app_init ] --END-- [ RunTime:0.001000s ]
ERR: 无法加载模块:Webapp

[ 2017-04-23T18:17:06+08:00 ] ::1 /PersonalGarden/webapp/css/docs.css.map
INFO: [ app_init ] --START--
INFO: Run Behavior\BuildLiteBehavior [ RunTime:0.000000s ]
INFO: [ app_init ] --END-- [ RunTime:0.001000s ]
ERR: 无法加载模块:Webapp

[ 2017-04-23T18:17:16+08:00 ] ::1 /PersonalGarden/webapp/css/docs.css.map
INFO: [ app_init ] --START--
INFO: Run Behavior\BuildLiteBehavior [ RunTime:0.000000s ]
INFO: [ app_init ] --END-- [ RunTime:0.001000s ]
ERR: 无法加载模块:Webapp

[ 2017-04-23T18:18:55+08:00 ] ::1 /PersonalGarden/webapp/css/docs.css.map
INFO: [ app_init ] --START--
INFO: Run Behavior\BuildLiteBehavior [ RunTime:0.000000s ]
INFO: [ app_init ] --END-- [ RunTime:0.001000s ]
ERR: 无法加载模块:Webapp

[ 2017-04-23T18:19:17+08:00 ] ::1 /PersonalGarden/webapp/css/docs.css.map
INFO: [ app_init ] --START--
INFO: Run Behavior\BuildLiteBehavior [ RunTime:0.000000s ]
INFO: [ app_init ] --END-- [ RunTime:0.001000s ]
ERR: 无法加载模块:Webapp

[ 2017-04-23T18:24:59+08:00 ] ::1 /PersonalGarden/webapp/css/docs.css.map
INFO: [ app_init ] --START--
INFO: Run Behavior\BuildLiteBehavior [ RunTime:0.001000s ]
INFO: [ app_init ] --END-- [ RunTime:0.002000s ]
ERR: 无法加载模块:Webapp

[ 2017-04-23T18:33:21+08:00 ] ::1 /PersonalGarden/webapp/css/docs.css.map
INFO: [ app_init ] --START--
INFO: Run Behavior\BuildLiteBehavior [ RunTime:0.000000s ]
INFO: [ app_init ] --END-- [ RunTime:0.001000s ]
ERR: 无法加载模块:Webapp

[ 2017-04-23T18:34:57+08:00 ] ::1 /PersonalGarden/webapp/css/docs.css.map
INFO: [ app_init ] --START--
INFO: Run Behavior\BuildLiteBehavior [ RunTime:0.000000s ]
INFO: [ app_init ] --END-- [ RunTime:0.002000s ]
ERR: 无法加载模块:Webapp

[ 2017-04-23T18:35:03+08:00 ] ::1 /PersonalGarden/webapp/css/docs.css.map
INFO: [ app_init ] --START--
INFO: Run Behavior\BuildLiteBehavior [ RunTime:0.000000s ]
INFO: [ app_init ] --END-- [ RunTime:0.000000s ]
ERR: 无法加载模块:Webapp

[ 2017-04-23T18:35:50+08:00 ] ::1 /PersonalGarden/webapp/css/docs.css.map
INFO: [ app_init ] --START--
INFO: Run Behavior\BuildLiteBehavior [ RunTime:0.000000s ]
INFO: [ app_init ] --END-- [ RunTime:0.001000s ]
ERR: 无法加载模块:Webapp

[ 2017-04-23T18:39:42+08:00 ] ::1 /PersonalGarden/webapp/css/docs.css.map
INFO: [ app_init ] --START--
INFO: Run Behavior\BuildLiteBehavior [ RunTime:0.000000s ]
INFO: [ app_init ] --END-- [ RunTime:0.001000s ]
ERR: 无法加载模块:Webapp

[ 2017-04-23T18:40:05+08:00 ] ::1 /PersonalGarden/webapp/css/docs.css.map
INFO: [ app_init ] --START--
INFO: Run Behavior\BuildLiteBehavior [ RunTime:0.000000s ]
INFO: [ app_init ] --END-- [ RunTime:0.001000s ]
ERR: 无法加载模块:Webapp

[ 2017-04-23T18:41:26+08:00 ] ::1 /PersonalGarden/webapp/css/docs.css.map
INFO: [ app_init ] --START--
INFO: Run Behavior\BuildLiteBehavior [ RunTime:0.000000s ]
INFO: [ app_init ] --END-- [ RunTime:0.001000s ]
ERR: 无法加载模块:Webapp

[ 2017-04-23T21:13:35+08:00 ] ::1 /PersonalGarden/webapp/css/docs.css.map
INFO: [ app_init ] --START--
INFO: Run Behavior\BuildLiteBehavior [ RunTime:0.000000s ]
INFO: [ app_init ] --END-- [ RunTime:0.002000s ]
ERR: 无法加载模块:Webapp

[ 2017-04-23T21:14:06+08:00 ] ::1 /PersonalGarden/webapp/css/docs.css.map
INFO: [ app_init ] --START--
INFO: Run Behavior\BuildLiteBehavior [ RunTime:0.000000s ]
INFO: [ app_init ] --END-- [ RunTime:0.001000s ]
ERR: 无法加载模块:Webapp

[ 2017-04-23T21:31:17+08:00 ] ::1 /PersonalGarden/webapp/css/docs.css.map
INFO: [ app_init ] --START--
INFO: Run Behavior\BuildLiteBehavior [ RunTime:0.000000s ]
INFO: [ app_init ] --END-- [ RunTime:0.001000s ]
ERR: 无法加载模块:Webapp

[ 2017-04-23T21:44:26+08:00 ] ::1 /PersonalGarden/webapp/css/docs.css.map
INFO: [ app_init ] --START--
INFO: Run Behavior\BuildLiteBehavior [ RunTime:0.000000s ]
INFO: [ app_init ] --END-- [ RunTime:0.002001s ]
ERR: 无法加载模块:Webapp

[ 2017-04-23T21:46:40+08:00 ] ::1 /PersonalGarden/webapp/css/docs.css.map
INFO: [ app_init ] --START--
INFO: Run Behavior\BuildLiteBehavior [ RunTime:0.000000s ]
INFO: [ app_init ] --END-- [ RunTime:0.001000s ]
ERR: 无法加载模块:Webapp

[ 2017-04-23T21:46:43+08:00 ] ::1 /PersonalGarden/webapp/css/docs.css.map
INFO: [ app_init ] --START--
INFO: Run Behavior\BuildLiteBehavior [ RunTime:0.000000s ]
INFO: [ app_init ] --END-- [ RunTime:0.001000s ]
ERR: 无法加载模块:Webapp

[ 2017-04-23T21:46:45+08:00 ] ::1 /PersonalGarden/webapp/css/docs.css.map
INFO: [ app_init ] --START--
INFO: Run Behavior\BuildLiteBehavior [ RunTime:0.000000s ]
INFO: [ app_init ] --END-- [ RunTime:0.001000s ]
ERR: 无法加载模块:Webapp

[ 2017-04-23T21:47:30+08:00 ] ::1 /PersonalGarden/webapp/css/docs.css.map
INFO: [ app_init ] --START--
INFO: Run Behavior\BuildLiteBehavior [ RunTime:0.000000s ]
INFO: [ app_init ] --END-- [ RunTime:0.002000s ]
ERR: 无法加载模块:Webapp

[ 2017-04-23T21:47:32+08:00 ] ::1 /PersonalGarden/webapp/css/docs.css.map
INFO: [ app_init ] --START--
INFO: Run Behavior\BuildLiteBehavior [ RunTime:0.000000s ]
INFO: [ app_init ] --END-- [ RunTime:0.001000s ]
ERR: 无法加载模块:Webapp

[ 2017-04-23T21:50:22+08:00 ] ::1 /PersonalGarden/webapp/css/docs.css.map
INFO: [ app_init ] --START--
INFO: Run Behavior\BuildLiteBehavior [ RunTime:0.000000s ]
INFO: [ app_init ] --END-- [ RunTime:0.001000s ]
ERR: 无法加载模块:Webapp

[ 2017-04-23T21:50:26+08:00 ] ::1 /PersonalGarden/webapp/css/docs.css.map
INFO: [ app_init ] --START--
INFO: Run Behavior\BuildLiteBehavior [ RunTime:0.001000s ]
INFO: [ app_init ] --END-- [ RunTime:0.001000s ]
ERR: 无法加载模块:Webapp

[ 2017-04-23T21:50:51+08:00 ] ::1 /PersonalGarden/webapp/css/docs.css.map
INFO: [ app_init ] --START--
INFO: Run Behavior\BuildLiteBehavior [ RunTime:0.000000s ]
INFO: [ app_init ] --END-- [ RunTime:0.001000s ]
ERR: 无法加载模块:Webapp

[ 2017-04-23T21:51:28+08:00 ] ::1 /PersonalGarden/webapp/css/docs.css.map
INFO: [ app_init ] --START--
INFO: Run Behavior\BuildLiteBehavior [ RunTime:0.000000s ]
INFO: [ app_init ] --END-- [ RunTime:0.001000s ]
ERR: 无法加载模块:Webapp

[ 2017-04-23T21:51:42+08:00 ] ::1 /PersonalGarden/webapp/css/docs.css.map
INFO: [ app_init ] --START--
INFO: Run Behavior\BuildLiteBehavior [ RunTime:0.000000s ]
INFO: [ app_init ] --END-- [ RunTime:0.001000s ]
ERR: 无法加载模块:Webapp

[ 2017-04-23T21:51:54+08:00 ] ::1 /PersonalGarden/webapp/css/docs.css.map
INFO: [ app_init ] --START--
INFO: Run Behavior\BuildLiteBehavior [ RunTime:0.001000s ]
INFO: [ app_init ] --END-- [ RunTime:0.002000s ]
ERR: 无法加载模块:Webapp

[ 2017-04-23T21:53:41+08:00 ] ::1 /PersonalGarden/webapp/css/docs.css.map
INFO: [ app_init ] --START--
INFO: Run Behavior\BuildLiteBehavior [ RunTime:0.000000s ]
INFO: [ app_init ] --END-- [ RunTime:0.000000s ]
ERR: 无法加载模块:Webapp

[ 2017-04-23T21:54:05+08:00 ] ::1 /PersonalGarden/webapp/css/docs.css.map
INFO: [ app_init ] --START--
INFO: Run Behavior\BuildLiteBehavior [ RunTime:0.000000s ]
INFO: [ app_init ] --END-- [ RunTime:0.001000s ]
ERR: 无法加载模块:Webapp

[ 2017-04-23T21:54:25+08:00 ] ::1 /PersonalGarden/webapp/css/docs.css.map
INFO: [ app_init ] --START--
INFO: Run Behavior\BuildLiteBehavior [ RunTime:0.000000s ]
INFO: [ app_init ] --END-- [ RunTime:0.000000s ]
ERR: 无法加载模块:Webapp

[ 2017-04-23T21:54:46+08:00 ] ::1 /PersonalGarden/webapp/css/docs.css.map
INFO: [ app_init ] --START--
INFO: Run Behavior\BuildLiteBehavior [ RunTime:0.000000s ]
INFO: [ app_init ] --END-- [ RunTime:0.001000s ]
ERR: 无法加载模块:Webapp

[ 2017-04-23T21:54:56+08:00 ] ::1 /PersonalGarden/webapp/css/docs.css.map
INFO: [ app_init ] --START--
INFO: Run Behavior\BuildLiteBehavior [ RunTime:0.001000s ]
INFO: [ app_init ] --END-- [ RunTime:0.002000s ]
ERR: 无法加载模块:Webapp

[ 2017-04-23T21:56:11+08:00 ] ::1 /PersonalGarden/webapp/css/docs.css.map
INFO: [ app_init ] --START--
INFO: Run Behavior\BuildLiteBehavior [ RunTime:0.000000s ]
INFO: [ app_init ] --END-- [ RunTime:0.001000s ]
ERR: 无法加载模块:Webapp

[ 2017-04-23T21:57:22+08:00 ] ::1 /PersonalGarden/webapp/css/docs.css.map
INFO: [ app_init ] --START--
INFO: Run Behavior\BuildLiteBehavior [ RunTime:0.000000s ]
INFO: [ app_init ] --END-- [ RunTime:0.001000s ]
ERR: 无法加载模块:Webapp

[ 2017-04-23T21:57:49+08:00 ] ::1 /PersonalGarden/webapp/css/docs.css.map
INFO: [ app_init ] --START--
INFO: Run Behavior\BuildLiteBehavior [ RunTime:0.001000s ]
INFO: [ app_init ] --END-- [ RunTime:0.002000s ]
ERR: 无法加载模块:Webapp

[ 2017-04-23T21:58:20+08:00 ] ::1 /PersonalGarden/webapp/css/docs.css.map
INFO: [ app_init ] --START--
INFO: Run Behavior\BuildLiteBehavior [ RunTime:0.000000s ]
INFO: [ app_init ] --END-- [ RunTime:0.000000s ]
ERR: 无法加载模块:Webapp

[ 2017-04-23T22:08:30+08:00 ] ::1 /PersonalGarden/webapp/css/docs.css.map
INFO: [ app_init ] --START--
INFO: Run Behavior\BuildLiteBehavior [ RunTime:0.000000s ]
INFO: [ app_init ] --END-- [ RunTime:0.001000s ]
ERR: 无法加载模块:Webapp

[ 2017-04-23T22:08:53+08:00 ] ::1 /PersonalGarden/webapp/css/docs.css.map
INFO: [ app_init ] --START--
INFO: Run Behavior\BuildLiteBehavior [ RunTime:0.000000s ]
INFO: [ app_init ] --END-- [ RunTime:0.001000s ]
ERR: 无法加载模块:Webapp

[ 2017-04-23T22:10:19+08:00 ] ::1 /PersonalGarden/webapp/css/docs.css.map
INFO: [ app_init ] --START--
INFO: Run Behavior\BuildLiteBehavior [ RunTime:0.000000s ]
INFO: [ app_init ] --END-- [ RunTime:0.001000s ]
ERR: 无法加载模块:Webapp

[ 2017-04-23T22:10:38+08:00 ] ::1 /PersonalGarden/webapp/css/docs.css.map
INFO: [ app_init ] --START--
INFO: Run Behavior\BuildLiteBehavior [ RunTime:0.000000s ]
INFO: [ app_init ] --END-- [ RunTime:0.001000s ]
ERR: 无法加载模块:Webapp

[ 2017-04-23T22:10:41+08:00 ] ::1 /PersonalGarden/webapp/css/docs.css.map
INFO: [ app_init ] --START--
INFO: Run Behavior\BuildLiteBehavior [ RunTime:0.000000s ]
INFO: [ app_init ] --END-- [ RunTime:0.001000s ]
ERR: 无法加载模块:Webapp

[ 2017-04-23T22:10:53+08:00 ] ::1 /PersonalGarden/webapp/css/docs.css.map
INFO: [ app_init ] --START--
INFO: Run Behavior\BuildLiteBehavior [ RunTime:0.000000s ]
INFO: [ app_init ] --END-- [ RunTime:0.001000s ]
ERR: 无法加载模块:Webapp

[ 2017-04-23T22:11:26+08:00 ] ::1 /PersonalGarden/webapp/css/docs.css.map
INFO: [ app_init ] --START--
INFO: Run Behavior\BuildLiteBehavior [ RunTime:0.000000s ]
INFO: [ app_init ] --END-- [ RunTime:0.001000s ]
ERR: 无法加载模块:Webapp

[ 2017-04-23T22:11:29+08:00 ] ::1 /PersonalGarden/webapp/css/docs.css.map
INFO: [ app_init ] --START--
INFO: Run Behavior\BuildLiteBehavior [ RunTime:0.000000s ]
INFO: [ app_init ] --END-- [ RunTime:0.000000s ]
ERR: 无法加载模块:Webapp

[ 2017-04-23T22:12:50+08:00 ] ::1 /PersonalGarden/webapp/css/docs.css.map
INFO: [ app_init ] --START--
INFO: Run Behavior\BuildLiteBehavior [ RunTime:0.000000s ]
INFO: [ app_init ] --END-- [ RunTime:0.001000s ]
ERR: 无法加载模块:Webapp

[ 2017-04-23T22:13:05+08:00 ] ::1 /PersonalGarden/webapp/css/docs.css.map
INFO: [ app_init ] --START--
INFO: Run Behavior\BuildLiteBehavior [ RunTime:0.000000s ]
INFO: [ app_init ] --END-- [ RunTime:0.000000s ]
ERR: 无法加载模块:Webapp

[ 2017-04-23T22:13:07+08:00 ] ::1 /PersonalGarden/webapp/css/docs.css.map
INFO: [ app_init ] --START--
INFO: Run Behavior\BuildLiteBehavior [ RunTime:0.000000s ]
INFO: [ app_init ] --END-- [ RunTime:0.000000s ]
ERR: 无法加载模块:Webapp

[ 2017-04-23T22:13:09+08:00 ] ::1 /PersonalGarden/webapp/css/docs.css.map
INFO: [ app_init ] --START--
INFO: Run Behavior\BuildLiteBehavior [ RunTime:0.000000s ]
INFO: [ app_init ] --END-- [ RunTime:0.001000s ]
ERR: 无法加载模块:Webapp

[ 2017-04-23T22:13:12+08:00 ] ::1 /PersonalGarden/webapp/css/docs.css.map
INFO: [ app_init ] --START--
INFO: Run Behavior\BuildLiteBehavior [ RunTime:0.000000s ]
INFO: [ app_init ] --END-- [ RunTime:0.001000s ]
ERR: 无法加载模块:Webapp

[ 2017-04-23T22:13:15+08:00 ] ::1 /PersonalGarden/webapp/css/docs.css.map
INFO: [ app_init ] --START--
INFO: Run Behavior\BuildLiteBehavior [ RunTime:0.000000s ]
INFO: [ app_init ] --END-- [ RunTime:0.000000s ]
ERR: 无法加载模块:Webapp

[ 2017-04-23T22:13:22+08:00 ] ::1 /PersonalGarden/webapp/css/docs.css.map
INFO: [ app_init ] --START--
INFO: Run Behavior\BuildLiteBehavior [ RunTime:0.000000s ]
INFO: [ app_init ] --END-- [ RunTime:0.001000s ]
ERR: 无法加载模块:Webapp

[ 2017-04-23T22:13:27+08:00 ] ::1 /PersonalGarden/webapp/css/docs.css.map
INFO: [ app_init ] --START--
INFO: Run Behavior\BuildLiteBehavior [ RunTime:0.000000s ]
INFO: [ app_init ] --END-- [ RunTime:0.001000s ]
ERR: 无法加载模块:Webapp

[ 2017-04-23T22:14:06+08:00 ] ::1 /PersonalGarden/webapp/css/docs.css.map
INFO: [ app_init ] --START--
INFO: Run Behavior\BuildLiteBehavior [ RunTime:0.001000s ]
INFO: [ app_init ] --END-- [ RunTime:0.002000s ]
ERR: 无法加载模块:Webapp

[ 2017-04-23T22:14:22+08:00 ] ::1 /PersonalGarden/webapp/css/docs.css.map
INFO: [ app_init ] --START--
INFO: Run Behavior\BuildLiteBehavior [ RunTime:0.000000s ]
INFO: [ app_init ] --END-- [ RunTime:0.001000s ]
ERR: 无法加载模块:Webapp

[ 2017-04-23T22:15:09+08:00 ] ::1 /PersonalGarden/webapp/css/docs.css.map
INFO: [ app_init ] --START--
INFO: Run Behavior\BuildLiteBehavior [ RunTime:0.000000s ]
INFO: [ app_init ] --END-- [ RunTime:0.001000s ]
ERR: 无法加载模块:Webapp

[ 2017-04-23T22:15:13+08:00 ] ::1 /PersonalGarden/webapp/css/docs.css.map
INFO: [ app_init ] --START--
INFO: Run Behavior\BuildLiteBehavior [ RunTime:0.000000s ]
INFO: [ app_init ] --END-- [ RunTime:0.000000s ]
ERR: 无法加载模块:Webapp

[ 2017-04-23T22:19:51+08:00 ] ::1 /PersonalGarden/webapp/css/docs.css.map
INFO: [ app_init ] --START--
INFO: Run Behavior\BuildLiteBehavior [ RunTime:0.000000s ]
INFO: [ app_init ] --END-- [ RunTime:0.001000s ]
ERR: 无法加载模块:Webapp

[ 2017-04-23T22:20:49+08:00 ] ::1 /PersonalGarden/webapp/css/docs.css.map
INFO: [ app_init ] --START--
INFO: Run Behavior\BuildLiteBehavior [ RunTime:0.000000s ]
INFO: [ app_init ] --END-- [ RunTime:0.001000s ]
ERR: 无法加载模块:Webapp

[ 2017-04-23T22:21:45+08:00 ] ::1 /PersonalGarden/webapp/css/docs.css.map
INFO: [ app_init ] --START--
INFO: Run Behavior\BuildLiteBehavior [ RunTime:0.000000s ]
INFO: [ app_init ] --END-- [ RunTime:0.001000s ]
ERR: 无法加载模块:Webapp

[ 2017-04-23T22:22:12+08:00 ] ::1 /PersonalGarden/webapp/css/docs.css.map
INFO: [ app_init ] --START--
INFO: Run Behavior\BuildLiteBehavior [ RunTime:0.000000s ]
INFO: [ app_init ] --END-- [ RunTime:0.001000s ]
ERR: 无法加载模块:Webapp

[ 2017-04-23T22:22:41+08:00 ] ::1 /PersonalGarden/webapp/css/docs.css.map
INFO: [ app_init ] --START--
INFO: Run Behavior\BuildLiteBehavior [ RunTime:0.000000s ]
INFO: [ app_init ] --END-- [ RunTime:0.001000s ]
ERR: 无法加载模块:Webapp

[ 2017-04-23T22:23:00+08:00 ] ::1 /PersonalGarden/webapp/css/docs.css.map
INFO: [ app_init ] --START--
INFO: Run Behavior\BuildLiteBehavior [ RunTime:0.000000s ]
INFO: [ app_init ] --END-- [ RunTime:0.002000s ]
ERR: 无法加载模块:Webapp

[ 2017-04-23T22:23:42+08:00 ] ::1 /PersonalGarden/webapp/css/docs.css.map
INFO: [ app_init ] --START--
INFO: Run Behavior\BuildLiteBehavior [ RunTime:0.000000s ]
INFO: [ app_init ] --END-- [ RunTime:0.001000s ]
ERR: 无法加载模块:Webapp

[ 2017-04-23T22:23:45+08:00 ] ::1 /PersonalGarden/webapp/css/docs.css.map
INFO: [ app_init ] --START--
INFO: Run Behavior\BuildLiteBehavior [ RunTime:0.000000s ]
INFO: [ app_init ] --END-- [ RunTime:0.001000s ]
ERR: 无法加载模块:Webapp

[ 2017-04-23T22:40:00+08:00 ] ::1 /PersonalGarden/webapp/css/docs.css.map
INFO: [ app_init ] --START--
INFO: Run Behavior\BuildLiteBehavior [ RunTime:0.000000s ]
INFO: [ app_init ] --END-- [ RunTime:0.001000s ]
ERR: 无法加载模块:Webapp

[ 2017-04-23T22:41:34+08:00 ] ::1 /PersonalGarden/webapp/css/docs.css.map
INFO: [ app_init ] --START--
INFO: Run Behavior\BuildLiteBehavior [ RunTime:0.000000s ]
INFO: [ app_init ] --END-- [ RunTime:0.002000s ]
ERR: 无法加载模块:Webapp

[ 2017-04-23T22:41:37+08:00 ] ::1 /PersonalGarden/webapp/css/docs.css.map
INFO: [ app_init ] --START--
INFO: Run Behavior\BuildLiteBehavior [ RunTime:0.000000s ]
INFO: [ app_init ] --END-- [ RunTime:0.001000s ]
ERR: 无法加载模块:Webapp

[ 2017-04-23T22:41:40+08:00 ] ::1 /PersonalGarden/webapp/css/docs.css.map
INFO: [ app_init ] --START--
INFO: Run Behavior\BuildLiteBehavior [ RunTime:0.000000s ]
INFO: [ app_init ] --END-- [ RunTime:0.000000s ]
ERR: 无法加载模块:Webapp

[ 2017-04-23T22:41:42+08:00 ] ::1 /PersonalGarden/webapp/css/docs.css.map
INFO: [ app_init ] --START--
INFO: Run Behavior\BuildLiteBehavior [ RunTime:0.000000s ]
INFO: [ app_init ] --END-- [ RunTime:0.000000s ]
ERR: 无法加载模块:Webapp

[ 2017-04-23T22:53:29+08:00 ] ::1 /PersonalGarden/webapp/css/docs.css.map
INFO: [ app_init ] --START--
INFO: Run Behavior\BuildLiteBehavior [ RunTime:0.000000s ]
INFO: [ app_init ] --END-- [ RunTime:0.001000s ]
ERR: 无法加载模块:Webapp

[ 2017-04-23T22:53:31+08:00 ] ::1 /PersonalGarden/webapp/css/docs.css.map
INFO: [ app_init ] --START--
INFO: Run Behavior\BuildLiteBehavior [ RunTime:0.000000s ]
INFO: [ app_init ] --END-- [ RunTime:0.000000s ]
ERR: 无法加载模块:Webapp

[ 2017-04-23T22:53:50+08:00 ] ::1 /PersonalGarden/webapp/css/docs.css.map
INFO: [ app_init ] --START--
INFO: Run Behavior\BuildLiteBehavior [ RunTime:0.000000s ]
INFO: [ app_init ] --END-- [ RunTime:0.001000s ]
ERR: 无法加载模块:Webapp

[ 2017-04-23T22:53:53+08:00 ] ::1 /PersonalGarden/webapp/css/docs.css.map
INFO: [ app_init ] --START--
INFO: Run Behavior\BuildLiteBehavior [ RunTime:0.000000s ]
INFO: [ app_init ] --END-- [ RunTime:0.000000s ]
ERR: 无法加载模块:Webapp

[ 2017-04-23T22:53:59+08:00 ] ::1 /PersonalGarden/webapp/css/docs.css.map
INFO: [ app_init ] --START--
INFO: Run Behavior\BuildLiteBehavior [ RunTime:0.000000s ]
INFO: [ app_init ] --END-- [ RunTime:0.001000s ]
ERR: 无法加载模块:Webapp

[ 2017-04-23T22:54:05+08:00 ] ::1 /PersonalGarden/webapp/css/docs.css.map
INFO: [ app_init ] --START--
INFO: Run Behavior\BuildLiteBehavior [ RunTime:0.000000s ]
INFO: [ app_init ] --END-- [ RunTime:0.001000s ]
ERR: 无法加载模块:Webapp

[ 2017-04-23T22:54:35+08:00 ] ::1 /PersonalGarden/webapp/css/docs.css.map
INFO: [ app_init ] --START--
INFO: Run Behavior\BuildLiteBehavior [ RunTime:0.000000s ]
INFO: [ app_init ] --END-- [ RunTime:0.001000s ]
ERR: 无法加载模块:Webapp

[ 2017-04-23T22:55:01+08:00 ] ::1 /PersonalGarden/webapp/css/docs.css.map
INFO: [ app_init ] --START--
INFO: Run Behavior\BuildLiteBehavior [ RunTime:0.000000s ]
INFO: [ app_init ] --END-- [ RunTime:0.000000s ]
ERR: 无法加载模块:Webapp

[ 2017-04-23T22:58:28+08:00 ] ::1 /PersonalGarden/webapp/css/docs.css.map
INFO: [ app_init ] --START--
INFO: Run Behavior\BuildLiteBehavior [ RunTime:0.000000s ]
INFO: [ app_init ] --END-- [ RunTime:0.001000s ]
ERR: 无法加载模块:Webapp

[ 2017-04-23T22:59:06+08:00 ] ::1 /PersonalGarden/webapp/css/docs.css.map
INFO: [ app_init ] --START--
INFO: Run Behavior\BuildLiteBehavior [ RunTime:0.000000s ]
INFO: [ app_init ] --END-- [ RunTime:0.001000s ]
ERR: 无法加载模块:Webapp

[ 2017-04-23T22:59:14+08:00 ] ::1 /PersonalGarden/webapp/css/docs.css.map
INFO: [ app_init ] --START--
INFO: Run Behavior\BuildLiteBehavior [ RunTime:0.000000s ]
INFO: [ app_init ] --END-- [ RunTime:0.001000s ]
ERR: 无法加载模块:Webapp

[ 2017-04-23T23:00:07+08:00 ] ::1 /PersonalGarden/webapp/css/docs.css.map
INFO: [ app_init ] --START--
INFO: Run Behavior\BuildLiteBehavior [ RunTime:0.000000s ]
INFO: [ app_init ] --END-- [ RunTime:0.001000s ]
ERR: 无法加载模块:Webapp

[ 2017-04-23T23:00:13+08:00 ] ::1 /PersonalGarden/webapp/css/docs.css.map
INFO: [ app_init ] --START--
INFO: Run Behavior\BuildLiteBehavior [ RunTime:0.001000s ]
INFO: [ app_init ] --END-- [ RunTime:0.002000s ]
ERR: 无法加载模块:Webapp

[ 2017-04-23T23:23:38+08:00 ] ::1 /PersonalGarden/webapp/css/docs.css.map
INFO: [ app_init ] --START--
INFO: Run Behavior\BuildLiteBehavior [ RunTime:0.000000s ]
INFO: [ app_init ] --END-- [ RunTime:0.102006s ]
ERR: 无法加载模块:Webapp

[ 2017-04-23T23:24:00+08:00 ] ::1 /PersonalGarden/webapp/css/docs.css.map
INFO: [ app_init ] --START--
INFO: Run Behavior\BuildLiteBehavior [ RunTime:0.000000s ]
INFO: [ app_init ] --END-- [ RunTime:0.001000s ]
ERR: 无法加载模块:Webapp

[ 2017-04-23T23:36:43+08:00 ] ::1 /PersonalGarden/webapp/css/docs.css.map
INFO: [ app_init ] --START--
INFO: Run Behavior\BuildLiteBehavior [ RunTime:0.000000s ]
INFO: [ app_init ] --END-- [ RunTime:0.001000s ]
ERR: 无法加载模块:Webapp

[ 2017-04-23T23:36:46+08:00 ] ::1 /PersonalGarden/webapp/css/docs.css.map
INFO: [ app_init ] --START--
INFO: Run Behavior\BuildLiteBehavior [ RunTime:0.000000s ]
INFO: [ app_init ] --END-- [ RunTime:0.001000s ]
ERR: 无法加载模块:Webapp

[ 2017-04-23T23:49:57+08:00 ] ::1 /PersonalGarden/webapp/css/docs.css.map
INFO: [ app_init ] --START--
INFO: Run Behavior\BuildLiteBehavior [ RunTime:0.000000s ]
INFO: [ app_init ] --END-- [ RunTime:0.001000s ]
ERR: 无法加载模块:Webapp

[ 2017-04-23T23:53:15+08:00 ] ::1 /PersonalGarden/webapp/css/docs.css.map
INFO: [ app_init ] --START--
INFO: Run Behavior\BuildLiteBehavior [ RunTime:0.000000s ]
INFO: [ app_init ] --END-- [ RunTime:0.001000s ]
ERR: 无法加载模块:Webapp

[ 2017-04-23T23:53:17+08:00 ] ::1 /PersonalGarden/webapp/css/docs.css.map
INFO: [ app_init ] --START--
INFO: Run Behavior\BuildLiteBehavior [ RunTime:0.000000s ]
INFO: [ app_init ] --END-- [ RunTime:0.001000s ]
ERR: 无法加载模块:Webapp

