[ 2017-04-18T00:03:07+08:00 ] ::1 /PersonalGarden/webapp/css/docs.css.map
INFO: [ app_init ] --START--
INFO: Run Behavior\BuildLiteBehavior [ RunTime:0.000000s ]
INFO: [ app_init ] --END-- [ RunTime:0.002001s ]
ERR: 无法加载模块:Webapp

[ 2017-04-18T00:07:40+08:00 ] ::1 /PersonalGarden/webapp/css/docs.css.map
INFO: [ app_init ] --START--
INFO: Run Behavior\BuildLiteBehavior [ RunTime:0.000000s ]
INFO: [ app_init ] --END-- [ RunTime:0.001000s ]
ERR: 无法加载模块:Webapp

[ 2017-04-18T00:07:44+08:00 ] ::1 /PersonalGarden/webapp/css/docs.css.map
INFO: [ app_init ] --START--
INFO: Run Behavior\BuildLiteBehavior [ RunTime:0.000000s ]
INFO: [ app_init ] --END-- [ RunTime:0.001000s ]
ERR: 无法加载模块:Webapp

[ 2017-04-18T00:08:29+08:00 ] ::1 /PersonalGarden/webapp/css/docs.css.map
INFO: [ app_init ] --START--
INFO: Run Behavior\BuildLiteBehavior [ RunTime:0.000000s ]
INFO: [ app_init ] --END-- [ RunTime:0.002000s ]
ERR: 无法加载模块:Webapp

[ 2017-04-18T00:09:17+08:00 ] ::1 /PersonalGarden/webapp/css/docs.css.map
INFO: [ app_init ] --START--
INFO: Run Behavior\BuildLiteBehavior [ RunTime:0.000000s ]
INFO: [ app_init ] --END-- [ RunTime:0.000000s ]
ERR: 无法加载模块:Webapp

[ 2017-04-18T00:09:22+08:00 ] ::1 /PersonalGarden/webapp/css/docs.css.map
INFO: [ app_init ] --START--
INFO: Run Behavior\BuildLiteBehavior [ RunTime:0.000000s ]
INFO: [ app_init ] --END-- [ RunTime:0.001000s ]
ERR: 无法加载模块:Webapp

[ 2017-04-18T00:09:25+08:00 ] ::1 /PersonalGarden/webapp/css/docs.css.map
INFO: [ app_init ] --START--
INFO: Run Behavior\BuildLiteBehavior [ RunTime:0.000000s ]
INFO: [ app_init ] --END-- [ RunTime:0.001000s ]
ERR: 无法加载模块:Webapp

[ 2017-04-18T00:09:26+08:00 ] ::1 /PersonalGarden/webapp/css/docs.css.map
INFO: [ app_init ] --START--
INFO: Run Behavior\BuildLiteBehavior [ RunTime:0.000000s ]
INFO: [ app_init ] --END-- [ RunTime:0.001000s ]
ERR: 无法加载模块:Webapp

[ 2017-04-18T00:09:28+08:00 ] ::1 /PersonalGarden/webapp/css/docs.css.map
INFO: [ app_init ] --START--
INFO: Run Behavior\BuildLiteBehavior [ RunTime:0.000000s ]
INFO: [ app_init ] --END-- [ RunTime:0.001000s ]
ERR: 无法加载模块:Webapp

[ 2017-04-18T00:09:30+08:00 ] ::1 /PersonalGarden/webapp/css/docs.css.map
INFO: [ app_init ] --START--
INFO: Run Behavior\BuildLiteBehavior [ RunTime:0.000000s ]
INFO: [ app_init ] --END-- [ RunTime:0.001000s ]
ERR: 无法加载模块:Webapp

[ 2017-04-18T00:09:32+08:00 ] ::1 /PersonalGarden/webapp/css/docs.css.map
INFO: [ app_init ] --START--
INFO: Run Behavior\BuildLiteBehavior [ RunTime:0.000000s ]
INFO: [ app_init ] --END-- [ RunTime:0.001001s ]
ERR: 无法加载模块:Webapp

[ 2017-04-18T00:09:42+08:00 ] ::1 /PersonalGarden/webapp/css/docs.css.map
INFO: [ app_init ] --START--
INFO: Run Behavior\BuildLiteBehavior [ RunTime:0.000000s ]
INFO: [ app_init ] --END-- [ RunTime:0.001000s ]
ERR: 无法加载模块:Webapp

[ 2017-04-18T00:09:45+08:00 ] ::1 /PersonalGarden/webapp/css/docs.css.map
INFO: [ app_init ] --START--
INFO: Run Behavior\BuildLiteBehavior [ RunTime:0.000000s ]
INFO: [ app_init ] --END-- [ RunTime:0.001000s ]
ERR: 无法加载模块:Webapp

[ 2017-04-18T00:11:13+08:00 ] ::1 /PersonalGarden/webapp/css/docs.css.map
INFO: [ app_init ] --START--
INFO: Run Behavior\BuildLiteBehavior [ RunTime:0.000000s ]
INFO: [ app_init ] --END-- [ RunTime:0.002000s ]
ERR: 无法加载模块:Webapp

[ 2017-04-18T00:11:19+08:00 ] ::1 /PersonalGarden/webapp/css/docs.css.map
INFO: [ app_init ] --START--
INFO: Run Behavior\BuildLiteBehavior [ RunTime:0.000000s ]
INFO: [ app_init ] --END-- [ RunTime:0.002000s ]
ERR: 无法加载模块:Webapp

[ 2017-04-18T00:11:56+08:00 ] ::1 /PersonalGarden/webapp/css/docs.css.map
INFO: [ app_init ] --START--
INFO: Run Behavior\BuildLiteBehavior [ RunTime:0.000000s ]
INFO: [ app_init ] --END-- [ RunTime:0.001000s ]
ERR: 无法加载模块:Webapp

[ 2017-04-18T00:12:37+08:00 ] ::1 /PersonalGarden/webapp/css/docs.css.map
INFO: [ app_init ] --START--
INFO: Run Behavior\BuildLiteBehavior [ RunTime:0.000000s ]
INFO: [ app_init ] --END-- [ RunTime:0.003000s ]
ERR: 无法加载模块:Webapp

[ 2017-04-18T00:13:04+08:00 ] ::1 /PersonalGarden/webapp/css/docs.css.map
INFO: [ app_init ] --START--
INFO: Run Behavior\BuildLiteBehavior [ RunTime:0.000000s ]
INFO: [ app_init ] --END-- [ RunTime:0.001000s ]
ERR: 无法加载模块:Webapp

[ 2017-04-18T00:13:12+08:00 ] ::1 /PersonalGarden/webapp/pages/Mysoil/login.html
INFO: [ app_init ] --START--
INFO: Run Behavior\BuildLiteBehavior [ RunTime:0.000000s ]
INFO: [ app_init ] --END-- [ RunTime:0.001000s ]
ERR: 无法加载模块:Webapp

[ 2017-04-18T00:14:03+08:00 ] ::1 /PersonalGarden/webapp/css/docs.css.map
INFO: [ app_init ] --START--
INFO: Run Behavior\BuildLiteBehavior [ RunTime:0.000000s ]
INFO: [ app_init ] --END-- [ RunTime:0.002000s ]
ERR: 无法加载模块:Webapp

[ 2017-04-18T00:14:05+08:00 ] ::1 /PersonalGarden/webapp/css/docs.css.map
INFO: [ app_init ] --START--
INFO: Run Behavior\BuildLiteBehavior [ RunTime:0.000000s ]
INFO: [ app_init ] --END-- [ RunTime:0.002000s ]
ERR: 无法加载模块:Webapp

[ 2017-04-18T00:14:14+08:00 ] ::1 /PersonalGarden/webapp/css/docs.css.map
INFO: [ app_init ] --START--
INFO: Run Behavior\BuildLiteBehavior [ RunTime:0.000000s ]
INFO: [ app_init ] --END-- [ RunTime:0.002000s ]
ERR: 无法加载模块:Webapp

[ 2017-04-18T00:14:19+08:00 ] ::1 /PersonalGarden/webapp/css/docs.css.map
INFO: [ app_init ] --START--
INFO: Run Behavior\BuildLiteBehavior [ RunTime:0.000000s ]
INFO: [ app_init ] --END-- [ RunTime:0.002000s ]
ERR: 无法加载模块:Webapp

[ 2017-04-18T00:14:21+08:00 ] ::1 /PersonalGarden/webapp/css/docs.css.map
INFO: [ app_init ] --START--
INFO: Run Behavior\BuildLiteBehavior [ RunTime:0.000000s ]
INFO: [ app_init ] --END-- [ RunTime:0.001000s ]
ERR: 无法加载模块:Webapp

[ 2017-04-18T00:14:26+08:00 ] ::1 /PersonalGarden/webapp/css/docs.css.map
INFO: [ app_init ] --START--
INFO: Run Behavior\BuildLiteBehavior [ RunTime:0.000000s ]
INFO: [ app_init ] --END-- [ RunTime:0.001000s ]
ERR: 无法加载模块:Webapp

[ 2017-04-18T00:17:17+08:00 ] ::1 /PersonalGarden/webapp/css/docs.css.map
INFO: [ app_init ] --START--
INFO: Run Behavior\BuildLiteBehavior [ RunTime:0.000000s ]
INFO: [ app_init ] --END-- [ RunTime:0.003000s ]
ERR: 无法加载模块:Webapp

[ 2017-04-18T00:17:35+08:00 ] ::1 /PersonalGarden/webapp/css/docs.css.map
INFO: [ app_init ] --START--
INFO: Run Behavior\BuildLiteBehavior [ RunTime:0.001000s ]
INFO: [ app_init ] --END-- [ RunTime:0.002000s ]
ERR: 无法加载模块:Webapp

[ 2017-04-18T00:17:45+08:00 ] ::1 /PersonalGarden/webapp/css/docs.css.map
INFO: [ app_init ] --START--
INFO: Run Behavior\BuildLiteBehavior [ RunTime:0.000000s ]
INFO: [ app_init ] --END-- [ RunTime:0.002000s ]
ERR: 无法加载模块:Webapp

[ 2017-04-18T00:17:55+08:00 ] ::1 /PersonalGarden/webapp/css/docs.css.map
INFO: [ app_init ] --START--
INFO: Run Behavior\BuildLiteBehavior [ RunTime:0.000000s ]
INFO: [ app_init ] --END-- [ RunTime:0.001000s ]
ERR: 无法加载模块:Webapp

[ 2017-04-18T00:18:04+08:00 ] ::1 /PersonalGarden/webapp/css/docs.css.map
INFO: [ app_init ] --START--
INFO: Run Behavior\BuildLiteBehavior [ RunTime:0.000000s ]
INFO: [ app_init ] --END-- [ RunTime:0.001000s ]
ERR: 无法加载模块:Webapp

[ 2017-04-18T00:18:06+08:00 ] ::1 /PersonalGarden/webapp/css/docs.css.map
INFO: [ app_init ] --START--
INFO: Run Behavior\BuildLiteBehavior [ RunTime:0.000000s ]
INFO: [ app_init ] --END-- [ RunTime:0.001000s ]
ERR: 无法加载模块:Webapp

[ 2017-04-18T00:18:08+08:00 ] ::1 /PersonalGarden/webapp/css/docs.css.map
INFO: [ app_init ] --START--
INFO: Run Behavior\BuildLiteBehavior [ RunTime:0.000000s ]
INFO: [ app_init ] --END-- [ RunTime:0.001000s ]
ERR: 无法加载模块:Webapp

[ 2017-04-18T00:18:10+08:00 ] ::1 /PersonalGarden/webapp/css/docs.css.map
INFO: [ app_init ] --START--
INFO: Run Behavior\BuildLiteBehavior [ RunTime:0.000000s ]
INFO: [ app_init ] --END-- [ RunTime:0.002000s ]
ERR: 无法加载模块:Webapp

[ 2017-04-18T00:18:12+08:00 ] ::1 /PersonalGarden/webapp/css/docs.css.map
INFO: [ app_init ] --START--
INFO: Run Behavior\BuildLiteBehavior [ RunTime:0.000000s ]
INFO: [ app_init ] --END-- [ RunTime:0.001000s ]
ERR: 无法加载模块:Webapp

[ 2017-04-18T00:18:17+08:00 ] ::1 /PersonalGarden/webapp/css/docs.css.map
INFO: [ app_init ] --START--
INFO: Run Behavior\BuildLiteBehavior [ RunTime:0.000000s ]
INFO: [ app_init ] --END-- [ RunTime:0.001001s ]
ERR: 无法加载模块:Webapp

[ 2017-04-18T00:18:19+08:00 ] ::1 /PersonalGarden/webapp/css/docs.css.map
INFO: [ app_init ] --START--
INFO: Run Behavior\BuildLiteBehavior [ RunTime:0.000000s ]
INFO: [ app_init ] --END-- [ RunTime:0.001000s ]
ERR: 无法加载模块:Webapp

[ 2017-04-18T00:18:20+08:00 ] ::1 /PersonalGarden/webapp/css/docs.css.map
INFO: [ app_init ] --START--
INFO: Run Behavior\BuildLiteBehavior [ RunTime:0.000000s ]
INFO: [ app_init ] --END-- [ RunTime:0.001000s ]
ERR: 无法加载模块:Webapp

[ 2017-04-18T00:18:22+08:00 ] ::1 /PersonalGarden/webapp/css/docs.css.map
INFO: [ app_init ] --START--
INFO: Run Behavior\BuildLiteBehavior [ RunTime:0.000000s ]
INFO: [ app_init ] --END-- [ RunTime:0.001000s ]
ERR: 无法加载模块:Webapp

[ 2017-04-18T00:18:23+08:00 ] ::1 /PersonalGarden/webapp/css/docs.css.map
INFO: [ app_init ] --START--
INFO: Run Behavior\BuildLiteBehavior [ RunTime:0.000000s ]
INFO: [ app_init ] --END-- [ RunTime:0.001000s ]
ERR: 无法加载模块:Webapp

[ 2017-04-18T00:18:23+08:00 ] ::1 /PersonalGarden/webapp/css/docs.css.map
INFO: [ app_init ] --START--
INFO: Run Behavior\BuildLiteBehavior [ RunTime:0.000000s ]
INFO: [ app_init ] --END-- [ RunTime:0.001000s ]
ERR: 无法加载模块:Webapp

[ 2017-04-18T00:18:24+08:00 ] ::1 /PersonalGarden/webapp/css/docs.css.map
INFO: [ app_init ] --START--
INFO: Run Behavior\BuildLiteBehavior [ RunTime:0.000000s ]
INFO: [ app_init ] --END-- [ RunTime:0.001000s ]
ERR: 无法加载模块:Webapp

[ 2017-04-18T00:18:24+08:00 ] ::1 /PersonalGarden/webapp/css/docs.css.map
INFO: [ app_init ] --START--
INFO: Run Behavior\BuildLiteBehavior [ RunTime:0.000000s ]
INFO: [ app_init ] --END-- [ RunTime:0.001000s ]
ERR: 无法加载模块:Webapp

[ 2017-04-18T00:18:24+08:00 ] ::1 /PersonalGarden/webapp/css/docs.css.map
INFO: [ app_init ] --START--
INFO: Run Behavior\BuildLiteBehavior [ RunTime:0.000000s ]
INFO: [ app_init ] --END-- [ RunTime:0.001000s ]
ERR: 无法加载模块:Webapp

[ 2017-04-18T00:18:25+08:00 ] ::1 /PersonalGarden/webapp/css/docs.css.map
INFO: [ app_init ] --START--
INFO: Run Behavior\BuildLiteBehavior [ RunTime:0.000000s ]
INFO: [ app_init ] --END-- [ RunTime:0.001000s ]
ERR: 无法加载模块:Webapp

[ 2017-04-18T00:18:31+08:00 ] ::1 /PersonalGarden/webapp/css/docs.css.map
INFO: [ app_init ] --START--
INFO: Run Behavior\BuildLiteBehavior [ RunTime:0.000000s ]
INFO: [ app_init ] --END-- [ RunTime:0.001000s ]
ERR: 无法加载模块:Webapp

[ 2017-04-18T00:18:34+08:00 ] ::1 /PersonalGarden/webapp/css/docs.css.map
INFO: [ app_init ] --START--
INFO: Run Behavior\BuildLiteBehavior [ RunTime:0.000000s ]
INFO: [ app_init ] --END-- [ RunTime:0.002000s ]
ERR: 无法加载模块:Webapp

[ 2017-04-18T00:18:50+08:00 ] ::1 /PersonalGarden/webapp/css/docs.css.map
INFO: [ app_init ] --START--
INFO: Run Behavior\BuildLiteBehavior [ RunTime:0.000000s ]
INFO: [ app_init ] --END-- [ RunTime:0.001000s ]
ERR: 无法加载模块:Webapp

[ 2017-04-18T00:18:52+08:00 ] ::1 /PersonalGarden/webapp/css/docs.css.map
INFO: [ app_init ] --START--
INFO: Run Behavior\BuildLiteBehavior [ RunTime:0.000000s ]
INFO: [ app_init ] --END-- [ RunTime:0.003000s ]
ERR: 无法加载模块:Webapp

[ 2017-04-18T00:19:24+08:00 ] ::1 /PersonalGarden/webapp/css/docs.css.map
INFO: [ app_init ] --START--
INFO: Run Behavior\BuildLiteBehavior [ RunTime:0.000000s ]
INFO: [ app_init ] --END-- [ RunTime:0.001000s ]
ERR: 无法加载模块:Webapp

[ 2017-04-18T00:19:50+08:00 ] ::1 /PersonalGarden/webapp/css/docs.css.map
INFO: [ app_init ] --START--
INFO: Run Behavior\BuildLiteBehavior [ RunTime:0.000000s ]
INFO: [ app_init ] --END-- [ RunTime:0.002000s ]
ERR: 无法加载模块:Webapp

[ 2017-04-18T00:21:23+08:00 ] ::1 /PersonalGarden/webapp/css/docs.css.map
INFO: [ app_init ] --START--
INFO: Run Behavior\BuildLiteBehavior [ RunTime:0.000000s ]
INFO: [ app_init ] --END-- [ RunTime:0.001000s ]
ERR: 无法加载模块:Webapp

[ 2017-04-18T00:21:30+08:00 ] ::1 /PersonalGarden/webapp/css/docs.css.map
INFO: [ app_init ] --START--
INFO: Run Behavior\BuildLiteBehavior [ RunTime:0.000000s ]
INFO: [ app_init ] --END-- [ RunTime:0.001000s ]
ERR: 无法加载模块:Webapp

[ 2017-04-18T00:21:49+08:00 ] ::1 /PersonalGarden/webapp/css/docs.css.map
INFO: [ app_init ] --START--
INFO: Run Behavior\BuildLiteBehavior [ RunTime:0.000000s ]
INFO: [ app_init ] --END-- [ RunTime:0.001000s ]
ERR: 无法加载模块:Webapp

[ 2017-04-18T00:21:52+08:00 ] ::1 /PersonalGarden/webapp/css/docs.css.map
INFO: [ app_init ] --START--
INFO: Run Behavior\BuildLiteBehavior [ RunTime:0.000000s ]
INFO: [ app_init ] --END-- [ RunTime:0.001000s ]
ERR: 无法加载模块:Webapp

[ 2017-04-18T00:22:18+08:00 ] ::1 /PersonalGarden/webapp/css/docs.css.map
INFO: [ app_init ] --START--
INFO: Run Behavior\BuildLiteBehavior [ RunTime:0.000000s ]
INFO: [ app_init ] --END-- [ RunTime:0.001000s ]
ERR: 无法加载模块:Webapp

[ 2017-04-18T00:23:36+08:00 ] ::1 /PersonalGarden/webapp/css/docs.css.map
INFO: [ app_init ] --START--
INFO: Run Behavior\BuildLiteBehavior [ RunTime:0.000000s ]
INFO: [ app_init ] --END-- [ RunTime:0.001000s ]
ERR: 无法加载模块:Webapp

[ 2017-04-18T00:23:39+08:00 ] ::1 /PersonalGarden/webapp/css/docs.css.map
INFO: [ app_init ] --START--
INFO: Run Behavior\BuildLiteBehavior [ RunTime:0.000000s ]
INFO: [ app_init ] --END-- [ RunTime:0.001000s ]
ERR: 无法加载模块:Webapp

[ 2017-04-18T00:23:43+08:00 ] ::1 /PersonalGarden/webapp/css/docs.css.map
INFO: [ app_init ] --START--
INFO: Run Behavior\BuildLiteBehavior [ RunTime:0.000000s ]
INFO: [ app_init ] --END-- [ RunTime:0.001000s ]
ERR: 无法加载模块:Webapp

[ 2017-04-18T00:23:45+08:00 ] ::1 /PersonalGarden/webapp/css/docs.css.map
INFO: [ app_init ] --START--
INFO: Run Behavior\BuildLiteBehavior [ RunTime:0.000000s ]
INFO: [ app_init ] --END-- [ RunTime:0.001000s ]
ERR: 无法加载模块:Webapp

[ 2017-04-18T00:23:47+08:00 ] ::1 /PersonalGarden/webapp/css/docs.css.map
INFO: [ app_init ] --START--
INFO: Run Behavior\BuildLiteBehavior [ RunTime:0.000000s ]
INFO: [ app_init ] --END-- [ RunTime:0.000000s ]
ERR: 无法加载模块:Webapp

[ 2017-04-18T00:23:49+08:00 ] ::1 /PersonalGarden/webapp/css/docs.css.map
INFO: [ app_init ] --START--
INFO: Run Behavior\BuildLiteBehavior [ RunTime:0.000000s ]
INFO: [ app_init ] --END-- [ RunTime:0.002000s ]
ERR: 无法加载模块:Webapp

[ 2017-04-18T00:24:14+08:00 ] ::1 /PersonalGarden/webapp/css/docs.css.map
INFO: [ app_init ] --START--
INFO: Run Behavior\BuildLiteBehavior [ RunTime:0.000000s ]
INFO: [ app_init ] --END-- [ RunTime:0.001000s ]
ERR: 无法加载模块:Webapp

[ 2017-04-18T00:28:28+08:00 ] ::1 /PersonalGarden/webapp/css/docs.css.map
INFO: [ app_init ] --START--
INFO: Run Behavior\BuildLiteBehavior [ RunTime:0.000000s ]
INFO: [ app_init ] --END-- [ RunTime:0.002000s ]
ERR: 无法加载模块:Webapp

[ 2017-04-18T00:29:24+08:00 ] ::1 /PersonalGarden/webapp/css/docs.css.map
INFO: [ app_init ] --START--
INFO: Run Behavior\BuildLiteBehavior [ RunTime:0.000000s ]
INFO: [ app_init ] --END-- [ RunTime:0.001000s ]
ERR: 无法加载模块:Webapp

[ 2017-04-18T00:30:05+08:00 ] ::1 /PersonalGarden/webapp/css/docs.css.map
INFO: [ app_init ] --START--
INFO: Run Behavior\BuildLiteBehavior [ RunTime:0.000000s ]
INFO: [ app_init ] --END-- [ RunTime:0.002001s ]
ERR: 无法加载模块:Webapp

[ 2017-04-18T00:30:18+08:00 ] ::1 /PersonalGarden/webapp/css/docs.css.map
INFO: [ app_init ] --START--
INFO: Run Behavior\BuildLiteBehavior [ RunTime:0.000000s ]
INFO: [ app_init ] --END-- [ RunTime:0.002000s ]
ERR: 无法加载模块:Webapp

