[ 2017-04-29T15:27:43+08:00 ] ::1 /PersonalGarden/garden/public/soil/update_goods.html?id=17&item_id=10010&name=%E6%A2%B5%E8%92%82%E5%86%88&desc=%E5%88%86vtrty%E5%8F%91%E7%9A%84&amount=10&price=18&_=1493450863160
INFO: [ app_init ] --START--
INFO: Run Behavior\BuildLiteBehavior [ RunTime:0.000000s ]
INFO: [ app_init ] --END-- [ RunTime:0.000000s ]
ERR: 无法加载模块:Garden

[ 2017-04-29T15:32:00+08:00 ] ::1 /PersonalGarden/garden/public/soil/update_goods.html?id=17&item_id=10010&name=%E6%A2%B5%E8%92%82%E5%86%88&desc=%E5%88%86vtrty%E5%8F%91%E7%9A%84&amount=10&price=18&_=1493451120475
INFO: [ app_init ] --START--
INFO: Run Behavior\BuildLiteBehavior [ RunTime:0.000000s ]
INFO: [ app_init ] --END-- [ RunTime:0.000000s ]
ERR: 无法加载模块:Garden

[ 2017-04-29T15:36:09+08:00 ] ::1 /PersonalGarden/garden/public/soil/update_goods.html?id=17&item_id=10010&name=%E6%A2%B5%E8%92%82%E5%86%88&desc=%E5%88%86vtrty%E5%8F%91%E7%9A%84&amount=10&price=18&_=1493451369202
INFO: [ app_init ] --START--
INFO: Run Behavior\BuildLiteBehavior [ RunTime:0.000000s ]
INFO: [ app_init ] --END-- [ RunTime:0.001000s ]
ERR: 无法加载模块:Garden

[ 2017-04-29T16:00:50+08:00 ] ::1 /PersonalGarden/webapp/css/docs.css.map
INFO: [ app_init ] --START--
INFO: Run Behavior\BuildLiteBehavior [ RunTime:0.000000s ]
INFO: [ app_init ] --END-- [ RunTime:0.000000s ]
ERR: 无法加载模块:Webapp

[ 2017-04-29T16:01:30+08:00 ] ::1 /PersonalGarden/webapp/css/docs.css.map
INFO: [ app_init ] --START--
INFO: Run Behavior\BuildLiteBehavior [ RunTime:0.000000s ]
INFO: [ app_init ] --END-- [ RunTime:0.001000s ]
ERR: 无法加载模块:Webapp

[ 2017-04-29T16:01:47+08:00 ] ::1 /PersonalGarden/webapp/css/docs.css.map
INFO: [ app_init ] --START--
INFO: Run Behavior\BuildLiteBehavior [ RunTime:0.000000s ]
INFO: [ app_init ] --END-- [ RunTime:0.001000s ]
ERR: 无法加载模块:Webapp

[ 2017-04-29T16:02:48+08:00 ] ::1 /PersonalGarden/webapp/css/docs.css.map
INFO: [ app_init ] --START--
INFO: Run Behavior\BuildLiteBehavior [ RunTime:0.000000s ]
INFO: [ app_init ] --END-- [ RunTime:0.001000s ]
ERR: 无法加载模块:Webapp

[ 2017-04-29T16:02:53+08:00 ] ::1 /PersonalGarden/webapp/css/docs.css.map
INFO: [ app_init ] --START--
INFO: Run Behavior\BuildLiteBehavior [ RunTime:0.000000s ]
INFO: [ app_init ] --END-- [ RunTime:0.001000s ]
ERR: 无法加载模块:Webapp

[ 2017-04-29T16:25:40+08:00 ] ::1 /PersonalGarden/index.php/Goods/my_sale/id/null?_=1493454340204
INFO: [ app_init ] --START--
INFO: Run Behavior\BuildLiteBehavior [ RunTime:0.000000s ]
INFO: [ app_init ] --END-- [ RunTime:0.002000s ]
ERR: 无法加载模块:Goods

[ 2017-04-29T16:28:52+08:00 ] ::1 /PersonalGarden/index.php/Goods/my_sale/id/?_=1493454532827
INFO: [ app_init ] --START--
INFO: Run Behavior\BuildLiteBehavior [ RunTime:0.000000s ]
INFO: [ app_init ] --END-- [ RunTime:0.000000s ]
ERR: 无法加载模块:Goods

[ 2017-04-29T16:29:21+08:00 ] ::1 /PersonalGarden/index.php/Goods/my_sale/id/?_=1493454561673
INFO: [ app_init ] --START--
INFO: Run Behavior\BuildLiteBehavior [ RunTime:0.000000s ]
INFO: [ app_init ] --END-- [ RunTime:0.001000s ]
ERR: 无法加载模块:Goods

[ 2017-04-29T16:30:47+08:00 ] ::1 /PersonalGarden/index.php/Goods/my_sale/id/1?_=1493454647344
INFO: [ app_init ] --START--
INFO: Run Behavior\BuildLiteBehavior [ RunTime:0.000000s ]
INFO: [ app_init ] --END-- [ RunTime:0.002001s ]
ERR: 无法加载模块:Goods

[ 2017-04-29T16:31:16+08:00 ] ::1 /PersonalGarden/index.php/Goods/my_sale/id/1?_=1493454647344
INFO: [ app_init ] --START--
INFO: Run Behavior\BuildLiteBehavior [ RunTime:0.001000s ]
INFO: [ app_init ] --END-- [ RunTime:0.001000s ]
ERR: 无法加载模块:Goods

