[ 2017-04-06T14:48:06+08:00 ] ::1 /PersonalGarden/webapp/css/docs.css.map
INFO: [ app_init ] --START--
INFO: Run Behavior\BuildLiteBehavior [ RunTime:0.000000s ]
INFO: [ app_init ] --END-- [ RunTime:0.000000s ]
ERR: 无法加载模块:Webapp

[ 2017-04-06T14:56:58+08:00 ] ::1 /PersonalGarden/webapp/css/docs.css.map
INFO: [ app_init ] --START--
INFO: Run Behavior\BuildLiteBehavior [ RunTime:0.000000s ]
INFO: [ app_init ] --END-- [ RunTime:0.001000s ]
ERR: 无法加载模块:Webapp

[ 2017-04-06T14:57:41+08:00 ] ::1 /PersonalGarden/webapp/css/docs.css.map
INFO: [ app_init ] --START--
INFO: Run Behavior\BuildLiteBehavior [ RunTime:0.000000s ]
INFO: [ app_init ] --END-- [ RunTime:0.001000s ]
ERR: 无法加载模块:Webapp

[ 2017-04-06T14:58:18+08:00 ] ::1 /PersonalGarden/webapp/css/docs.css.map
INFO: [ app_init ] --START--
INFO: Run Behavior\BuildLiteBehavior [ RunTime:0.000000s ]
INFO: [ app_init ] --END-- [ RunTime:0.001000s ]
ERR: 无法加载模块:Webapp

[ 2017-04-06T14:59:00+08:00 ] ::1 /PersonalGarden/webapp/css/docs.css.map
INFO: [ app_init ] --START--
INFO: Run Behavior\BuildLiteBehavior [ RunTime:0.000000s ]
INFO: [ app_init ] --END-- [ RunTime:0.002500s ]
ERR: 无法加载模块:Webapp

[ 2017-04-06T14:59:03+08:00 ] ::1 /PersonalGarden/webapp/css/docs.css.map
INFO: [ app_init ] --START--
INFO: Run Behavior\BuildLiteBehavior [ RunTime:0.000000s ]
INFO: [ app_init ] --END-- [ RunTime:0.009000s ]
ERR: 无法加载模块:Webapp

[ 2017-04-06T15:00:00+08:00 ] ::1 /PersonalGarden/webapp/css/docs.css.map
INFO: [ app_init ] --START--
INFO: Run Behavior\BuildLiteBehavior [ RunTime:0.001000s ]
INFO: [ app_init ] --END-- [ RunTime:0.002000s ]
ERR: 无法加载模块:Webapp

[ 2017-04-06T15:01:49+08:00 ] ::1 /PersonalGarden/webapp/css/docs.css.map
INFO: [ app_init ] --START--
INFO: Run Behavior\BuildLiteBehavior [ RunTime:0.000000s ]
INFO: [ app_init ] --END-- [ RunTime:0.002000s ]
ERR: 无法加载模块:Webapp

[ 2017-04-06T15:06:20+08:00 ] ::1 /PersonalGarden/webapp/css/docs.css.map
INFO: [ app_init ] --START--
INFO: Run Behavior\BuildLiteBehavior [ RunTime:0.000000s ]
INFO: [ app_init ] --END-- [ RunTime:0.001000s ]
ERR: 无法加载模块:Webapp

[ 2017-04-06T15:06:33+08:00 ] ::1 /PersonalGarden/webapp/css/docs.css.map
INFO: [ app_init ] --START--
INFO: Run Behavior\BuildLiteBehavior [ RunTime:0.000000s ]
INFO: [ app_init ] --END-- [ RunTime:0.000000s ]
ERR: 无法加载模块:Webapp

[ 2017-04-06T15:06:42+08:00 ] ::1 /PersonalGarden/webapp/css/docs.css.map
INFO: [ app_init ] --START--
INFO: Run Behavior\BuildLiteBehavior [ RunTime:0.000000s ]
INFO: [ app_init ] --END-- [ RunTime:0.002500s ]
ERR: 无法加载模块:Webapp

[ 2017-04-06T15:09:06+08:00 ] ::1 /PersonalGarden/webapp/pages/HomePag
INFO: [ app_init ] --START--
INFO: Run Behavior\BuildLiteBehavior [ RunTime:0.000000s ]
INFO: [ app_init ] --END-- [ RunTime:0.001000s ]
ERR: 无法加载模块:Webapp

[ 2017-04-06T15:09:09+08:00 ] ::1 /PersonalGarden/webapp/css/docs.css.map
INFO: [ app_init ] --START--
INFO: Run Behavior\BuildLiteBehavior [ RunTime:0.000000s ]
INFO: [ app_init ] --END-- [ RunTime:0.001000s ]
ERR: 无法加载模块:Webapp

[ 2017-04-06T15:09:19+08:00 ] ::1 /PersonalGarden/webapp/css/docs.css.map
INFO: [ app_init ] --START--
INFO: Run Behavior\BuildLiteBehavior [ RunTime:0.000000s ]
INFO: [ app_init ] --END-- [ RunTime:0.001000s ]
ERR: 无法加载模块:Webapp

[ 2017-04-06T15:12:13+08:00 ] ::1 /PersonalGarden/webapp/css/docs.css.map
INFO: [ app_init ] --START--
INFO: Run Behavior\BuildLiteBehavior [ RunTime:0.000000s ]
INFO: [ app_init ] --END-- [ RunTime:0.002000s ]
ERR: 无法加载模块:Webapp

[ 2017-04-06T15:13:01+08:00 ] ::1 /PersonalGarden/webapp/css/docs.css.map
INFO: [ app_init ] --START--
INFO: Run Behavior\BuildLiteBehavior [ RunTime:0.000000s ]
INFO: [ app_init ] --END-- [ RunTime:0.002500s ]
ERR: 无法加载模块:Webapp

[ 2017-04-06T15:13:48+08:00 ] ::1 /PersonalGarden/webapp/css/docs.css.map
INFO: [ app_init ] --START--
INFO: Run Behavior\BuildLiteBehavior [ RunTime:0.000000s ]
INFO: [ app_init ] --END-- [ RunTime:0.002000s ]
ERR: 无法加载模块:Webapp

[ 2017-04-06T15:14:26+08:00 ] ::1 /PersonalGarden/webapp/css/docs.css.map
INFO: [ app_init ] --START--
INFO: Run Behavior\BuildLiteBehavior [ RunTime:0.000000s ]
INFO: [ app_init ] --END-- [ RunTime:0.000000s ]
ERR: 无法加载模块:Webapp

[ 2017-04-06T15:14:36+08:00 ] ::1 /PersonalGarden/webapp/css/docs.css.map
INFO: [ app_init ] --START--
INFO: Run Behavior\BuildLiteBehavior [ RunTime:0.000000s ]
INFO: [ app_init ] --END-- [ RunTime:0.000000s ]
ERR: 无法加载模块:Webapp

[ 2017-04-06T15:14:44+08:00 ] ::1 /PersonalGarden/webapp/css/docs.css.map
INFO: [ app_init ] --START--
INFO: Run Behavior\BuildLiteBehavior [ RunTime:0.000000s ]
INFO: [ app_init ] --END-- [ RunTime:0.001000s ]
ERR: 无法加载模块:Webapp

[ 2017-04-06T15:15:51+08:00 ] ::1 /PersonalGarden/webapp/css/docs.css.map
INFO: [ app_init ] --START--
INFO: Run Behavior\BuildLiteBehavior [ RunTime:0.000000s ]
INFO: [ app_init ] --END-- [ RunTime:0.002000s ]
ERR: 无法加载模块:Webapp

[ 2017-04-06T15:16:14+08:00 ] ::1 /PersonalGarden/webapp/css/docs.css.map
INFO: [ app_init ] --START--
INFO: Run Behavior\BuildLiteBehavior [ RunTime:0.000000s ]
INFO: [ app_init ] --END-- [ RunTime:0.002000s ]
ERR: 无法加载模块:Webapp

[ 2017-04-06T15:16:47+08:00 ] ::1 /PersonalGarden/webapp/css/docs.css.map
INFO: [ app_init ] --START--
INFO: Run Behavior\BuildLiteBehavior [ RunTime:0.000000s ]
INFO: [ app_init ] --END-- [ RunTime:0.001000s ]
ERR: 无法加载模块:Webapp

[ 2017-04-06T15:17:13+08:00 ] ::1 /PersonalGarden/webapp/css/docs.css.map
INFO: [ app_init ] --START--
INFO: Run Behavior\BuildLiteBehavior [ RunTime:0.000000s ]
INFO: [ app_init ] --END-- [ RunTime:0.001000s ]
ERR: 无法加载模块:Webapp

[ 2017-04-06T15:17:29+08:00 ] ::1 /PersonalGarden/webapp/css/docs.css.map
INFO: [ app_init ] --START--
INFO: Run Behavior\BuildLiteBehavior [ RunTime:0.000000s ]
INFO: [ app_init ] --END-- [ RunTime:0.002000s ]
ERR: 无法加载模块:Webapp

[ 2017-04-06T15:17:34+08:00 ] ::1 /PersonalGarden/webapp/css/docs.css.map
INFO: [ app_init ] --START--
INFO: Run Behavior\BuildLiteBehavior [ RunTime:0.000000s ]
INFO: [ app_init ] --END-- [ RunTime:0.002500s ]
ERR: 无法加载模块:Webapp

[ 2017-04-06T15:18:20+08:00 ] ::1 /PersonalGarden/webapp/css/docs.css.map
INFO: [ app_init ] --START--
INFO: Run Behavior\BuildLiteBehavior [ RunTime:0.000000s ]
INFO: [ app_init ] --END-- [ RunTime:0.002000s ]
ERR: 无法加载模块:Webapp

[ 2017-04-06T15:18:48+08:00 ] ::1 /PersonalGarden/webapp/css/docs.css.map
INFO: [ app_init ] --START--
INFO: Run Behavior\BuildLiteBehavior [ RunTime:0.000000s ]
INFO: [ app_init ] --END-- [ RunTime:0.001000s ]
ERR: 无法加载模块:Webapp

[ 2017-04-06T15:19:33+08:00 ] ::1 /PersonalGarden/webapp/css/docs.css.map
INFO: [ app_init ] --START--
INFO: Run Behavior\BuildLiteBehavior [ RunTime:0.000000s ]
INFO: [ app_init ] --END-- [ RunTime:0.001000s ]
ERR: 无法加载模块:Webapp

[ 2017-04-06T15:20:28+08:00 ] ::1 /PersonalGarden/webapp/css/docs.css.map
INFO: [ app_init ] --START--
INFO: Run Behavior\BuildLiteBehavior [ RunTime:0.000000s ]
INFO: [ app_init ] --END-- [ RunTime:0.001000s ]
ERR: 无法加载模块:Webapp

[ 2017-04-06T15:21:55+08:00 ] ::1 /PersonalGarden/webapp/css/docs.css.map
INFO: [ app_init ] --START--
INFO: Run Behavior\BuildLiteBehavior [ RunTime:0.000000s ]
INFO: [ app_init ] --END-- [ RunTime:0.002000s ]
ERR: 无法加载模块:Webapp

[ 2017-04-06T15:22:57+08:00 ] ::1 /PersonalGarden/webapp/css/docs.css.map
INFO: [ app_init ] --START--
INFO: Run Behavior\BuildLiteBehavior [ RunTime:0.000000s ]
INFO: [ app_init ] --END-- [ RunTime:0.001000s ]
ERR: 无法加载模块:Webapp

[ 2017-04-06T15:24:40+08:00 ] ::1 /PersonalGarden/webapp/css/docs.css.map
INFO: [ app_init ] --START--
INFO: Run Behavior\BuildLiteBehavior [ RunTime:0.000000s ]
INFO: [ app_init ] --END-- [ RunTime:0.002500s ]
ERR: 无法加载模块:Webapp

[ 2017-04-06T15:26:36+08:00 ] ::1 /PersonalGarden/webapp/css/docs.css.map
INFO: [ app_init ] --START--
INFO: Run Behavior\BuildLiteBehavior [ RunTime:0.000000s ]
INFO: [ app_init ] --END-- [ RunTime:0.001000s ]
ERR: 无法加载模块:Webapp

[ 2017-04-06T15:27:00+08:00 ] ::1 /PersonalGarden/webapp/css/docs.css.map
INFO: [ app_init ] --START--
INFO: Run Behavior\BuildLiteBehavior [ RunTime:0.000000s ]
INFO: [ app_init ] --END-- [ RunTime:0.001000s ]
ERR: 无法加载模块:Webapp

[ 2017-04-06T15:27:12+08:00 ] ::1 /PersonalGarden/webapp/css/docs.css.map
INFO: [ app_init ] --START--
INFO: Run Behavior\BuildLiteBehavior [ RunTime:0.000000s ]
INFO: [ app_init ] --END-- [ RunTime:0.001001s ]
ERR: 无法加载模块:Webapp

[ 2017-04-06T15:28:51+08:00 ] ::1 /PersonalGarden/webapp/css/docs.css.map
INFO: [ app_init ] --START--
INFO: Run Behavior\BuildLiteBehavior [ RunTime:0.000000s ]
INFO: [ app_init ] --END-- [ RunTime:0.001000s ]
ERR: 无法加载模块:Webapp

[ 2017-04-06T15:30:00+08:00 ] ::1 /PersonalGarden/webapp/css/docs.css.map
INFO: [ app_init ] --START--
INFO: Run Behavior\BuildLiteBehavior [ RunTime:0.000000s ]
INFO: [ app_init ] --END-- [ RunTime:0.002500s ]
ERR: 无法加载模块:Webapp

[ 2017-04-06T15:30:40+08:00 ] ::1 /PersonalGarden/webapp/css/docs.css.map
INFO: [ app_init ] --START--
INFO: Run Behavior\BuildLiteBehavior [ RunTime:0.000000s ]
INFO: [ app_init ] --END-- [ RunTime:0.002000s ]
ERR: 无法加载模块:Webapp

[ 2017-04-06T15:30:44+08:00 ] ::1 /PersonalGarden/webapp/css/docs.css.map
INFO: [ app_init ] --START--
INFO: Run Behavior\BuildLiteBehavior [ RunTime:0.000000s ]
INFO: [ app_init ] --END-- [ RunTime:0.001000s ]
ERR: 无法加载模块:Webapp

[ 2017-04-06T15:30:47+08:00 ] ::1 /PersonalGarden/webapp/css/docs.css.map
INFO: [ app_init ] --START--
INFO: Run Behavior\BuildLiteBehavior [ RunTime:0.000000s ]
INFO: [ app_init ] --END-- [ RunTime:0.000000s ]
ERR: 无法加载模块:Webapp

[ 2017-04-06T15:30:50+08:00 ] ::1 /PersonalGarden/webapp/css/docs.css.map
INFO: [ app_init ] --START--
INFO: Run Behavior\BuildLiteBehavior [ RunTime:0.000000s ]
INFO: [ app_init ] --END-- [ RunTime:0.002000s ]
ERR: 无法加载模块:Webapp

[ 2017-04-06T15:30:53+08:00 ] ::1 /PersonalGarden/webapp/css/docs.css.map
INFO: [ app_init ] --START--
INFO: Run Behavior\BuildLiteBehavior [ RunTime:0.000000s ]
INFO: [ app_init ] --END-- [ RunTime:0.000000s ]
ERR: 无法加载模块:Webapp

[ 2017-04-06T15:38:42+08:00 ] ::1 /PersonalGarden/webapp/css/docs.css.map
INFO: [ app_init ] --START--
INFO: Run Behavior\BuildLiteBehavior [ RunTime:0.000000s ]
INFO: [ app_init ] --END-- [ RunTime:0.001000s ]
ERR: 无法加载模块:Webapp

[ 2017-04-06T15:39:52+08:00 ] ::1 /PersonalGarden/webapp/css/docs.css.map
INFO: [ app_init ] --START--
INFO: Run Behavior\BuildLiteBehavior [ RunTime:0.000000s ]
INFO: [ app_init ] --END-- [ RunTime:0.002000s ]
ERR: 无法加载模块:Webapp

[ 2017-04-06T15:40:15+08:00 ] ::1 /PersonalGarden/webapp/css/docs.css.map
INFO: [ app_init ] --START--
INFO: Run Behavior\BuildLiteBehavior [ RunTime:0.000000s ]
INFO: [ app_init ] --END-- [ RunTime:0.002000s ]
ERR: 无法加载模块:Webapp

[ 2017-04-06T15:40:28+08:00 ] ::1 /PersonalGarden/webapp/css/docs.css.map
INFO: [ app_init ] --START--
INFO: Run Behavior\BuildLiteBehavior [ RunTime:0.000000s ]
INFO: [ app_init ] --END-- [ RunTime:0.001000s ]
ERR: 无法加载模块:Webapp

[ 2017-04-06T15:44:52+08:00 ] ::1 /PersonalGarden/webapp/css/docs.css.map
INFO: [ app_init ] --START--
INFO: Run Behavior\BuildLiteBehavior [ RunTime:0.001001s ]
INFO: [ app_init ] --END-- [ RunTime:0.001001s ]
ERR: 无法加载模块:Webapp

[ 2017-04-06T15:45:29+08:00 ] ::1 /PersonalGarden/webapp/css/docs.css.map
INFO: [ app_init ] --START--
INFO: Run Behavior\BuildLiteBehavior [ RunTime:0.000000s ]
INFO: [ app_init ] --END-- [ RunTime:0.001000s ]
ERR: 无法加载模块:Webapp

[ 2017-04-06T15:45:49+08:00 ] ::1 /PersonalGarden/webapp/css/docs.css.map
INFO: [ app_init ] --START--
INFO: Run Behavior\BuildLiteBehavior [ RunTime:0.000000s ]
INFO: [ app_init ] --END-- [ RunTime:0.004000s ]
ERR: 无法加载模块:Webapp

[ 2017-04-06T15:46:21+08:00 ] ::1 /PersonalGarden/webapp/css/docs.css.map
INFO: [ app_init ] --START--
INFO: Run Behavior\BuildLiteBehavior [ RunTime:0.000000s ]
INFO: [ app_init ] --END-- [ RunTime:0.003000s ]
ERR: 无法加载模块:Webapp

[ 2017-04-06T15:49:37+08:00 ] ::1 /PersonalGarden/webapp/css/docs.css.map
INFO: [ app_init ] --START--
INFO: Run Behavior\BuildLiteBehavior [ RunTime:0.000000s ]
INFO: [ app_init ] --END-- [ RunTime:0.004000s ]
ERR: 无法加载模块:Webapp

[ 2017-04-06T15:49:38+08:00 ] ::1 /PersonalGarden/webapp/css/docs.css.map
INFO: [ app_init ] --START--
INFO: Run Behavior\BuildLiteBehavior [ RunTime:0.000000s ]
INFO: [ app_init ] --END-- [ RunTime:0.001000s ]
ERR: 无法加载模块:Webapp

[ 2017-04-06T15:50:25+08:00 ] ::1 /PersonalGarden/webapp/css/docs.css.map
INFO: [ app_init ] --START--
INFO: Run Behavior\BuildLiteBehavior [ RunTime:0.000000s ]
INFO: [ app_init ] --END-- [ RunTime:0.002000s ]
ERR: 无法加载模块:Webapp

