[ 2017-02-28T10:51:10+08:00 ] ::1 /PersonalGarden/index.php/Public/Uploads/2017-02-28/58b4d513bc709.gif
INFO: [ app_init ] --START--
INFO: Run Behavior\BuildLiteBehavior [ RunTime:0.000000s ]
INFO: [ app_init ] --END-- [ RunTime:0.001000s ]
ERR: 无法加载模块:Public

[ 2017-02-28T10:51:10+08:00 ] ::1 /PersonalGarden/index.php/Public/Uploads/2017-02-28/58b4d513bc709.gif
INFO: [ app_init ] --START--
INFO: Run Behavior\BuildLiteBehavior [ RunTime:0.001000s ]
INFO: [ app_init ] --END-- [ RunTime:0.002000s ]
ERR: 无法加载模块:Public

[ 2017-02-28T10:51:10+08:00 ] ::1 /PersonalGarden/index.php/Public/Uploads/2017-02-28/58b4d513bc709.gif
INFO: [ app_init ] --START--
INFO: Run Behavior\BuildLiteBehavior [ RunTime:0.000000s ]
INFO: [ app_init ] --END-- [ RunTime:0.005001s ]
ERR: 无法加载模块:Public

[ 2017-02-28T10:51:30+08:00 ] ::1 /PersonalGarden/index.php/Public/Uploads/2017-02-28/58b4d513bc709.gif
INFO: [ app_init ] --START--
INFO: Run Behavior\BuildLiteBehavior [ RunTime:0.000000s ]
INFO: [ app_init ] --END-- [ RunTime:0.001000s ]
ERR: 无法加载模块:Public

