[ 2017-04-05T22:42:11+08:00 ] ::1 /PersonalGarden/webapp/css/bootstrap.css.map
INFO: [ app_init ] --START--
INFO: Run Behavior\BuildLiteBehavior [ RunTime:0.000000s ]
INFO: [ app_init ] --END-- [ RunTime:0.001000s ]
ERR: 无法加载模块:Webapp

[ 2017-04-05T22:42:11+08:00 ] ::1 /PersonalGarden/webapp/js/jquery.min.map
INFO: [ app_init ] --START--
INFO: Run Behavior\BuildLiteBehavior [ RunTime:0.000000s ]
INFO: [ app_init ] --END-- [ RunTime:0.001000s ]
ERR: 无法加载模块:Webapp

[ 2017-04-05T22:42:33+08:00 ] ::1 /PersonalGarden/webapp/js/jquery.min.map
INFO: [ app_init ] --START--
INFO: Run Behavior\BuildLiteBehavior [ RunTime:0.000000s ]
INFO: [ app_init ] --END-- [ RunTime:0.001000s ]
ERR: 无法加载模块:Webapp

[ 2017-04-05T22:42:33+08:00 ] ::1 /PersonalGarden/webapp/css/bootstrap.css.map
INFO: [ app_init ] --START--
INFO: Run Behavior\BuildLiteBehavior [ RunTime:0.000000s ]
INFO: [ app_init ] --END-- [ RunTime:0.002000s ]
ERR: 无法加载模块:Webapp

[ 2017-04-05T22:43:23+08:00 ] ::1 /PersonalGarden/webapp/js/jquery.min.map
INFO: [ app_init ] --START--
INFO: Run Behavior\BuildLiteBehavior [ RunTime:0.000000s ]
INFO: [ app_init ] --END-- [ RunTime:0.001000s ]
ERR: 无法加载模块:Webapp

[ 2017-04-05T22:43:23+08:00 ] ::1 /PersonalGarden/webapp/css/bootstrap.css.map
INFO: [ app_init ] --START--
INFO: Run Behavior\BuildLiteBehavior [ RunTime:0.000000s ]
INFO: [ app_init ] --END-- [ RunTime:0.001000s ]
ERR: 无法加载模块:Webapp

[ 2017-04-05T22:46:01+08:00 ] ::1 /PersonalGarden/webapp/css/bootstrap.css.map
INFO: [ app_init ] --START--
INFO: Run Behavior\BuildLiteBehavior [ RunTime:0.000000s ]
INFO: [ app_init ] --END-- [ RunTime:0.001000s ]
ERR: 无法加载模块:Webapp

[ 2017-04-05T22:46:01+08:00 ] ::1 /PersonalGarden/webapp/js/jquery.min.map
INFO: [ app_init ] --START--
INFO: Run Behavior\BuildLiteBehavior [ RunTime:0.000000s ]
INFO: [ app_init ] --END-- [ RunTime:0.001000s ]
ERR: 无法加载模块:Webapp

[ 2017-04-05T22:54:38+08:00 ] ::1 /PersonalGarden/webapp/pages/HomePage/img/04.jpg
INFO: [ app_init ] --START--
INFO: Run Behavior\BuildLiteBehavior [ RunTime:0.000000s ]
INFO: [ app_init ] --END-- [ RunTime:0.001000s ]
ERR: 无法加载模块:Webapp

[ 2017-04-05T22:54:38+08:00 ] ::1 /PersonalGarden/webapp/pages/HomePage/img/a.png
INFO: [ app_init ] --START--
INFO: Run Behavior\BuildLiteBehavior [ RunTime:0.000000s ]
INFO: [ app_init ] --END-- [ RunTime:0.001000s ]
ERR: 无法加载模块:Webapp

[ 2017-04-05T22:54:38+08:00 ] ::1 /PersonalGarden/webapp/pages/HomePage/img/5.png
INFO: [ app_init ] --START--
INFO: Run Behavior\BuildLiteBehavior [ RunTime:0.000000s ]
INFO: [ app_init ] --END-- [ RunTime:0.001000s ]
ERR: 无法加载模块:Webapp

[ 2017-04-05T22:54:38+08:00 ] ::1 /PersonalGarden/webapp/pages/HomePage/img/02.jpg
INFO: [ app_init ] --START--
INFO: Run Behavior\BuildLiteBehavior [ RunTime:0.000000s ]
INFO: [ app_init ] --END-- [ RunTime:0.002000s ]
ERR: 无法加载模块:Webapp

[ 2017-04-05T22:54:38+08:00 ] ::1 /PersonalGarden/webapp/pages/HomePage/img/03.jpg
INFO: [ app_init ] --START--
INFO: Run Behavior\BuildLiteBehavior [ RunTime:0.000000s ]
INFO: [ app_init ] --END-- [ RunTime:0.001001s ]
ERR: 无法加载模块:Webapp

[ 2017-04-05T22:54:38+08:00 ] ::1 /PersonalGarden/webapp/pages/HomePage/img/b.png
INFO: [ app_init ] --START--
INFO: Run Behavior\BuildLiteBehavior [ RunTime:0.000000s ]
INFO: [ app_init ] --END-- [ RunTime:0.001000s ]
ERR: 无法加载模块:Webapp

[ 2017-04-05T22:54:38+08:00 ] ::1 /PersonalGarden/webapp/pages/HomePage/img/c.png
INFO: [ app_init ] --START--
INFO: Run Behavior\BuildLiteBehavior [ RunTime:0.000000s ]
INFO: [ app_init ] --END-- [ RunTime:0.001000s ]
ERR: 无法加载模块:Webapp

[ 2017-04-05T22:54:38+08:00 ] ::1 /PersonalGarden/webapp/pages/HomePage/img/img1.jpg
INFO: [ app_init ] --START--
INFO: Run Behavior\BuildLiteBehavior [ RunTime:0.000000s ]
INFO: [ app_init ] --END-- [ RunTime:0.001000s ]
ERR: 无法加载模块:Webapp

[ 2017-04-05T22:54:38+08:00 ] ::1 /PersonalGarden/webapp/img/i5.jpg
INFO: [ app_init ] --START--
INFO: Run Behavior\BuildLiteBehavior [ RunTime:0.000000s ]
INFO: [ app_init ] --END-- [ RunTime:0.000000s ]
ERR: 无法加载模块:Webapp

[ 2017-04-05T22:54:40+08:00 ] ::1 /PersonalGarden/webapp/pages/HomePage/img/02.jpg?1491404079956
INFO: [ app_init ] --START--
INFO: Run Behavior\BuildLiteBehavior [ RunTime:0.000000s ]
INFO: [ app_init ] --END-- [ RunTime:0.000000s ]
ERR: 无法加载模块:Webapp

[ 2017-04-05T22:54:40+08:00 ] ::1 /PersonalGarden/webapp/pages/HomePage/img/04.jpg?1491404079957
INFO: [ app_init ] --START--
INFO: Run Behavior\BuildLiteBehavior [ RunTime:0.000000s ]
INFO: [ app_init ] --END-- [ RunTime:0.001000s ]
ERR: 无法加载模块:Webapp

[ 2017-04-05T22:54:40+08:00 ] ::1 /PersonalGarden/webapp/pages/HomePage/img/03.jpg?1491404079957
INFO: [ app_init ] --START--
INFO: Run Behavior\BuildLiteBehavior [ RunTime:0.000000s ]
INFO: [ app_init ] --END-- [ RunTime:0.001000s ]
ERR: 无法加载模块:Webapp

[ 2017-04-05T22:54:44+08:00 ] ::1 /PersonalGarden/webapp/pages/HomePage/img/03.jpg
INFO: [ app_init ] --START--
INFO: Run Behavior\BuildLiteBehavior [ RunTime:0.000000s ]
INFO: [ app_init ] --END-- [ RunTime:0.000000s ]
ERR: 无法加载模块:Webapp

[ 2017-04-05T22:54:44+08:00 ] ::1 /PersonalGarden/webapp/pages/HomePage/img/02.jpg
INFO: [ app_init ] --START--
INFO: Run Behavior\BuildLiteBehavior [ RunTime:0.000000s ]
INFO: [ app_init ] --END-- [ RunTime:0.002000s ]
ERR: 无法加载模块:Webapp

[ 2017-04-05T22:54:44+08:00 ] ::1 /PersonalGarden/webapp/pages/HomePage/img/04.jpg
INFO: [ app_init ] --START--
INFO: Run Behavior\BuildLiteBehavior [ RunTime:0.000000s ]
INFO: [ app_init ] --END-- [ RunTime:0.001000s ]
ERR: 无法加载模块:Webapp

[ 2017-04-05T22:54:44+08:00 ] ::1 /PersonalGarden/webapp/pages/HomePage/img/5.png
INFO: [ app_init ] --START--
INFO: Run Behavior\BuildLiteBehavior [ RunTime:0.000000s ]
INFO: [ app_init ] --END-- [ RunTime:0.001001s ]
ERR: 无法加载模块:Webapp

[ 2017-04-05T22:54:44+08:00 ] ::1 /PersonalGarden/webapp/pages/HomePage/img/a.png
INFO: [ app_init ] --START--
INFO: Run Behavior\BuildLiteBehavior [ RunTime:0.000000s ]
INFO: [ app_init ] --END-- [ RunTime:0.001000s ]
ERR: 无法加载模块:Webapp

[ 2017-04-05T22:54:44+08:00 ] ::1 /PersonalGarden/webapp/pages/HomePage/img/b.png
INFO: [ app_init ] --START--
INFO: Run Behavior\BuildLiteBehavior [ RunTime:0.000000s ]
INFO: [ app_init ] --END-- [ RunTime:0.002000s ]
ERR: 无法加载模块:Webapp

[ 2017-04-05T22:54:44+08:00 ] ::1 /PersonalGarden/webapp/pages/HomePage/img/img1.jpg
INFO: [ app_init ] --START--
INFO: Run Behavior\BuildLiteBehavior [ RunTime:0.000000s ]
INFO: [ app_init ] --END-- [ RunTime:0.000000s ]
ERR: 无法加载模块:Webapp

[ 2017-04-05T22:54:44+08:00 ] ::1 /PersonalGarden/webapp/pages/HomePage/img/04.jpg?1491404084367
INFO: [ app_init ] --START--
INFO: Run Behavior\BuildLiteBehavior [ RunTime:0.000000s ]
INFO: [ app_init ] --END-- [ RunTime:0.001000s ]
ERR: 无法加载模块:Webapp

[ 2017-04-05T22:54:44+08:00 ] ::1 /PersonalGarden/webapp/pages/HomePage/img/03.jpg?1491404084367
INFO: [ app_init ] --START--
INFO: Run Behavior\BuildLiteBehavior [ RunTime:0.000000s ]
INFO: [ app_init ] --END-- [ RunTime:0.001000s ]
ERR: 无法加载模块:Webapp

[ 2017-04-05T22:54:44+08:00 ] ::1 /PersonalGarden/webapp/pages/HomePage/img/c.png
INFO: [ app_init ] --START--
INFO: Run Behavior\BuildLiteBehavior [ RunTime:0.000000s ]
INFO: [ app_init ] --END-- [ RunTime:0.001000s ]
ERR: 无法加载模块:Webapp

[ 2017-04-05T22:54:44+08:00 ] ::1 /PersonalGarden/webapp/pages/HomePage/img/02.jpg?1491404084366
INFO: [ app_init ] --START--
INFO: Run Behavior\BuildLiteBehavior [ RunTime:0.000000s ]
INFO: [ app_init ] --END-- [ RunTime:0.001000s ]
ERR: 无法加载模块:Webapp

[ 2017-04-05T23:01:41+08:00 ] ::1 /PersonalGarden/foundation/css/docs.css.map
INFO: [ app_init ] --START--
INFO: Run Behavior\BuildLiteBehavior [ RunTime:0.000000s ]
INFO: [ app_init ] --END-- [ RunTime:0.001000s ]
ERR: 无法加载模块:Foundation

[ 2017-04-05T23:02:10+08:00 ] ::1 /PersonalGarden/foundation/css/docs.css.map
INFO: [ app_init ] --START--
INFO: Run Behavior\BuildLiteBehavior [ RunTime:0.000000s ]
INFO: [ app_init ] --END-- [ RunTime:0.001000s ]
ERR: 无法加载模块:Foundation

[ 2017-04-05T23:09:31+08:00 ] ::1 /PersonalGarden/foundation/css/bootstrap.css
INFO: [ app_init ] --START--
INFO: Run Behavior\BuildLiteBehavior [ RunTime:0.000000s ]
INFO: [ app_init ] --END-- [ RunTime:0.001000s ]
ERR: 无法加载模块:Foundation

[ 2017-04-05T23:09:32+08:00 ] ::1 /PersonalGarden/foundation/css/main.css
INFO: [ app_init ] --START--
INFO: Run Behavior\BuildLiteBehavior [ RunTime:0.000000s ]
INFO: [ app_init ] --END-- [ RunTime:0.001000s ]
ERR: 无法加载模块:Foundation

[ 2017-04-05T23:09:32+08:00 ] ::1 /PersonalGarden/foundation/js/jquery-2.1.1.min.js
INFO: [ app_init ] --START--
INFO: Run Behavior\BuildLiteBehavior [ RunTime:0.000000s ]
INFO: [ app_init ] --END-- [ RunTime:0.001001s ]
ERR: 无法加载模块:Foundation

[ 2017-04-05T23:09:32+08:00 ] ::1 /PersonalGarden/foundation/js/vendor/modernizr.min.js
INFO: [ app_init ] --START--
INFO: Run Behavior\BuildLiteBehavior [ RunTime:0.000000s ]
INFO: [ app_init ] --END-- [ RunTime:0.001000s ]
ERR: 无法加载模块:Foundation

[ 2017-04-05T23:09:32+08:00 ] ::1 /PersonalGarden/foundation/js/foundation-5.3.3.min.js
INFO: [ app_init ] --START--
INFO: Run Behavior\BuildLiteBehavior [ RunTime:0.000000s ]
INFO: [ app_init ] --END-- [ RunTime:0.001000s ]
ERR: 无法加载模块:Foundation

[ 2017-04-05T23:09:44+08:00 ] ::1 /PersonalGarden/foundation/pages/HomePage/js/vendor/what-input.js
INFO: [ app_init ] --START--
INFO: Run Behavior\BuildLiteBehavior [ RunTime:0.000000s ]
INFO: [ app_init ] --END-- [ RunTime:0.001001s ]
ERR: 无法加载模块:Foundation

[ 2017-04-05T23:09:44+08:00 ] ::1 /PersonalGarden/foundation/pages/HomePage/js/vendor/jquery.js
INFO: [ app_init ] --START--
INFO: Run Behavior\BuildLiteBehavior [ RunTime:0.000000s ]
INFO: [ app_init ] --END-- [ RunTime:0.004000s ]
ERR: 无法加载模块:Foundation

[ 2017-04-05T23:09:44+08:00 ] ::1 /PersonalGarden/foundation/pages/HomePage/js/vendor/foundation.6.3.0.js
INFO: [ app_init ] --START--
INFO: Run Behavior\BuildLiteBehavior [ RunTime:0.000000s ]
INFO: [ app_init ] --END-- [ RunTime:0.001000s ]
ERR: 无法加载模块:Foundation

[ 2017-04-05T23:11:10+08:00 ] ::1 /PersonalGarden/foundation/pages/HomePage/js/vendor/foundation.6.3.0.js
INFO: [ app_init ] --START--
INFO: Run Behavior\BuildLiteBehavior [ RunTime:0.000000s ]
INFO: [ app_init ] --END-- [ RunTime:0.001000s ]
ERR: 无法加载模块:Foundation

[ 2017-04-05T23:11:10+08:00 ] ::1 /PersonalGarden/foundation/pages/HomePage/js/vendor/jquery.js
INFO: [ app_init ] --START--
INFO: Run Behavior\BuildLiteBehavior [ RunTime:0.000000s ]
INFO: [ app_init ] --END-- [ RunTime:0.001000s ]
ERR: 无法加载模块:Foundation

[ 2017-04-05T23:11:10+08:00 ] ::1 /PersonalGarden/foundation/pages/HomePage/js/vendor/what-input.js
INFO: [ app_init ] --START--
INFO: Run Behavior\BuildLiteBehavior [ RunTime:0.000000s ]
INFO: [ app_init ] --END-- [ RunTime:0.001000s ]
ERR: 无法加载模块:Foundation

[ 2017-04-05T23:11:10+08:00 ] ::1 /PersonalGarden/foundation/css/docs.css.map
INFO: [ app_init ] --START--
INFO: Run Behavior\BuildLiteBehavior [ RunTime:0.001000s ]
INFO: [ app_init ] --END-- [ RunTime:0.003000s ]
ERR: 无法加载模块:Foundation

[ 2017-04-05T23:11:18+08:00 ] ::1 /PersonalGarden/webapp/pages/HomePage/home3.html
INFO: [ app_init ] --START--
INFO: Run Behavior\BuildLiteBehavior [ RunTime:0.000000s ]
INFO: [ app_init ] --END-- [ RunTime:0.001000s ]
ERR: 无法加载模块:Webapp

[ 2017-04-05T23:11:30+08:00 ] ::1 /PersonalGarden/webapp/css/bootstrap.css.map
INFO: [ app_init ] --START--
INFO: Run Behavior\BuildLiteBehavior [ RunTime:0.000000s ]
INFO: [ app_init ] --END-- [ RunTime:0.001000s ]
ERR: 无法加载模块:Webapp

[ 2017-04-05T23:11:30+08:00 ] ::1 /PersonalGarden/webapp/js/jquery.min.map
INFO: [ app_init ] --START--
INFO: Run Behavior\BuildLiteBehavior [ RunTime:0.000000s ]
INFO: [ app_init ] --END-- [ RunTime:0.001000s ]
ERR: 无法加载模块:Webapp

[ 2017-04-05T23:12:04+08:00 ] ::1 /PersonalGarden/webapp/js/jquery.min.map
INFO: [ app_init ] --START--
INFO: Run Behavior\BuildLiteBehavior [ RunTime:0.000000s ]
INFO: [ app_init ] --END-- [ RunTime:0.001000s ]
ERR: 无法加载模块:Webapp

[ 2017-04-05T23:12:04+08:00 ] ::1 /PersonalGarden/webapp/css/bootstrap.css.map
INFO: [ app_init ] --START--
INFO: Run Behavior\BuildLiteBehavior [ RunTime:0.000000s ]
INFO: [ app_init ] --END-- [ RunTime:0.001000s ]
ERR: 无法加载模块:Webapp

[ 2017-04-05T23:12:07+08:00 ] ::1 /PersonalGarden/webapp/js/jquery.min.map
INFO: [ app_init ] --START--
INFO: Run Behavior\BuildLiteBehavior [ RunTime:0.000000s ]
INFO: [ app_init ] --END-- [ RunTime:0.001000s ]
ERR: 无法加载模块:Webapp

[ 2017-04-05T23:12:07+08:00 ] ::1 /PersonalGarden/webapp/css/bootstrap.css.map
INFO: [ app_init ] --START--
INFO: Run Behavior\BuildLiteBehavior [ RunTime:0.000000s ]
INFO: [ app_init ] --END-- [ RunTime:0.002000s ]
ERR: 无法加载模块:Webapp

[ 2017-04-05T23:14:02+08:00 ] ::1 /PersonalGarden/foundation/pages/HomePage/js/vendor/foundation.6.3.0.js
INFO: [ app_init ] --START--
INFO: Run Behavior\BuildLiteBehavior [ RunTime:0.000000s ]
INFO: [ app_init ] --END-- [ RunTime:0.001000s ]
ERR: 无法加载模块:Foundation

[ 2017-04-05T23:14:02+08:00 ] ::1 /PersonalGarden/foundation/pages/HomePage/js/vendor/jquery.js
INFO: [ app_init ] --START--
INFO: Run Behavior\BuildLiteBehavior [ RunTime:0.000000s ]
INFO: [ app_init ] --END-- [ RunTime:0.002000s ]
ERR: 无法加载模块:Foundation

[ 2017-04-05T23:14:02+08:00 ] ::1 /PersonalGarden/foundation/pages/HomePage/js/vendor/what-input.js
INFO: [ app_init ] --START--
INFO: Run Behavior\BuildLiteBehavior [ RunTime:0.000000s ]
INFO: [ app_init ] --END-- [ RunTime:0.001000s ]
ERR: 无法加载模块:Foundation

[ 2017-04-05T23:15:49+08:00 ] ::1 /PersonalGarden/foundation/pages/HomePage/home3.html
INFO: [ app_init ] --START--
INFO: Run Behavior\BuildLiteBehavior [ RunTime:0.000000s ]
INFO: [ app_init ] --END-- [ RunTime:0.001000s ]
ERR: 无法加载模块:Foundation

[ 2017-04-05T23:15:54+08:00 ] ::1 /PersonalGarden/foundation/pages/HomePage/js/vendor/jquery.js
INFO: [ app_init ] --START--
INFO: Run Behavior\BuildLiteBehavior [ RunTime:0.000000s ]
INFO: [ app_init ] --END-- [ RunTime:0.001000s ]
ERR: 无法加载模块:Foundation

[ 2017-04-05T23:15:54+08:00 ] ::1 /PersonalGarden/foundation/pages/HomePage/js/vendor/what-input.js
INFO: [ app_init ] --START--
INFO: Run Behavior\BuildLiteBehavior [ RunTime:0.000000s ]
INFO: [ app_init ] --END-- [ RunTime:0.001000s ]
ERR: 无法加载模块:Foundation

[ 2017-04-05T23:15:54+08:00 ] ::1 /PersonalGarden/foundation/pages/HomePage/js/vendor/foundation.6.3.0.js
INFO: [ app_init ] --START--
INFO: Run Behavior\BuildLiteBehavior [ RunTime:0.000000s ]
INFO: [ app_init ] --END-- [ RunTime:0.002000s ]
ERR: 无法加载模块:Foundation

[ 2017-04-05T23:15:58+08:00 ] ::1 /PersonalGarden/foundation/pages/HomePage/js/vendor/jquery.js
INFO: [ app_init ] --START--
INFO: Run Behavior\BuildLiteBehavior [ RunTime:0.000000s ]
INFO: [ app_init ] --END-- [ RunTime:0.001000s ]
ERR: 无法加载模块:Foundation

[ 2017-04-05T23:15:58+08:00 ] ::1 /PersonalGarden/foundation/pages/HomePage/js/vendor/foundation.6.3.0.js
INFO: [ app_init ] --START--
INFO: Run Behavior\BuildLiteBehavior [ RunTime:0.000000s ]
INFO: [ app_init ] --END-- [ RunTime:0.001000s ]
ERR: 无法加载模块:Foundation

[ 2017-04-05T23:15:58+08:00 ] ::1 /PersonalGarden/foundation/pages/HomePage/js/vendor/what-input.js
INFO: [ app_init ] --START--
INFO: Run Behavior\BuildLiteBehavior [ RunTime:0.000000s ]
INFO: [ app_init ] --END-- [ RunTime:0.001000s ]
ERR: 无法加载模块:Foundation

[ 2017-04-05T23:16:04+08:00 ] ::1 /PersonalGarden/foundation/css/docs.css.map
INFO: [ app_init ] --START--
INFO: Run Behavior\BuildLiteBehavior [ RunTime:0.000000s ]
INFO: [ app_init ] --END-- [ RunTime:0.001001s ]
ERR: 无法加载模块:Foundation

[ 2017-04-05T23:16:20+08:00 ] ::1 /PersonalGarden/foundation/pages/HomePage/js/vendor/jquery.js
INFO: [ app_init ] --START--
INFO: Run Behavior\BuildLiteBehavior [ RunTime:0.000000s ]
INFO: [ app_init ] --END-- [ RunTime:0.001000s ]
ERR: 无法加载模块:Foundation

[ 2017-04-05T23:16:20+08:00 ] ::1 /PersonalGarden/foundation/pages/HomePage/js/vendor/what-input.js
INFO: [ app_init ] --START--
INFO: Run Behavior\BuildLiteBehavior [ RunTime:0.000000s ]
INFO: [ app_init ] --END-- [ RunTime:0.001000s ]
ERR: 无法加载模块:Foundation

[ 2017-04-05T23:16:20+08:00 ] ::1 /PersonalGarden/foundation/pages/HomePage/js/vendor/foundation.6.3.0.js
INFO: [ app_init ] --START--
INFO: Run Behavior\BuildLiteBehavior [ RunTime:0.000000s ]
INFO: [ app_init ] --END-- [ RunTime:0.001000s ]
ERR: 无法加载模块:Foundation

[ 2017-04-05T23:16:21+08:00 ] ::1 /PersonalGarden/foundation/css/docs.css.map
INFO: [ app_init ] --START--
INFO: Run Behavior\BuildLiteBehavior [ RunTime:0.000000s ]
INFO: [ app_init ] --END-- [ RunTime:0.001000s ]
ERR: 无法加载模块:Foundation

[ 2017-04-05T23:16:27+08:00 ] ::1 /PersonalGarden/foundation/pages/HomePage/js/vendor/jquery.js
INFO: [ app_init ] --START--
INFO: Run Behavior\BuildLiteBehavior [ RunTime:0.000000s ]
INFO: [ app_init ] --END-- [ RunTime:0.001000s ]
ERR: 无法加载模块:Foundation

[ 2017-04-05T23:16:27+08:00 ] ::1 /PersonalGarden/foundation/pages/HomePage/js/vendor/foundation.6.3.0.js
INFO: [ app_init ] --START--
INFO: Run Behavior\BuildLiteBehavior [ RunTime:0.000000s ]
INFO: [ app_init ] --END-- [ RunTime:0.002001s ]
ERR: 无法加载模块:Foundation

[ 2017-04-05T23:16:27+08:00 ] ::1 /PersonalGarden/foundation/pages/HomePage/js/vendor/what-input.js
INFO: [ app_init ] --START--
INFO: Run Behavior\BuildLiteBehavior [ RunTime:0.000000s ]
INFO: [ app_init ] --END-- [ RunTime:0.002000s ]
ERR: 无法加载模块:Foundation

[ 2017-04-05T23:16:32+08:00 ] ::1 /PersonalGarden/foundation/css/docs.css.map
INFO: [ app_init ] --START--
INFO: Run Behavior\BuildLiteBehavior [ RunTime:0.000000s ]
INFO: [ app_init ] --END-- [ RunTime:0.002000s ]
ERR: 无法加载模块:Foundation

[ 2017-04-05T23:17:20+08:00 ] ::1 /PersonalGarden/foundation/css/docs.css.map
INFO: [ app_init ] --START--
INFO: Run Behavior\BuildLiteBehavior [ RunTime:0.000000s ]
INFO: [ app_init ] --END-- [ RunTime:0.002001s ]
ERR: 无法加载模块:Foundation

[ 2017-04-05T23:17:30+08:00 ] ::1 /PersonalGarden/foundation/css/docs.css.map
INFO: [ app_init ] --START--
INFO: Run Behavior\BuildLiteBehavior [ RunTime:0.000000s ]
INFO: [ app_init ] --END-- [ RunTime:0.001000s ]
ERR: 无法加载模块:Foundation

[ 2017-04-05T23:17:47+08:00 ] ::1 /PersonalGarden/foundation/css/docs.css.map
INFO: [ app_init ] --START--
INFO: Run Behavior\BuildLiteBehavior [ RunTime:0.000000s ]
INFO: [ app_init ] --END-- [ RunTime:0.001000s ]
ERR: 无法加载模块:Foundation

[ 2017-04-05T23:19:53+08:00 ] ::1 /PersonalGarden/webapp/css/foundation.min.css
INFO: [ app_init ] --START--
INFO: Run Behavior\BuildLiteBehavior [ RunTime:0.000000s ]
INFO: [ app_init ] --END-- [ RunTime:0.002000s ]
ERR: 无法加载模块:Webapp

[ 2017-04-05T23:19:53+08:00 ] ::1 /PersonalGarden/webapp/css/bootstrap.css
INFO: [ app_init ] --START--
INFO: Run Behavior\BuildLiteBehavior [ RunTime:0.000000s ]
INFO: [ app_init ] --END-- [ RunTime:0.001000s ]
ERR: 无法加载模块:Webapp

[ 2017-04-05T23:19:53+08:00 ] ::1 /PersonalGarden/webapp/css/main.css
INFO: [ app_init ] --START--
INFO: Run Behavior\BuildLiteBehavior [ RunTime:0.000000s ]
INFO: [ app_init ] --END-- [ RunTime:0.002000s ]
ERR: 无法加载模块:Webapp

[ 2017-04-05T23:22:52+08:00 ] ::1 /PersonalGarden/foundation/css/docs.css.map
INFO: [ app_init ] --START--
INFO: Run Behavior\BuildLiteBehavior [ RunTime:0.000000s ]
INFO: [ app_init ] --END-- [ RunTime:0.001000s ]
ERR: 无法加载模块:Foundation

[ 2017-04-05T23:23:13+08:00 ] ::1 /PersonalGarden/foundation/css/docs.css.map
INFO: [ app_init ] --START--
INFO: Run Behavior\BuildLiteBehavior [ RunTime:0.000000s ]
INFO: [ app_init ] --END-- [ RunTime:0.001000s ]
ERR: 无法加载模块:Foundation

[ 2017-04-05T23:27:31+08:00 ] ::1 /PersonalGarden/foundation/pages/ShopMall/pics/shucai.png
INFO: [ app_init ] --START--
INFO: Run Behavior\BuildLiteBehavior [ RunTime:0.000000s ]
INFO: [ app_init ] --END-- [ RunTime:0.001000s ]
ERR: 无法加载模块:Foundation

[ 2017-04-05T23:28:38+08:00 ] ::1 /PersonalGarden/foundation/js/jquery-2.1.1.min.js
INFO: [ app_init ] --START--
INFO: Run Behavior\BuildLiteBehavior [ RunTime:0.000000s ]
INFO: [ app_init ] --END-- [ RunTime:0.001000s ]
ERR: 无法加载模块:Foundation

[ 2017-04-05T23:28:38+08:00 ] ::1 /PersonalGarden/foundation/js/vendor/modernizr.min.js
INFO: [ app_init ] --START--
INFO: Run Behavior\BuildLiteBehavior [ RunTime:0.000000s ]
INFO: [ app_init ] --END-- [ RunTime:0.001000s ]
ERR: 无法加载模块:Foundation

[ 2017-04-05T23:28:38+08:00 ] ::1 /PersonalGarden/foundation/css/login.css
INFO: [ app_init ] --START--
INFO: Run Behavior\BuildLiteBehavior [ RunTime:0.000000s ]
INFO: [ app_init ] --END-- [ RunTime:0.001000s ]
ERR: 无法加载模块:Foundation

[ 2017-04-05T23:28:38+08:00 ] ::1 /PersonalGarden/foundation/js/foundation-5.3.3.min.js
INFO: [ app_init ] --START--
INFO: Run Behavior\BuildLiteBehavior [ RunTime:0.000000s ]
INFO: [ app_init ] --END-- [ RunTime:0.001000s ]
ERR: 无法加载模块:Foundation

[ 2017-04-05T23:28:38+08:00 ] ::1 /PersonalGarden/foundation/img/Atmosfero_50.png
INFO: [ app_init ] --START--
INFO: Run Behavior\BuildLiteBehavior [ RunTime:0.000000s ]
INFO: [ app_init ] --END-- [ RunTime:0.001000s ]
ERR: 无法加载模块:Foundation

[ 2017-04-05T23:28:41+08:00 ] ::1 /PersonalGarden/foundation/js/jquery-2.1.1.min.js
INFO: [ app_init ] --START--
INFO: Run Behavior\BuildLiteBehavior [ RunTime:0.000000s ]
INFO: [ app_init ] --END-- [ RunTime:0.001000s ]
ERR: 无法加载模块:Foundation

[ 2017-04-05T23:28:41+08:00 ] ::1 /PersonalGarden/foundation/img/Atmosfero_50.png
INFO: [ app_init ] --START--
INFO: Run Behavior\BuildLiteBehavior [ RunTime:0.000000s ]
INFO: [ app_init ] --END-- [ RunTime:0.007000s ]
ERR: 无法加载模块:Foundation

[ 2017-04-05T23:28:41+08:00 ] ::1 /PersonalGarden/foundation/js/foundation-5.3.3.min.js
INFO: [ app_init ] --START--
INFO: Run Behavior\BuildLiteBehavior [ RunTime:0.000000s ]
INFO: [ app_init ] --END-- [ RunTime:0.012000s ]
ERR: 无法加载模块:Foundation

[ 2017-04-05T23:28:41+08:00 ] ::1 /PersonalGarden/foundation/css/login.css
INFO: [ app_init ] --START--
INFO: Run Behavior\BuildLiteBehavior [ RunTime:0.000000s ]
INFO: [ app_init ] --END-- [ RunTime:0.002000s ]
ERR: 无法加载模块:Foundation

[ 2017-04-05T23:28:41+08:00 ] ::1 /PersonalGarden/foundation/js/vendor/modernizr.min.js
INFO: [ app_init ] --START--
INFO: Run Behavior\BuildLiteBehavior [ RunTime:0.000000s ]
INFO: [ app_init ] --END-- [ RunTime:0.002000s ]
ERR: 无法加载模块:Foundation

[ 2017-04-05T23:28:42+08:00 ] ::1 /PersonalGarden/foundation/img/Atmosfero_50.png
INFO: [ app_init ] --START--
INFO: Run Behavior\BuildLiteBehavior [ RunTime:0.000000s ]
INFO: [ app_init ] --END-- [ RunTime:0.002000s ]
ERR: 无法加载模块:Foundation

[ 2017-04-05T23:28:45+08:00 ] ::1 /PersonalGarden/foundation/js/foundation-5.3.3.min.js
INFO: [ app_init ] --START--
INFO: Run Behavior\BuildLiteBehavior [ RunTime:0.001000s ]
INFO: [ app_init ] --END-- [ RunTime:0.001000s ]
ERR: 无法加载模块:Foundation

[ 2017-04-05T23:28:45+08:00 ] ::1 /PersonalGarden/foundation/js/vendor/modernizr.min.js
INFO: [ app_init ] --START--
INFO: Run Behavior\BuildLiteBehavior [ RunTime:0.000000s ]
INFO: [ app_init ] --END-- [ RunTime:0.001000s ]
ERR: 无法加载模块:Foundation

[ 2017-04-05T23:28:45+08:00 ] ::1 /PersonalGarden/foundation/css/login.css
INFO: [ app_init ] --START--
INFO: Run Behavior\BuildLiteBehavior [ RunTime:0.000000s ]
INFO: [ app_init ] --END-- [ RunTime:0.004000s ]
ERR: 无法加载模块:Foundation

[ 2017-04-05T23:28:45+08:00 ] ::1 /PersonalGarden/foundation/img/Atmosfero_50.png
INFO: [ app_init ] --START--
INFO: Run Behavior\BuildLiteBehavior [ RunTime:0.000000s ]
INFO: [ app_init ] --END-- [ RunTime:0.002000s ]
ERR: 无法加载模块:Foundation

[ 2017-04-05T23:28:45+08:00 ] ::1 /PersonalGarden/foundation/js/jquery-2.1.1.min.js
INFO: [ app_init ] --START--
INFO: Run Behavior\BuildLiteBehavior [ RunTime:0.000000s ]
INFO: [ app_init ] --END-- [ RunTime:0.002000s ]
ERR: 无法加载模块:Foundation

[ 2017-04-05T23:28:45+08:00 ] ::1 /PersonalGarden/foundation/img/Atmosfero_50.png
INFO: [ app_init ] --START--
INFO: Run Behavior\BuildLiteBehavior [ RunTime:0.000000s ]
INFO: [ app_init ] --END-- [ RunTime:0.002001s ]
ERR: 无法加载模块:Foundation

[ 2017-04-05T23:34:28+08:00 ] ::1 /PersonalGarden/foundation/js/vendor/modernizr.min.js
INFO: [ app_init ] --START--
INFO: Run Behavior\BuildLiteBehavior [ RunTime:0.000000s ]
INFO: [ app_init ] --END-- [ RunTime:0.001001s ]
ERR: 无法加载模块:Foundation

[ 2017-04-05T23:34:28+08:00 ] ::1 /PersonalGarden/foundation/js/foundation-5.3.3.min.js
INFO: [ app_init ] --START--
INFO: Run Behavior\BuildLiteBehavior [ RunTime:0.000000s ]
INFO: [ app_init ] --END-- [ RunTime:0.000000s ]
ERR: 无法加载模块:Foundation

[ 2017-04-05T23:34:28+08:00 ] ::1 /PersonalGarden/foundation/js/jquery-2.1.1.min.js
INFO: [ app_init ] --START--
INFO: Run Behavior\BuildLiteBehavior [ RunTime:0.000000s ]
INFO: [ app_init ] --END-- [ RunTime:0.001000s ]
ERR: 无法加载模块:Foundation

[ 2017-04-05T23:35:47+08:00 ] ::1 /PersonalGarden/foundation/css/docs.css.map
INFO: [ app_init ] --START--
INFO: Run Behavior\BuildLiteBehavior [ RunTime:0.000000s ]
INFO: [ app_init ] --END-- [ RunTime:0.001000s ]
ERR: 无法加载模块:Foundation

[ 2017-04-05T23:36:49+08:00 ] ::1 /PersonalGarden/foundation/css/docs.css.map
INFO: [ app_init ] --START--
INFO: Run Behavior\BuildLiteBehavior [ RunTime:0.000000s ]
INFO: [ app_init ] --END-- [ RunTime:0.001000s ]
ERR: 无法加载模块:Foundation

[ 2017-04-05T23:36:51+08:00 ] ::1 /PersonalGarden/foundation/css/docs.css.map
INFO: [ app_init ] --START--
INFO: Run Behavior\BuildLiteBehavior [ RunTime:0.000000s ]
INFO: [ app_init ] --END-- [ RunTime:0.001000s ]
ERR: 无法加载模块:Foundation

[ 2017-04-05T23:36:52+08:00 ] ::1 /PersonalGarden/foundation/css/docs.css.map
INFO: [ app_init ] --START--
INFO: Run Behavior\BuildLiteBehavior [ RunTime:0.000000s ]
INFO: [ app_init ] --END-- [ RunTime:0.001000s ]
ERR: 无法加载模块:Foundation

[ 2017-04-05T23:37:09+08:00 ] ::1 /PersonalGarden/foundation/css/docs.css.map
INFO: [ app_init ] --START--
INFO: Run Behavior\BuildLiteBehavior [ RunTime:0.000000s ]
INFO: [ app_init ] --END-- [ RunTime:0.001000s ]
ERR: 无法加载模块:Foundation

[ 2017-04-05T23:37:37+08:00 ] ::1 /PersonalGarden/foundation/css/docs.css.map
INFO: [ app_init ] --START--
INFO: Run Behavior\BuildLiteBehavior [ RunTime:0.000000s ]
INFO: [ app_init ] --END-- [ RunTime:0.002000s ]
ERR: 无法加载模块:Foundation

[ 2017-04-05T23:38:07+08:00 ] ::1 /PersonalGarden/foundation/css/docs.css.map
INFO: [ app_init ] --START--
INFO: Run Behavior\BuildLiteBehavior [ RunTime:0.000000s ]
INFO: [ app_init ] --END-- [ RunTime:0.001000s ]
ERR: 无法加载模块:Foundation

[ 2017-04-05T23:38:17+08:00 ] ::1 /PersonalGarden/foundation/js/vendor/modernizr.min.js
INFO: [ app_init ] --START--
INFO: Run Behavior\BuildLiteBehavior [ RunTime:0.000000s ]
INFO: [ app_init ] --END-- [ RunTime:0.001000s ]
ERR: 无法加载模块:Foundation

[ 2017-04-05T23:38:17+08:00 ] ::1 /PersonalGarden/foundation/js/foundation-5.3.3.min.js
INFO: [ app_init ] --START--
INFO: Run Behavior\BuildLiteBehavior [ RunTime:0.000000s ]
INFO: [ app_init ] --END-- [ RunTime:0.001000s ]
ERR: 无法加载模块:Foundation

[ 2017-04-05T23:38:17+08:00 ] ::1 /PersonalGarden/foundation/js/jquery-2.1.1.min.js
INFO: [ app_init ] --START--
INFO: Run Behavior\BuildLiteBehavior [ RunTime:0.000000s ]
INFO: [ app_init ] --END-- [ RunTime:0.001001s ]
ERR: 无法加载模块:Foundation

[ 2017-04-05T23:38:26+08:00 ] ::1 /PersonalGarden/foundation/css/docs.css.map
INFO: [ app_init ] --START--
INFO: Run Behavior\BuildLiteBehavior [ RunTime:0.000000s ]
INFO: [ app_init ] --END-- [ RunTime:0.001000s ]
ERR: 无法加载模块:Foundation

[ 2017-04-05T23:39:01+08:00 ] ::1 /PersonalGarden/foundation/css/docs.css.map
INFO: [ app_init ] --START--
INFO: Run Behavior\BuildLiteBehavior [ RunTime:0.000000s ]
INFO: [ app_init ] --END-- [ RunTime:0.001000s ]
ERR: 无法加载模块:Foundation

[ 2017-04-05T23:39:08+08:00 ] ::1 /PersonalGarden/foundation/js/foundation-5.3.3.min.js
INFO: [ app_init ] --START--
INFO: Run Behavior\BuildLiteBehavior [ RunTime:0.000000s ]
INFO: [ app_init ] --END-- [ RunTime:0.001000s ]
ERR: 无法加载模块:Foundation

[ 2017-04-05T23:39:08+08:00 ] ::1 /PersonalGarden/foundation/js/jquery-2.1.1.min.js
INFO: [ app_init ] --START--
INFO: Run Behavior\BuildLiteBehavior [ RunTime:0.000000s ]
INFO: [ app_init ] --END-- [ RunTime:0.001000s ]
ERR: 无法加载模块:Foundation

[ 2017-04-05T23:39:08+08:00 ] ::1 /PersonalGarden/foundation/js/vendor/modernizr.min.js
INFO: [ app_init ] --START--
INFO: Run Behavior\BuildLiteBehavior [ RunTime:0.000000s ]
INFO: [ app_init ] --END-- [ RunTime:0.000000s ]
ERR: 无法加载模块:Foundation

[ 2017-04-05T23:39:17+08:00 ] ::1 /PersonalGarden/foundation/css/docs.css.map
INFO: [ app_init ] --START--
INFO: Run Behavior\BuildLiteBehavior [ RunTime:0.000000s ]
INFO: [ app_init ] --END-- [ RunTime:0.002000s ]
ERR: 无法加载模块:Foundation

[ 2017-04-05T23:39:19+08:00 ] ::1 /PersonalGarden/foundation/css/docs.css.map
INFO: [ app_init ] --START--
INFO: Run Behavior\BuildLiteBehavior [ RunTime:0.000000s ]
INFO: [ app_init ] --END-- [ RunTime:0.001000s ]
ERR: 无法加载模块:Foundation

[ 2017-04-05T23:40:09+08:00 ] ::1 /PersonalGarden/webapp/css/docs.css.map
INFO: [ app_init ] --START--
INFO: Run Behavior\BuildLiteBehavior [ RunTime:0.000000s ]
INFO: [ app_init ] --END-- [ RunTime:0.001000s ]
ERR: 无法加载模块:Webapp

[ 2017-04-05T23:40:12+08:00 ] ::1 /PersonalGarden/webapp/css/docs.css.map
INFO: [ app_init ] --START--
INFO: Run Behavior\BuildLiteBehavior [ RunTime:0.000000s ]
INFO: [ app_init ] --END-- [ RunTime:0.002000s ]
ERR: 无法加载模块:Webapp

