[ 2017-04-25T20:59:24+08:00 ] ::1 /PersonalGarden/garden/themes/default/images/logo_new3.png
INFO: [ app_init ] --START--
INFO: Run Behavior\BuildLiteBehavior [ RunTime:0.000000s ]
INFO: [ app_init ] --END-- [ RunTime:0.000000s ]
ERR: 无法加载模块:Garden

[ 2017-04-25T20:59:25+08:00 ] ::1 /PersonalGarden/garden/themes/purple/images/listLine.png
INFO: [ app_init ] --START--
INFO: Run Behavior\BuildLiteBehavior [ RunTime:0.000000s ]
INFO: [ app_init ] --END-- [ RunTime:0.000000s ]
ERR: 无法加载模块:Garden

[ 2017-04-25T20:59:25+08:00 ] ::1 /PersonalGarden/garden/themes/default/images/logo_new3.png
INFO: [ app_init ] --START--
INFO: Run Behavior\BuildLiteBehavior [ RunTime:0.000000s ]
INFO: [ app_init ] --END-- [ RunTime:0.000000s ]
ERR: 无法加载模块:Garden

[ 2017-04-25T20:59:26+08:00 ] ::1 /PersonalGarden/garden/themes/default/images/logo_new3.png
INFO: [ app_init ] --START--
INFO: Run Behavior\BuildLiteBehavior [ RunTime:0.000000s ]
INFO: [ app_init ] --END-- [ RunTime:0.001000s ]
ERR: 无法加载模块:Garden

[ 2017-04-25T20:59:27+08:00 ] ::1 /PersonalGarden/garden/themes/default/images/logo_new3.png
INFO: [ app_init ] --START--
INFO: Run Behavior\BuildLiteBehavior [ RunTime:0.000000s ]
INFO: [ app_init ] --END-- [ RunTime:0.001000s ]
ERR: 无法加载模块:Garden

[ 2017-04-25T23:18:43+08:00 ] ::1 /PersonalGarden/garden/user.js?_=1493133523596
INFO: [ app_init ] --START--
INFO: Run Behavior\BuildLiteBehavior [ RunTime:0.000000s ]
INFO: [ app_init ] --END-- [ RunTime:0.000000s ]
ERR: 无法加载模块:Garden

[ 2017-04-25T23:20:23+08:00 ] ::1 /PersonalGarden/garden/user.js?_=1493133623494
INFO: [ app_init ] --START--
INFO: Run Behavior\BuildLiteBehavior [ RunTime:0.000000s ]
INFO: [ app_init ] --END-- [ RunTime:0.001000s ]
ERR: 无法加载模块:Garden

[ 2017-04-25T23:21:15+08:00 ] ::1 /PersonalGarden/garden/user.js?_=1493133675477
INFO: [ app_init ] --START--
INFO: Run Behavior\BuildLiteBehavior [ RunTime:0.000000s ]
INFO: [ app_init ] --END-- [ RunTime:0.001000s ]
ERR: 无法加载模块:Garden

[ 2017-04-25T23:21:15+08:00 ] ::1 /PersonalGarden/garden/js/publicjs/bootstrap.min.css.map
INFO: [ app_init ] --START--
INFO: Run Behavior\BuildLiteBehavior [ RunTime:0.000000s ]
INFO: [ app_init ] --END-- [ RunTime:0.001000s ]
ERR: 无法加载模块:Garden

[ 2017-04-25T23:22:01+08:00 ] ::1 /PersonalGarden/garden/js/publicjs/bootstrap.min.css.map
INFO: [ app_init ] --START--
INFO: Run Behavior\BuildLiteBehavior [ RunTime:0.000000s ]
INFO: [ app_init ] --END-- [ RunTime:0.001000s ]
ERR: 无法加载模块:Garden

[ 2017-04-25T23:22:49+08:00 ] ::1 /PersonalGarden/garden/js/publicjs/bootstrap.min.css.map
INFO: [ app_init ] --START--
INFO: Run Behavior\BuildLiteBehavior [ RunTime:0.000000s ]
INFO: [ app_init ] --END-- [ RunTime:0.001000s ]
ERR: 无法加载模块:Garden

[ 2017-04-25T23:23:20+08:00 ] ::1 /PersonalGarden/garden/js/publicjs/bootstrap.min.css.map
INFO: [ app_init ] --START--
INFO: Run Behavior\BuildLiteBehavior [ RunTime:0.000000s ]
INFO: [ app_init ] --END-- [ RunTime:0.000000s ]
ERR: 无法加载模块:Garden

